0 0 33951 63
1 0 32524 63
2 0 32538 63
3 0 32507 63
4 0 32523 63
5 0 32311 63
6 0 32436 63
7 0 32488 63
8 0 32534 63
9 0 32382 63
10 0 32575 63
11 0 32422 63
12 0 32620 63
13 0 32468 63
14 0 32413 63
15 0 32413 63
16 0 32557 63
17 0 32653 63
18 0 32651 63
19 0 32450 63
20 0 32387 63
21 0 32285 63
22 0 32183 63
23 0 32181 63
24 0 32182 63
25 0 32027 63
26 0 31927 63
27 0 32172 63
28 0 31876 63
29 0 31924 63
30 0 31966 63
31 0 31913 63
32 0 31765 63
33 0 31959 63
34 0 32007 63
35 0 31958 63
36 0 31849 63
37 0 31948 63
38 0 31811 63
39 0 31845 63
40 0 31940 63
41 0 31685 63
42 0 31782 63
43 0 31830 63
44 0 31531 63
45 0 31678 63
46 0 31871 63
47 0 31671 63
48 0 31619 63
49 0 31866 63
50 0 31713 63
51 0 31761 63
52 0 31713 63
53 0 32006 63
54 0 31704 63
55 0 31605 63
56 0 32002 63
57 0 31701 63
58 0 31946 63
59 0 31994 63
60 0 31837 63
61 0 32084 63
62 0 32132 63
63 0 32279 63
64 0 32282 63
65 0 32425 63
66 0 32949 63
67 0 33276 63
68 0 33525 63
69 0 33473 63
70 0 33273 63
71 0 33268 63
72 0 33268 63
73 0 32863 63
74 0 32812 63
75 0 32507 63
76 0 32608 63
77 0 32545 63
78 0 32848 63
79 0 32148 63
80 0 32637 63
81 0 32641 63
82 0 32137 63
83 0 32428 63
84 0 32078 63
85 0 32472 63
86 0 32531 63
87 0 32821 63
88 0 32371 63
89 0 32263 63
90 0 32069 63
91 0 32614 63
92 0 32617 63
93 0 32563 63
94 0 32310 63
95 0 32310 63
96 0 32512 63
97 0 32314 63
98 0 32554 63
99 0 32254 63
100 0 32400 63
101 0 32241 63
102 0 32384 63
103 0 32625 63
104 0 32478 63
105 0 32374 63
106 0 32227 63
107 0 32520 63
108 0 32468 63
109 0 32364 63
110 0 32462 63
111 0 32461 63
112 0 32462 63
113 0 32455 63
114 0 32453 63
115 0 32450 63
116 0 32550 63
117 0 32540 63
118 0 32438 63
119 0 32483 63
120 0 32533 63
121 0 32527 63
122 0 32474 63
123 0 32572 63
124 0 32479 63
125 0 32567 63
126 0 32415 63
127 0 32562 63
128 0 32515 63
129 0 32459 63
130 0 32406 63
131 0 32405 63
132 0 32265 63
133 0 32400 63
134 0 32539 63
135 0 32387 63
136 0 32437 63
137 0 32285 63
138 0 32427 63
139 0 32675 63
140 0 32281 63
141 0 32376 63
142 0 32621 63
143 0 32322 63
144 0 32621 63
145 0 32317 63
146 0 32265 63
147 0 32365 63
148 0 32562 63
149 0 32506 63
150 0 32802 63
151 0 32303 63
152 0 32306 63
153 0 32497 63
154 0 32394 63
155 0 32342 63
156 0 32194 63
157 0 32230 63
158 0 32271 63
159 0 32319 63
160 0 31820 63
161 0 31925 63
162 0 32019 63
163 0 32020 63
164 0 31921 63
165 0 31718 63
166 0 31911 63
167 0 31913 63
168 0 31809 63
169 0 32005 63
170 0 31705 63
171 0 31802 63
172 0 32049 63
173 0 31698 63
174 0 31995 63
175 0 31695 63
176 0 31995 63
177 0 31787 63
178 0 31980 63
179 0 32028 63
180 0 31779 63
181 0 32071 63
182 0 31671 63
183 0 32317 63
184 0 31869 63
185 0 32462 63
186 0 32762 63
187 0 32455 63
188 0 32407 63
189 0 32401 63
190 0 32498 63
191 0 32545 63
192 0 32748 63
193 0 32839 63
194 0 33080 63
195 0 33183 63
196 0 32430 63
197 0 32376 63
198 0 32570 63
199 0 33013 63
200 0 32667 63
201 0 32561 63
202 0 32860 63
203 0 32656 63
204 0 32559 63
205 0 32652 63
206 0 32601 63
207 0 32598 63
208 0 32448 63
209 0 33070 63
210 0 33017 63
211 0 32838 63
212 0 33063 63
213 0 32888 63
214 0 32633 63
215 0 32630 63
216 0 32982 63
217 0 32725 63
218 0 32721 63
219 0 32621 63
220 0 32624 63
221 0 32616 63
222 0 32614 63
223 0 32762 63
224 0 32814 63
225 0 32607 63
226 0 32807 63
227 0 32703 63
228 0 32458 63
229 0 32550 63
230 0 32642 63
231 0 32536 63
232 0 32684 63
233 0 32834 63
234 0 32674 63
235 0 32672 63
236 0 32625 63
237 0 32661 63
238 0 32709 63
239 0 32608 63
240 0 32657 63
241 0 32652 63
242 0 32699 63
243 0 32847 63
244 0 32749 63
245 0 32693 63
246 0 32690 63
247 0 32638 63
248 0 32739 63
249 0 32582 63
250 0 32384 63
251 0 32627 63
252 0 32527 63
253 0 32622 63
254 0 32568 63
255 0 32518 63
256 0 32672 63
257 0 32558 63
258 0 32603 63
259 0 32552 63
260 0 32305 63
261 0 32546 63
262 0 32483 63
263 0 32532 63
264 0 32284 63
265 0 32723 63
266 0 32425 63
267 0 32618 63
268 0 32670 63
269 0 32713 63
270 0 32662 63
271 0 32710 63
272 0 32611 63
273 0 32556 63
274 0 32404 63
275 0 32502 63
276 0 32443 63
277 0 32596 63
278 0 32635 63
279 0 32380 63
280 0 32727 63
281 0 32424 63
282 0 32769 63
283 0 32370 63
284 0 32569 63
285 0 32413 63
286 0 32409 63
287 0 32607 63
288 0 32260 63
289 0 32004 63
290 0 31955 63
291 0 31905 63
292 0 32007 63
293 0 31851 63
294 0 31851 63
295 0 32041 63
296 0 31987 63
297 0 31930 63
298 0 32026 63
299 0 31875 63
300 0 32025 63
301 0 31920 63
302 0 32411 63
303 0 32011 63
304 0 31710 63
305 0 31707 63
306 0 32100 63
307 0 32097 63
308 0 32198 63
309 0 32244 63
310 0 32091 63
311 0 32289 63
312 0 32490 63
313 0 32832 63
314 0 32730 63
315 0 32876 63
316 0 32723 63
317 0 32168 63
318 0 32067 63
319 0 32465 63
320 0 31818 63
321 0 31959 63
322 0 32205 63
323 0 31458 63
324 0 31357 63
325 0 31504 63
326 0 31803 63
327 0 32000 63
328 0 32098 63
329 0 31495 63
330 0 31983 63
331 0 32181 63
332 0 32236 63
333 0 32130 63
334 0 32571 63
335 0 32172 63
336 0 32179 63
337 0 32221 63
338 0 32417 63
339 0 32268 63
340 0 32474 63
341 0 32166 63
342 0 32164 63
343 0 32265 63
344 0 32322 63
345 0 32512 63
346 0 32413 63
347 0 32510 63
348 0 32267 63
349 0 32455 63
350 0 32357 63
351 0 32502 63
352 0 32653 63
353 0 32350 63
354 0 32395 63
355 0 32340 63
356 0 32542 63
357 0 32429 63
358 0 32229 63
359 0 32276 63
360 0 32435 63
361 0 32478 63
362 0 32180 63
363 0 32276 63
364 0 32576 63
365 0 32374 63
366 0 32570 63
367 0 32468 63
368 0 32269 63
369 0 32511 63
370 0 32514 63
371 0 32363 63
372 0 32415 63
373 0 32512 63
374 0 32411 63
375 0 32362 63
376 0 32561 63
377 0 32453 63
378 0 32397 63
379 0 32446 63
380 0 32547 63
381 0 32537 63
382 0 32288 63
383 0 32533 63
384 0 32386 63
385 0 32581 63
386 0 32330 63
387 0 32526 63
388 0 32285 63
389 0 32376 63
390 0 32329 63
391 0 32527 63
392 0 32382 63
393 0 32674 63
394 0 32321 63
395 0 32419 63
396 0 32325 63
397 0 32420 63
398 0 32467 63
399 0 32667 63
400 0 32370 63
401 0 32413 63
402 0 32560 63
403 0 32408 63
404 0 32713 63
405 0 32207 63
406 0 32553 63
407 0 32350 63
408 0 32653 63
409 0 32298 63
410 0 32645 63
411 0 32344 63
412 0 32547 63
413 0 32292 63
414 0 32439 63
415 0 32586 63
416 0 32539 63
417 0 32282 63
418 0 32277 63
419 0 32324 63
420 0 32277 63
421 0 32220 63
422 0 32021 63
423 0 31970 63
424 0 31720 63
425 0 31915 63
426 0 31862 63
427 0 32061 63
428 0 31858 63
429 0 32054 63
430 0 32053 63
431 0 32349 63
432 0 32349 63
433 0 32195 63
434 0 32391 63
435 0 32389 63
436 0 32912 63
437 0 32485 63
438 0 32628 63
439 0 32676 63
440 0 31981 63
441 0 31974 63
442 0 31828 63
443 0 31878 63
444 0 31828 63
445 0 31722 63
446 0 31963 63
447 0 31763 63
448 0 31865 63
449 0 31761 63
450 0 31704 63
451 0 31752 63
452 0 31799 63
453 0 31697 63
454 0 31559 63
455 0 31692 63
456 0 31640 63
457 0 31789 63
458 0 31635 63
459 0 31532 63
460 0 31877 63
461 0 31975 63
462 0 32069 63
463 0 32167 63
464 0 32117 63
465 0 32315 63
466 0 32660 63
467 0 32608 63
468 0 32360 63
469 0 32604 63
470 0 32503 63
471 0 32549 63
472 0 32506 63
473 0 32691 63
474 0 32537 63
475 0 32884 63
476 0 32790 63
477 0 32878 63
478 0 32875 63
479 0 32579 63
480 0 32621 63
481 0 32614 63
482 0 32611 63
483 0 32609 63
484 0 32710 63
485 0 32852 63
486 0 32652 63
487 0 32699 63
488 0 32652 63
489 0 32596 63
490 0 32594 63
491 0 32590 63
492 0 32841 63
493 0 32884 63
494 0 32684 63
495 0 32582 63
496 0 32683 63
497 0 32925 63
498 0 32874 63
499 0 32677 63
500 0 32771 63
501 0 32614 63
502 0 32612 63
503 0 32807 63
504 0 32610 63
505 0 32699 63
506 0 32848 63
507 0 32746 63
508 0 32794 63
509 0 32588 63
510 0 32834 63
511 0 32582 63
512 0 32785 63
513 0 32828 63
514 0 32674 63
515 0 32823 63
516 0 32628 63
517 0 32718 63
518 0 32766 63
519 0 32665 63
520 0 32570 63
521 0 32934 63
522 0 32604 63
523 0 32750 63
524 0 32655 63
525 0 32450 63
526 0 32496 63
527 0 32395 63
528 0 32401 63
529 0 32540 63
530 0 32389 63
531 0 32586 63
532 0 32589 63
533 0 32483 63
534 0 32629 63
535 0 32381 63
536 0 32381 63
537 0 32373 63
538 0 32320 63
539 0 32367 63
540 0 32421 63
541 0 32409 63
542 0 32206 63
543 0 32355 63
544 0 32247 63
545 0 32341 63
546 0 32340 63
547 0 32687 63
548 0 32388 63
549 0 32532 63
550 0 32929 63
551 0 32822 63
552 0 32774 63
553 0 32723 63
554 0 32216 63
555 0 32366 63
556 0 32866 63
557 0 32609 63
558 0 32755 63
559 0 32854 63
560 0 33455 63
561 0 32849 63
562 0 32492 63
563 0 32391 63
564 0 32192 63
565 0 32288 63
566 0 31941 63
567 0 31939 63
568 0 32136 63
569 0 31435 63
570 0 31677 63
571 0 31583 63
572 0 31484 63
573 0 31632 63
574 0 31629 63
575 0 31741 63
576 0 31426 63
577 0 31422 63
578 0 31470 63
579 0 31916 63
580 0 31886 63
581 0 31814 63
582 0 31806 63
583 0 31903 63
584 0 31799 63
585 0 31798 63
586 0 31847 63
587 0 31845 63
588 0 31895 63
589 0 31888 63
590 0 31935 63
591 0 31933 63
592 0 31730 63
593 0 31828 63
594 0 31830 63
595 0 32173 63
596 0 31979 63
597 0 32025 63
598 0 32271 63
599 0 32267 63
600 0 32466 63
601 0 32211 63
602 0 32255 63
603 0 32396 63
604 0 32256 63
605 0 32341 63
606 0 32139 63
607 0 32287 63
608 0 32391 63
609 0 32529 63
610 0 32477 63
611 0 32279 63
612 0 32477 63
613 0 32324 63
614 0 32467 63
615 0 32365 63
616 0 32565 63
617 0 32213 63
618 0 32605 63
619 0 32403 63
620 0 32310 63
621 0 32549 63
622 0 32200 63
623 0 32540 63
624 0 32346 63
625 0 32535 63
626 0 32337 63
627 0 32532 63
628 0 32490 63
629 0 32478 63
630 0 32476 63
631 0 32573 63
632 0 32328 63
633 0 32368 63
634 0 32317 63
635 0 32267 63
636 0 32417 63
637 0 32610 63
638 0 32459 63
639 0 32507 63
640 0 32261 63
641 0 32503 63
642 0 32343 63
643 0 32561 63
644 0 32264 63
645 0 32405 63
646 0 32695 63
647 0 32449 63
648 0 32395 63
649 0 32390 63
650 0 32435 63
651 0 32634 63
652 0 32187 63
653 0 32380 63
654 0 32424 63
655 0 32675 63
656 0 32429 63
657 0 32522 63
658 0 32669 63
659 0 32318 63
660 0 32418 63
661 0 32512 63
662 0 32409 63
663 0 32657 63
664 0 32256 63
665 0 32499 63
666 0 32646 63
667 0 32290 63
668 0 32342 63
669 0 32323 63
670 0 32726 63
671 0 32474 63
672 0 32779 63
673 0 32723 63
674 0 32568 63
675 0 32719 63
676 0 32992 63
677 0 32763 63
678 0 32761 63
679 0 32758 63
680 0 32960 63
681 0 33150 63
682 0 33303 63
683 0 33384 63
684 0 33237 63
685 0 33232 63
686 0 32525 63
687 0 32475 63
688 0 32827 63
689 0 31973 63
690 0 31823 63
691 0 32019 63
692 0 32419 63
693 0 31869 63
694 0 32164 63
695 0 32207 63
696 0 31956 63
697 0 32054 63
698 0 32149 63
699 0 31953 63
700 0 31945 63
701 0 31893 63
702 0 31830 63
703 0 31978 63
704 0 31730 63
705 0 31879 63
706 0 31822 63
707 0 31774 63
708 0 31672 63
709 0 31867 63
710 0 31517 63
711 0 31818 63
712 0 31815 63
713 0 31866 63
714 0 31458 63
715 0 31755 63
716 0 31457 63
717 0 31503 63
718 0 31650 63
719 0 31945 63
720 0 31645 63
721 0 31744 63
722 0 31933 63
723 0 31831 63
724 0 31827 63
725 0 31830 63
726 0 31977 63
727 0 32167 63
728 0 31872 63
729 0 32265 63
730 0 32313 63
731 0 32415 63
732 0 32271 63
733 0 32364 63
734 0 32562 63
735 0 32561 63
736 0 32372 63
737 0 32507 63
738 0 32406 63
739 0 32256 63
740 0 32361 63
741 0 32450 63
742 0 32542 63
743 0 32392 63
744 0 32296 63
745 0 32488 63
746 0 32537 63
747 0 32483 63
748 0 32484 63
749 0 32427 63
750 0 32425 63
751 0 32574 63
752 0 32579 63
753 0 32569 63
754 0 32516 63
755 0 32614 63
756 0 32865 63
757 0 32508 63
758 0 32506 63
759 0 32804 63
760 0 32705 63
761 0 32800 63
762 0 32444 63
763 0 32742 63
764 0 32643 63
765 0 32637 63
766 0 32534 63
767 0 32732 63
768 0 32533 63
769 0 32574 63
770 0 32328 63
771 0 32622 63
772 0 32577 63
773 0 32620 63
774 0 32866 63
775 0 32619 63
776 0 32966 63
777 0 32761 63
778 0 32707 63
779 0 32855 63
780 0 32857 63
781 0 32849 63
782 0 32588 63
783 0 32837 63
784 0 32591 63
785 0 32936 63
786 0 32830 63
787 0 32874 63
788 0 32775 63
789 0 32771 63
790 0 32574 63
791 0 32916 63
792 0 32570 63
793 0 32865 63
794 0 32862 63
795 0 32914 63
796 0 32915 63
797 0 32905 63
798 0 32753 63
799 0 33150 63
800 0 33103 63
801 0 32993 63
802 0 33734 63
803 0 33630 63
804 0 33478 63
805 0 33429 63
806 0 33625 63
807 0 33424 63
808 0 33470 63
809 0 32915 63
810 0 32864 63
811 0 32969 63
812 0 32767 63
813 0 32714 63
814 0 32213 63
815 0 33009 63
816 0 32556 63
817 0 32501 63
818 0 32697 63
819 0 32394 63
820 0 32496 63
821 0 32092 63
822 0 32234 63
823 0 32051 63
824 0 32136 63
825 0 31982 63
826 0 32193 63
827 0 31926 63
828 0 31730 63
829 0 32028 63
830 0 32024 63
831 0 31939 63
832 0 31921 63
833 0 32067 63
834 0 32017 63
835 0 31870 63
836 0 31837 63
837 0 31861 63
838 0 31809 63
839 0 31762 63
840 0 31756 63
841 0 32001 63
842 0 31902 63
843 0 31800 63
844 0 31549 63
845 0 31846 63
846 0 31546 63
847 0 31645 63
848 0 31911 63
849 0 31790 63
850 0 31686 63
851 0 31637 63
852 0 31635 63
853 0 31929 63
854 0 31581 63
855 0 31831 63
856 0 31829 63
857 0 31575 63
858 0 31922 63
859 0 31722 63
860 0 31812 63
861 0 32011 63
862 0 32209 63
863 0 32308 63
864 0 32358 63
865 0 32450 63
866 0 32398 63
867 0 32200 63
868 0 32257 63
869 0 32330 63
870 0 32475 63
871 0 32521 63
872 0 32227 63
873 0 32370 63
874 0 32415 63
875 0 32017 63
876 0 32321 63
877 0 32509 63
878 0 32409 63
879 0 32306 63
880 0 32107 63
881 0 32143 63
882 0 32240 63
883 0 32181 63
884 0 32133 63
885 0 32275 63
886 0 32124 63
887 0 32026 63
888 0 32224 63
889 0 32323 63
890 0 32264 63
891 0 32065 63
892 0 32115 63
893 0 32209 63
894 0 32260 63
895 0 32404 63
896 0 32407 63
897 0 32741 63
898 0 32387 63
899 0 32578 63
900 0 32380 63
901 0 32773 63
902 0 32720 63
903 0 32470 63
904 0 32719 63
905 0 32320 63
906 0 32612 63
907 0 32609 63
908 0 32613 63
909 0 32457 63
910 0 32701 63
911 0 32393 63
912 0 32794 63
913 0 32479 63
914 0 32526 63
915 0 32774 63
916 0 32728 63
917 0 32520 63
918 0 32517 63
919 0 32517 63
920 0 32817 63
921 0 32564 63
922 0 32711 63
923 0 33115 63
924 0 32664 63
925 0 33007 63
926 0 33310 63
927 0 33302 63
928 0 33801 63
929 0 33650 63
930 0 33152 63
931 0 32893 63
932 0 32696 63
933 0 32541 63
934 0 32388 63
935 0 32242 63
936 0 32432 63
937 0 32429 63
938 0 32723 63
939 0 32468 63
940 0 32072 63
941 0 32514 63
942 0 32118 63
943 0 32409 63
944 0 32063 63
945 0 32405 63
946 0 32058 63
947 0 32450 63
948 0 32103 63
949 0 32346 63
950 0 32045 63
951 0 32329 63
952 0 32231 63
953 0 32082 63
954 0 32422 63
955 0 31822 63
956 0 31919 63
957 0 31868 63
958 0 31961 63
959 0 31908 63
960 0 31861 63
961 0 31903 63
962 0 31755 63
963 0 31899 63
964 0 31804 63
965 0 31746 63
966 0 31846 63
967 0 31791 63
968 0 31895 63
969 0 31838 63
970 0 31884 63
971 0 31835 63
972 0 31781 63
973 0 31932 63
974 0 31681 63
975 0 31779 63
976 0 31526 63
977 0 31674 63
978 0 31922 63
979 0 31865 63
980 0 31863 63
981 0 31661 63
982 0 31660 63
983 0 31755 63
984 0 31600 63
985 0 31552 63
986 0 31899 63
987 0 31649 63
988 0 31798 63
989 0 31545 63
990 0 31744 63
991 0 31741 63
992 0 31792 63
993 0 31788 63
994 0 31982 63
995 0 32332 63
996 0 32479 63
997 0 32425 63
998 0 32324 63
999 0 32322 63
1000 0 32482 63
1001 0 32475 63
1002 0 32821 63
1003 0 32418 63
1004 0 32518 63
1005 0 32514 63
1006 0 32511 63
1007 0 32459 63
1008 0 32512 63
1009 0 32208 63
1010 0 32552 63
1011 0 32542 63
1012 0 32494 63
1013 0 32488 63
1014 0 32485 63
1015 0 32583 63
1016 0 32336 63
1017 0 32331 63
1018 0 32427 63
1019 0 32428 63
1020 0 32676 63
1021 0 32267 63
1022 0 32417 63
1023 0 32761 63
1024 0 32267 63
1025 0 32457 63
1026 0 32609 63
1027 0 32607 63
1028 0 32409 63
1029 0 32701 63
1030 0 32452 63
1031 0 32698 63
1032 0 32350 63
1033 0 32394 63
1034 0 32530 63
1035 0 32627 63
1036 0 32630 63
1037 0 32574 63
1038 0 32373 63
1039 0 32622 63
1040 0 32769 63
1041 0 32811 63
1042 0 32759 63
1043 0 33057 63
1044 0 32811 63
1045 0 33054 63
1046 0 32853 63
1047 0 33251 63
1048 0 33652 63
1049 0 33649 63
1050 0 34041 63
1051 0 33990 63
1052 0 33787 63
1053 0 33239 63
1054 0 33035 63
1055 0 33336 63
1056 0 33085 63
1057 0 33031 63
1058 0 32878 63
1059 0 32884 63
1060 0 32529 63
1061 0 32921 63
1062 0 32667 63
1063 0 32664 63
1064 0 32617 63
1065 0 32712 63
1066 0 32809 63
1067 0 32513 63
1068 0 32883 63
1069 0 32574 63
1070 0 32821 63
1071 0 32472 63
1072 0 32722 63
1073 0 32815 63
1074 0 32614 63
1075 0 32762 63
1076 0 32766 63
1077 0 32860 63
1078 0 32555 63
1079 0 32854 63
1080 0 32509 63
1081 0 32845 63
1082 0 32491 63
1083 0 32540 63
1084 0 32593 63
1085 0 32536 63
1086 0 32585 63
1087 0 32343 63
1088 0 32285 63
1089 0 32132 63
1090 0 32286 63
1091 0 32328 63
1092 0 32234 63
1093 0 32075 63
1094 0 32122 63
1095 0 32071 63
1096 0 32123 63
1097 0 32066 63
1098 0 32016 63
1099 0 32058 63
1100 0 32061 63
1101 0 32008 63
1102 0 32243 63
1103 0 31947 63
1104 0 32138 63
1105 0 32081 63
1106 0 32127 63
1107 0 32126 63
1108 0 32228 63
1109 0 32271 63
1110 0 32366 63
1111 0 32317 63
1112 0 32074 63
1113 0 32217 63
1114 0 32267 63
1115 0 32463 63
1116 0 32468 63
1117 0 32710 63
1118 0 32709 63
1119 0 32958 63
1120 0 32607 63
1121 0 32602 63
1122 0 32600 63
1123 0 32594 63
1124 0 32599 63
1125 0 32640 63
1126 0 32890 63
1127 0 32536 63
1128 0 32588 63
1129 0 32582 63
1130 0 32530 63
1131 0 32430 63
1132 0 32786 63
1133 0 32672 63
1134 0 32523 63
1135 0 32571 63
1136 0 32422 63
1137 0 32515 63
1138 0 32514 63
1139 0 32461 63
1140 0 32463 63
1141 0 32556 63
1142 0 32505 63
1143 0 32499 63
1144 0 32849 63
1145 0 32443 63
1146 0 32392 63
1147 0 32789 63
1148 0 32392 63
1149 0 32486 63
1150 0 32384 63
1151 0 32734 63
1152 0 32337 63
1153 0 32481 63
1154 0 32727 63
1155 0 32376 63
1156 0 32678 63
1157 0 32276 63
1158 0 32275 63
1159 0 32274 63
1160 0 32329 63
1161 0 32624 63
1162 0 32225 63
1163 0 32572 63
1164 0 32720 63
1165 0 32367 63
1166 0 32515 63
1167 0 33018 63
1168 0 32919 63
1169 0 32560 63
1170 0 33111 63
1171 0 32705 63
1172 0 33407 63
1173 0 33407 63
1174 0 33402 63
1175 0 33300 63
1176 0 32948 63
1177 0 32942 63
1178 0 32678 63
1179 0 32477 63
1180 0 32478 63
1181 0 32472 63
1182 0 31977 63
1183 0 32519 63
1184 0 32016 63
1185 0 32410 63
1186 0 32359 63
1187 0 32504 63
1188 0 32108 63
1189 0 32550 63
1190 0 32294 63
1191 0 32437 63
1192 0 32634 63
1193 0 32428 63
1194 0 32329 63
1195 0 32622 63
1196 0 32281 63
1197 0 32622 63
1198 0 32421 63
1199 0 32220 63
1200 0 32175 63
1201 0 32167 63
1202 0 32268 63
1203 0 32220 63
1204 0 32270 63
1205 0 32213 63
1206 0 32311 63
1207 0 32558 63
1208 0 32263 63
1209 0 32356 63
1210 0 32552 63
1211 0 32302 63
1212 0 32553 63
1213 0 32246 63
1214 0 32194 63
1215 0 32141 63
1216 0 32039 63
1217 0 32129 63
1218 0 31980 63
1219 0 31926 63
1220 0 31925 63
1221 0 32068 63
1222 0 31721 63
1223 0 31965 63
1224 0 31766 63
1225 0 31563 63
1226 0 31612 63
1227 0 31809 63
1228 0 31860 63
1229 0 31503 63
1230 0 31649 63
1231 0 31651 63
1232 0 31448 63
1233 0 31544 63
1234 0 31444 63
1235 0 31493 63
1236 0 31390 63
1237 0 31287 63
1238 0 31335 63
1239 0 31381 63
1240 0 31531 63
1241 0 31726 63
1242 0 31776 63
1243 0 31477 63
1244 0 31673 63
1245 0 31964 63
1246 0 32109 63
1247 0 32011 63
1248 0 32066 63
1249 0 32154 63
1250 0 32302 63
1251 0 32498 63
1252 0 32351 63
1253 0 32097 63
1254 0 32442 63
1255 0 32439 63
1256 0 32291 63
1257 0 32487 63
1258 0 32196 63
1259 0 32427 63
1260 0 32628 63
1261 0 32748 63
1262 0 32024 63
1263 0 32417 63
1264 0 32474 63
1265 0 32416 63
1266 0 32766 63
1267 0 32405 63
1268 0 32501 63
1269 0 32345 63
1270 0 32443 63
1271 0 32391 63
1272 0 32493 63
1273 0 32487 63
1274 0 32791 63
1275 0 32285 63
1276 0 32388 63
1277 0 32337 63
1278 0 32681 63
1279 0 32231 63
1280 0 32681 63
1281 0 32377 63
1282 0 32478 63
1283 0 32433 63
1284 0 32883 63
1285 0 32375 63
1286 0 32553 63
1287 0 32790 63
1288 0 32791 63
1289 0 32536 63
1290 0 32634 63
1291 0 33031 63
1292 0 32933 63
1293 0 32681 63
1294 0 33024 63
1295 0 33675 63
1296 0 33276 63
1297 0 33478 63
1298 0 33468 63
1299 0 33312 63
1300 0 33012 63
1301 0 32805 63
1302 0 32709 63
1303 0 32402 63
1304 0 32450 63
1305 0 33046 63
1306 0 32688 63
1307 0 32438 63
1308 0 32092 63
1309 0 32584 63
1310 0 32240 63
1311 0 32856 63
1312 0 32582 63
1313 0 32427 63
1314 0 32294 63
1315 0 32777 63
1316 0 32478 63
1317 0 32619 63
1318 0 32369 63
1319 0 32665 63
1320 0 32367 63
1321 0 32460 63
1322 0 32358 63
1323 0 32508 63
1324 0 32706 63
1325 0 32450 63
1326 0 32391 63
1327 0 32440 63
1328 0 32389 63
1329 0 32435 63
1330 0 32435 63
1331 0 32480 63
1332 0 32532 63
1333 0 32628 63
1334 0 32475 63
1335 0 32473 63
1336 0 32575 63
1337 0 32617 63
1338 0 32566 63
1339 0 32712 63
1340 0 32413 63
1341 0 32507 63
1342 0 32755 63
1343 0 32704 63
1344 0 32605 63
1345 0 32649 63
1346 0 32791 63
1347 0 32639 63
1348 0 32442 63
1349 0 32636 63
1350 0 32334 63
1351 0 32481 63
1352 0 32433 63
1353 0 32428 63
1354 0 32276 63
1355 0 32372 63
1356 0 32178 63
1357 0 32267 63
1358 0 32313 63
1359 0 32216 63
1360 0 32317 63
1361 0 31917 63
1362 0 32358 63
1363 0 32156 63
1364 0 32110 63
1365 0 32200 63
1366 0 32248 63
1367 0 32146 63
1368 0 32042 63
1369 0 31885 63
1370 0 32328 63
1371 0 32324 63
1372 0 32132 63
1373 0 32168 63
1374 0 32021 63
1375 0 32414 63
1376 0 32169 63
1377 0 32013 63
1378 0 32058 63
1379 0 32106 63
1380 0 32105 63
1381 0 32201 63
1382 0 32697 63
1383 0 32695 63
1384 0 32747 63
1385 0 32891 63
1386 0 32536 63
1387 0 32684 63
1388 0 32837 63
1389 0 32580 63
1390 0 32578 63
1391 0 32627 63
1392 0 32579 63
1393 0 32523 63
1394 0 32468 63
1395 0 32566 63
1396 0 32823 63
1397 0 32515 63
1398 0 32610 63
1399 0 32659 63
1400 0 32610 63
1401 0 32553 63
1402 0 32648 63
1403 0 32597 63
1404 0 32842 63
1405 0 32633 63
1406 0 32780 63
1407 0 32976 63
1408 0 33131 63
1409 0 32973 63
1410 0 32870 63
1411 0 33323 63
1412 0 32923 63
1413 0 33115 63
1414 0 33267 63
1415 0 33265 63
1416 0 33413 63
1417 0 33338 63
1418 0 33485 63
1419 0 33561 63
1420 0 33904 63
1421 0 33752 63
1422 0 33248 63
1423 0 33201 63
1424 0 32797 63
1425 0 32586 63
1426 0 32635 63
1427 0 32239 63
1428 0 32790 63
1429 0 32684 63
1430 0 32532 63
1431 0 32628 63
1432 0 32532 63
1433 0 32229 63
1434 0 32625 63
1435 0 32576 63
1436 0 32384 63
1437 0 32573 63
1438 0 32323 63
1439 0 32618 63
1440 0 32323 63
1441 0 32563 63
1442 0 32312 63
1443 0 32509 63
1444 0 32204 63
1445 0 32696 63
1446 0 32395 63
1447 0 32340 63
1448 0 32638 63
1449 0 32380 63
1450 0 32279 63
1451 0 32627 63
1452 0 32333 63
1453 0 32574 63
1454 0 32425 63
1455 0 32327 63
1456 0 32374 63
1457 0 32267 63
1458 0 32220 63
1459 0 32414 63
1460 0 32414 63
1461 0 32308 63
1462 0 32260 63
1463 0 32446 63
1464 0 32199 63
1465 0 32486 63
1466 0 32434 63
1467 0 32427 63
1468 0 32237 63
1469 0 32376 63
1470 0 32524 63
1471 0 32471 63
1472 0 32423 63
1473 0 32572 63
1474 0 32415 63
1475 0 32415 63
1476 0 32218 63
1477 0 32559 63
1478 0 32406 63
1479 0 32405 63
1480 0 32258 63
1481 0 32202 63
1482 0 32192 63
1483 0 32332 63
1484 0 32027 63
1485 0 32122 63
1486 0 31974 63
1487 0 31933 63
1488 0 31971 63
1489 0 31816 63
1490 0 32158 63
1491 0 31912 63
1492 0 31911 63
1493 0 31753 63
1494 0 31851 63
1495 0 31803 63
1496 0 31849 63
1497 0 31995 63
1498 0 31886 63
1499 0 31836 63
1500 0 31486 63
1501 0 31684 63
1502 0 31683 63
1503 0 31823 63
1504 0 31720 63
1505 0 31722 63
1506 0 31815 63
1507 0 31813 63
1508 0 31760 63
1509 0 31912 63
1510 0 32006 63
1511 0 31807 63
1512 0 31906 63
1513 0 32347 63
1514 0 32147 63
1515 0 32282 63
1516 0 32383 63
1517 0 32423 63
1518 0 32269 63
1519 0 32268 63
1520 0 32223 63
1521 0 32220 63
1522 0 32413 63
1523 0 32766 63
1524 0 32173 63
1525 0 32664 63
1526 0 31919 63
1527 0 32612 63
1528 0 32770 63
1529 0 32411 63
1530 0 32405 63
1531 0 32354 63
1532 0 32356 63
1533 0 32451 63
1534 0 32546 63
1535 0 32536 63
1536 0 32836 63
1537 0 32679 63
1538 0 32777 63
1539 0 33125 63
1540 0 33126 63
1541 0 32922 63
1542 0 33268 63
1543 0 33366 63
1544 0 33069 63
1545 0 32966 63
1546 0 32759 63
1547 0 32507 63
1548 0 32609 63
1549 0 32454 63
1550 0 32357 63
1551 0 32855 63
1552 0 32548 63
1553 0 32627 63
1554 0 32625 63
1555 0 32574 63
1556 0 32328 63
1557 0 32672 63
1558 0 32170 63
1559 0 32268 63
1560 0 32666 63
1561 0 32511 63
1562 0 32356 63
1563 0 32501 63
1564 0 32396 63
1565 0 32242 63
1566 0 32335 63
1567 0 32230 63
1568 0 32134 63
1569 0 32327 63
1570 0 32376 63
1571 0 32078 63
1572 0 32226 63
1573 0 31922 63
1574 0 32216 63
1575 0 32114 63
1576 0 32120 63
1577 0 32259 63
1578 0 32207 63
1579 0 32009 63
1580 0 32158 63
1581 0 32053 63
1582 0 32193 63
1583 0 32092 63
1584 0 31946 63
1585 0 32337 63
1586 0 32284 63
1587 0 32136 63
1588 0 32188 63
1589 0 32430 63
1590 0 32280 63
1591 0 32476 63
1592 0 32532 63
1593 0 32328 63
1594 0 32227 63
1595 0 32473 63
1596 0 32229 63
1597 0 32421 63
1598 0 32467 63
1599 0 32566 63
1600 0 32521 63
1601 0 32617 63
1602 0 32164 63
1603 0 32405 63
1604 0 32309 63
1605 0 32007 63
1606 0 32450 63
1607 0 32499 63
1608 0 32447 63
1609 0 32290 63
1610 0 32290 63
1611 0 32240 63
1612 0 32490 63
1613 0 32335 63
1614 0 32784 63
1615 0 32281 63
1616 0 32132 63
1617 0 32176 63
1618 0 32077 63
1619 0 32075 63
1620 0 32082 63
1621 0 32022 63
1622 0 32012 63
1623 0 32058 63
1624 0 32007 63
1625 0 32006 63
1626 0 32004 63
1627 0 32052 63
1628 0 32004 63
1629 0 31997 63
1630 0 32193 63
1631 0 31946 63
1632 0 31941 63
1633 0 32137 63
1634 0 32038 63
1635 0 31987 63
1636 0 32188 63
1637 0 31984 63
1638 0 32129 63
1639 0 32174 63
1640 0 32128 63
1641 0 32123 63
1642 0 32170 63
1643 0 32261 63
1644 0 32216 63
1645 0 32457 63
1646 0 32505 63
1647 0 32253 63
1648 0 32697 63
1649 0 32789 63
1650 0 33091 63
1651 0 33091 63
1652 0 32736 63
1653 0 32827 63
1654 0 33052 63
1655 0 32872 63
1656 0 32975 63
1657 0 32919 63
1658 0 32716 63
1659 0 33171 63
1660 0 33121 63
1661 0 33222 63
1662 0 33265 63
1663 0 33961 63
1664 0 33811 63
1665 0 33803 63
1666 0 33999 63
1667 0 33946 63
1668 0 33486 63
1669 0 33253 63
1670 0 33326 63
1671 0 32876 63
1672 0 32826 63
1673 0 32770 63
1674 0 32918 63
1675 0 32865 63
1676 0 32722 63
1677 0 32769 63
1678 0 32514 63
1679 0 32762 63
1680 0 32766 63
1681 0 32886 63
1682 0 32758 63
1683 0 32705 63
1684 0 32702 63
1685 0 32746 63
1686 0 32894 63
1687 0 32894 63
1688 0 32645 63
1689 0 32738 63
1690 0 32637 63
1691 0 32884 63
1692 0 32689 63
1693 0 32683 63
1694 0 32630 63
1695 0 32928 63
1696 0 32821 63
1697 0 32666 63
1698 0 32763 63
1699 0 32714 63
1700 0 32565 63
1701 0 32909 63
1702 0 32757 63
1703 0 32804 63
1704 0 32852 63
1705 0 32895 63
1706 0 32843 63
1707 0 32691 63
1708 0 32592 63
1709 0 32836 63
1710 0 32684 63
1711 0 32533 63
1712 0 32587 63
1713 0 32580 63
1714 0 32529 63
1715 0 32526 63
1716 0 32433 63
1717 0 32622 63
1718 0 32571 63
1719 0 32518 63
1720 0 32471 63
1721 0 32565 63
1722 0 32513 63
1723 0 32561 63
1724 0 32560 63
1725 0 32504 63
1726 0 32401 63
1727 0 32450 63
1728 0 32300 63
1729 0 32340 63
1730 0 32440 63
1731 0 32536 63
1732 0 32340 63
1733 0 32334 63
1734 0 32432 63
1735 0 32431 63
1736 0 32435 63
1737 0 32478 63
1738 0 32328 63
1739 0 32526 63
1740 0 32381 63
1741 0 32278 63
1742 0 32426 63
1743 0 32527 63
1744 0 32281 63
1745 0 32320 63
1746 0 32220 63
1747 0 32422 63
1748 0 32376 63
1749 0 32119 63
1750 0 31971 63
1751 0 31917 63
1752 0 32070 63
1753 0 31813 63
1754 0 31965 63
1755 0 31960 63
1756 0 31858 63
1757 0 31906 63
1758 0 32101 63
1759 0 31904 63
1760 0 31803 63
1761 0 32049 63
1762 0 31848 63
1763 0 31747 63
1764 0 31596 63
1765 0 31837 63
1766 0 31738 63
1767 0 31684 63
1768 0 31585 63
1769 0 31832 63
1770 0 31631 63
1771 0 31776 63
1772 0 31675 63
1773 0 31727 63
1774 0 31775 63
1775 0 31622 63
1776 0 31816 63
1777 0 31816 63
1778 0 31764 63
1779 0 31816 63
1780 0 32465 63
1781 0 32956 63
1782 0 32903 63
1783 0 32602 63
1784 0 33057 63
1785 0 33150 63
1786 0 33345 63
1787 0 33492 63
1788 0 33293 63
1789 0 33290 63
1790 0 33188 63
1791 0 33233 63
1792 0 32639 63
1793 0 32729 63
1794 0 32630 63
1795 0 32180 63
1796 0 32930 63
1797 0 32027 63
1798 0 32473 63
1799 0 32621 63
1800 0 32170 63
1801 0 32615 63
1802 0 32367 63
1803 0 32738 63
1804 0 32271 63
1805 0 32409 63
1806 0 32251 63
1807 0 32249 63
1808 0 32536 63
1809 0 32277 63
1810 0 32276 63
1811 0 32573 63
1812 0 32277 63
1813 0 32519 63
1814 0 32227 63
1815 0 32320 63
1816 0 32422 63
1817 0 32217 63
1818 0 32459 63
1819 0 32606 63
1820 0 32363 63
1821 0 32604 63
1822 0 32398 63
1823 0 32595 63
1824 0 32346 63
1825 0 32440 63
1826 0 32637 63
1827 0 32430 63
1828 0 32381 63
1829 0 32475 63
1830 0 32427 63
1831 0 32426 63
1832 0 32529 63
1833 0 32174 63
1834 0 32420 63
1835 0 32519 63
1836 0 32276 63
1837 0 32566 63
1838 0 32464 63
1839 0 32566 63
1840 0 32417 63
1841 0 32560 63
1842 0 32456 63
1843 0 32555 63
1844 0 32559 63
1845 0 32402 63
1846 0 32450 63
1847 0 32540 63
1848 0 32341 63
1849 0 32537 63
1850 0 32281 63
1851 0 32427 63
1852 0 32381 63
1853 0 32378 63
1854 0 32477 63
1855 0 32329 63
1856 0 32429 63
1857 0 32424 63
1858 0 32422 63
1859 0 32371 63
1860 0 32425 63
1861 0 32370 63
1862 0 32563 63
1863 0 32364 63
1864 0 32566 63
1865 0 32311 63
1866 0 32259 63
1867 0 32205 63
1868 0 32403 63
1869 0 32485 63
1870 0 31888 63
1871 0 32236 63
1872 0 32533 63
1873 0 32477 63
1874 0 32526 63
1875 0 32424 63
1876 0 32424 63
1877 0 32370 63
1878 0 32070 63
1879 0 32269 63
1880 0 32220 63
1881 0 32116 63
1882 0 32120 63
1883 0 32070 63
1884 0 32223 63
1885 0 32067 63
1886 0 31970 63
1887 0 31921 63
1888 0 32119 63
1889 0 31862 63
1890 0 32011 63
1891 0 31760 63
1892 0 32110 63
1893 0 31857 63
1894 0 32101 63
1895 0 32051 63
1896 0 31993 63
1897 0 31889 63
1898 0 31982 63
1899 0 31877 63
1900 0 32325 63
1901 0 32318 63
1902 0 32367 63
1903 0 31917 63
1904 0 32070 63
1905 0 32661 63
1906 0 32310 63
1907 0 32607 63
1908 0 33009 63
1909 0 32905 63
1910 0 32952 63
1911 0 32897 63
1912 0 33299 63
1913 0 33390 63
1914 0 33161 63
1915 0 33061 63
1916 0 32834 63
1917 0 32622 63
1918 0 32621 63
1919 0 32519 63
1920 0 32572 63
1921 0 32566 63
1922 0 32414 63
1923 0 32511 63
1924 0 32469 63
1925 0 32508 63
1926 0 32458 63
1927 0 32456 63
1928 0 32311 63
1929 0 32472 63
1930 0 32226 63
1931 0 32621 63
1932 0 32422 63
1933 0 32414 63
1934 0 32216 63
1935 0 32989 63
1936 0 32617 63
1937 0 32661 63
1938 0 32560 63
1939 0 32960 63
1940 0 32710 63
1941 0 32553 63
1942 0 32701 63
1943 0 32550 63
1944 0 32601 63
1945 0 32646 63
1946 0 32693 63
1947 0 32692 63
1948 0 32646 63
1949 0 32735 63
1950 0 32781 63
1951 0 32780 63
1952 0 32579 63
1953 0 32623 63
1954 0 32621 63
1955 0 32617 63
1956 0 32670 63
1957 0 32712 63
1958 0 32660 63
1959 0 32809 63
1960 0 32712 63
1961 0 32706 63
1962 0 32702 63
1963 0 32650 63
1964 0 32603 63
1965 0 32698 63
1966 0 32746 63
1967 0 32645 63
1968 0 32745 63
1969 0 32788 63
1970 0 32632 63
1971 0 32679 63
1972 0 32733 63
1973 0 32723 63
1974 0 32869 63
1975 0 32720 63
1976 0 32720 63
1977 0 32915 63
1978 0 32763 63
1979 0 32710 63
1980 0 32663 63
1981 0 32654 63
1982 0 32652 63
1983 0 32650 63
1984 0 32603 63
1985 0 32697 63
1986 0 32694 63
1987 0 32644 63
1988 0 32790 63
1989 0 32733 63
1990 0 32632 63
1991 0 32580 63
1992 0 32486 63
1993 0 32677 63
1994 0 32675 63
1995 0 32523 63
1996 0 32575 63
1997 0 32570 63
1998 0 32467 63
1999 0 32615 63
2000 0 32368 63
2001 0 32561 63
2002 0 32362 63
2003 0 32755 63
2004 0 32312 63
2005 0 32651 63
2006 0 32252 63
2007 0 32252 63
2008 0 32348 63
2009 0 32688 63
2010 0 32331 63
2011 0 32479 63
2012 0 32181 63
2013 0 32122 63
2014 0 32124 63
2015 0 32368 63
2016 0 32223 63
2017 0 32168 63
2018 0 31963 63
2019 0 32409 63
2020 0 31912 63
2021 0 32109 63
2022 0 32203 63
2023 0 31904 63
2024 0 32107 63
2025 0 31853 63
2026 0 32148 63
2027 0 32195 63
2028 0 32137 63
2029 0 31984 63
2030 0 32425 63
2031 0 32824 63
2032 0 32575 63
2033 0 32921 63
2034 0 32668 63
2035 0 32465 63
2036 0 32619 63
2037 0 32018 63
2038 0 31916 63
2039 0 31814 63
2040 0 32062 63
2041 0 32209 63
2042 0 31956 63
2043 0 32103 63
2044 0 31946 63
2045 0 32141 63
2046 0 32187 63
2047 0 32183 63
2048 0 32426 63
2049 0 32129 63
2050 0 32476 63
2051 0 32226 63
2052 0 32426 63
2053 0 32619 63
2054 0 32869 63
2055 0 32217 63
2056 0 32222 63
2057 0 32559 63
2058 0 32260 63
2059 0 32654 63
2060 0 32261 63
2061 0 32551 63
2062 0 32152 63
2063 0 32350 63
2064 0 32599 63
2065 0 32241 63
2066 0 32338 63
2067 0 32523 63
2068 0 32430 63
2069 0 32624 63
2070 0 32334 63
2071 0 32716 63
2072 0 32270 63
2073 0 32511 63
2074 0 32409 63
2075 0 32261 63
2076 0 32112 63
2077 0 32453 63
2078 0 32194 63
2079 0 32490 63
2080 0 32541 63
2081 0 32382 63
2082 0 32331 63
2083 0 32529 63
2084 0 32328 63
2085 0 32374 63
2086 0 32561 63
2087 0 32460 63
2088 0 32363 63
2089 0 32554 63
2090 0 32453 63
2091 0 32550 63
2092 0 32304 63
2093 0 32396 63
2094 0 32481 63
2095 0 32580 63
2096 0 32378 63
2097 0 32425 63
2098 0 32476 63
2099 0 32426 63
2100 0 32477 63
2101 0 32521 63
2102 0 32469 63
2103 0 32518 63
2104 0 32470 63
2105 0 32612 63
2106 0 32504 63
2107 0 32353 63
2108 0 32406 63
2109 0 32448 63
2110 0 32399 63
2111 0 32695 63
2112 0 32342 63
2113 0 32386 63
2114 0 32479 63
2115 0 32327 63
2116 0 32583 63
2117 0 32522 63
2118 0 32418 63
2119 0 32417 63
2120 0 32420 63
2121 0 32563 63
2122 0 32460 63
2123 0 32408 63
2124 0 32510 63
2125 0 32455 63
2126 0 32548 63
2127 0 32297 63
2128 0 32348 63
2129 0 32288 63
2130 0 32381 63
2131 0 32528 63
2132 0 32330 63
2133 0 32273 63
2134 0 32270 63
2135 0 32267 63
2136 0 32318 63
2137 0 32362 63
2138 0 32412 63
2139 0 32609 63
2140 0 31958 63
2141 0 32305 63
2142 0 32352 63
2143 0 32548 63
2144 0 32044 63
2145 0 32386 63
2146 0 32280 63
2147 0 32579 63
2148 0 32134 63
2149 0 31982 63
2150 0 31930 63
2151 0 32426 63
2152 0 32628 63
2153 0 32272 63
2154 0 32470 63
2155 0 32818 63
2156 0 33220 63
2157 0 32812 63
2158 0 32961 63
2159 0 32862 63
2160 0 32537 63
2161 0 32115 63
2162 0 32405 63
2163 0 32104 63
2164 0 32355 63
2165 0 31904 63
2166 0 31892 63
2167 0 31794 63
2168 0 31740 63
2169 0 31888 63
2170 0 31831 63
2171 0 31983 63
2172 0 31933 63
2173 0 31872 63
2174 0 31824 63
2175 0 31869 63
2176 0 31822 63
2177 0 31767 63
2178 0 31814 63
2179 0 32456 63
2180 0 32259 63
2181 0 32353 63
2182 0 32590 63
2183 0 32589 63
2184 0 32492 63
2185 0 32480 63
2186 0 32479 63
2187 0 32476 63
2188 0 32183 63
2189 0 32276 63
2190 0 32324 63
2191 0 32466 63
2192 0 32419 63
2193 0 32563 63
2194 0 32661 63
2195 0 32907 63
2196 0 32614 63
2197 0 32454 63
2198 0 32651 63
2199 0 32649 63
2200 0 32649 63
2201 0 32543 63
2202 0 32789 63
2203 0 32342 63
2204 0 32892 63
2205 0 32580 63
2206 0 32976 63
2207 0 32925 63
2208 0 32675 63
2209 0 32570 63
2210 0 32967 63
2211 0 32565 63
2212 0 32516 63
2213 0 32611 63
2214 0 32708 63
2215 0 32557 63
2216 0 32557 63
2217 0 32552 63
2218 0 32649 63
2219 0 32596 63
2220 0 32847 63
2221 0 32920 63
2222 0 32439 63
2223 0 32488 63
2224 0 32535 63
2225 0 32578 63
2226 0 32576 63
2227 0 32623 63
2228 0 32825 63
2229 0 32669 63
2230 0 32818 63
2231 0 32518 63
2232 0 32920 63
2233 0 32862 63
2234 0 32559 63
2235 0 32758 63
2236 0 32560 63
2237 0 32852 63
2238 0 32552 63
2239 0 32849 63
2240 0 32555 63
2241 0 32795 63
2242 0 32541 63
2243 0 32990 63
2244 0 32788 63
2245 0 32484 63
2246 0 32830 63
2247 0 32877 63
2248 0 32581 63
2249 0 32922 63
2250 0 32572 63
2251 0 32973 63
2252 0 32874 63
2253 0 32516 63
2254 0 32864 63
2255 0 32764 63
2256 0 32716 63
2257 0 32864 63
2258 0 32558 63
2259 0 32658 63
2260 0 32981 63
2261 0 32504 63
2262 0 32354 63
2263 0 32549 63
2264 0 32603 63
2265 0 32536 63
2266 0 32538 63
2267 0 32331 63
2268 0 32533 63
2269 0 32575 63
2270 0 32474 63
2271 0 32724 63
2272 0 32678 63
2273 0 32975 63
2274 0 32771 63
2275 0 33474 63
2276 0 32975 63
2277 0 33322 63
2278 0 33318 63
2279 0 32915 63
2280 0 33470 63
2281 0 33814 63
2282 0 33058 63
2283 0 32858 63
2284 0 32415 63
2285 0 32360 63
2286 0 32907 63
2287 0 32356 63
2288 0 32807 63
2289 0 31955 63
2290 0 32362 63
2291 0 32544 63
2292 0 31999 63
2293 0 31997 63
2294 0 32043 63
2295 0 31944 63
2296 0 32147 63
2297 0 31949 63
2298 0 31931 63
2299 0 31979 63
2300 0 31827 63
2301 0 31775 63
2302 0 31970 63
2303 0 31922 63
2304 0 31971 63
2305 0 32063 63
2306 0 31810 63
2307 0 31811 63
2308 0 31709 63
2309 0 31905 63
2310 0 32053 63
2311 0 32298 63
2312 0 32103 63
2313 0 32197 63
2314 0 32538 63
2315 0 32429 63
2316 0 32137 63
2317 0 32379 63
2318 0 32425 63
2319 0 32276 63
2320 0 32532 63
2321 0 32470 63
2322 0 32221 63
2323 0 32167 63
2324 0 32369 63
2325 0 32216 63
2326 0 32257 63
2327 0 32396 63
2328 0 32202 63
2329 0 32293 63
2330 0 32384 63
2331 0 32334 63
2332 0 32141 63
2333 0 32376 63
2334 0 32424 63
2335 0 32423 63
2336 0 32479 63
2337 0 32422 63
2338 0 32125 63
2339 0 32321 63
2340 0 32520 63
2341 0 32216 63
2342 0 32266 63
2343 0 32514 63
2344 0 32220 63
2345 0 32315 63
2346 0 32657 63
2347 0 32457 63
2348 0 32460 63
2349 0 32404 63
2350 0 32353 63
2351 0 32499 63
2352 0 32495 63
2353 0 32488 63
2354 0 32586 63
2355 0 32487 63
2356 0 32341 63
2357 0 32683 63
2358 0 32232 63
2359 0 32426 63
2360 0 32230 63
2361 0 32373 63
2362 0 32567 63
2363 0 32369 63
2364 0 32675 63
2365 0 32462 63
2366 0 32561 63
2367 0 32505 63
2368 0 32308 63
2369 0 32500 63
2370 0 32290 63
2371 0 32689 63
2372 0 32291 63
2373 0 32284 63
2374 0 32526 63
2375 0 32377 63
2376 0 32582 63
2377 0 32232 63
2378 0 32378 63
2379 0 32734 63
2380 0 32335 63
2381 0 32376 63
2382 0 32524 63
2383 0 32372 63
2384 0 32624 63
2385 0 32119 63
2386 0 32315 63
2387 0 32659 63
2388 0 32412 63
2389 0 32656 63
2390 0 32354 63
2391 0 32702 63
2392 0 32346 63
2393 0 32492 63
2394 0 32828 63
2395 0 32828 63
2396 0 32829 63
2397 0 32772 63
2398 0 32669 63
2399 0 32973 63
2400 0 32769 63
2401 0 33215 63
2402 0 33169 63
2403 0 33317 63
2404 0 33418 63
2405 0 33215 63
2406 0 33060 63
2407 0 32457 63
2408 0 32555 63
2409 0 32498 63
2410 0 32101 63
2411 0 32344 63
2412 0 32187 63
2413 0 32734 63
2414 0 31980 63
2415 0 32227 63
2416 0 32327 63
2417 0 31973 63
2418 0 31836 63
2419 0 31821 63
2420 0 31927 63
2421 0 31869 63
2422 0 31966 63
2423 0 32060 63
2424 0 31812 63
2425 0 31808 63
2426 0 31756 63
2427 0 31953 63
2428 0 32003 63
2429 0 31847 63
2430 0 31896 63
2431 0 31891 63
2432 0 31642 63
2433 0 31890 63
2434 0 31835 63
2435 0 31832 63
2436 0 31633 63
2437 0 31631 63
2438 0 31828 63
2439 0 31923 63
2440 0 31821 63
2441 0 31920 63
2442 0 31817 63
2443 0 31964 63
2444 0 31970 63
2445 0 32162 63
2446 0 32258 63
2447 0 32258 63
2448 0 32311 63
2449 0 32444 63
2450 0 32342 63
2451 0 32439 63
2452 0 32295 63
2453 0 32432 63
2454 0 32382 63
2455 0 32335 63
2456 0 32488 63
2457 0 32333 63
2458 0 32284 63
2459 0 32382 63
2460 0 32292 63
2461 0 32633 63
2462 0 32531 63
2463 0 32430 63
2464 0 32533 63
2465 0 32526 63
2466 0 32371 63
2467 0 32516 63
2468 0 32570 63
2469 0 32513 63
2470 0 32613 63
2471 0 32855 63
2472 0 32407 63
2473 0 32500 63
2474 0 32349 63
2475 0 32500 63
2476 0 32450 63
2477 0 32497 63
2478 0 32496 63
2479 0 32496 63
2480 0 32691 63
2481 0 32685 63
2482 0 32387 63
2483 0 32731 63
2484 0 32838 63
2485 0 32731 63
2486 0 32431 63
2487 0 32773 63
2488 0 32728 63
2489 0 32770 63
2490 0 32711 63
2491 0 32859 63
2492 0 32763 63
2493 0 32557 63
2494 0 32755 63
2495 0 32903 63
2496 0 32706 63
2497 0 32800 63
2498 0 32644 63
2499 0 32643 63
2500 0 32744 63
2501 0 32687 63
2502 0 32535 63
2503 0 32933 63
2504 0 32587 63
2505 0 32830 63
2506 0 32879 63
2507 0 32727 63
2508 0 32878 63
2509 0 32623 63
2510 0 32915 63
2511 0 32863 63
2512 0 32864 63
2513 0 33007 63
2514 0 32957 63
2515 0 32905 63
2516 0 32907 63
2517 0 33001 63
2518 0 33000 63
2519 0 33200 63
2520 0 32789 63
2521 0 33335 63
2522 0 33283 63
2523 0 33484 63
2524 0 33633 63
2525 0 33483 63
2526 0 33578 63
2527 0 33376 63
2528 0 32725 63
2529 0 32769 63
2530 0 32717 63
2531 0 32712 63
2532 0 32619 63
2533 0 33162 63
2534 0 32507 63
2535 0 32807 63
2536 0 32557 63
2537 0 32401 63
2538 0 32799 63
2539 0 32646 63
2540 0 32748 63
2541 0 32743 63
2542 0 32692 63
2543 0 32541 63
2544 0 32642 63
2545 0 32386 63
2546 0 32584 63
2547 0 32336 63
2548 0 32435 63
2549 0 32082 63
2550 0 32229 63
2551 0 32368 63
2552 0 32242 63
2553 0 32316 63
2554 0 31917 63
2555 0 32264 63
2556 0 32265 63
2557 0 32257 63
2558 0 32060 63
2559 0 32157 63
2560 0 32161 63
2561 0 32105 63
2562 0 32298 63
2563 0 31990 63
2564 0 31890 63
2565 0 32134 63
2566 0 32132 63
2567 0 32128 63
2568 0 32227 63
2569 0 31774 63
2570 0 32071 63
2571 0 32167 63
2572 0 31949 63
2573 0 31796 63
2574 0 31941 63
2575 0 31742 63
2576 0 31934 63
2577 0 32130 63
2578 0 32574 63
2579 0 32571 63
2580 0 32424 63
2581 0 32320 63
2582 0 32466 63
2583 0 32267 63
2584 0 32322 63
2585 0 32312 63
2586 0 32405 63
2587 0 32310 63
2588 0 32312 63
2589 0 32252 63
2590 0 32251 63
2591 0 32446 63
2592 0 32247 63
2593 0 32337 63
2594 0 32187 63
2595 0 32236 63
2596 0 32234 63
2597 0 32378 63
2598 0 32524 63
2599 0 32277 63
2600 0 32278 63
2601 0 32368 63
2602 0 32216 63
2603 0 32314 63
2604 0 32170 63
2605 0 32118 63
2606 0 32116 63
2607 0 32120 63
2608 0 32218 63
2609 0 32410 63
2610 0 32208 63
2611 0 32159 63
2612 0 32248 63
2613 0 32288 63
2614 0 32187 63
2615 0 32231 63
2616 0 32079 63
2617 0 32172 63
2618 0 32320 63
2619 0 32168 63
2620 0 32224 63
2621 0 32314 63
2622 0 31963 63
2623 0 32309 63
2624 0 31861 63
2625 0 32403 63
2626 0 32401 63
2627 0 32450 63
2628 0 32389 63
2629 0 32381 63
2630 0 32282 63
2631 0 32523 63
2632 0 32725 63
2633 0 32368 63
2634 0 32516 63
2635 0 32619 63
2636 0 32322 63
2637 0 32366 63
2638 0 32812 63
2639 0 32712 63
2640 0 32314 63
2641 0 32808 63
2642 0 32561 63
2643 0 33111 63
2644 0 32910 63
2645 0 33208 63
2646 0 33201 63
2647 0 33751 63
2648 0 33450 63
2649 0 33495 63
2650 0 33631 63
2651 0 32984 63
2652 0 32831 63
2653 0 32779 63
2654 0 32526 63
2655 0 32672 63
2656 0 32377 63
2657 0 32172 63
2658 0 32374 63
2659 0 32767 63
2660 0 32119 63
2661 0 32563 63
2662 0 32363 63
2663 0 32070 63
2664 0 32566 63
2665 0 32212 63
2666 0 32651 63
2667 0 32111 63
2668 0 32544 63
2669 0 32091 63
2670 0 32479 63
2671 0 32228 63
2672 0 32230 63
2673 0 32223 63
2674 0 32223 63
2675 0 32470 63
2676 0 32374 63
2677 0 31976 63
2678 0 32366 63
2679 0 31931 63
2680 0 32220 63
2681 0 31920 63
2682 0 31917 63
2683 0 31865 63
2684 0 31963 63
2685 0 31822 63
2686 0 31861 63
2687 0 32006 63
2688 0 32007 63
2689 0 32002 63
2690 0 31998 63
2691 0 31794 63
2692 0 31645 63
2693 0 31940 63
2694 0 31939 63
2695 0 31789 63
2696 0 31788 63
2697 0 31877 63
2698 0 31826 63
2699 0 31972 63
2700 0 31826 63
2701 0 31671 63
2702 0 31868 63
2703 0 31961 63
2704 0 31716 63
2705 0 31763 63
2706 0 31958 63
2707 0 31865 63
2708 0 31807 63
2709 0 31755 63
2710 0 32195 63
2711 0 32342 63
2712 0 32246 63
2713 0 32437 63
2714 0 32486 63
2715 0 32434 63
2716 0 32293 63
2717 0 32430 63
2718 0 32231 63
2719 0 32479 63
2720 0 32284 63
2721 0 32426 63
2722 0 32425 63
2723 0 32472 63
2724 0 32376 63
2725 0 32368 63
2726 0 32417 63
2727 0 32414 63
2728 0 32319 63
2729 0 32509 63
2730 0 32204 63
2731 0 32499 63
2732 0 32443 63
2733 0 32437 63
2734 0 32433 63
2735 0 32434 63
2736 0 32491 63
2737 0 32330 63
2738 0 32577 63
2739 0 32423 63
2740 0 32727 63
2741 0 32272 63
2742 0 32767 63
2743 0 32471 63
2744 0 32773 63
2745 0 32564 63
2746 0 32415 63
2747 0 32810 63
2748 0 32512 63
2749 0 32753 63
2750 0 32451 63
2751 0 32550 63
2752 0 32749 63
2753 0 32493 63
2754 0 32639 63
2755 0 32787 63
2756 0 32691 63
2757 0 32485 63
2758 0 32830 63
2759 0 32480 63
2760 0 32633 63
2761 0 32777 63
2762 0 32627 63
2763 0 32823 63
2764 0 32976 63
2765 0 32720 63
2766 0 33066 63
2767 0 33321 63
2768 0 33368 63
2769 0 33608 63
2770 0 33707 63
2771 0 33704 63
2772 0 33651 63
2773 0 33326 63
2774 0 33454 63
2775 0 33595 63
2776 0 33096 63
2777 0 33043 63
2778 0 32735 63
2779 0 33233 63
2780 0 32681 63
2781 0 32626 63
2782 0 32723 63
2783 0 32771 63
2784 0 32672 63
2785 0 32667 63
2786 0 32716 63
2787 0 32613 63
2788 0 32561 63
2789 0 32605 63
2790 0 32553 63
2791 0 32601 63
2792 0 32503 63
2793 0 32548 63
2794 0 32597 63
2795 0 32594 63
2796 0 32796 63
2797 0 32640 63
2798 0 32537 63
2799 0 32585 63
2800 0 32938 63
2801 0 32350 63
2802 0 32932 63
2803 0 32728 63
2804 0 32679 63
2805 0 32824 63
2806 0 32672 63
2807 0 32820 63
2808 0 32667 63
2809 0 32462 63
2810 0 32459 63
2811 0 32358 63
2812 0 32412 63
2813 0 32403 63
2814 0 32155 63
2815 0 32248 63
2816 0 32248 63
2817 0 32144 63
2818 0 32081 63
2819 0 32034 63
2820 0 32379 63
2821 0 32227 63
2822 0 32369 63
2823 0 32071 63
2824 0 32075 63
2825 0 32067 63
2826 0 32015 63
2827 0 31860 63
2828 0 32057 63
2829 0 32304 63
2830 0 32100 63
2831 0 31847 63
2832 0 31990 63
2833 0 32237 63
2834 0 32135 63
2835 0 31988 63
2836 0 32135 63
2837 0 31783 63
2838 0 32079 63
2839 0 32076 63
2840 0 31947 63
2841 0 32125 63
2842 0 32366 63
2843 0 31968 63
2844 0 32566 63
2845 0 32661 63
2846 0 32606 63
2847 0 32554 63
2848 0 32507 63
2849 0 32595 63
2850 0 32644 63
2851 0 32591 63
2852 0 32643 63
2853 0 32638 63
2854 0 32586 63
2855 0 32882 63
2856 0 32486 63
2857 0 32479 63
2858 0 32527 63
2859 0 32424 63
2860 0 32381 63
2861 0 32521 63
2862 0 32467 63
2863 0 32465 63
2864 0 32468 63
2865 0 32561 63
2866 0 32504 63
2867 0 32852 63
2868 0 32451 63
2869 0 32593 63
2870 0 32391 63
2871 0 32339 63
2872 0 32344 63
2873 0 32735 63
2874 0 32434 63
2875 0 32732 63
2876 0 32234 63
2877 0 32278 63
2878 0 32273 63
2879 0 32373 63
2880 0 32473 63
2881 0 32666 63
2882 0 32363 63
2883 0 32561 63
2884 0 32371 63
2885 0 32511 63
2886 0 32931 63
2887 0 32656 63
2888 0 33009 63
2889 0 33004 63
2890 0 32940 63
2891 0 32938 63
2892 0 33194 63
2893 0 33342 63
2894 0 33440 63
2895 0 33586 63
2896 0 33386 63
2897 0 32821 63
2898 0 32521 63
2899 0 32276 63
2900 0 32723 63
2901 0 32565 63
2902 0 32663 63
2903 0 32510 63
2904 0 32064 63
2905 0 32506 63
2906 0 32157 63
2907 0 32209 63
2908 0 32592 63
2909 0 32580 63
2910 0 32577 63
2911 0 32279 63
2912 0 32432 63
2913 0 32577 63
2914 0 32283 63
2915 0 32527 63
2916 0 32331 63
2917 0 32573 63
2918 0 32276 63
2919 0 32375 63
2920 0 32572 63
2921 0 32118 63
2922 0 32268 63
2923 0 32369 63
2924 0 32527 63
2925 0 32323 63
2926 0 32620 63
2927 0 32320 63
2928 0 32318 63
2929 0 32509 63
2930 0 32262 63
2931 0 32309 63
2932 0 32511 63
2933 0 32159 63
2934 0 32208 63
2935 0 32399 63
2936 0 32204 63
2937 0 32348 63
2938 0 32533 63
2939 0 32284 63
2940 0 32384 63
2941 0 32426 63
2942 0 32227 63
2943 0 32373 63
2944 0 32230 63
2945 0 32323 63
2946 0 32024 63
2947 0 32119 63
2948 0 31770 63
2949 0 32068 63
2950 0 32017 63
2951 0 32017 63
2952 0 31817 63
2953 0 32011 63
2954 0 31762 63
2955 0 31860 63
2956 0 32159 63
2957 0 31510 63
2958 0 31706 63
2959 0 31705 63
2960 0 31602 63
2961 0 31350 63
2962 0 31549 63
2963 0 31841 63
2964 0 31744 63
2965 0 31640 63
2966 0 31589 63
2967 0 31833 63
2968 0 31483 63
2969 0 31526 63
2970 0 31970 63
2971 0 31521 63
2972 0 31520 63
2973 0 32115 63
2974 0 31867 63
2975 0 32061 63
2976 0 32163 63
2977 0 32456 63
2978 0 32305 63
2979 0 32402 63
2980 0 32555 63
2981 0 32490 63
2982 0 32341 63
2983 0 32437 63
2984 0 32388 63
2985 0 32528 63
2986 0 32724 63
2987 0 32277 63
2988 0 32674 63
2989 0 32519 63
2990 0 32887 63
2991 0 32314 63
2992 0 32412 63
2993 0 32309 63
2994 0 32756 63
2995 0 32490 63
2996 0 32770 63
2997 0 32385 63
2998 0 32284 63
2999 0 32381 63
3000 0 32334 63
3001 0 32233 63
3002 0 32526 63
3003 0 32677 63
3004 0 32229 63
3005 0 32322 63
3006 0 32472 63
3007 0 32871 63
3008 0 32928 63
3009 0 32822 63
3010 0 32613 63
3011 0 32867 63
3012 0 32716 63
3013 0 33357 63
3014 0 33205 63
3015 0 33310 63
3016 0 33307 63
3017 0 33407 63
3018 0 33503 63
3019 0 33047 63
3020 0 32971 63
3021 0 32588 63
3022 0 32342 63
3023 0 32891 63
3024 0 32582 63
3025 0 32080 63
3026 0 32777 63
3027 0 32229 63
3028 0 32778 63
3029 0 32370 63
3030 0 32568 63
3031 0 32220 63
3032 0 32667 63
3033 0 32464 63
3034 0 32268 63
3035 0 32662 63
3036 0 32166 63
3037 0 32409 63
3038 0 32357 63
3039 0 32457 63
3040 0 32829 63
3041 0 32207 63
3042 0 32451 63
3043 0 32435 63
3044 0 32487 63
3045 0 32483 63
3046 0 32380 63
3047 0 32283 63
3048 0 32583 63
3049 0 32621 63
3050 0 32326 63
3051 0 32613 63
3052 0 32666 63
3053 0 32907 63
3054 0 32856 63
3055 0 32806 63
3056 0 32764 63
3057 0 32759 63
3058 0 32707 63
3059 0 32359 63
3060 0 32708 63
3061 0 32454 63
3062 0 32702 63
3063 0 32400 63
3064 0 32651 63
3065 0 32800 63
3066 0 32593 63
3067 0 32636 63
3068 0 32589 63
3069 0 32784 63
3070 0 32781 63
3071 0 32579 63
3072 0 32877 63
3073 0 32921 63
3074 0 32624 63
3075 0 32920 63
3076 0 32371 63
3077 0 32516 63
3078 0 32918 63
3079 0 32214 63
3080 0 32465 63
3081 0 32360 63
3082 0 32162 63
3083 0 32311 63
3084 0 32466 63
3085 0 32360 63
3086 0 32260 63
3087 0 32356 63
3088 0 32359 63
3089 0 32154 63
3090 0 32153 63
3091 0 32097 63
3092 0 32083 63
3093 0 32175 63
3094 0 32075 63
3095 0 32124 63
3096 0 32027 63
3097 0 32124 63
3098 0 32072 63
3099 0 32262 63
3100 0 32364 63
3101 0 32404 63
3102 0 32254 63
3103 0 32449 63
3104 0 32052 63
3105 0 32044 63
3106 0 32056 63
3107 0 32292 63
3108 0 32295 63
3109 0 32479 63
3110 0 32577 63
3111 0 32624 63
3112 0 32528 63
3113 0 32617 63
3114 0 32966 63
3115 0 32714 63
3116 0 32916 63
3117 0 32660 63
3118 0 32965 63
3119 0 32760 63
3120 0 32617 63
3121 0 32811 63
3122 0 32958 63
3123 0 32857 63
3124 0 32962 63
3125 0 32703 63
3126 0 32850 63
3127 0 32749 63
3128 0 33150 63
3129 0 33049 63
3130 0 32987 63
3131 0 33035 63
3132 0 33135 63
3133 0 32673 63
3134 0 33376 63
3135 0 33323 63
3136 0 33428 63
3137 0 33324 63
3138 0 33775 63
3139 0 33576 63
3140 0 33870 63
3141 0 33719 63
3142 0 33223 63
3143 0 33221 63
3144 0 32669 63
3145 0 32762 63
3146 0 32560 63
3147 0 32262 63
3148 0 32712 63
3149 0 32596 63
3150 0 32593 63
3151 0 32296 63
3152 0 32346 63
3153 0 32738 63
3154 0 32084 63
3155 0 32578 63
3156 0 32580 63
3157 0 32274 63
3158 0 32469 63
3159 0 32421 63
3160 0 32377 63
3161 0 32322 63
3162 0 32367 63
3163 0 32417 63
3164 0 32370 63
3165 0 32510 63
3166 0 32309 63
3167 0 32408 63
3168 0 32361 63
3169 0 32455 63
3170 0 32452 63
3171 0 32499 63
3172 0 32502 63
3173 0 32350 63
3174 0 32539 63
3175 0 32440 63
3176 0 32639 63
3177 0 32233 63
3178 0 32381 63
3179 0 32234 63
3180 0 32538 63
3181 0 32431 63
3182 0 32482 63
3183 0 32480 63
3184 0 32580 63
3185 0 32273 63
3186 0 32221 63
3187 0 32373 63
3188 0 32530 63
3189 0 32529 63
3190 0 32382 63
3191 0 32578 63
3192 0 32429 63
3193 0 32475 63
3194 0 32418 63
3195 0 32516 63
3196 0 32271 63
3197 0 32462 63
3198 0 32411 63
3199 0 32508 63
3200 0 32262 63
3201 0 32354 63
3202 0 32153 63
3203 0 32248 63
3204 0 32343 63
3205 0 32477 63
3206 0 32328 63
3207 0 32570 63
3208 0 32423 63
3209 0 32069 63
3210 0 32067 63
3211 0 32267 63
3212 0 31972 63
3213 0 31865 63
3214 0 31967 63
3215 0 32086 63
3216 0 31792 63
3217 0 31732 63
3218 0 31877 63
3219 0 31777 63
3220 0 31877 63
3221 0 31575 63
3222 0 31722 63
3223 0 31818 63
3224 0 31768 63
3225 0 31664 63
3226 0 31665 63
3227 0 31808 63
3228 0 31611 63
3229 0 31955 63
3230 0 31750 63
3231 0 31849 63
3232 0 31952 63
3233 0 31548 63
3234 0 31893 63
3235 0 31739 63
3236 0 31840 63
3237 0 31585 63
3238 0 31782 63
3239 0 32224 63
3240 0 32081 63
3241 0 31826 63
3242 0 31727 63
3243 0 32520 63
3244 0 32430 63
3245 0 32766 63
3246 0 32164 63
3247 0 32313 63
3248 0 32269 63
3249 0 32419 63
3250 0 32614 63
3251 0 32261 63
3252 0 32266 63
3253 0 32462 63
3254 0 32656 63
3255 0 32754 63
3256 0 32807 63
3257 0 32699 63
3258 0 32898 63
3259 0 32950 63
3260 0 32950 63
3261 0 33243 63
3262 0 33392 63
3263 0 33337 63
3264 0 33289 63
3265 0 33534 63
3266 0 33080 63
3267 0 32882 63
3268 0 32585 63
3269 0 32682 63
3270 0 32319 63
3271 0 32867 63
3272 0 32567 63
3273 0 32616 63
3274 0 32400 63
3275 0 32548 63
3276 0 32594 63
3277 0 32154 63
3278 0 32684 63
3279 0 32383 63
3280 0 32137 63
3281 0 32182 63
3282 0 32231 63
3283 0 32578 63
3284 0 32106 63
3285 0 32479 63
3286 0 32628 63
3287 0 32674 63
3288 0 32528 63
3289 0 32521 63
3290 0 32171 63
3291 0 32367 63
3292 0 32470 63
3293 0 32408 63
3294 0 32263 63
3295 0 32595 63
3296 0 32350 63
3297 0 32294 63
3298 0 32581 63
3299 0 32433 63
3300 0 32580 63
3301 0 32175 63
3302 0 32419 63
3303 0 32467 63
3304 0 32469 63
3305 0 32415 63
3306 0 32262 63
3307 0 32556 63
3308 0 32558 63
3309 0 32402 63
3310 0 32549 63
3311 0 32496 63
3312 0 32445 63
3313 0 32483 63
3314 0 32329 63
3315 0 32277 63
3316 0 32480 63
3317 0 32322 63
3318 0 32370 63
3319 0 32518 63
3320 0 32620 63
3321 0 32614 63
3322 0 32267 63
3323 0 32659 63
3324 0 32413 63
3325 0 32705 63
3326 0 32407 63
3327 0 32650 63
3328 0 32550 63
3329 0 32300 63
3330 0 32742 63
3331 0 32487 63
3332 0 32393 63
3333 0 32678 63
3334 0 32476 63
3335 0 32622 63
3336 0 32279 63
3337 0 32374 63
3338 0 32472 63
3339 0 32718 63
3340 0 32721 63
3341 0 32313 63
3342 0 32612 63
3343 0 32609 63
3344 0 32410 63
3345 0 32403 63
3346 0 32404 63
3347 0 32498 63
3348 0 32104 63
3349 0 32196 63
3350 0 32244 63
3351 0 32380 63
3352 0 32136 63
3353 0 32327 63
3354 0 32371 63
3355 0 32219 63
3356 0 32078 63
3357 0 32168 63
3358 0 32213 63
3359 0 32064 63
3360 0 32214 63
3361 0 32009 63
3362 0 32204 63
3363 0 32102 63
3364 0 31794 63
3365 0 32090 63
3366 0 32335 63
3367 0 32283 63
3368 0 32136 63
3369 0 32135 63
3370 0 32232 63
3371 0 32082 63
3372 0 32733 63
3373 0 32270 63
3374 0 32368 63
3375 0 32519 63
3376 0 32731 63
3377 0 33122 63
3378 0 33120 63
3379 0 33164 63
3380 0 33220 63
3381 0 33318 63
3382 0 33366 63
3383 0 33260 63
3384 0 33810 63
3385 0 33913 63
3386 0 33862 63
3387 0 33963 63
3388 0 33609 63
3389 0 33407 63
3390 0 33227 63
3391 0 33206 63
3392 0 33298 63
3393 0 32888 63
3394 0 33137 63
3395 0 32633 63
3396 0 32737 63
3397 0 32681 63
3398 0 32681 63
3399 0 32832 63
3400 0 32732 63
3401 0 32675 63
3402 0 32674 63
3403 0 32572 63
3404 0 32673 63
3405 0 32767 63
3406 0 32664 63
3407 0 32464 63
3408 0 32715 63
3409 0 32659 63
3410 0 32959 63
3411 0 32698 63
3412 0 32602 63
3413 0 32744 63
3414 0 32643 63
3415 0 32543 63
3416 0 32843 63
3417 0 32786 63
3418 0 32829 63
3419 0 32879 63
3420 0 32879 63
3421 0 32672 63
3422 0 32622 63
3423 0 32720 63
3424 0 32622 63
3425 0 32716 63
3426 0 32614 63
3427 0 32513 63
3428 0 32618 63
3429 0 32858 63
3430 0 32506 63
3431 0 32698 63
3432 0 32451 63
3433 0 32544 63
3434 0 32443 63
3435 0 32491 63
3436 0 32543 63
3437 0 32338 63
3438 0 32384 63
3439 0 32384 63
3440 0 32684 63
3441 0 32527 63
3442 0 32676 63
3443 0 32428 63
3444 0 32682 63
3445 0 32720 63
3446 0 32669 63
3447 0 32469 63
3448 0 32620 63
3449 0 32415 63
3450 0 32611 63
3451 0 32256 63
3452 0 32406 63
3453 0 32394 63
3454 0 32391 63
3455 0 32387 63
3456 0 32440 63
3457 0 32582 63
3458 0 32382 63
3459 0 32329 63
3460 0 32281 63
3461 0 32420 63
3462 0 32672 63
3463 0 32319 63
3464 0 32422 63
3465 0 32369 63
3466 0 32467 63
3467 0 32515 63
3468 0 32468 63
3469 0 32406 63
3470 0 32455 63
3471 0 32398 63
3472 0 32550 63
3473 0 32294 63
3474 0 32342 63
3475 0 32334 63
3476 0 32187 63
3477 0 32180 63
3478 0 32078 63
3479 0 32030 63
3480 0 32083 63
3481 0 31826 63
3482 0 32023 63
3483 0 32115 63
3484 0 31923 63
3485 0 31670 63
3486 0 32016 63
3487 0 32013 63
3488 0 31765 63
3489 0 31962 63
3490 0 31957 63
3491 0 31751 63
3492 0 31952 63
3493 0 31747 63
3494 0 31844 63
3495 0 31695 63
3496 0 31893 63
3497 0 31689 63
3498 0 32034 63
3499 0 32024 63
3500 0 31718 63
3501 0 32115 63
3502 0 31911 63
3503 0 32260 63
3504 0 32261 63
3505 0 32351 63
3506 0 32500 63
3507 0 32946 63
3508 0 33151 63
3509 0 33144 63
3510 0 33292 63
3511 0 33283 63
3512 0 33401 63
3513 0 33178 63
3514 0 32872 63
3515 0 32670 63
3516 0 32925 63
3517 0 32615 63
3518 0 32563 63
3519 0 32560 63
3520 0 32015 63
3521 0 32504 63
3522 0 32553 63
3523 0 32451 63
3524 0 31956 63
3525 0 32495 63
3526 0 32246 63
3527 0 32490 63
3528 0 32344 63
3529 0 32534 63
3530 0 32380 63
3531 0 32279 63
3532 0 32580 63
3533 0 32625 63
3534 0 32522 63
3535 0 32328 63
3536 0 32844 63
3537 0 32217 63
3538 0 32663 63
3539 0 32614 63
3540 0 32373 63
3541 0 32563 63
3542 0 32312 63
3543 0 32510 63
3544 0 32562 63
3545 0 32505 63
3546 0 32403 63
3547 0 32501 63
3548 0 32504 63
3549 0 32447 63
3550 0 32395 63
3551 0 32439 63
3552 0 32494 63
3553 0 32286 63
3554 0 32384 63
3555 0 32479 63
3556 0 32482 63
3557 0 32577 63
3558 0 32377 63
3559 0 32424 63
3560 0 32575 63
3561 0 32470 63
3562 0 32618 63
3563 0 32414 63
3564 0 32419 63
3565 0 32411 63
3566 0 32411 63
3567 0 32456 63
3568 0 32460 63
3569 0 32305 63
3570 0 32499 63
3571 0 32344 63
3572 0 32543 63
3573 0 32334 63
3574 0 32337 63
3575 0 32333 63
3576 0 32239 63
3577 0 32333 63
3578 0 32328 63
3579 0 32622 63
3580 0 32428 63
3581 0 32518 63
3582 0 32466 63
3583 0 32464 63
3584 0 32469 63
3585 0 32659 63
3586 0 32410 63
3587 0 32506 63
3588 0 32458 63
3589 0 32503 63
3590 0 32501 63
3591 0 32344 63
3592 0 32544 63
3593 0 32287 63
3594 0 32284 63
3595 0 32583 63
3596 0 32435 63
3597 0 32380 63
3598 0 32475 63
3599 0 32372 63
3600 0 32428 63
3601 0 32620 63
3602 0 32272 63
3603 0 32617 63
3604 0 32376 63
3605 0 32366 63
3606 0 32612 63
3607 0 32659 63
3608 0 32514 63
3609 0 32408 63
3610 0 32255 63
3611 0 32201 63
3612 0 32447 63
3613 0 32092 63
3614 0 31893 63
3615 0 32288 63
3616 0 32089 63
3617 0 31939 63
3618 0 32030 63
3619 0 32027 63
3620 0 32527 63
3621 0 32321 63
3622 0 32119 63
3623 0 32023 63
3624 0 31875 63
3625 0 32225 63
3626 0 32222 63
3627 0 32170 63
3628 0 32273 63
3629 0 32917 63
3630 0 33015 63
3631 0 33190 63
3632 0 32961 63
3633 0 33160 63
3634 0 33057 63
3635 0 32653 63
3636 0 32196 63
3637 0 32046 63
3638 0 32143 63
3639 0 32481 63
3640 0 32182 63
3641 0 32486 63
3642 0 31982 63
3643 0 32379 63
3644 0 32727 63
3645 0 32774 63
3646 0 32570 63
3647 0 32669 63
3648 0 32721 63
3649 0 32614 63
3650 0 32914 63
3651 0 32609 63
3652 0 32765 63
3653 0 32502 63
3654 0 32500 63
3655 0 32597 63
3656 0 32600 63
3657 0 32396 63
3658 0 32541 63
3659 0 32339 63
3660 0 32344 63
3661 0 32639 63
3662 0 32384 63
3663 0 32581 63
3664 0 32934 63
3665 0 32728 63
3666 0 33028 63
3667 0 32971 63
3668 0 32874 63
3669 0 32912 63
3670 0 32910 63
3671 0 32858 63
3672 0 33009 63
3673 0 33050 63
3674 0 32648 63
3675 0 32793 63
3676 0 32945 63
3677 0 32928 63
3678 0 32778 63
3679 0 32926 63
3680 0 32979 63
3681 0 32672 63
3682 0 32719 63
3683 0 32818 63
3684 0 32672 63
3685 0 32716 63
3686 0 32662 63
3687 0 32660 63
3688 0 32663 63
3689 0 32605 63
3690 0 32653 63
3691 0 32701 63
3692 0 32755 63
3693 0 32924 63
3694 0 32593 63
3695 0 32641 63
3696 0 32694 63
3697 0 32638 63
3698 0 32585 63
3699 0 32678 63
3700 0 32726 63
3701 0 32870 63
3702 0 32669 63
3703 0 32617 63
3704 0 32722 63
3705 0 32666 63
3706 0 32614 63
3707 0 32663 63
3708 0 32917 63
3709 0 32908 63
3710 0 32756 63
3711 0 32804 63
3712 0 32607 63
3713 0 32750 63
3714 0 32744 63
3715 0 32890 63
3716 0 32395 63
3717 0 32636 63
3718 0 32684 63
3719 0 32882 63
3720 0 32684 63
3721 0 32629 63
3722 0 32578 63
3723 0 32529 63
3724 0 32629 63
3725 0 32572 63
3726 0 32569 63
3727 0 32668 63
3728 0 32425 63
3729 0 32665 63
3730 0 32366 63
3731 0 32714 63
3732 0 32419 63
3733 0 32417 63
3734 0 32617 63
3735 0 32661 63
3736 0 32462 63
3737 0 32707 63
3738 0 32356 63
3739 0 32702 63
3740 0 32399 63
3741 0 32642 63
3742 0 32439 63
3743 0 32388 63
3744 0 32240 63
3745 0 32285 63
3746 0 32184 63
3747 0 32283 63
3748 0 32239 63
3749 0 32381 63
3750 0 32427 63
3751 0 32621 63
3752 0 32323 63
3753 0 32566 63
3754 0 33021 63
3755 0 32508 63
3756 0 33062 63
3757 0 32958 63
3758 0 32009 63
3759 0 32254 63
3760 0 32304 63
3761 0 31948 63
3762 0 32047 63
3763 0 31949 63
3764 0 31952 63
3765 0 31895 63
3766 0 31841 63
3767 0 31887 63
3768 0 31939 63
3769 0 31937 63
3770 0 31780 63
3771 0 32080 63
3772 0 31928 63
3773 0 31879 63
3774 0 31626 63
3775 0 31968 63
3776 0 31969 63
3777 0 32310 63
3778 0 32263 63
3779 0 32313 63
3780 0 32615 63
3781 0 32309 63
3782 0 32257 63
3783 0 32158 63
3784 0 32304 63
3785 0 32597 63
3786 0 32441 63
3787 0 32638 63
3788 0 32738 63
3789 0 32284 63
3790 0 32675 63
3791 0 32524 63
3792 0 32376 63
3793 0 32519 63
3794 0 32718 63
3795 0 32324 63
3796 0 32520 63
3797 0 32367 63
3798 0 32562 63
3799 0 32460 63
3800 0 32215 63
3801 0 32406 63
3802 0 32504 63
3803 0 32551 63
3804 0 32306 63
3805 0 32547 63
3806 0 32194 63
3807 0 32245 63
3808 0 32536 63
3809 0 32233 63
3810 0 32282 63
3811 0 32286 63
3812 0 32389 63
3813 0 32535 63
3814 0 32333 63
3815 0 32481 63
3816 0 32431 63
3817 0 32427 63
3818 0 32424 63
3819 0 32523 63
3820 0 32478 63
3821 0 32470 63
3822 0 32618 63
3823 0 32467 63
3824 0 32568 63
3825 0 32363 63
3826 0 32410 63
3827 0 32458 63
3828 0 32608 63
3829 0 32353 63
3830 0 32301 63
3831 0 32399 63
3832 0 32547 63
3833 0 32442 63
3834 0 32389 63
3835 0 32337 63
3836 0 32391 63
3837 0 32530 63
3838 0 32379 63
3839 0 32578 63
3840 0 32384 63
3841 0 32578 63
3842 0 32378 63
3843 0 32527 63
3844 0 32183 63
3845 0 32574 63
3846 0 32572 63
3847 0 32570 63
3848 0 32572 63
3849 0 32366 63
3850 0 32464 63
3851 0 32612 63
3852 0 32471 63
3853 0 32759 63
3854 0 32409 63
3855 0 32456 63
3856 0 32754 63
3857 0 32448 63
3858 0 32675 63
3859 0 32524 63
3860 0 32477 63
3861 0 32567 63
3862 0 32715 63
3863 0 32514 63
3864 0 32467 63
3865 0 32661 63
3866 0 32309 63
3867 0 32307 63
3868 0 32509 63
3869 0 32699 63
3870 0 32627 63
3871 0 32828 63
3872 0 32783 63
3873 0 32876 63
3874 0 32674 63
3875 0 33121 63
3876 0 33273 63
3877 0 33570 63
3878 0 33315 63
3879 0 33158 63
3880 0 33259 63
3881 0 33011 63
3882 0 32160 63
3883 0 32457 63
3884 0 32099 63
3885 0 32099 63
3886 0 31948 63
3887 0 31892 63
3888 0 31931 63
3889 0 31982 63
3890 0 31975 63
3891 0 31830 63
3892 0 32025 63
3893 0 32019 63
3894 0 31868 63
3895 0 31918 63
3896 0 31813 63
3897 0 32001 63
3898 0 32049 63
3899 0 31948 63
3900 0 31950 63
3901 0 31890 63
3902 0 31838 63
3903 0 31938 63
3904 0 32488 63
3905 0 31683 63
3906 0 32030 63
3907 0 32026 63
3908 0 32074 63
3909 0 32420 63
3910 0 32417 63
3911 0 32466 63
3912 0 32971 63
3913 0 32466 63
3914 0 32613 63
3915 0 32411 63
3916 0 32606 63
3917 0 32452 63
3918 0 32901 63
3919 0 32595 63
3920 0 32597 63
3921 0 32642 63
3922 0 32589 63
3923 0 32537 63
3924 0 32639 63
3925 0 33132 63
3926 0 33029 63
3927 0 33026 63
3928 0 32930 63
3929 0 32973 63
3930 0 32918 63
3931 0 32568 63
3932 0 32997 63
3933 0 32670 63
3934 0 32569 63
3935 0 32569 63
3936 0 32616 63
3937 0 32987 63
3938 0 32558 63
3939 0 32756 63
3940 0 32609 63
3941 0 32703 63
3942 0 32976 63
3943 0 32697 63
3944 0 32648 63
3945 0 32792 63
3946 0 32590 63
3947 0 32937 63
3948 0 32639 63
3949 0 32784 63
3950 0 32683 63
3951 0 32530 63
3952 0 32783 63
3953 0 32625 63
3954 0 32572 63
3955 0 32818 63
3956 0 32520 63
3957 0 32812 63
3958 0 32660 63
3959 0 32758 63
3960 0 32510 63
3961 0 32753 63
3962 0 32454 63
3963 0 32799 63
3964 0 32553 63
3965 0 32897 63
3966 0 32744 63
3967 0 32843 63
3968 0 32545 63
3969 0 32939 63
3970 0 32785 63
3971 0 32785 63
3972 0 32787 63
3973 0 32730 63
3974 0 32779 63
3975 0 32678 63
3976 0 32431 63
3977 0 32816 63
3978 0 32565 63
3979 0 32962 63
3980 0 32864 63
3981 0 32607 63
3982 0 32307 63
3983 0 32603 63
3984 0 32350 63
3985 0 32640 63
3986 0 32633 63
3987 0 32532 63
3988 0 32688 63
3989 0 32878 63
3990 0 32625 63
3991 0 32721 63
3992 0 32823 63
3993 0 33093 63
3994 0 33014 63
3995 0 33319 63
3996 0 33014 63
3997 0 32860 63
3998 0 34708 63
3999 0 35495 63
