0 0 32906 63
1 0 32527 63
2 0 32303 63
3 0 32055 63
4 0 32269 63
5 0 32635 63
6 0 32421 63
7 0 32885 63
8 0 32218 63
9 0 32139 63
10 0 32304 63
11 0 32319 63
12 0 32255 63
13 0 31990 63
14 0 32076 63
15 0 32276 63
16 0 32064 63
17 0 32077 63
18 0 32330 63
19 0 32450 63
20 0 32222 63
21 0 32568 63
22 0 32486 63
23 0 32457 63
24 0 32274 63
25 0 32818 63
26 0 32640 63
27 0 32512 63
28 0 32560 63
29 0 32576 63
30 0 32567 63
31 0 32561 63
32 0 32578 63
33 0 32445 63
34 0 32256 63
35 0 32320 63
36 0 32297 63
37 0 32213 63
38 0 32281 63
39 0 32001 63
40 0 32060 63
41 0 32139 63
42 0 32043 63
43 0 32080 63
44 0 32238 63
45 0 32044 63
46 0 32212 63
47 0 31929 63
48 0 31959 63
49 0 32119 63
50 0 32146 63
51 0 32008 63
52 0 31825 63
53 0 32189 63
54 0 32007 63
55 0 31938 63
56 0 32249 63
57 0 32020 63
58 0 32157 63
59 0 32081 63
60 0 31901 63
61 0 32163 63
62 0 32005 63
63 0 31880 63
64 0 32141 63
65 0 31917 63
66 0 32177 63
67 0 32059 63
68 0 31929 63
69 0 32239 63
70 0 32075 63
71 0 32110 63
72 0 32146 63
73 0 32148 63
74 0 31970 63
75 0 32073 63
76 0 32051 63
77 0 31964 63
78 0 31932 63
79 0 31953 63
80 0 31775 63
81 0 32096 63
82 0 32008 63
83 0 31790 63
84 0 31867 63
85 0 31877 63
86 0 32283 63
87 0 32456 63
88 0 32729 63
89 0 32668 63
90 0 32635 63
91 0 32508 63
92 0 32579 63
93 0 32594 63
94 0 32615 63
95 0 32836 63
96 0 32712 63
97 0 33032 63
98 0 32716 63
99 0 32637 63
100 0 32708 63
101 0 32673 63
102 0 32743 63
103 0 32563 63
104 0 32787 63
105 0 32904 63
106 0 32674 63
107 0 32544 63
108 0 33013 63
109 0 32804 63
110 0 32455 63
111 0 32573 63
112 0 32698 63
113 0 32614 63
114 0 32783 63
115 0 32749 63
116 0 32479 63
117 0 32690 63
118 0 32611 63
119 0 32655 63
120 0 32568 63
121 0 32628 63
122 0 32450 63
123 0 32715 63
124 0 32390 63
125 0 32356 63
126 0 32176 63
127 0 32546 63
128 0 32671 63
129 0 32701 63
130 0 32722 63
131 0 32690 63
132 0 32317 63
133 0 32631 63
134 0 32499 63
135 0 32470 63
136 0 32359 63
137 0 32617 63
138 0 32410 63
139 0 32725 63
140 0 32326 63
141 0 32687 63
142 0 32603 63
143 0 32380 63
144 0 32674 63
145 0 32209 63
146 0 32332 63
147 0 32599 63
148 0 32276 63
149 0 32308 63
150 0 32667 63
151 0 32043 63
152 0 32213 63
153 0 32129 63
154 0 32050 63
155 0 32170 63
156 0 32443 63
157 0 32310 63
158 0 32401 63
159 0 32518 63
160 0 32395 63
161 0 32660 63
162 0 32207 63
163 0 32475 63
164 0 32263 63
165 0 32404 63
166 0 32366 63
167 0 32143 63
168 0 32313 63
169 0 32327 63
170 0 32148 63
171 0 31973 63
172 0 32044 63
173 0 31911 63
174 0 32021 63
175 0 31997 63
176 0 31779 63
177 0 32088 63
178 0 31527 63
179 0 31975 63
180 0 31739 63
181 0 31660 63
182 0 31725 63
183 0 31482 63
184 0 31831 63
185 0 31838 63
186 0 31822 63
187 0 31830 63
188 0 31792 63
189 0 31863 63
190 0 31949 63
191 0 32005 63
192 0 31878 63
193 0 31887 63
194 0 31865 63
195 0 31694 63
196 0 31864 63
197 0 31764 63
198 0 31819 63
199 0 31947 63
200 0 31763 63
201 0 31548 63
202 0 31751 63
203 0 31767 63
204 0 31863 63
205 0 31806 63
206 0 31826 63
207 0 31904 63
208 0 31731 63
209 0 31808 63
210 0 31762 63
211 0 31874 63
212 0 31751 63
213 0 31814 63
214 0 31845 63
215 0 31915 63
216 0 31783 63
217 0 31999 63
218 0 31767 63
219 0 32136 63
220 0 31961 63
221 0 31687 63
222 0 32098 63
223 0 32169 63
224 0 32289 63
225 0 32207 63
226 0 32624 63
227 0 32203 63
228 0 32371 63
229 0 32686 63
230 0 32308 63
231 0 32429 63
232 0 32503 63
233 0 32745 63
234 0 32365 63
235 0 32438 63
236 0 32613 63
237 0 32424 63
238 0 32742 63
239 0 32313 63
240 0 32310 63
241 0 32454 63
242 0 32470 63
243 0 32599 63
244 0 31919 63
245 0 31477 63
246 0 32070 63
247 0 32519 63
248 0 32395 63
249 0 32360 63
250 0 32480 63
251 0 32251 63
252 0 32270 63
253 0 32208 63
254 0 32318 63
255 0 32163 63
256 0 32215 63
257 0 32370 63
258 0 32506 63
259 0 32360 63
260 0 32630 63
261 0 32258 63
262 0 32554 63
263 0 32518 63
264 0 32690 63
265 0 32422 63
266 0 32225 63
267 0 32567 63
268 0 32437 63
269 0 32267 63
270 0 32665 63
271 0 32435 63
272 0 32408 63
273 0 32451 63
274 0 32302 63
275 0 32301 63
276 0 32411 63
277 0 32382 63
278 0 32322 63
279 0 32415 63
280 0 32290 63
281 0 32602 63
282 0 32323 63
283 0 32451 63
284 0 32475 63
285 0 32456 63
286 0 32178 63
287 0 32320 63
288 0 32195 63
289 0 32025 63
290 0 32031 63
291 0 31952 63
292 0 32028 63
293 0 32537 63
294 0 32455 63
295 0 32204 63
296 0 32466 63
297 0 32384 63
298 0 32572 63
299 0 32395 63
300 0 32309 63
301 0 32252 63
302 0 32201 63
303 0 32068 63
304 0 31945 63
305 0 31854 63
306 0 31794 63
307 0 31810 63
308 0 31995 63
309 0 31890 63
310 0 31720 63
311 0 31834 63
312 0 31760 63
313 0 31824 63
314 0 31855 63
315 0 31853 63
316 0 31893 63
317 0 31911 63
318 0 31868 63
319 0 31778 63
320 0 31863 63
321 0 31679 63
322 0 31748 63
323 0 31862 63
324 0 31894 63
325 0 31972 63
326 0 31869 63
327 0 31842 63
328 0 31837 63
329 0 31831 63
330 0 31973 63
331 0 31987 63
332 0 31960 63
333 0 31965 63
334 0 32094 63
335 0 32075 63
336 0 32377 63
337 0 31753 63
338 0 32064 63
339 0 32243 63
340 0 32098 63
341 0 32218 63
342 0 32252 63
343 0 32420 63
344 0 32738 63
345 0 32674 63
346 0 32643 63
347 0 32713 63
348 0 32739 63
349 0 32802 63
350 0 32574 63
351 0 32872 63
352 0 32519 63
353 0 32587 63
354 0 32704 63
355 0 32476 63
356 0 32813 63
357 0 32419 63
358 0 32738 63
359 0 32658 63
360 0 32384 63
361 0 32697 63
362 0 33060 63
363 0 32931 63
364 0 33036 63
365 0 32853 63
366 0 32355 63
367 0 32326 63
368 0 32195 63
369 0 32211 63
370 0 32553 63
371 0 32268 63
372 0 32293 63
373 0 32617 63
374 0 32436 63
375 0 32660 63
376 0 32683 63
377 0 32698 63
378 0 32667 63
379 0 32787 63
380 0 32510 63
381 0 32476 63
382 0 32498 63
383 0 32517 63
384 0 32793 63
385 0 32509 63
386 0 32479 63
387 0 32499 63
388 0 32572 63
389 0 32637 63
390 0 32508 63
391 0 32477 63
392 0 32763 63
393 0 32560 63
394 0 32779 63
395 0 32492 63
396 0 32502 63
397 0 32493 63
398 0 32479 63
399 0 32526 63
400 0 32880 63
401 0 32520 63
402 0 32667 63
403 0 32514 63
404 0 32870 63
405 0 32609 63
406 0 32506 63
407 0 32754 63
408 0 32506 63
409 0 32748 63
410 0 32745 63
411 0 32493 63
412 0 32917 63
413 0 32441 63
414 0 32536 63
415 0 32635 63
416 0 32387 63
417 0 32334 63
418 0 32523 63
419 0 32426 63
420 0 32473 63
421 0 32117 63
422 0 32267 63
423 0 32369 63
424 0 32371 63
425 0 32415 63
426 0 32412 63
427 0 32365 63
428 0 32265 63
429 0 32406 63
430 0 32455 63
431 0 32295 63
432 0 32198 63
433 0 32188 63
434 0 32421 63
435 0 32373 63
436 0 32522 63
437 0 32464 63
438 0 32260 63
439 0 32455 63
440 0 32401 63
441 0 32392 63
442 0 32144 63
443 0 32289 63
444 0 32333 63
445 0 32177 63
446 0 32325 63
447 0 32075 63
448 0 31931 63
449 0 32076 63
450 0 31927 63
451 0 31680 63
452 0 32030 63
453 0 32069 63
454 0 31967 63
455 0 31768 63
456 0 31969 63
457 0 31765 63
458 0 31663 63
459 0 31656 63
460 0 31899 63
461 0 31949 63
462 0 32047 63
463 0 31791 63
464 0 31492 63
465 0 31539 63
466 0 31981 63
467 0 31781 63
468 0 31532 63
469 0 31580 63
470 0 31824 63
471 0 32172 63
472 0 31977 63
473 0 32019 63
474 0 32115 63
475 0 32009 63
476 0 32009 63
477 0 32405 63
478 0 32653 63
479 0 32750 63
480 0 32300 63
481 0 32691 63
482 0 32337 63
483 0 32335 63
484 0 32481 63
485 0 32874 63
486 0 32722 63
487 0 32671 63
488 0 32472 63
489 0 32992 63
490 0 32943 63
491 0 32967 63
492 0 33270 63
493 0 33336 63
494 0 33263 63
495 0 33309 63
496 0 33308 63
497 0 33554 63
498 0 33651 63
499 0 33000 63
500 0 32844 63
501 0 32589 63
502 0 33091 63
503 0 32483 63
504 0 32535 63
505 0 32379 63
506 0 32425 63
507 0 32847 63
508 0 32521 63
509 0 32316 63
510 0 32023 63
511 0 32567 63
512 0 32523 63
513 0 32121 63
514 0 32763 63
515 0 32311 63
516 0 32459 63
517 0 32209 63
518 0 32601 63
519 0 32442 63
520 0 32543 63
521 0 32382 63
522 0 32428 63
523 0 32472 63
524 0 32375 63
525 0 32417 63
526 0 32466 63
527 0 32316 63
528 0 32523 63
529 0 32463 63
530 0 32510 63
531 0 32557 63
532 0 32213 63
533 0 32503 63
534 0 32551 63
535 0 32497 63
536 0 32550 63
537 0 32495 63
538 0 32542 63
539 0 32585 63
540 0 32536 63
541 0 32330 63
542 0 32424 63
543 0 32523 63
544 0 32524 63
545 0 32517 63
546 0 32516 63
547 0 32613 63
548 0 32169 63
549 0 32461 63
550 0 32458 63
551 0 32505 63
552 0 32558 63
553 0 32401 63
554 0 32349 63
555 0 32246 63
556 0 32296 63
557 0 32430 63
558 0 32379 63
559 0 32672 63
560 0 32326 63
561 0 32416 63
562 0 32511 63
563 0 32258 63
564 0 32216 63
565 0 32209 63
566 0 32458 63
567 0 32355 63
568 0 32455 63
569 0 32538 63
570 0 32485 63
571 0 32534 63
572 0 32236 63
573 0 32186 63
574 0 32331 63
575 0 32427 63
576 0 32380 63
577 0 32273 63
578 0 32123 63
579 0 32470 63
580 0 32075 63
581 0 32120 63
582 0 31868 63
583 0 31870 63
584 0 32067 63
585 0 31911 63
586 0 31909 63
587 0 31910 63
588 0 31756 63
589 0 31903 63
590 0 31849 63
591 0 31947 63
592 0 31849 63
593 0 31895 63
594 0 32040 63
595 0 31838 63
596 0 31637 63
597 0 31835 63
598 0 31930 63
599 0 31731 63
600 0 32327 63
601 0 31873 63
602 0 31967 63
603 0 31716 63
604 0 32073 63
605 0 32060 63
606 0 32006 63
607 0 31903 63
608 0 31753 63
609 0 32696 63
610 0 32342 63
611 0 32389 63
612 0 32738 63
613 0 32883 63
614 0 33080 63
615 0 33227 63
616 0 33029 63
617 0 33475 63
618 0 33723 63
619 0 33720 63
620 0 34015 63
621 0 33766 63
622 0 33614 63
623 0 32854 63
624 0 33260 63
625 0 33154 63
626 0 32596 63
627 0 32744 63
628 0 32944 63
629 0 32879 63
630 0 33029 63
631 0 32775 63
632 0 32524 63
633 0 32611 63
634 0 32609 63
635 0 32556 63
636 0 32962 63
637 0 32905 63
638 0 32549 63
639 0 32901 63
640 0 32750 63
641 0 32973 63
642 0 32742 63
643 0 32609 63
644 0 32560 63
645 0 32855 63
646 0 32700 63
647 0 32899 63
648 0 32749 63
649 0 32690 63
650 0 32790 63
651 0 33087 63
652 0 32890 63
653 0 32883 63
654 0 32530 63
655 0 32826 63
656 0 32728 63
657 0 32722 63
658 0 32717 63
659 0 32715 63
660 0 32666 63
661 0 32610 63
662 0 32851 63
663 0 32649 63
664 0 32645 63
665 0 32688 63
666 0 32684 63
667 0 32832 63
668 0 32685 63
669 0 32677 63
670 0 32823 63
671 0 32721 63
672 0 32573 63
673 0 32664 63
674 0 32660 63
675 0 32707 63
676 0 32659 63
677 0 32852 63
678 0 32850 63
679 0 32649 63
680 0 32800 63
681 0 32691 63
682 0 32639 63
683 0 32631 63
684 0 32881 63
685 0 32724 63
686 0 32771 63
687 0 32870 63
688 0 32822 63
689 0 32764 63
690 0 32661 63
691 0 32907 63
692 0 32809 63
693 0 32653 63
694 0 32649 63
695 0 32746 63
696 0 32599 63
697 0 32792 63
698 0 32639 63
699 0 32440 63
700 0 32736 63
701 0 32530 63
702 0 32424 63
703 0 32422 63
704 0 32276 63
705 0 32465 63
706 0 32412 63
707 0 32559 63
708 0 32410 63
709 0 32257 63
710 0 32401 63
711 0 32199 63
712 0 32200 63
713 0 32232 63
714 0 32228 63
715 0 32525 63
716 0 31935 63
717 0 32178 63
718 0 32125 63
719 0 31975 63
720 0 31825 63
721 0 32020 63
722 0 31916 63
723 0 32508 63
724 0 31710 63
725 0 31755 63
726 0 32000 63
727 0 31800 63
728 0 31899 63
729 0 31793 63
730 0 31891 63
731 0 32136 63
732 0 31985 63
733 0 31826 63
734 0 31776 63
735 0 32220 63
736 0 32129 63
737 0 32165 63
738 0 32113 63
739 0 32158 63
740 0 32211 63
741 0 32552 63
742 0 33044 63
743 0 33296 63
744 0 33042 63
745 0 33389 63
746 0 32938 63
747 0 32791 63
748 0 32135 63
749 0 32679 63
750 0 32677 63
751 0 32829 63
752 0 32229 63
753 0 32721 63
754 0 32517 63
755 0 32172 63
756 0 32568 63
757 0 32216 63
758 0 32606 63
759 0 32553 63
760 0 32202 63
761 0 32597 63
762 0 32589 63
763 0 32290 63
764 0 32811 63
765 0 32188 63
766 0 32187 63
767 0 32631 63
768 0 32284 63
769 0 32425 63
770 0 32078 63
771 0 32524 63
772 0 32326 63
773 0 32221 63
774 0 32517 63
775 0 32368 63
776 0 32519 63
777 0 32164 63
778 0 32209 63
779 0 32309 63
780 0 32560 63
781 0 32309 63
782 0 32302 63
783 0 32295 63
784 0 32394 63
785 0 32338 63
786 0 32187 63
787 0 32279 63
788 0 32333 63
789 0 32477 63
790 0 32426 63
791 0 32272 63
792 0 32279 63
793 0 32421 63
794 0 32224 63
795 0 32419 63
796 0 32321 63
797 0 32365 63
798 0 32363 63
799 0 32211 63
800 0 32211 63
801 0 32243 63
802 0 32291 63
803 0 32081 63
804 0 32279 63
805 0 32323 63
806 0 32270 63
807 0 32366 63
808 0 32169 63
809 0 32161 63
810 0 31915 63
811 0 32064 63
812 0 32212 63
813 0 31761 63
814 0 32355 63
815 0 32251 63
816 0 32152 63
817 0 32195 63
818 0 32591 63
819 0 32539 63
820 0 32339 63
821 0 32707 63
822 0 32376 63
823 0 32522 63
824 0 32622 63
825 0 32514 63
826 0 32562 63
827 0 32559 63
828 0 32258 63
829 0 32548 63
830 0 32234 63
831 0 32630 63
832 0 32186 63
833 0 32426 63
834 0 32670 63
835 0 32316 63
836 0 32718 63
837 0 32313 63
838 0 32664 63
839 0 32614 63
840 0 32362 63
841 0 32204 63
842 0 32603 63
843 0 32946 63
844 0 32446 63
845 0 31985 63
846 0 32340 63
847 0 32134 63
848 0 32093 63
849 0 32230 63
850 0 31980 63
851 0 31975 63
852 0 32075 63
853 0 31724 63
854 0 31819 63
855 0 31866 63
856 0 32167 63
857 0 32055 63
858 0 32056 63
859 0 31949 63
860 0 32297 63
861 0 32239 63
862 0 32179 63
863 0 32278 63
864 0 32478 63
865 0 32921 63
866 0 32517 63
867 0 32941 63
868 0 32570 63
869 0 32788 63
870 0 32125 63
871 0 32534 63
872 0 31911 63
873 0 32097 63
874 0 32441 63
875 0 31991 63
876 0 32093 63
877 0 32135 63
878 0 32429 63
879 0 32134 63
880 0 32699 63
881 0 32172 63
882 0 32794 63
883 0 32116 63
884 0 32368 63
885 0 32712 63
886 0 32462 63
887 0 32710 63
888 0 32765 63
889 0 32107 63
890 0 32601 63
891 0 32492 63
892 0 32693 63
893 0 32486 63
894 0 32484 63
895 0 32334 63
896 0 32884 63
897 0 32777 63
898 0 32527 63
899 0 32331 63
900 0 33076 63
901 0 33041 63
902 0 32711 63
903 0 32659 63
904 0 32983 63
905 0 32407 63
906 0 32751 63
907 0 32550 63
908 0 32798 63
909 0 32593 63
910 0 32688 63
911 0 32937 63
912 0 32787 63
913 0 32929 63
914 0 32624 63
915 0 32622 63
916 0 32626 63
917 0 32668 63
918 0 32715 63
919 0 33038 63
920 0 32705 63
921 0 32648 63
922 0 32845 63
923 0 32591 63
924 0 32593 63
925 0 32985 63
926 0 32633 63
927 0 32826 63
928 0 32828 63
929 0 32669 63
930 0 32866 63
931 0 32663 63
932 0 32815 63
933 0 32608 63
934 0 32655 63
935 0 32852 63
936 0 32653 63
937 0 32848 63
938 0 32744 63
939 0 32587 63
940 0 32838 63
941 0 32581 63
942 0 32778 63
943 0 32775 63
944 0 32479 63
945 0 32869 63
946 0 32864 63
947 0 32561 63
948 0 32812 63
949 0 32756 63
950 0 32653 63
951 0 33001 63
952 0 32800 63
953 0 32693 63
954 0 32742 63
955 0 32788 63
956 0 32688 63
957 0 32631 63
958 0 32824 63
959 0 32722 63
960 0 32727 63
961 0 32668 63
962 0 32471 63
963 0 32713 63
964 0 32764 63
965 0 32460 63
966 0 32804 63
967 0 32552 63
968 0 32803 63
969 0 32746 63
970 0 32843 63
971 0 32691 63
972 0 32346 63
973 0 32835 63
974 0 32834 63
975 0 32481 63
976 0 32833 63
977 0 32425 63
978 0 32376 63
979 0 32465 63
980 0 32568 63
981 0 32463 63
982 0 32662 63
983 0 32466 63
984 0 33015 63
985 0 32510 63
986 0 32460 63
987 0 32810 63
988 0 32917 63
989 0 32656 63
990 0 33156 63
991 0 33106 63
992 0 33002 63
993 0 32050 63
994 0 32333 63
995 0 32036 63
996 0 31905 63
997 0 32046 63
998 0 32126 63
999 0 32125 63
1000 0 32373 63
1001 0 31865 63
1002 0 31864 63
1003 0 31811 63
1004 0 31862 63
1005 0 31956 63
1006 0 32008 63
1007 0 32000 63
1008 0 31799 63
1009 0 32000 63
1010 0 32342 63
1011 0 32092 63
1012 0 32484 63
1013 0 32228 63
1014 0 32625 63
1015 0 32325 63
1016 0 32283 63
1017 0 32469 63
1018 0 32617 63
1019 0 32666 63
1020 0 32314 63
1021 0 32357 63
1022 0 32453 63
1023 0 32601 63
1024 0 32351 63
1025 0 32635 63
1026 0 32332 63
1027 0 32426 63
1028 0 32280 63
1029 0 32520 63
1030 0 32620 63
1031 0 32366 63
1032 0 32269 63
1033 0 32462 63
1034 0 32361 63
1035 0 32506 63
1036 0 32258 63
1037 0 32206 63
1038 0 32301 63
1039 0 32441 63
1040 0 32485 63
1041 0 32282 63
1042 0 32627 63
1043 0 32338 63
1044 0 32532 63
1045 0 32324 63
1046 0 32324 63
1047 0 32279 63
1048 0 32430 63
1049 0 32519 63
1050 0 32467 63
1051 0 32466 63
1052 0 32467 63
1053 0 32363 63
1054 0 32543 63
1055 0 32345 63
1056 0 32592 63
1057 0 32487 63
1058 0 32287 63
1059 0 32436 63
1060 0 32681 63
1061 0 32319 63
1062 0 32367 63
1063 0 32419 63
1064 0 32522 63
1065 0 32417 63
1066 0 32563 63
1067 0 32412 63
1068 0 32565 63
1069 0 32407 63
1070 0 32355 63
1071 0 32551 63
1072 0 32507 63
1073 0 32595 63
1074 0 32247 63
1075 0 32344 63
1076 0 32543 63
1077 0 32384 63
1078 0 32582 63
1079 0 32186 63
1080 0 32386 63
1081 0 32527 63
1082 0 32377 63
1083 0 32678 63
1084 0 32281 63
1085 0 32375 63
1086 0 32671 63
1087 0 32322 63
1088 0 32575 63
1089 0 32517 63
1090 0 32666 63
1091 0 32363 63
1092 0 32514 63
1093 0 32706 63
1094 0 32406 63
1095 0 32602 63
1096 0 32354 63
1097 0 32647 63
1098 0 32344 63
1099 0 32441 63
1100 0 32633 63
1101 0 32281 63
1102 0 32672 63
1103 0 32269 63
1104 0 32469 63
1105 0 32766 63
1106 0 32518 63
1107 0 32866 63
1108 0 32873 63
1109 0 32865 63
1110 0 32814 63
1111 0 33263 63
1112 0 33260 63
1113 0 33258 63
1114 0 33202 63
1115 0 33049 63
1116 0 32746 63
1117 0 32795 63
1118 0 31935 63
1119 0 32084 63
1120 0 31933 63
1121 0 32077 63
1122 0 31838 63
1123 0 31918 63
1124 0 31916 63
1125 0 31863 63
1126 0 31960 63
1127 0 31906 63
1128 0 31854 63
1129 0 31851 63
1130 0 31851 63
1131 0 31997 63
1132 0 32050 63
1133 0 31836 63
1134 0 31887 63
1135 0 31930 63
1136 0 31851 63
1137 0 31874 63
1138 0 31922 63
1139 0 31922 63
1140 0 31871 63
1141 0 31768 63
1142 0 32012 63
1143 0 31907 63
1144 0 31951 63
1145 0 32095 63
1146 0 31994 63
1147 0 32290 63
1148 0 32295 63
1149 0 32085 63
1150 0 32280 63
1151 0 31980 63
1152 0 32230 63
1153 0 32372 63
1154 0 32272 63
1155 0 31924 63
1156 0 32272 63
1157 0 32116 63
1158 0 32215 63
1159 0 32115 63
1160 0 32116 63
1161 0 32357 63
1162 0 32304 63
1163 0 32205 63
1164 0 32449 63
1165 0 32542 63
1166 0 32387 63
1167 0 32634 63
1168 0 32586 63
1169 0 32580 63
1170 0 32576 63
1171 0 32428 63
1172 0 32627 63
1173 0 32570 63
1174 0 32666 63
1175 0 32565 63
1176 0 32216 63
1177 0 32610 63
1178 0 32413 63
1179 0 32906 63
1180 0 32707 63
1181 0 32801 63
1182 0 32400 63
1183 0 32694 63
1184 0 32544 63
1185 0 32336 63
1186 0 32534 63
1187 0 32577 63
1188 0 32480 63
1189 0 32523 63
1190 0 32521 63
1191 0 32518 63
1192 0 32522 63
1193 0 32418 63
1194 0 32665 63
1195 0 32762 63
1196 0 32613 63
1197 0 32655 63
1198 0 32852 63
1199 0 32651 63
1200 0 32653 63
1201 0 32697 63
1202 0 32845 63
1203 0 32694 63
1204 0 32788 63
1205 0 32730 63
1206 0 32728 63
1207 0 32476 63
1208 0 32987 63
1209 0 32870 63
1210 0 32767 63
1211 0 32713 63
1212 0 32816 63
1213 0 32610 63
1214 0 32857 63
1215 0 32804 63
1216 0 32861 63
1217 0 32804 63
1218 0 32548 63
1219 0 32849 63
1220 0 32496 63
1221 0 32838 63
1222 0 32879 63
1223 0 32827 63
1224 0 32729 63
1225 0 32565 63
1226 0 32962 63
1227 0 33015 63
1228 0 32766 63
1229 0 32760 63
1230 0 32758 63
1231 0 33408 63
1232 0 32907 63
1233 0 33204 63
1234 0 33198 63
1235 0 33336 63
1236 0 33985 63
1237 0 34031 63
1238 0 33732 63
1239 0 33979 63
1240 0 33328 63
1241 0 33175 63
1242 0 32619 63
1243 0 32767 63
1244 0 32471 63
1245 0 32508 63
1246 0 32654 63
1247 0 32653 63
1248 0 32404 63
1249 0 32199 63
1250 0 32386 63
1251 0 32185 63
1252 0 32177 63
1253 0 32278 63
1254 0 32182 63
1255 0 32275 63
1256 0 32232 63
1257 0 32278 63
1258 0 32081 63
1259 0 31983 63
1260 0 32133 63
1261 0 32074 63
1262 0 32130 63
1263 0 32273 63
1264 0 32181 63
1265 0 32068 63
1266 0 32111 63
1267 0 32159 63
1268 0 32110 63
1269 0 32299 63
1270 0 32055 63
1271 0 32344 63
1272 0 31949 63
1273 0 31995 63
1274 0 32138 63
1275 0 32083 63
1276 0 32079 63
1277 0 32123 63
1278 0 32073 63
1279 0 32371 63
1280 0 32519 63
1281 0 32513 63
1282 0 32364 63
1283 0 32508 63
1284 0 32510 63
1285 0 32357 63
1286 0 32534 63
1287 0 32525 63
1288 0 32625 63
1289 0 32468 63
1290 0 32465 63
1291 0 32561 63
1292 0 32462 63
1293 0 32455 63
1294 0 32502 63
1295 0 32501 63
1296 0 32503 63
1297 0 32349 63
1298 0 32491 63
1299 0 32487 63
1300 0 32438 63
1301 0 32482 63
1302 0 32381 63
1303 0 32525 63
1304 0 32477 63
1305 0 32369 63
1306 0 32510 63
1307 0 32458 63
1308 0 32361 63
1309 0 32502 63
1310 0 32398 63
1311 0 32594 63
1312 0 32301 63
1313 0 32486 63
1314 0 32477 63
1315 0 32329 63
1316 0 32478 63
1317 0 32375 63
1318 0 32617 63
1319 0 32617 63
1320 0 32317 63
1321 0 32314 63
1322 0 32361 63
1323 0 32364 63
1324 0 32462 63
1325 0 32596 63
1326 0 32437 63
1327 0 32485 63
1328 0 32287 63
1329 0 32378 63
1330 0 32425 63
1331 0 32377 63
1332 0 32681 63
1333 0 32423 63
1334 0 32669 63
1335 0 32073 63
1336 0 32520 63
1337 0 32762 63
1338 0 32212 63
1339 0 32307 63
1340 0 32451 63
1341 0 32380 63
1342 0 32578 63
1343 0 32278 63
1344 0 32431 63
1345 0 32523 63
1346 0 32318 63
1347 0 32468 63
1348 0 32423 63
1349 0 32820 63
1350 0 32464 63
1351 0 32762 63
1352 0 32414 63
1353 0 32457 63
1354 0 32498 63
1355 0 32538 63
1356 0 33041 63
1357 0 32636 63
1358 0 33234 63
1359 0 33277 63
1360 0 33330 63
1361 0 33181 63
1362 0 33274 63
1363 0 33226 63
1364 0 32873 63
1365 0 32660 63
1366 0 32659 63
1367 0 32107 63
1368 0 32708 63
1369 0 32152 63
1370 0 32696 63
1371 0 32594 63
1372 0 32394 63
1373 0 32040 63
1374 0 32087 63
1375 0 32236 63
1376 0 32581 63
1377 0 32126 63
1378 0 32318 63
1379 0 32268 63
1380 0 31943 63
1381 0 32064 63
1382 0 31963 63
1383 0 31910 63
1384 0 31857 63
1385 0 31805 63
1386 0 32047 63
1387 0 31961 63
1388 0 32097 63
1389 0 31990 63
1390 0 31885 63
1391 0 31539 63
1392 0 31586 63
1393 0 32032 63
1394 0 32025 63
1395 0 31677 63
1396 0 31773 63
1397 0 31919 63
1398 0 31767 63
1399 0 31809 63
1400 0 31661 63
1401 0 31807 63
1402 0 31848 63
1403 0 31552 63
1404 0 31740 63
1405 0 31690 63
1406 0 31787 63
1407 0 31882 63
1408 0 31633 63
1409 0 31931 63
1410 0 31925 63
1411 0 31825 63
1412 0 32016 63
1413 0 32363 63
1414 0 32360 63
1415 0 32307 63
1416 0 32303 63
1417 0 32334 63
1418 0 32327 63
1419 0 32373 63
1420 0 32579 63
1421 0 32470 63
1422 0 32567 63
1423 0 32563 63
1424 0 32364 63
1425 0 32554 63
1426 0 32455 63
1427 0 32251 63
1428 0 32500 63
1429 0 32341 63
1430 0 32190 63
1431 0 32285 63
1432 0 32539 63
1433 0 32583 63
1434 0 32432 63
1435 0 32180 63
1436 0 32379 63
1437 0 32523 63
1438 0 32574 63
1439 0 32624 63
1440 0 32474 63
1441 0 32319 63
1442 0 32319 63
1443 0 32513 63
1444 0 32560 63
1445 0 32354 63
1446 0 32541 63
1447 0 32387 63
1448 0 32436 63
1449 0 32529 63
1450 0 32423 63
1451 0 32325 63
1452 0 32575 63
1453 0 32670 63
1454 0 32271 63
1455 0 32317 63
1456 0 32421 63
1457 0 32611 63
1458 0 32362 63
1459 0 32458 63
1460 0 32413 63
1461 0 32499 63
1462 0 32795 63
1463 0 32444 63
1464 0 32742 63
1465 0 32484 63
1466 0 32629 63
1467 0 32479 63
1468 0 32879 63
1469 0 32625 63
1470 0 32823 63
1471 0 32820 63
1472 0 32776 63
1473 0 32869 63
1474 0 32619 63
1475 0 32865 63
1476 0 33068 63
1477 0 33139 63
1478 0 33113 63
1479 0 33135 63
1480 0 33312 63
1481 0 33507 63
1482 0 33699 63
1483 0 34299 63
1484 0 34143 63
1485 0 33942 63
1486 0 34090 63
1487 0 34082 63
1488 0 33883 63
1489 0 33532 63
1490 0 33775 63
1491 0 33377 63
1492 0 33224 63
1493 0 32914 63
1494 0 33138 63
1495 0 33059 63
1496 0 33462 63
1497 0 33103 63
1498 0 33000 63
1499 0 33147 63
1500 0 33249 63
1501 0 33117 63
1502 0 33063 63
1503 0 32880 63
1504 0 32832 63
1505 0 32875 63
1506 0 33074 63
1507 0 32869 63
1508 0 32819 63
1509 0 33039 63
1510 0 32760 63
1511 0 32758 63
1512 0 32608 63
1513 0 32653 63
1514 0 32549 63
1515 0 32794 63
1516 0 32597 63
1517 0 32488 63
1518 0 32584 63
1519 0 32431 63
1520 0 32535 63
1521 0 32278 63
1522 0 32469 63
1523 0 32422 63
1524 0 32718 63
1525 0 32410 63
1526 0 32159 63
1527 0 32353 63
1528 0 32014 63
1529 0 31951 63
1530 0 32294 63
1531 0 32091 63
1532 0 32483 63
1533 0 31974 63
1534 0 32171 63
1535 0 32368 63
1536 0 31973 63
1537 0 32023 63
1538 0 32016 63
1539 0 31962 63
1540 0 32116 63
1541 0 32057 63
1542 0 32233 63
1543 0 32430 63
1544 0 32135 63
1545 0 32423 63
1546 0 32521 63
1547 0 32620 63
1548 0 32721 63
1549 0 32816 63
1550 0 32661 63
1551 0 32863 63
1552 0 32665 63
1553 0 32908 63
1554 0 32704 63
1555 0 32696 63
1556 0 32796 63
1557 0 32639 63
1558 0 32528 63
1559 0 32576 63
1560 0 32577 63
1561 0 32620 63
1562 0 32712 63
1563 0 32460 63
1564 0 32461 63
1565 0 32504 63
1566 0 32451 63
1567 0 32549 63
1568 0 32495 63
1569 0 32539 63
1570 0 32486 63
1571 0 32483 63
1572 0 32437 63
1573 0 32379 63
1574 0 32427 63
1575 0 32476 63
1576 0 32330 63
1577 0 32524 63
1578 0 32423 63
1579 0 32522 63
1580 0 32473 63
1581 0 32467 63
1582 0 32510 63
1583 0 32507 63
1584 0 32310 63
1585 0 32306 63
1586 0 32742 63
1587 0 32384 63
1588 0 32386 63
1589 0 32632 63
1590 0 32230 63
1591 0 32625 63
1592 0 32227 63
1593 0 32223 63
1594 0 32221 63
1595 0 32218 63
1596 0 32270 63
1597 0 32116 63
1598 0 32610 63
1599 0 32558 63
1600 0 32810 63
1601 0 32702 63
1602 0 32999 63
1603 0 32692 63
1604 0 32895 63
1605 0 32988 63
1606 0 33291 63
1607 0 33684 63
1608 0 33287 63
1609 0 33429 63
1610 0 33422 63
1611 0 32818 63
1612 0 32970 63
1613 0 32814 63
1614 0 32718 63
1615 0 32416 63
1616 0 32372 63
1617 0 32613 63
1618 0 32510 63
1619 0 32611 63
1620 0 32062 63
1621 0 32256 63
1622 0 32446 63
1623 0 32595 63
1624 0 32492 63
1625 0 32185 63
1626 0 32530 63
1627 0 32384 63
1628 0 32483 63
1629 0 32380 63
1630 0 32175 63
1631 0 32525 63
1632 0 32282 63
1633 0 32374 63
1634 0 32524 63
1635 0 32624 63
1636 0 32577 63
1637 0 32228 63
1638 0 32469 63
1639 0 32219 63
1640 0 32518 63
1641 0 32463 63
1642 0 32407 63
1643 0 32399 63
1644 0 32504 63
1645 0 32393 63
1646 0 32085 63
1647 0 32282 63
1648 0 32383 63
1649 0 32079 63
1650 0 32270 63
1651 0 32024 63
1652 0 32077 63
1653 0 31974 63
1654 0 31971 63
1655 0 31874 63
1656 0 31872 63
1657 0 31915 63
1658 0 31762 63
1659 0 31861 63
1660 0 31858 63
1661 0 31909 63
1662 0 31858 63
1663 0 31948 63
1664 0 31800 63
1665 0 31944 63
1666 0 31897 63
1667 0 31840 63
1668 0 31840 63
1669 0 31934 63
1670 0 31834 63
1671 0 31833 63
1672 0 31875 63
1673 0 31974 63
1674 0 31826 63
1675 0 31922 63
1676 0 31924 63
1677 0 31915 63
1678 0 32309 63
1679 0 31858 63
1680 0 32161 63
1681 0 32305 63
1682 0 32500 63
1683 0 32488 63
1684 0 32487 63
1685 0 32330 63
1686 0 32383 63
1687 0 32476 63
1688 0 32430 63
1689 0 32327 63
1690 0 32277 63
1691 0 32372 63
1692 0 32376 63
1693 0 32419 63
1694 0 32265 63
1695 0 32514 63
1696 0 32517 63
1697 0 32513 63
1698 0 32459 63
1699 0 32357 63
1700 0 32710 63
1701 0 32304 63
1702 0 32351 63
1703 0 32342 63
1704 0 32487 63
1705 0 32784 63
1706 0 32430 63
1707 0 32478 63
1708 0 32428 63
1709 0 32472 63
1710 0 32519 63
1711 0 32467 63
1712 0 32319 63
1713 0 32512 63
1714 0 32309 63
1715 0 32358 63
1716 0 32310 63
1717 0 32255 63
1718 0 32355 63
1719 0 32541 63
1720 0 32538 63
1721 0 32831 63
1722 0 32827 63
1723 0 32776 63
1724 0 32522 63
1725 0 32868 63
1726 0 32814 63
1727 0 32811 63
1728 0 32663 63
1729 0 33006 63
1730 0 33204 63
1731 0 33556 63
1732 0 33301 63
1733 0 32991 63
1734 0 32840 63
1735 0 32743 63
1736 0 32488 63
1737 0 32432 63
1738 0 32334 63
1739 0 32582 63
1740 0 32730 63
1741 0 32575 63
1742 0 32572 63
1743 0 32623 63
1744 0 32118 63
1745 0 32660 63
1746 0 32507 63
1747 0 32211 63
1748 0 32506 63
1749 0 32599 63
1750 0 32448 63
1751 0 32440 63
1752 0 32244 63
1753 0 32287 63
1754 0 32481 63
1755 0 32284 63
1756 0 32386 63
1757 0 32427 63
1758 0 32424 63
1759 0 32722 63
1760 0 32425 63
1761 0 32466 63
1762 0 32463 63
1763 0 32660 63
1764 0 32464 63
1765 0 32502 63
1766 0 32549 63
1767 0 32851 63
1768 0 32603 63
1769 0 32543 63
1770 0 32741 63
1771 0 32439 63
1772 0 32641 63
1773 0 32886 63
1774 0 32530 63
1775 0 32629 63
1776 0 32733 63
1777 0 32525 63
1778 0 32624 63
1779 0 32821 63
1780 0 32521 63
1781 0 32618 63
1782 0 32416 63
1783 0 32414 63
1784 0 32467 63
1785 0 32258 63
1786 0 32154 63
1787 0 32152 63
1788 0 32149 63
1789 0 32140 63
1790 0 32329 63
1791 0 32327 63
1792 0 32234 63
1793 0 32327 63
1794 0 32172 63
1795 0 32220 63
1796 0 32325 63
1797 0 32170 63
1798 0 32267 63
1799 0 32165 63
1800 0 32216 63
1801 0 32211 63
1802 0 32108 63
1803 0 32005 63
1804 0 31806 63
1805 0 32350 63
1806 0 32342 63
1807 0 32091 63
1808 0 32045 63
1809 0 32232 63
1810 0 32227 63
1811 0 31880 63
1812 0 32375 63
1813 0 32419 63
1814 0 32423 63
1815 0 32671 63
1816 0 32721 63
1817 0 32765 63
1818 0 32711 63
1819 0 32760 63
1820 0 32986 63
1821 0 32609 63
1822 0 32859 63
1823 0 32958 63
1824 0 32664 63
1825 0 33259 63
1826 0 32903 63
1827 0 33142 63
1828 0 32746 63
1829 0 32935 63
1830 0 32880 63
1831 0 33080 63
1832 0 32830 63
1833 0 33228 63
1834 0 33197 63
1835 0 33122 63
1836 0 32720 63
1837 0 33216 63
1838 0 33315 63
1839 0 32708 63
1840 0 33186 63
1841 0 33220 63
1842 0 33168 63
1843 0 33143 63
1844 0 33145 63
1845 0 33240 63
1846 0 33083 63
1847 0 33302 63
1848 0 33280 63
1849 0 33474 63
1850 0 33274 63
1851 0 33015 63
1852 0 33266 63
1853 0 33812 63
1854 0 33614 63
1855 0 33855 63
1856 0 33607 63
1857 0 33749 63
1858 0 33047 63
1859 0 33301 63
1860 0 33045 63
1861 0 32788 63
1862 0 32986 63
1863 0 32784 63
1864 0 33036 63
1865 0 32784 63
1866 0 32288 63
1867 0 32731 63
1868 0 32426 63
1869 0 32172 63
1870 0 32368 63
1871 0 32224 63
1872 0 32572 63
1873 0 32271 63
1874 0 32791 63
1875 0 32610 63
1876 0 32510 63
1877 0 32310 63
1878 0 32700 63
1879 0 32592 63
1880 0 32341 63
1881 0 32192 63
1882 0 32485 63
1883 0 32433 63
1884 0 32537 63
1885 0 32320 63
1886 0 32524 63
1887 0 32327 63
1888 0 32522 63
1889 0 32367 63
1890 0 32465 63
1891 0 32217 63
1892 0 32469 63
1893 0 32507 63
1894 0 32553 63
1895 0 32352 63
1896 0 32651 63
1897 0 32251 63
1898 0 32691 63
1899 0 32480 63
1900 0 32584 63
1901 0 32426 63
1902 0 32625 63
1903 0 32521 63
1904 0 32472 63
1905 0 32318 63
1906 0 32661 63
1907 0 32311 63
1908 0 32559 63
1909 0 32543 63
1910 0 32392 63
1911 0 32388 63
1912 0 32587 63
1913 0 32532 63
1914 0 32378 63
1915 0 32224 63
1916 0 32277 63
1917 0 32126 63
1918 0 32124 63
1919 0 32069 63
1920 0 31925 63
1921 0 31785 63
1922 0 31869 63
1923 0 31919 63
1924 0 31927 63
1925 0 31865 63
1926 0 31811 63
1927 0 31808 63
1928 0 31861 63
1929 0 31787 63
1930 0 31879 63
1931 0 32024 63
1932 0 31776 63
1933 0 31871 63
1934 0 31717 63
1935 0 31715 63
1936 0 31862 63
1937 0 31958 63
1938 0 31759 63
1939 0 31658 63
1940 0 31659 63
1941 0 31703 63
1942 0 31553 63
1943 0 31896 63
1944 0 31697 63
1945 0 31744 63
1946 0 32135 63
1947 0 32284 63
1948 0 32286 63
1949 0 32320 63
1950 0 32765 63
1951 0 32661 63
1952 0 32213 63
1953 0 31912 63
1954 0 32756 63
1955 0 32210 63
1956 0 32255 63
1957 0 32241 63
1958 0 32329 63
1959 0 32726 63
1960 0 32228 63
1961 0 32323 63
1962 0 32318 63
1963 0 32313 63
1964 0 32264 63
1965 0 32265 63
1966 0 32311 63
1967 0 32463 63
1968 0 32911 63
1969 0 32555 63
1970 0 32901 63
1971 0 32799 63
1972 0 32550 63
1973 0 32946 63
1974 0 32839 63
1975 0 32786 63
1976 0 33037 63
1977 0 33484 63
1978 0 33831 63
1979 0 33628 63
1980 0 33280 63
1981 0 33325 63
1982 0 32819 63
1983 0 32817 63
1984 0 32817 63
1985 0 32660 63
1986 0 32457 63
1987 0 32653 63
1988 0 32649 63
1989 0 32599 63
1990 0 32144 63
1991 0 32589 63
1992 0 32389 63
1993 0 32331 63
1994 0 32230 63
1995 0 32235 63
1996 0 32178 63
1997 0 32175 63
1998 0 32125 63
1999 - - -
2000 - - -
2001 - - -
2002 - - -
2003 - - -
2004 - - -
2005 - - -
2006 - - -
2007 - - -
2008 - - -
2009 - - -
2010 - - -
2011 - - -
2012 - - -
2013 - - -
2014 - - -
2015 - - -
2016 - - -
2017 - - -
2018 - - -
2019 - - -
2020 - - -
2021 - - -
2022 - - -
2023 - - -
2024 - - -
2025 - - -
2026 - - -
2027 - - -
2028 - - -
2029 - - -
2030 - - -
2031 - - -
2032 32 12852 31
2033 32 12450 31
2034 32 12446 31
2035 32 12444 31
2036 32 12440 31
2037 32 12389 31
2038 32 12436 31
2039 32 12432 31
2040 32 12379 31
2041 32 12378 31
2042 32 12377 31
2043 32 12373 31
2044 32 12372 31
2045 32 12366 31
2046 32 12460 31
2047 32 12458 31
2048 32 12454 31
2049 32 12503 31
2050 32 12449 31
2051 32 12497 31
2052 32 12445 31
2053 32 12391 31
2054 32 12486 31
2055 32 12433 31
2056 32 12230 31
2057 32 12228 31
2058 32 12125 31
2059 32 12073 31
2060 32 12220 31
2061 32 12217 31
2062 32 12164 31
2063 32 12113 31
2064 32 12154 31
2065 32 12253 31
2066 32 12249 31
2067 32 12198 31
2068 32 12194 31
2069 32 12194 31
2070 32 12140 31
2071 32 12240 31
2072 32 12184 31
2073 32 12132 31
2074 32 12277 31
2075 32 12226 31
2076 32 12223 31
2077 32 12272 31
2078 32 12418 31
2079 32 12365 31
2080 32 12263 31
2081 32 12409 31
2082 32 12357 31
2083 32 12355 31
2084 32 12445 31
2085 32 12442 31
2086 32 12388 31
2087 32 12384 31
2088 32 12382 31
2089 32 12479 31
2090 32 12477 31
2091 32 12424 31
2092 32 12471 31
2093 32 12469 31
2094 32 12416 31
2095 32 12415 31
2096 32 12412 31
2097 32 12460 31
2098 32 12407 31
2099 32 12405 31
2100 32 12400 31
2101 32 12497 31
2102 32 12496 31
2103 32 12442 31
2104 32 12436 31
2105 32 12485 31
2106 32 12431 31
2107 32 12429 31
2108 32 12325 31
2109 32 11924 31
2110 32 12070 31
2111 32 11918 31
2112 32 11965 31
2113 32 11962 31
2114 32 12258 31
2115 32 12256 31
2116 32 12502 31
2117 32 12450 31
2118 32 12396 31
2119 32 12394 31
2120 32 12390 31
2121 32 12489 31
2122 32 12583 31
2123 32 12530 31
2124 32 12572 31
2125 32 12520 31
2126 32 12569 31
2127 32 12617 31
2128 32 12516 31
2129 32 12562 31
2130 32 12460 31
2131 32 12458 31
2132 32 12455 31
2133 32 12553 31
2134 32 12499 31
2135 32 12547 31
2136 32 12494 31
2137 32 12441 31
2138 32 12439 31
2139 32 12437 31
2140 32 12435 31
2141 32 12533 31
2142 32 12531 31
2143 32 12479 31
2144 32 12473 31
2145 32 12571 31
2146 32 12568 31
2147 32 12565 31
2148 32 12562 31
2149 32 12612 31
2150 32 12460 31
2151 32 12605 31
2152 32 12504 31
2153 32 12551 31
2154 32 12598 31
2155 32 12302 31
2156 32 12344 31
2157 32 12343 31
2158 32 12290 31
2159 32 12240 31
2160 32 12087 31
2161 32 12033 31
2162 32 12080 31
2163 32 12177 31
2164 32 12025 31
2165 32 12070 31
2166 32 12118 31
2167 32 11965 31
2168 32 12061 31
2169 32 12010 31
2170 32 12106 31
2171 32 12103 31
2172 32 12002 31
2173 32 12149 31
2174 32 12146 31
2175 32 12193 31
2176 32 12141 31
2177 32 12438 31
2178 32 12386 31
2179 32 12334 31
2180 32 12430 31
2181 32 12430 31
2182 32 12477 31
2183 32 12430 31
2184 32 12475 31
2185 32 12469 31
2186 32 12466 31
2187 32 12364 31
2188 32 12412 31
2189 32 12360 31
2190 32 12208 31
2191 32 12255 31
2192 32 12154 31
2193 32 12100 31
2194 32 12250 31
2195 32 12096 31
2196 32 12093 31
2197 32 12242 31
2198 32 12243 31
2199 32 12235 31
2200 32 12132 31
2201 32 12181 31
2202 32 12228 31
2203 32 12174 31
2204 32 12224 31
2205 32 12215 31
2206 32 12158 31
2207 32 12155 31
2208 32 12152 31
2209 32 12148 31
2210 32 12146 31
2211 32 12344 31
2212 32 12291 31
2213 32 12239 31
2214 32 12189 31
2215 32 12486 31
2216 32 12485 31
2217 32 12484 31
2218 32 12381 31
2219 32 12379 31
2220 32 12376 31
2221 32 12373 31
2222 32 12370 31
2223 32 12369 31
2224 32 12416 31
2225 32 12414 31
2226 32 12407 31
2227 32 12554 31
2228 32 12503 31
2229 32 12350 31
2230 32 12440 31
2231 32 12288 31
2232 32 12186 31
2233 32 12084 31
2234 32 11932 31
2235 32 11978 31
2236 32 11877 31
2237 32 11924 31
2238 32 12071 31
2239 32 12270 31
2240 32 12417 31
2241 32 12468 31
2242 32 12414 31
2243 32 12511 31
2244 32 12408 31
2245 32 12407 31
2246 32 12500 31
2247 32 12396 31
2248 32 12493 31
2249 32 12443 31
2250 32 12439 31
2251 32 12487 31
2252 32 12384 31
2253 32 12480 31
2254 32 12528 31
2255 32 12426 31
2256 32 12424 31
2257 32 12472 31
2258 32 12419 31
2259 32 12416 31
2260 32 12463 31
2261 32 12511 31
2262 32 12507 31
2263 32 12406 31
2264 32 12503 31
2265 32 12551 31
2266 32 12400 31
2267 32 12492 31
2268 32 12390 31
2269 32 12437 31
2270 32 12434 31
2271 32 12481 31
2272 32 12429 31
2273 32 12425 31
2274 32 12372 31
2275 32 12371 31
2276 32 12369 31
2277 32 12415 31
2278 32 12513 31
2279 32 12461 31
2280 32 12461 31
2281 32 12457 31
2282 32 12456 31
2283 32 12503 31
2284 32 12506 31
2285 32 12548 31
2286 32 12647 31
2287 32 12445 31
2288 32 12436 31
2289 32 12484 31
2290 32 12431 31
2291 32 12479 31
2292 32 12427 31
2293 32 12377 31
2294 32 12424 31
2295 32 12372 31
2296 32 12519 31
2297 32 12417 31
2298 32 12414 31
2299 32 12361 31
2300 32 12458 31
2301 32 12406 31
2302 32 12553 31
2303 32 12402 31
2304 32 12399 31
2305 32 12498 31
2306 32 12396 31
2307 32 12443 31
2308 32 12487 31
2309 32 12534 31
2310 32 12383 31
2311 32 12379 31
2312 32 12378 31
2313 32 12376 31
2314 32 12423 31
2315 32 12370 31
2316 32 12467 31
2317 32 12365 31
2318 32 12363 31
2319 32 12360 31
2320 32 12457 31
2321 32 12405 31
2322 32 12502 31
2323 32 12400 31
2324 32 12349 31
2325 32 12296 31
2326 32 12193 31
2327 32 12146 31
2328 32 12190 31
2329 32 12185 31
2330 32 12131 31
2331 32 12228 31
2332 32 12226 31
2333 32 12174 31
2334 32 12221 31
2335 32 12120 31
2336 32 12117 31
2337 32 12115 31
2338 32 12212 31
2339 32 12160 31
2340 32 12108 31
2341 32 12205 31
2342 32 12104 31
2343 32 12201 31
2344 32 12197 31
2345 32 12195 31
2346 32 12193 31
2347 32 12240 31
2348 32 12289 31
2349 32 12525 31
2350 32 15667 31
2351 32 15065 31
2352 32 12417 31
2353 32 12514 31
2354 32 12613 31
2355 32 12312 31
2356 32 12009 31
2357 32 12155 31
2358 32 12003 31
2359 32 12001 31
2360 32 12097 31
2361 32 11995 31
2362 32 12391 31
2363 32 12440 31
2364 32 12538 31
2365 32 12435 31
2366 32 12482 31
2367 32 12528 31
2368 32 12477 31
2369 32 12572 31
2370 32 12466 31
2371 32 12465 31
2372 32 12513 31
2373 32 12459 31
2374 32 12456 31
2375 32 12503 31
2376 32 12500 31
2377 32 12450 31
2378 32 12496 31
2379 32 12445 31
2380 32 12393 31
2381 32 12441 31
2382 32 12490 31
2383 32 12437 31
2384 32 12536 31
2385 32 12532 31
2386 32 12431 31
2387 32 12477 31
2388 32 12426 31
2389 32 12473 31
2390 32 12515 31
2391 32 12462 31
2392 32 12409 31
2393 32 12459 31
2394 32 12505 31
2395 32 12454 31
2396 32 12450 31
2397 32 12448 31
2398 32 12394 31
2399 32 12441 31
2400 32 12491 31
2401 32 12438 31
2402 32 12386 31
2403 32 12483 31
2404 32 12425 31
2405 32 12574 31
2406 32 12473 31
2407 32 12469 31
2408 32 12368 31
2409 32 12416 31
2410 32 12458 31
2411 32 12512 31
2412 32 12404 31
2413 32 12456 31
2414 32 12450 31
2415 32 12402 31
2416 32 12496 31
2417 32 12393 31
2418 32 12440 31
2419 32 12438 31
2420 32 12536 31
2421 32 12435 31
2422 32 12433 31
2423 32 12530 31
2424 32 12481 31
2425 32 12472 31
2426 32 12368 31
2427 32 12415 31
2428 32 12363 31
2429 32 12408 31
2430 32 12505 31
2431 32 12450 31
2432 32 12446 31
2433 32 12443 31
2434 32 12440 31
2435 32 12438 31
2436 32 12386 31
2437 32 12382 31
2438 32 12430 31
2439 32 12377 31
2440 32 12375 31
2441 32 12473 31
2442 32 12371 31
2443 32 12368 31
2444 32 12416 31
2445 32 12365 31
2446 32 12513 31
2447 32 12363 31
2448 32 12411 31
2449 32 12458 31
2450 32 12556 31
2451 32 12433 31
2452 32 12430 31
2453 32 12376 31
2454 32 12380 31
2455 32 12473 31
2456 32 12321 31
2457 32 12420 31
2458 32 12268 31
2459 32 12264 31
2460 32 12160 31
2461 32 12160 31
2462 32 12058 31
2463 32 12103 31
2464 32 12150 31
2465 32 12097 31
2466 32 12044 31
2467 32 12242 31
2468 32 12189 31
2469 32 12189 31
2470 32 12183 31
2471 32 12326 31
2472 32 12123 31
2473 32 12170 31
2474 32 12316 31
2475 32 12166 31
2476 32 12212 31
2477 32 12209 31
2478 32 12158 31
2479 32 11907 31
2480 32 11755 31
2481 32 11803 31
2482 32 11797 31
2483 32 11946 31
2484 32 12091 31
2485 32 12092 31
2486 32 12489 31
2487 32 12686 31
2488 32 12534 31
2489 32 12582 31
2490 32 12681 31
2491 32 12573 31
2492 32 12570 31
2493 32 12617 31
2494 32 12465 31
2495 32 12514 31
2496 32 12513 31
2497 32 12518 31
2498 32 12657 31
2499 32 12405 31
2500 32 12353 31
2501 32 12349 31
2502 32 12097 31
2503 32 12195 31
2504 32 12141 31
2505 32 12090 31
2506 32 12037 31
2507 32 12038 31
2508 32 12132 31
2509 32 12031 31
2510 32 12173 31
2511 32 12070 31
2512 32 12067 31
2513 32 12017 31
2514 32 12061 31
2515 32 12158 31
2516 32 11956 31
2517 32 12054 31
2518 32 12101 31
2519 32 12099 31
2520 32 12096 31
2521 32 12245 31
2522 32 12591 31
2523 32 12440 31
2524 32 12387 31
2525 32 12436 31
2526 32 12532 31
2527 32 12480 31
2528 32 12479 31
2529 32 12426 31
2530 32 12418 31
2531 32 12516 31
2532 32 12414 31
2533 32 12510 31
2534 32 12458 31
2535 32 12556 31
2536 32 12453 31
2537 32 12501 31
2538 32 12449 31
2539 32 12445 31
2540 32 12397 31
2541 32 12390 31
2542 32 12387 31
2543 32 12386 31
2544 32 12432 31
2545 32 12382 31
2546 32 12426 31
2547 32 12373 31
2548 32 12470 31
2549 32 12417 31
2550 32 12460 31
2551 32 12410 31
2552 32 12456 31
2553 32 12505 31
2554 32 12451 31
2555 32 12401 31
2556 32 12548 31
2557 32 12447 31
2558 32 12494 31
2559 32 12492 31
2560 32 12388 31
2561 32 12437 31
2562 32 12433 31
2563 32 12381 31
2564 32 12430 31
2565 32 12428 31
2566 32 12476 31
2567 32 12373 31
2568 32 12369 31
2569 32 12467 31
2570 32 12410 31
2571 32 12457 31
2572 32 12354 31
2573 32 12502 31
2574 32 12450 31
2575 32 12399 31
2576 32 12447 31
2577 32 12493 31
2578 32 12540 31
2579 32 12539 31
2580 32 12435 31
2581 32 12483 31
2582 32 12379 31
2583 32 12481 31
2584 32 12377 31
2585 32 12473 31
2586 32 12469 31
2587 32 12469 31
2588 32 12415 31
2589 32 12513 31
2590 32 12357 31
2591 32 12353 31
2592 32 12200 31
2593 32 12097 31
2594 32 12096 31
2595 32 12150 31
2596 32 12142 31
2597 32 12090 31
2598 32 12237 31
2599 32 12286 31
2600 32 12084 31
2601 32 12181 31
2602 32 11978 31
2603 32 11819 31
2604 32 11916 31
2605 32 11765 31
2606 32 11663 31
2607 32 11711 31
2608 32 11708 31
2609 32 11901 31
2610 32 12098 31
2611 32 12095 31
2612 32 12342 31
2613 32 12340 31
2614 32 12187 31
2615 32 12234 31
2616 32 12380 31
2617 32 12429 31
2618 32 12478 31
2619 32 12426 31
2620 32 12422 31
2621 32 12472 31
2622 32 12469 31
2623 32 12466 31
2624 32 12463 31
2625 32 12462 31
2626 32 12510 31
2627 32 12606 31
2628 32 12642 31
2629 32 12440 31
2630 32 12437 31
2631 32 12435 31
2632 32 12383 31
2633 32 12432 31
2634 32 12378 31
2635 32 12426 31
2636 32 12426 31
2637 32 12424 31
2638 32 12470 31
2639 32 12468 31
2640 32 12417 31
2641 32 12464 31
2642 32 12511 31
2643 32 12508 31
2644 32 12456 31
2645 32 12404 31
2646 32 12401 31
2647 32 12449 31
2648 32 12391 31
2649 32 12487 31
2650 32 12436 31
2651 32 12433 31
2652 32 12430 31
2653 32 12427 31
2654 32 12424 31
2655 32 12520 31
2656 32 12367 31
2657 32 12414 31
2658 32 12412 31
2659 32 12511 31
2660 32 12457 31
2661 32 12454 31
2662 32 12501 31
2663 32 12548 31
2664 32 12446 31
2665 32 12443 31
2666 32 12541 31
2667 32 12442 31
2668 32 12430 31
2669 32 12428 31
2670 32 12374 31
2671 32 12421 31
2672 32 12418 31
2673 32 12366 31
2674 32 12512 31
2675 32 12410 31
2676 32 12358 31
2677 32 12508 31
2678 32 12405 31
2679 32 12451 31
2680 32 12399 31
2681 32 12447 31
2682 32 12394 31
2683 32 12441 31
2684 32 12438 31
2685 32 12387 31
2686 32 12434 31
2687 32 12383 31
2688 32 12424 31
2689 32 12373 31
2690 32 12421 31
2691 32 12466 31
2692 32 12415 31
2693 32 12462 31
2694 32 12460 31
2695 32 12407 31
2696 32 12406 31
2697 32 12506 31
2698 32 12500 31
2699 32 12447 31
2700 32 12544 31
2701 32 12493 31
2702 32 12391 31
2703 32 12487 31
2704 32 12385 31
2705 32 12584 31
2706 32 12532 31
2707 32 12480 31
2708 32 12471 31
2709 32 12468 31
2710 32 12420 31
2711 32 12412 31
2712 32 12361 31
2713 32 12457 31
2714 32 12404 31
2715 32 12352 31
2716 32 12350 31
2717 32 12347 31
2718 32 12444 31
2719 32 12341 31
2720 32 12389 31
2721 32 12588 31
2722 32 12384 31
2723 32 12531 31
2724 32 12429 31
2725 32 12326 31
2726 32 12125 31
2727 32 11770 31
2728 32 11615 31
2729 32 11812 31
2730 32 11760 31
2731 32 11757 31
2732 32 11805 31
2733 32 11754 31
2734 32 11952 31
2735 32 12201 31
2736 32 12147 31
2737 32 12345 31
2738 32 12142 31
2739 32 12190 31
2740 32 12288 31
2741 32 12137 31
2742 32 12185 31
2743 32 12183 31
2744 32 12279 31
2745 32 12227 31
2746 32 12224 31
2747 32 12418 31
2748 32 12414 31
2749 32 12413 31
2750 32 12411 31
2751 32 12459 31
2752 32 12505 31
2753 32 12457 31
2754 32 12450 31
2755 32 12499 31
2756 32 12446 31
2757 32 12495 31
2758 32 12590 31
2759 32 12389 31
2760 32 12386 31
2761 32 12435 31
2762 32 12531 31
2763 32 12529 31
2764 32 12526 31
2765 32 12525 31
2766 32 12416 31
2767 32 12414 31
2768 32 12412 31
2769 32 12408 31
2770 32 12407 31
2771 32 12454 31
2772 32 12403 31
2773 32 12451 31
2774 32 12551 31
2775 32 13043 31
2776 32 12541 31
2777 32 12495 31
2778 32 12437 31
2779 32 12435 31
2780 32 12437 31
2781 32 12481 31
2782 32 12431 31
2783 32 12377 31
2784 32 12423 31
2785 32 12373 31
2786 32 12620 31
2787 32 12458 31
2788 32 12407 31
2789 32 12454 31
2790 32 12552 31
2791 32 12499 31
2792 32 12398 31
2793 32 12395 31
2794 32 12443 31
2795 32 12440 31
2796 32 12493 31
2797 32 12385 31
2798 32 12384 31
2799 32 12432 31
2800 32 12429 31
2801 32 12477 31
2802 32 12460 31
2803 32 12510 31
2804 32 12456 31
2805 32 12404 31
2806 32 12454 31
2807 32 12451 31
2808 32 12394 31
2809 32 12393 31
2810 32 12391 31
2811 32 12442 31
2812 32 12392 31
2813 32 12388 31
2814 32 12482 31
2815 32 12432 31
2816 32 12378 31
2817 32 12427 31
2818 32 12374 31
2819 32 12372 31
2820 32 12469 31
2821 32 12418 31
2822 32 12414 31
2823 32 12413 31
2824 32 12460 31
2825 32 12409 31
2826 32 12507 31
2827 32 12445 31
2828 32 12437 31
2829 32 12484 31
2830 32 12532 31
2831 32 12530 31
2832 32 12528 31
2833 32 12576 31
2834 32 12574 31
2835 32 12571 31
2836 32 12420 31
2837 32 12417 31
2838 32 12564 31
2839 32 12417 31
2840 32 12560 31
2841 32 12410 31
2842 32 12406 31
2843 32 12504 31
2844 32 12401 31
2845 32 12499 31
2846 32 12347 31
2847 32 12145 31
2848 32 12288 31
2849 32 12284 31
2850 32 11884 31
2851 32 11635 31
2852 32 11779 31
2853 32 11582 31
2854 32 11625 31
2855 32 11672 31
2856 32 11771 31
2857 32 11969 31
2858 32 11866 31
2859 32 12214 31
2860 32 12013 31
2861 32 12010 31
2862 32 11960 31
2863 32 11907 31
2864 32 11954 31
2865 32 11902 31
2866 32 12101 31
2867 32 12097 31
2868 32 12244 31
2869 32 12088 31
2870 32 12137 31
2871 32 12133 31
2872 32 12331 31
2873 32 12179 31
2874 32 12476 31
2875 32 12224 31
2876 32 12222 31
2877 32 12268 31
2878 32 12166 31
2879 32 12215 31
2880 32 12260 31
2881 32 12258 31
2882 32 12304 31
2883 32 12352 31
2884 32 12349 31
2885 32 12499 31
2886 32 12445 31
2887 32 12442 31
2888 32 12489 31
2889 32 12482 31
2890 32 12479 31
2891 32 12375 31
2892 32 12422 31
2893 32 12570 31
2894 32 12469 31
2895 32 12466 31
2896 32 12464 31
2897 32 12561 31
2898 32 12561 31
2899 32 12608 31
2900 32 12505 31
2901 32 12453 31
2902 32 12651 31
2903 32 12449 31
2904 32 12547 31
2905 32 12495 31
2906 32 12392 31
2907 32 12640 31
2908 32 12439 31
2909 32 12436 31
2910 32 12479 31
2911 32 12528 31
2912 32 12474 31
2913 32 12471 31
2914 32 12371 31
2915 32 12418 31
2916 32 12416 31
2917 32 12365 31
2918 32 12411 31
2919 32 12460 31
2920 32 12458 31
2921 32 12407 31
2922 32 12503 31
2923 32 12405 31
2924 32 12499 31
2925 32 12445 31
2926 32 12493 31
2927 32 12440 31
2928 32 12487 31
2929 32 12385 31
2930 32 12382 31
2931 32 12425 31
2932 32 12472 31
2933 32 12370 31
2934 32 12419 31
2935 32 12417 31
2936 32 12516 31
2937 32 12414 31
2938 32 12360 31
2939 32 12408 31
2940 32 12355 31
2941 32 12403 31
2942 32 12400 31
2943 32 12448 31
2944 32 12396 31
2945 32 12444 31
2946 32 12391 31
2947 32 12389 31
2948 32 12387 31
2949 32 12434 31
2950 32 12483 31
2951 32 12377 31
2952 32 12424 31
2953 32 12471 31
2954 32 12469 31
2955 32 12467 31
2956 32 12413 31
2957 32 12360 31
2958 32 12459 31
2959 32 12456 31
2960 32 12403 31
2961 32 12500 31
2962 32 12449 31
2963 32 12494 31
2964 32 12393 31
2965 32 12441 31
2966 32 12494 31
2967 32 12436 31
2968 32 12433 31
2969 32 12481 31
2970 32 12478 31
2971 32 12576 31
2972 32 12469 31
2973 32 12368 31
2974 32 12016 31
2975 32 12064 31
2976 32 11962 31
2977 32 12111 31
2978 32 11910 31
2979 32 12052 31
2980 32 12197 31
2981 32 12344 31
2982 32 12392 31
2983 32 12440 31
2984 32 12488 31
2985 32 12438 31
2986 32 12485 31
2987 32 12433 31
2988 32 12530 31
2989 32 12477 31
2990 32 12423 31
2991 32 12471 31
2992 32 12414 31
2993 32 12313 31
2994 32 12309 31
2995 32 12308 31
2996 32 12206 31
2997 32 12105 31
2998 32 12103 31
2999 32 12301 31
3000 32 12299 31
3001 32 12197 31
3002 32 12188 31
3003 32 12236 31
3004 32 12183 31
3005 32 12231 31
3006 32 12181 31
3007 32 12278 31
3008 32 12275 31
3009 32 12127 31
3010 32 12221 31
3011 32 12218 31
3012 32 12162 31
3013 32 12212 31
3014 32 12210 31
3015 32 12206 31
3016 32 12155 31
3017 32 12202 31
3018 32 12350 31
3019 32 12499 31
3020 32 12396 31
3021 32 12595 31
3022 32 12443 31
3023 32 12440 31
3024 32 12488 31
3025 32 12436 31
3026 32 12435 31
3027 32 12429 31
3028 32 12377 31
3029 32 12426 31
3030 32 12473 31
3031 32 12372 31
3032 32 12463 31
3033 32 12411 31
3034 32 12508 31
3035 32 12507 31
3036 32 12455 31
3037 32 12504 31
3038 32 12503 31
3039 32 12449 31
3040 32 12447 31
3041 32 12445 31
3042 32 12443 31
3043 32 12391 31
3044 32 12488 31
3045 32 12487 31
3046 32 12435 31
3047 32 12433 31
3048 32 12380 31
3049 32 12379 31
3050 32 12527 31
3051 32 12373 31
3052 32 12476 31
3053 32 12416 31
3054 32 12415 31
3055 32 12461 31
3056 32 12410 31
3057 32 12409 31
3058 32 12405 31
3059 32 12402 31
3060 32 12548 31
3061 32 12397 31
3062 32 12494 31
3063 32 12442 31
3064 32 12489 31
3065 32 12387 31
3066 32 12436 31
3067 32 12432 31
3068 32 12529 31
3069 32 12377 31
3070 32 12374 31
3071 32 12421 31
3072 32 12420 31
3073 32 12416 31
3074 32 12409 31
3075 32 12507 31
3076 32 12457 31
3077 32 12455 31
3078 32 12551 31
3079 32 12399 31
3080 32 12345 31
3081 32 12445 31
3082 32 12442 31
3083 32 12390 31
3084 32 12487 31
3085 32 12484 31
3086 32 12482 31
3087 32 12480 31
3088 32 12477 31
3089 32 12475 31
3090 32 12522 31
3091 32 12470 31
3092 32 12365 31
3093 32 12365 31
3094 32 12438 31
3095 32 12391 31
3096 32 12432 31
3097 32 12379 31
3098 32 12077 31
3099 32 11925 31
3100 32 12071 31
3101 32 12019 31
3102 32 12015 31
3103 32 12164 31
3104 32 12310 31
3105 32 12407 31
3106 32 12454 31
3107 32 12504 31
3108 32 12548 31
3109 32 12546 31
3110 32 12444 31
3111 32 12392 31
3112 32 12488 31
3113 32 12537 31
3114 32 12529 31
3115 32 12475 31
3116 32 12472 31
3117 32 12470 31
3118 32 12467 31
3119 32 12414 31
3120 32 12462 31
3121 32 12410 31
3122 32 12507 31
3123 32 12506 31
3124 32 12453 31
3125 32 12400 31
3126 32 12497 31
3127 32 12298 31
3128 32 12244 31
3129 32 12193 31
3130 32 12139 31
3131 32 12186 31
3132 32 12234 31
3133 32 12182 31
3134 32 12124 31
3135 32 12222 31
3136 32 12220 31
3137 32 12168 31
3138 32 12215 31
3139 32 12262 31
3140 32 12209 31
3141 32 12259 31
3142 32 12304 31
3143 32 12303 31
3144 32 12200 31
3145 32 12198 31
3146 32 12294 31
3147 32 12191 31
3148 32 12339 31
3149 32 12137 31
3150 32 12232 31
3151 32 12230 31
3152 32 12280 31
3153 32 12576 31
3154 32 12466 31
3155 32 12415 31
3156 32 12461 31
3157 32 12461 31
3158 32 12508 31
3159 32 12455 31
3160 32 12503 31
3161 32 12404 31
3162 32 12497 31
3163 32 12446 31
3164 32 12492 31
3165 32 12489 31
3166 32 12538 31
3167 32 12535 31
3168 32 12482 31
3169 32 12479 31
3170 32 12475 31
3171 32 12524 31
3172 32 12521 31
3173 32 12466 31
3174 32 12463 31
3175 32 12611 31
3176 32 12509 31
3177 32 12459 31
3178 32 12406 31
3179 32 12558 31
3180 32 12451 31
3181 32 12550 31
3182 32 12498 31
3183 32 12497 31
3184 32 12442 31
3185 32 12440 31
3186 32 12587 31
3187 32 12485 31
3188 32 12129 31
3189 32 12278 31
3190 32 12226 31
3191 32 12074 31
3192 32 12066 31
3193 32 11963 31
3194 32 12011 31
3195 32 12009 31
3196 32 11906 31
3197 32 12003 31
3198 32 12151 31
3199 32 12048 31
3200 32 12091 31
3201 32 12138 31
3202 32 12135 31
3203 32 12184 31
3204 32 12279 31
3205 32 12077 31
3206 32 12274 31
3207 32 12073 31
3208 32 12269 31
3209 32 12219 31
3210 32 12317 31
3211 32 12366 31
3212 32 12459 31
3213 32 12408 31
3214 32 12455 31
3215 32 12404 31
3216 32 12452 31
3217 32 12449 31
3218 32 12347 31
3219 32 12495 31
3220 32 12343 31
3221 32 12092 31
3222 32 11842 31
3223 32 11986 31
3224 32 11933 31
3225 32 12138 31
3226 32 11924 31
3227 32 12122 31
3228 32 12171 31
3229 32 12465 31
3230 32 12462 31
3231 32 12411 31
3232 32 12499 31
3233 32 12396 31
3234 32 12394 31
3235 32 12392 31
3236 32 12390 31
3237 32 12388 31
3238 32 12385 31
3239 32 12384 31
3240 32 12382 31
3241 32 12429 31
3242 32 12527 31
3243 32 12525 31
3244 32 12673 31
3245 32 12471 31
3246 32 12468 31
3247 32 12518 31
3248 32 12414 31
3249 32 12461 31
3250 32 12459 31
3251 32 12457 31
3252 32 12498 31
3253 32 12446 31
3254 32 12544 31
3255 32 12491 31
3256 32 12539 31
3257 32 12389 31
3258 32 12385 31
3259 32 12532 31
3260 32 12480 31
3261 32 12478 31
3262 32 12277 31
3263 32 12274 31
3264 32 12071 31
3265 32 12124 31
3266 32 12168 31
3267 32 12164 31
3268 32 12161 31
3269 32 12158 31
3270 32 12155 31
3271 32 12205 31
3272 32 12246 31
3273 32 12095 31
3274 32 12241 31
3275 32 12141 31
3276 32 12287 31
3277 32 12187 31
3278 32 12185 31
3279 32 12282 31
3280 32 12177 31
3281 32 12325 31
3282 32 12173 31
3283 32 12121 31
3284 32 12168 31
3285 32 12116 31
3286 32 12363 31
3287 32 12311 31
3288 32 12459 31
3289 32 12508 31
3290 32 12454 31
3291 32 12494 31
3292 32 12442 31
3293 32 12490 31
3294 32 12388 31
3295 32 12437 31
3296 32 12386 31
3297 32 12382 31
3298 32 12378 31
3299 32 12475 31
3300 32 12423 31
3301 32 12372 31
3302 32 12367 31
3303 32 12466 31
3304 32 12414 31
3305 32 12360 31
3306 32 12508 31
3307 32 12454 31
3308 32 12407 31
3309 32 12351 31
3310 32 12596 31
3311 32 12589 31
3312 32 12487 31
3313 32 12485 31
3314 32 12481 31
3315 32 12479 31
3316 32 12527 31
3317 32 12425 31
3318 32 12470 31
3319 32 12469 31
3320 32 12416 31
3321 32 12465 31
3322 32 12412 31
3323 32 12359 31
3324 32 12456 31
3325 32 12456 31
3326 32 12453 31
3327 32 12402 31
3328 32 12500 31
3329 32 12448 31
3330 32 12342 31
3331 32 12440 31
3332 32 12536 31
3333 32 12386 31
3334 32 12383 31
3335 32 12479 31
3336 32 12477 31
3337 32 12575 31
3338 32 12423 31
3339 32 12421 31
3340 32 12367 31
3341 32 12416 31
3342 32 12364 31
3343 32 12360 31
3344 32 12308 31
3345 32 12104 31
3346 32 12152 31
3347 32 12000 31
3348 32 11948 31
3349 32 12096 31
3350 32 11939 31
3351 32 12191 31
3352 32 12235 31
3353 32 12630 31
3354 32 12528 31
3355 32 12577 31
3356 32 12575 31
3357 32 12522 31
3358 32 12419 31
3359 32 12417 31
3360 32 12515 31
3361 32 12463 31
3362 32 12411 31
3363 32 12459 31
3364 32 12455 31
3365 32 12453 31
3366 32 12501 31
3367 32 12400 31
3368 32 12397 31
3369 32 12394 31
3370 32 12487 31
3371 32 12436 31
3372 32 12433 31
3373 32 12530 31
3374 32 12375 31
3375 32 12374 31
3376 32 12422 31
3377 32 12420 31
3378 32 12469 31
3379 32 12466 31
3380 32 12513 31
3381 32 12610 31
3382 32 12556 31
3383 32 12655 31
3384 32 12602 31
3385 32 12400 31
3386 32 12547 31
3387 32 12644 31
3388 32 12493 31
3389 32 12490 31
3390 32 12634 31
3391 32 12433 31
3392 32 12429 31
3393 32 12528 31
3394 32 12475 31
3395 32 12474 31
3396 32 12420 31
3397 32 12269 31
3398 32 12115 31
3399 32 12212 31
3400 32 12105 31
3401 32 12252 31
3402 32 12100 31
3403 32 12198 31
3404 32 12196 31
3405 32 12194 31
3406 32 12290 31
3407 32 12238 31
3408 32 12235 31
3409 32 12184 31
3410 32 12178 31
3411 32 12224 31
3412 32 12171 31
3413 32 12218 31
3414 32 12167 31
3415 32 12117 31
3416 32 12115 31
3417 32 12064 31
3418 32 12111 31
3419 32 12208 31
3420 32 12306 31
3421 32 12504 31
3422 32 12402 31
3423 32 12400 31
3424 32 12497 31
3425 32 12447 31
3426 32 12393 31
3427 32 12439 31
3428 32 12436 31
3429 32 12436 31
3430 32 12429 31
3431 32 12378 31
3432 32 12375 31
3433 32 12373 31
3434 32 12471 31
3435 32 12473 31
3436 32 12367 31
3437 32 12364 31
3438 32 12362 31
3439 32 12361 31
3440 32 12357 31
3441 32 12356 31
3442 32 12455 31
3443 32 12353 31
3444 32 12401 31
3445 32 12349 31
3446 32 12399 31
3447 32 12496 31
3448 32 12593 31
3449 32 12490 31
3450 32 12433 31
3451 32 12432 31
3452 32 12430 31
3453 32 12675 31
3454 32 12425 31
3455 32 12423 31
3456 32 12371 31
3457 32 12566 31
3458 32 12514 31
3459 32 12362 31
3460 32 12510 31
3461 32 12409 31
3462 32 12506 31
3463 32 12452 31
3464 32 12400 31
3465 32 12399 31
3466 32 12396 31
3467 32 12245 31
3468 32 12092 31
3469 32 11941 31
3470 32 12088 31
3471 32 11930 31
3472 32 11978 31
3473 32 12076 31
3474 32 12173 31
3475 32 12272 31
3476 32 12570 31
3477 32 12317 31
3478 32 12569 31
3479 32 12411 31
3480 32 12558 31
3481 32 12508 31
3482 32 12406 31
3483 32 12452 31
3484 32 12400 31
3485 32 12500 31
3486 32 12548 31
3487 32 12445 31
3488 32 12492 31
3489 32 12490 31
3490 32 12439 31
3491 32 12379 31
3492 32 12526 31
3493 32 12525 31
3494 32 12521 31
3495 32 12619 31
3496 32 12417 31
3497 32 12416 31
3498 32 12515 31
3499 32 12462 31
3500 32 12560 31
3501 32 12407 31
3502 32 12654 31
3503 32 12503 31
3504 32 12451 31
3505 32 12449 31
3506 32 12546 31
3507 32 12494 31
3508 32 12541 31
3509 32 12440 31
3510 32 12488 31
3511 32 12437 31
3512 32 12479 31
3513 32 12377 31
3514 32 12575 31
3515 32 12523 31
3516 32 12471 31
3517 32 12619 31
3518 32 12467 31
3519 32 12515 31
3520 32 12514 31
3521 32 12616 31
3522 32 12559 31
3523 32 12507 31
3524 32 12555 31
3525 32 12503 31
3526 32 12501 31
3527 32 12499 31
3528 32 12496 31
3529 32 12544 31
3530 32 12291 31
3531 32 11942 31
3532 32 12182 31
3533 32 11880 31
3534 32 11929 31
3535 32 11827 31
3536 32 11974 31
3537 32 11772 31
3538 32 11720 31
3539 32 11818 31
3540 32 11666 31
3541 32 11714 31
3542 32 11713 31
3543 32 11909 31
3544 32 11709 31
3545 32 11807 31
3546 32 12055 31
3547 32 11952 31
3548 32 11899 31
3549 32 11946 31
3550 32 11843 31
3551 32 12091 31
3552 32 12084 31
3553 32 12132 31
3554 32 12228 31
3555 32 12577 31
3556 32 12426 31
3557 32 12473 31
3558 32 12371 31
3559 32 12618 31
3560 32 12417 31
3561 32 12414 31
3562 32 12412 31
3563 32 12507 31
3564 32 12408 31
3565 32 12401 31
3566 32 12449 31
3567 32 12498 31
3568 32 12495 31
3569 32 12395 31
3570 32 12440 31
3571 32 12387 31
3572 32 12437 31
3573 32 12430 31
3574 32 12478 31
3575 32 12477 31
3576 32 12474 31
3577 32 12372 31
3578 32 12420 31
3579 32 12467 31
3580 32 12365 31
3581 32 12362 31
3582 32 12360 31
3583 32 12408 31
3584 32 12406 31
3585 32 12504 31
3586 32 12551 31
3587 32 12500 31
3588 32 12497 31
3589 32 12496 31
3590 32 12445 31
3591 32 12393 31
3592 32 11940 31
3593 32 12136 31
3594 32 12179 31
3595 32 12027 31
3596 32 12025 31
3597 32 12173 31
3598 32 12221 31
3599 32 12470 31
3600 32 12468 31
3601 32 12515 31
3602 32 12559 31
3603 32 12405 31
3604 32 12454 31
3605 32 12402 31
3606 32 12500 31
3607 32 12508 31
3608 32 12447 31
3609 32 12442 31
3610 32 12389 31
3611 32 12588 31
3612 32 12386 31
3613 32 12434 31
3614 32 12427 31
3615 32 12476 31
3616 32 12424 31
3617 32 12473 31
3618 32 12471 31
3619 32 12470 31
3620 32 12418 31
3621 32 12467 31
3622 32 12415 31
3623 32 12412 31
3624 32 12410 31
3625 32 12408 31
3626 32 12456 31
3627 32 12405 31
3628 32 12497 31
3629 32 12444 31
3630 32 12391 31
3631 32 12440 31
3632 32 12388 31
3633 32 12435 31
3634 32 12384 31
3635 32 12426 31
3636 32 12425 31
3637 32 12373 31
3638 32 12371 31
3639 32 12417 31
3640 32 12413 31
3641 32 12412 31
3642 32 12410 31
3643 32 12408 31
3644 32 12505 31
3645 32 12454 31
3646 32 12500 31
3647 32 12447 31
3648 32 12445 31
3649 32 12393 31
3650 32 12440 31
3651 32 12538 31
3652 32 12485 31
3653 32 12531 31
3654 32 12429 31
3655 32 12373 31
3656 32 12472 31
3657 32 12618 31
3658 32 12467 31
3659 32 12465 31
3660 32 12562 31
3661 32 12460 31
3662 32 12558 31
3663 32 12407 31
3664 32 12353 31
3665 32 12301 31
3666 32 12201 31
3667 32 12248 31
3668 32 12196 31
3669 32 12094 31
3670 32 12141 31
3671 32 12090 31
3672 32 12090 31
3673 32 12236 31
3674 32 12134 31
3675 32 12182 31
3676 32 12176 31
3677 32 12118 31
3678 32 12115 31
3679 32 12211 31
3680 32 12159 31
3681 32 12107 31
3682 32 12155 31
3683 32 12154 31
3684 32 12102 31
3685 32 12251 31
3686 32 12148 31
3687 32 12246 31
3688 32 12294 31
3689 32 12392 31
3690 32 12440 31
3691 32 12444 31
3692 32 12384 31
3693 32 12433 31
3694 32 12479 31
3695 32 12427 31
3696 32 12469 31
3697 32 12466 31
3698 32 12365 31
3699 32 12413 31
3700 32 12361 31
3701 32 12458 31
3702 32 12405 31
3703 32 12452 31
3704 32 12450 31
3705 32 12398 31
3706 32 12347 31
3707 32 12394 31
3708 32 12390 31
3709 32 12387 31
3710 32 12434 31
3711 32 12383 31
3712 32 12480 31
3713 32 12528 31
3714 32 12376 31
3715 32 12222 31
3716 32 12115 31
3717 32 11963 31
3718 32 12013 31
3719 32 11858 31
3720 32 11905 31
3721 32 12005 31
3722 32 12352 31
3723 32 12449 31
3724 32 12546 31
3725 32 12443 31
3726 32 12493 31
3727 32 12541 31
3728 32 12438 31
3729 32 12436 31
3730 32 12384 31
3731 32 12381 31
3732 32 12479 31
3733 32 12476 31
3734 32 12527 31
3735 32 12420 31
3736 32 12469 31
3737 32 12444 31
3738 32 12441 31
3739 32 12488 31
3740 32 12385 31
3741 32 12432 31
3742 32 12430 31
3743 32 12429 31
3744 32 12426 31
3745 32 12474 31
3746 32 12420 31
3747 32 12468 31
3748 32 12566 31
3749 32 12412 31
3750 32 12509 31
3751 32 12557 31
3752 32 12403 31
3753 32 12551 31
3754 32 12548 31
3755 32 12498 31
3756 32 12438 31
3757 32 12386 31
3758 32 12432 31
3759 32 12480 31
3760 32 12377 31
3761 32 12374 31
3762 32 12423 31
3763 32 12420 31
3764 32 12415 31
3765 32 12466 31
3766 32 12458 31
3767 32 12604 31
3768 32 12551 31
3769 32 12449 31
3770 32 12445 31
3771 32 12493 31
3772 32 12441 31
3773 32 12488 31
3774 32 12384 31
3775 32 12533 31
3776 32 12474 31
3777 32 12482 31
3778 32 12471 31
3779 32 12416 31
3780 32 12514 31
3781 32 12463 31
3782 32 12460 31
3783 32 12459 31
3784 32 12456 31
3785 32 12504 31
3786 32 12501 31
3787 32 12450 31
3788 32 12497 31
3789 32 12445 31
3790 32 12391 31
3791 32 12438 31
3792 32 12585 31
3793 32 12483 31
3794 32 12530 31
3795 32 12528 31
3796 32 12372 31
3797 32 12471 31
3798 32 12418 31
3799 32 12263 31
3800 32 12211 31
3801 32 12112 31
3802 32 12208 31
3803 32 12254 31
3804 32 12203 31
3805 32 12100 31
3806 32 12099 31
3807 32 12096 31
3808 32 12193 31
3809 32 12191 31
3810 32 12138 31
3811 32 12138 31
3812 32 12135 31
3813 32 12283 31
3814 32 12180 31
3815 32 12179 31
3816 32 12121 31
3817 32 12168 31
3818 32 12116 31
3819 32 12162 31
3820 32 12212 31
3821 32 12207 31
3822 32 12255 31
3823 32 12353 31
3824 32 12344 31
3825 32 12443 31
3826 32 12440 31
3827 32 12439 31
3828 32 12484 31
3829 32 12382 31
3830 32 12378 31
3831 32 12377 31
3832 32 12422 31
3833 32 12371 31
3834 32 12418 31
3835 32 12417 31
3836 32 12310 31
3837 32 12356 31
3838 32 12402 31
3839 32 12200 31
3840 32 11998 31
3841 32 12196 31
3842 32 11943 31
3843 32 11891 31
3844 32 12137 31
3845 32 12235 31
3846 32 12483 31
3847 32 12431 31
3848 32 12479 31
3849 32 12527 31
3850 32 12524 31
3851 32 12472 31
3852 32 12469 31
3853 32 12568 31
3854 32 12565 31
3855 32 12509 31
3856 32 12506 31
3857 32 12603 31
3858 32 12601 31
3859 32 12550 31
3860 32 12647 31
3861 32 12495 31
3862 32 12542 31
3863 32 12644 31
3864 32 12588 31
3865 32 12587 31
3866 32 12583 31
3867 32 12483 31
3868 32 12628 31
3869 32 12474 31
3870 32 12472 31
3871 32 12570 31
3872 32 12419 31
3873 32 12365 31
3874 32 12261 31
3875 32 12055 31
3876 32 12003 31
3877 32 12301 31
3878 32 11997 31
3879 32 11946 31
3880 32 12142 31
3881 32 12191 31
3882 32 11987 31
3883 32 12085 31
3884 32 12095 31
3885 32 12031 31
3886 32 12027 31
3887 32 12026 31
3888 32 12173 31
3889 32 12171 31
3890 32 12068 31
3891 32 12166 31
3892 32 12313 31
3893 32 12411 31
3894 32 12453 31
3895 32 12501 31
3896 32 12499 31
3897 32 12398 31
3898 32 12443 31
3899 32 12491 31
3900 32 12438 31
3901 32 12386 31
3902 32 12432 31
3903 32 12480 31
3904 32 12378 31
3905 32 12476 31
3906 32 12422 31
3907 32 12420 31
3908 32 12466 31
3909 32 12515 31
3910 32 12412 31
3911 32 12359 31
3912 32 12555 31
3913 32 12502 31
3914 32 12496 31
3915 32 12442 31
3916 32 12440 31
3917 32 12438 31
3918 32 12485 31
3919 32 12433 31
3920 32 12429 31
3921 32 12526 31
3922 32 12523 31
3923 32 12472 31
3924 32 12370 31
3925 32 12420 31
3926 32 12367 31
3927 32 12414 31
3928 32 12462 31
3929 32 12459 31
3930 32 12457 31
3931 32 12456 31
3932 32 12453 31
3933 32 12450 31
3934 32 12241 31
3935 32 12090 31
3936 32 12087 31
3937 32 12184 31
3938 32 12082 31
3939 32 12130 31
3940 32 12178 31
3941 32 12127 31
3942 32 12171 31
3943 32 12169 31
3944 32 12116 31
3945 32 12115 31
3946 32 12161 31
3947 32 12316 31
3948 32 12106 31
3949 32 12153 31
3950 32 12249 31
3951 32 12197 31
3952 32 12194 31
3953 32 12193 31
3954 32 12235 31
3955 32 12434 31
3956 32 12181 31
3957 32 12530 31
3958 32 12478 31
3959 32 12375 31
3960 32 12570 31
3961 32 12618 31
3962 32 12364 31
3963 32 12112 31
3964 32 11960 31
3965 32 12108 31
3966 32 12007 31
3967 32 12153 31
3968 32 12051 31
3969 32 12149 31
3970 32 12346 31
3971 32 12493 31
3972 32 12441 31
3973 32 12390 31
3974 32 12483 31
3975 32 12482 31
3976 32 12479 31
3977 32 12477 31
3978 32 12523 31
3979 32 12474 31
3980 32 12467 31
3981 32 12414 31
3982 32 12562 31
3983 32 12412 31
3984 32 12458 31
3985 32 12506 31
3986 32 12404 31
3987 32 12450 31
3988 32 12447 31
3989 32 12444 31
3990 32 12497 31
3991 32 12389 31
3992 32 12388 31
3993 32 12531 31
3994 32 12527 31
3995 32 12575 31
3996 32 12573 31
3997 32 12520 31
3998 32 12564 31
3999 32 15977 31
