0 0 33710 63
1 0 32040 63
2 0 32068 63
3 0 31890 63
4 0 31890 63
5 0 31707 63
6 0 32068 63
7 0 31988 63
8 0 31879 63
9 0 31732 63
10 0 31756 63
11 0 32004 63
12 0 31883 63
13 0 31941 63
14 0 31973 63
15 0 31794 63
16 0 31851 63
17 0 31578 63
18 0 31647 63
19 0 31766 63
20 0 31883 63
21 0 31755 63
22 0 31761 63
23 0 31436 63
24 0 31453 63
25 0 31289 63
26 0 31446 63
27 0 31385 63
28 0 31415 63
29 0 31526 63
30 0 31617 63
31 0 31590 63
32 0 31755 63
33 0 31878 63
34 0 31964 63
35 0 31591 63
36 0 31759 63
37 0 31919 63
38 0 31599 63
39 0 31619 63
40 0 31736 63
41 0 31848 63
42 0 31573 63
43 0 31693 63
44 0 31766 63
45 0 31915 63
46 0 32094 63
47 0 31906 63
48 0 31981 63
49 0 32400 63
50 0 32032 63
51 0 32508 63
52 0 32232 63
53 0 32296 63
54 0 32355 63
55 0 32372 63
56 0 32508 63
57 0 32377 63
58 0 32406 63
59 0 32569 63
60 0 32342 63
61 0 32503 63
62 0 32326 63
63 0 32604 63
64 0 32324 63
65 0 32551 63
66 0 32515 63
67 0 32535 63
68 0 32459 63
69 0 32477 63
70 0 32522 63
71 0 32584 63
72 0 32464 63
73 0 32777 63
74 0 32327 63
75 0 32855 63
76 0 32780 63
77 0 32309 63
78 0 32727 63
79 0 32934 63
80 0 32909 63
81 0 32392 63
82 0 32746 63
83 0 32622 63
84 0 32740 63
85 0 32901 63
86 0 32480 63
87 0 32696 63
88 0 32622 63
89 0 32686 63
90 0 32705 63
91 0 32525 63
92 0 32547 63
93 0 32567 63
94 0 32651 63
95 0 32815 63
96 0 32439 63
97 0 32554 63
98 0 32451 63
99 0 32468 63
100 0 32637 63
101 0 32751 63
102 0 32921 63
103 0 32689 63
104 0 32962 63
105 0 33386 63
106 0 33048 63
107 0 33430 63
108 0 33064 63
109 0 32707 63
110 0 32536 63
111 0 32852 63
112 0 33022 63
113 0 33198 63
114 0 32756 63
115 0 32750 63
116 0 32775 63
117 0 32840 63
118 0 32759 63
119 0 32728 63
120 0 32647 63
121 0 32715 63
122 0 32684 63
123 0 32505 63
124 0 32532 63
125 0 32795 63
126 0 32810 63
127 0 32481 63
128 0 32459 63
129 0 32521 63
130 0 32442 63
131 0 32261 63
132 0 32458 63
133 0 32554 63
134 0 32664 63
135 0 32643 63
136 0 32553 63
137 0 32653 63
138 0 32494 63
139 0 32541 63
140 0 32542 63
141 0 32636 63
142 0 32912 63
143 0 32430 63
144 0 32286 63
145 0 32230 63
146 0 32376 63
147 0 32420 63
148 0 32120 63
149 0 32417 63
150 0 32313 63
151 0 32109 63
152 0 32058 63
153 0 31950 63
154 0 31846 63
155 0 31843 63
156 0 31992 63
157 0 32039 63
158 0 31932 63
159 0 31778 63
160 0 31827 63
161 0 31974 63
162 0 31923 63
163 0 31966 63
164 0 31719 63
165 0 31664 63
166 0 31563 63
167 0 31874 63
168 0 31760 63
169 0 31658 63
170 0 31856 63
171 0 31653 63
172 0 31752 63
173 0 31796 63
174 0 31932 63
175 0 31873 63
176 0 31769 63
177 0 31914 63
178 0 31710 63
179 0 31758 63
180 0 31861 63
181 0 32150 63
182 0 32249 63
183 0 32393 63
184 0 32294 63
185 0 32288 63
186 0 32437 63
187 0 32529 63
188 0 32481 63
189 0 32376 63
190 0 32520 63
191 0 32418 63
192 0 32568 63
193 0 32463 63
194 0 32510 63
195 0 32458 63
196 0 32459 63
197 0 32452 63
198 0 32395 63
199 0 32393 63
200 0 32201 63
201 0 32486 63
202 0 32758 63
203 0 32233 63
204 0 32726 63
205 0 32269 63
206 0 32813 63
207 0 32412 63
208 0 32472 63
209 0 32756 63
210 0 32405 63
211 0 32501 63
212 0 32698 63
213 0 32442 63
214 0 32389 63
215 0 32436 63
216 0 32438 63
217 0 32632 63
218 0 32325 63
219 0 32373 63
220 0 32376 63
221 0 32616 63
222 0 32463 63
223 0 32760 63
224 0 32465 63
225 0 33002 63
226 0 32900 63
227 0 32697 63
228 0 32997 63
229 0 32890 63
230 0 33240 63
231 0 32735 63
232 0 33242 63
233 0 33284 63
234 0 33533 63
235 0 33331 63
236 0 33379 63
237 0 33472 63
238 0 33666 63
239 0 33067 63
240 0 32514 63
241 0 32606 63
242 0 32554 63
243 0 32550 63
244 0 32602 63
245 0 32748 63
246 0 32393 63
247 0 32439 63
248 0 32533 63
249 0 32624 63
250 0 32572 63
251 0 32323 63
252 0 32621 63
253 0 32515 63
254 0 32564 63
255 0 32560 63
256 0 32363 63
257 0 32402 63
258 0 32600 63
259 0 32448 63
260 0 32445 63
261 0 32586 63
262 0 32584 63
263 0 32431 63
264 0 32433 63
265 0 32377 63
266 0 32523 63
267 0 32521 63
268 0 32472 63
269 0 32466 63
270 0 32264 63
271 0 32313 63
272 0 32364 63
273 0 32408 63
274 0 32208 63
275 0 32056 63
276 0 31955 63
277 0 32296 63
278 0 31947 63
279 0 31846 63
280 0 31848 63
281 0 31939 63
282 0 31890 63
283 0 31982 63
284 0 31782 63
285 0 31881 63
286 0 31827 63
287 0 31676 63
288 0 31875 63
289 0 31721 63
290 0 31869 63
291 0 31813 63
292 0 31759 63
293 0 31809 63
294 0 31705 63
295 0 31803 63
296 0 31550 63
297 0 31794 63
298 0 31894 63
299 0 31693 63
300 0 31791 63
301 0 31587 63
302 0 31634 63
303 0 31733 63
304 0 31579 63
305 0 31625 63
306 0 31821 63
307 0 31571 63
308 0 31718 63
309 0 31913 63
310 0 31664 63
311 0 31859 63
312 0 31708 63
313 0 32203 63
314 0 32151 63
315 0 32396 63
316 0 32282 63
317 0 32474 63
318 0 32426 63
319 0 32721 63
320 0 32273 63
321 0 32317 63
322 0 32366 63
323 0 32514 63
324 0 32366 63
325 0 32460 63
326 0 32457 63
327 0 32503 63
328 0 32454 63
329 0 32348 63
330 0 32345 63
331 0 32490 63
332 0 32495 63
333 0 32432 63
334 0 32481 63
335 0 32330 63
336 0 32335 63
337 0 32374 63
338 0 32522 63
339 0 32320 63
340 0 32274 63
341 0 32465 63
342 0 32315 63
343 0 32418 63
344 0 32329 63
345 0 32471 63
346 0 32371 63
347 0 32624 63
348 0 32628 63
349 0 32724 63
350 0 32871 63
351 0 32720 63
352 0 33071 63
353 0 32941 63
354 0 33163 63
355 0 33810 63
356 0 33412 63
357 0 33902 63
358 0 33504 63
359 0 33700 63
360 0 33451 63
361 0 33448 63
362 0 32894 63
363 0 32945 63
364 0 32461 63
365 0 32991 63
366 0 32735 63
367 0 32629 63
368 0 32882 63
369 0 32524 63
370 0 32571 63
371 0 32668 63
372 0 32564 63
373 0 32664 63
374 0 32407 63
375 0 32305 63
376 0 32455 63
377 0 32450 63
378 0 32490 63
379 0 32538 63
380 0 32440 63
381 0 32685 63
382 0 32582 63
383 0 32479 63
384 0 32934 63
385 0 32482 63
386 0 32877 63
387 0 32426 63
388 0 32623 63
389 0 32918 63
390 0 32564 63
391 0 32811 63
392 0 32665 63
393 0 32910 63
394 0 32560 63
395 0 32757 63
396 0 32961 63
397 0 32554 63
398 0 32746 63
399 0 32844 63
400 0 32948 63
401 0 32690 63
402 0 32785 63
403 0 32730 63
404 0 32680 63
405 0 32475 63
406 0 32622 63
407 0 32521 63
408 0 32844 63
409 0 32070 63
410 0 32068 63
411 0 32170 63
412 0 32172 63
413 0 32116 63
414 0 32168 63
415 0 32464 63
416 0 32023 63
417 0 31969 63
418 0 31963 63
419 0 32210 63
420 0 32109 63
421 0 32153 63
422 0 32045 63
423 0 31942 63
424 0 31939 63
425 0 32037 63
426 0 31984 63
427 0 31929 63
428 0 31678 63
429 0 32271 63
430 0 32071 63
431 0 32020 63
432 0 31916 63
433 0 32214 63
434 0 32160 63
435 0 32060 63
436 0 32062 63
437 0 31956 63
438 0 32299 63
439 0 31701 63
440 0 32336 63
441 0 32179 63
442 0 31536 63
443 0 31778 63
444 0 31829 63
445 0 31776 63
446 0 32168 63
447 0 32071 63
448 0 32268 63
449 0 32066 63
450 0 32163 63
451 0 31917 63
452 0 32584 63
453 0 31862 63
454 0 32304 63
455 0 32253 63
456 0 32358 63
457 0 32448 63
458 0 32490 63
459 0 32684 63
460 0 32886 63
461 0 32431 63
462 0 32378 63
463 0 32826 63
464 0 32431 63
465 0 32822 63
466 0 32267 63
467 0 32517 63
468 0 32819 63
469 0 32813 63
470 0 32811 63
471 0 32807 63
472 0 32764 63
473 0 32903 63
474 0 32851 63
475 0 33253 63
476 0 32602 63
477 0 32895 63
478 0 33645 63
479 0 33593 63
480 0 33639 63
481 0 33785 63
482 0 33357 63
483 0 33178 63
484 0 33381 63
485 0 32725 63
486 0 32623 63
487 0 32520 63
488 0 32273 63
489 0 32516 63
490 0 32463 63
491 0 32166 63
492 0 32615 63
493 0 32359 63
494 0 32114 63
495 0 32607 63
496 0 32562 63
497 0 32210 63
498 0 32654 63
499 0 32504 63
500 0 32453 63
501 0 32393 63
502 0 32391 63
503 0 32439 63
504 0 32440 63
505 0 32382 63
506 0 32431 63
507 0 32084 63
508 0 32329 63
509 0 32141 63
510 0 32327 63
511 0 32524 63
512 0 32376 63
513 0 32224 63
514 0 32470 63
515 0 32226 63
516 0 32528 63
517 0 32177 63
518 0 32619 63
519 0 32470 63
520 0 32227 63
521 0 32564 63
522 0 32463 63
523 0 32461 63
524 0 32513 63
525 0 32458 63
526 0 32507 63
527 0 32456 63
528 0 32507 63
529 0 32498 63
530 0 32351 63
531 0 32595 63
532 0 32496 63
533 0 32439 63
534 0 32439 63
535 0 32336 63
536 0 32144 63
537 0 32334 63
538 0 32278 63
539 0 32229 63
540 0 32130 63
541 0 31922 63
542 0 31923 63
543 0 31922 63
544 0 31972 63
545 0 31914 63
546 0 31765 63
547 0 31710 63
548 0 31732 63
549 0 31560 63
550 0 31804 63
551 0 31852 63
552 0 31801 63
553 0 31849 63
554 0 31601 63
555 0 31795 63
556 0 31692 63
557 0 31642 63
558 0 31640 63
559 0 31543 63
560 0 31637 63
561 0 31684 63
562 0 31679 63
563 0 31676 63
564 0 31673 63
565 0 31773 63
566 0 31825 63
567 0 31919 63
568 0 31721 63
569 0 31769 63
570 0 31817 63
571 0 31765 63
572 0 32163 63
573 0 32306 63
574 0 32503 63
575 0 32000 63
576 0 31897 63
577 0 32240 63
578 0 32237 63
579 0 32185 63
580 0 32246 63
581 0 32332 63
582 0 32424 63
583 0 32371 63
584 0 32725 63
585 0 32268 63
586 0 32266 63
587 0 32463 63
588 0 32517 63
589 0 32511 63
590 0 32709 63
591 0 32414 63
592 0 32709 63
593 0 32602 63
594 0 32975 63
595 0 32898 63
596 0 32750 63
597 0 32946 63
598 0 32891 63
599 0 32887 63
600 0 32741 63
601 0 33382 63
602 0 33876 63
603 0 33725 63
604 0 33527 63
605 0 33720 63
606 0 33515 63
607 0 33355 63
608 0 32608 63
609 0 32553 63
610 0 33001 63
611 0 32849 63
612 0 32500 63
613 0 32543 63
614 0 32245 63
615 0 36865 63
616 0 38050 63
617 0 37056 63
618 0 34624 63
619 0 32330 63
620 0 32758 63
621 0 32550 63
622 0 32549 63
623 0 32640 63
624 0 32443 63
625 0 32436 63
626 0 32585 63
627 0 32533 63
628 0 32485 63
629 0 32477 63
630 0 32380 63
631 0 32571 63
632 0 32277 63
633 0 32515 63
634 0 32513 63
635 0 32362 63
636 0 32366 63
637 0 32809 63
638 0 32355 63
639 0 32650 63
640 0 32499 63
641 0 32543 63
642 0 32789 63
643 0 32808 63
644 0 32856 63
645 0 32851 63
646 0 32839 63
647 0 32928 63
648 0 32531 63
649 0 32427 63
650 0 32577 63
651 0 32673 63
652 0 32623 63
653 0 32566 63
654 0 32563 63
655 0 32562 63
656 0 32513 63
657 0 32556 63
658 0 32553 63
659 0 32600 63
660 0 32802 63
661 0 32545 63
662 0 32843 63
663 0 32691 63
664 0 32639 63
665 0 32582 63
666 0 32579 63
667 0 32628 63
668 0 32949 63
669 0 32422 63
670 0 32471 63
671 0 32974 63
672 0 32377 63
673 0 32516 63
674 0 32463 63
675 0 32311 63
676 0 32214 63
677 0 32257 63
678 0 32257 63
679 0 32251 63
680 0 32099 63
681 0 32291 63
682 0 32187 63
683 0 32084 63
684 0 31987 63
685 0 31782 63
686 0 32078 63
687 0 32024 63
688 0 32224 63
689 0 31969 63
690 0 32018 63
691 0 32016 63
692 0 32067 63
693 0 32011 63
694 0 31911 63
695 0 31856 63
696 0 31957 63
697 0 31950 63
698 0 31802 63
699 0 32094 63
700 0 31947 63
701 0 31988 63
702 0 31983 63
703 0 32181 63
704 0 32130 63
705 0 32126 63
706 0 32071 63
707 0 32270 63
708 0 32371 63
709 0 32265 63
710 0 32367 63
711 0 32712 63
712 0 33064 63
713 0 32808 63
714 0 33058 63
715 0 33309 63
716 0 32857 63
717 0 32953 63
718 0 32691 63
719 0 33189 63
720 0 33037 63
721 0 33079 63
722 0 33324 63
723 0 33470 63
724 0 33865 63
725 0 33765 63
726 0 33914 63
727 0 33360 63
728 0 33558 63
729 0 33205 63
730 0 32800 63
731 0 32850 63
732 0 32499 63
733 0 32494 63
734 0 32392 63
735 0 32739 63
736 0 32390 63
737 0 32880 63
738 0 32092 63
739 0 32472 63
740 0 32571 63
741 0 32268 63
742 0 32460 63
743 0 32310 63
744 0 32512 63
745 0 32210 63
746 0 32407 63
747 0 32699 63
748 0 32297 63
749 0 32343 63
750 0 32335 63
751 0 32627 63
752 0 32231 63
753 0 32373 63
754 0 32175 63
755 0 32358 63
756 0 32164 63
757 0 32161 63
758 0 32208 63
759 0 32358 63
760 0 32559 63
761 0 32354 63
762 0 32300 63
763 0 32495 63
764 0 32237 63
765 0 32382 63
766 0 32626 63
767 0 32574 63
768 0 32329 63
769 0 32569 63
770 0 32318 63
771 0 32463 63
772 0 32467 63
773 0 32658 63
774 0 32407 63
775 0 32603 63
776 0 32457 63
777 0 32649 63
778 0 32591 63
779 0 32689 63
780 0 32590 63
781 0 32436 63
782 0 32578 63
783 0 32475 63
784 0 32430 63
785 0 32214 63
786 0 32217 63
787 0 32464 63
788 0 32415 63
789 0 32358 63
790 0 32255 63
791 0 32346 63
792 0 32247 63
793 0 32383 63
794 0 32227 63
795 0 32326 63
796 0 32379 63
797 0 32374 63
798 0 32220 63
799 0 32271 63
800 0 32080 63
801 0 32365 63
802 0 32066 63
803 0 32015 63
804 0 32167 63
805 0 32066 63
806 0 32257 63
807 0 32204 63
808 0 32206 63
809 0 31953 63
810 0 32096 63
811 0 31911 63
812 0 32096 63
813 0 31993 63
814 0 31892 63
815 0 31940 63
816 0 31942 63
817 0 31785 63
818 0 31881 63
819 0 31877 63
820 0 31829 63
821 0 31768 63
822 0 31966 63
823 0 31815 63
824 0 31914 63
825 0 32058 63
826 0 31855 63
827 0 31751 63
828 0 31905 63
829 0 31750 63
830 0 31895 63
831 0 31940 63
832 0 31736 63
833 0 31935 63
834 0 31784 63
835 0 31928 63
836 0 31875 63
837 0 31872 63
838 0 32071 63
839 0 32169 63
840 0 32465 63
841 0 32258 63
842 0 32356 63
843 0 32953 63
844 0 32694 63
845 0 33140 63
846 0 33284 63
847 0 34132 63
848 0 34130 63
849 0 33474 63
850 0 34024 63
851 0 33824 63
852 0 33080 63
853 0 32771 63
854 0 32769 63
855 0 32565 63
856 0 32866 63
857 0 32216 63
858 0 32606 63
859 0 32880 63
860 0 32498 63
861 0 32391 63
862 0 31994 63
863 0 32478 63
864 0 32684 63
865 0 32183 63
866 0 32522 63
867 0 32126 63
868 0 32676 63
869 0 32567 63
870 0 32221 63
871 0 32661 63
872 0 32613 63
873 0 32458 63
874 0 32597 63
875 0 32543 63
876 0 32392 63
877 0 32479 63
878 0 32479 63
879 0 32425 63
880 0 32422 63
881 0 32267 63
882 0 32511 63
883 0 32610 63
884 0 32365 63
885 0 32506 63
886 0 32356 63
887 0 32550 63
888 0 32452 63
889 0 32546 63
890 0 32246 63
891 0 32394 63
892 0 32584 63
893 0 32477 63
894 0 32326 63
895 0 32520 63
896 0 32374 63
897 0 32466 63
898 0 32315 63
899 0 32466 63
900 0 32315 63
901 0 32505 63
902 0 32402 63
903 0 32400 63
904 0 32296 63
905 0 32293 63
906 0 32486 63
907 0 32437 63
908 0 32634 63
909 0 32429 63
910 0 32625 63
911 0 32475 63
912 0 32623 63
913 0 32317 63
914 0 32364 63
915 0 32712 63
916 0 32714 63
917 0 32707 63
918 0 32504 63
919 0 32451 63
920 0 32601 63
921 0 32597 63
922 0 32386 63
923 0 32436 63
924 0 32635 63
925 0 32529 63
926 0 32280 63
927 0 32475 63
928 0 32477 63
929 0 32570 63
930 0 32517 63
931 0 32516 63
932 0 32466 63
933 0 32309 63
934 0 32407 63
935 0 32306 63
936 0 32255 63
937 0 32244 63
938 0 32032 63
939 0 32073 63
940 0 32419 63
941 0 31964 63
942 0 32259 63
943 0 32407 63
944 0 31957 63
945 0 32156 63
946 0 32151 63
947 0 32150 63
948 0 32133 63
949 0 31825 63
950 0 31974 63
951 0 31967 63
952 0 32024 63
953 0 32011 63
954 0 32159 63
955 0 32204 63
956 0 32157 63
957 0 32151 63
958 0 32195 63
959 0 32141 63
960 0 31989 63
961 0 32236 63
962 0 32284 63
963 0 32282 63
964 0 32379 63
965 0 32475 63
966 0 32722 63
967 0 32720 63
968 0 33071 63
969 0 32916 63
970 0 33370 63
971 0 33115 63
972 0 33368 63
973 0 33111 63
974 0 33264 63
975 0 32963 63
976 0 32413 63
977 0 33159 63
978 0 32901 63
979 0 32887 63
980 0 32736 63
981 0 32930 63
982 0 32927 63
983 0 32924 63
984 0 33127 63
985 0 33024 63
986 0 33072 63
987 0 32968 63
988 0 32621 63
989 0 32716 63
990 0 32713 63
991 0 33013 63
992 0 32766 63
993 0 32758 63
994 0 32608 63
995 0 32709 63
996 0 32664 63
997 0 32561 63
998 0 32658 63
999 0 32506 63
1000 0 32710 63
1001 0 32548 63
1002 0 32695 63
1003 0 32743 63
1004 0 32843 63
1005 0 32835 63
1006 0 32777 63
1007 0 32822 63
1008 0 32726 63
1009 0 32618 63
1010 0 32616 63
1011 0 32863 63
1012 0 32666 63
1013 0 32609 63
1014 0 32557 63
1015 0 32408 63
1016 0 32458 63
1017 0 32452 63
1018 0 32451 63
1019 0 32399 63
1020 0 32349 63
1021 0 32441 63
1022 0 32388 63
1023 0 32435 63
1024 0 32341 63
1025 0 32581 63
1026 0 32530 63
1027 0 32578 63
1028 0 32479 63
1029 0 32473 63
1030 0 32522 63
1031 0 32420 63
1032 0 32370 63
1033 0 32318 63
1034 0 32362 63
1035 0 32412 63
1036 0 32463 63
1037 0 32457 63
1038 0 32406 63
1039 0 32207 63
1040 0 32400 63
1041 0 32339 63
1042 0 32390 63
1043 0 32435 63
1044 0 32485 63
1045 0 32332 63
1046 0 32528 63
1047 0 32333 63
1048 0 32431 63
1049 0 32325 63
1050 0 32375 63
1051 0 32470 63
1052 0 32572 63
1053 0 32914 63
1054 0 32661 63
1055 0 32659 63
1056 0 32612 63
1057 0 32504 63
1058 0 32602 63
1059 0 32450 63
1060 0 32352 63
1061 0 32491 63
1062 0 32339 63
1063 0 32388 63
1064 0 32336 63
1065 0 32376 63
1066 0 32328 63
1067 0 32429 63
1068 0 32084 63
1069 0 32229 63
1070 0 32124 63
1071 0 32124 63
1072 0 32427 63
1073 0 31930 63
1074 0 31989 63
1075 0 31973 63
1076 0 31925 63
1077 0 31919 63
1078 0 31867 63
1079 0 32359 63
1080 0 31809 63
1081 0 31995 63
1082 0 32043 63
1083 0 31794 63
1084 0 32193 63
1085 0 31937 63
1086 0 31788 63
1087 0 32029 63
1088 0 32181 63
1089 0 31830 63
1090 0 32272 63
1091 0 32471 63
1092 0 32874 63
1093 0 32415 63
1094 0 32712 63
1095 0 32409 63
1096 0 32615 63
1097 0 32456 63
1098 0 32403 63
1099 0 32300 63
1100 0 31700 63
1101 0 31997 63
1102 0 32187 63
1103 0 31738 63
1104 0 31791 63
1105 0 31981 63
1106 0 31831 63
1107 0 31931 63
1108 0 31929 63
1109 0 31977 63
1110 0 32619 63
1111 0 32467 63
1112 0 32419 63
1113 0 32114 63
1114 0 32217 63
1115 0 32464 63
1116 0 32271 63
1117 0 32461 63
1118 0 32312 63
1119 0 32556 63
1120 0 32662 63
1121 0 32453 63
1122 0 32450 63
1123 0 32646 63
1124 0 32547 63
1125 0 32742 63
1126 0 32590 63
1127 0 32537 63
1128 0 32439 63
1129 0 32333 63
1130 0 32430 63
1131 0 32130 63
1132 0 32284 63
1133 0 32226 63
1134 0 32178 63
1135 0 32032 63
1136 0 32429 63
1137 0 32323 63
1138 0 32325 63
1139 0 32322 63
1140 0 32279 63
1141 0 32271 63
1142 0 32177 63
1143 0 32415 63
1144 0 32265 63
1145 0 32211 63
1146 0 32157 63
1147 0 32159 63
1148 0 32458 63
1149 0 32352 63
1150 0 32098 63
1151 0 32288 63
1152 0 32343 63
1153 0 32584 63
1154 0 32333 63
1155 0 32529 63
1156 0 32235 63
1157 0 32677 63
1158 0 32579 63
1159 0 32373 63
1160 0 32573 63
1161 0 32570 63
1162 0 32570 63
1163 0 32319 63
1164 0 32465 63
1165 0 32213 63
1166 0 32312 63
1167 0 32558 63
1168 0 32419 63
1169 0 32555 63
1170 0 32256 63
1171 0 32551 63
1172 0 32444 63
1173 0 32537 63
1174 0 32189 63
1175 0 32634 63
1176 0 32437 63
1177 0 32626 63
1178 0 32626 63
1179 0 32622 63
1180 0 32428 63
1181 0 32769 63
1182 0 32410 63
1183 0 32705 63
1184 0 32405 63
1185 0 32695 63
1186 0 32348 63
1187 0 32792 63
1188 0 32439 63
1189 0 32683 63
1190 0 32931 63
1191 0 32827 63
1192 0 32630 63
1193 0 32773 63
1194 0 32722 63
1195 0 32619 63
1196 0 32570 63
1197 0 32465 63
1198 0 32562 63
1199 0 32461 63
1200 0 31862 63
1201 0 32356 63
1202 0 32304 63
1203 0 32256 63
1204 0 32344 63
1205 0 32480 63
1206 0 32379 63
1207 0 32180 63
1208 0 32134 63
1209 0 32177 63
1210 0 32323 63
1211 0 32594 63
1212 0 32217 63
1213 0 32861 63
1214 0 32966 63
1215 0 32908 63
1216 0 32959 63
1217 0 32903 63
1218 0 33152 63
1219 0 33104 63
1220 0 32848 63
1221 0 32238 63
1222 0 32042 63
1223 0 31891 63
1224 0 31838 63
1225 0 31978 63
1226 0 32422 63
1227 0 31926 63
1228 0 31870 63
1229 0 31922 63
1230 0 31963 63
1231 0 31762 63
1232 0 31860 63
1233 0 31957 63
1234 0 32153 63
1235 0 31853 63
1236 0 31944 63
1237 0 32146 63
1238 0 32288 63
1239 0 32329 63
1240 0 32029 63
1241 0 32325 63
1242 0 32272 63
1243 0 32469 63
1244 0 32571 63
1245 0 32561 63
1246 0 32608 63
1247 0 32959 63
1248 0 32608 63
1249 0 32601 63
1250 0 32649 63
1251 0 32696 63
1252 0 32648 63
1253 0 32993 63
1254 0 32590 63
1255 0 32635 63
1256 0 32790 63
1257 0 33034 63
1258 0 33129 63
1259 0 33127 63
1260 0 33079 63
1261 0 32925 63
1262 0 32974 63
1263 0 32820 63
1264 0 32928 63
1265 0 32669 63
1266 0 32614 63
1267 0 32615 63
1268 0 32670 63
1269 0 32615 63
1270 0 32713 63
1271 0 32660 63
1272 0 32813 63
1273 0 32655 63
1274 0 32953 63
1275 0 32650 63
1276 0 32797 63
1277 0 32642 63
1278 0 32790 63
1279 0 32788 63
1280 0 32640 63
1281 0 32635 63
1282 0 32632 63
1283 0 32679 63
1284 0 32582 63
1285 0 32674 63
1286 0 32704 63
1287 0 32694 63
1288 0 32847 63
1289 0 32688 63
1290 0 32537 63
1291 0 32735 63
1292 0 32636 63
1293 0 32728 63
1294 0 32626 63
1295 0 32725 63
1296 0 32776 63
1297 0 32619 63
1298 0 32865 63
1299 0 32614 63
1300 0 32564 63
1301 0 32707 63
1302 0 32505 63
1303 0 32602 63
1304 0 32455 63
1305 0 32448 63
1306 0 32441 63
1307 0 32438 63
1308 0 32389 63
1309 0 32680 63
1310 0 32328 63
1311 0 32576 63
1312 0 32327 63
1313 0 32318 63
1314 0 32419 63
1315 0 32370 63
1316 0 32674 63
1317 0 32221 63
1318 0 32364 63
1319 0 32513 63
1320 0 32513 63
1321 0 32708 63
1322 0 32305 63
1323 0 32402 63
1324 0 32395 63
1325 0 32436 63
1326 0 32877 63
1327 0 32976 63
1328 0 32829 63
1329 0 32622 63
1330 0 32770 63
1331 0 32822 63
1332 0 32470 63
1333 0 32965 63
1334 0 32459 63
1335 0 32858 63
1336 0 32907 63
1337 0 32651 63
1338 0 32748 63
1339 0 32895 63
1340 0 33347 63
1341 0 33295 63
1342 0 32638 63
1343 0 32788 63
1344 0 31890 63
1345 0 32082 63
1346 0 31894 63
1347 0 32029 63
1348 0 31994 63
1349 0 31771 63
1350 0 32031 63
1351 0 32010 63
1352 0 31759 63
1353 0 31912 63
1354 0 31972 63
1355 0 31769 63
1356 0 31754 63
1357 0 31748 63
1358 0 31900 63
1359 0 31800 63
1360 0 31793 63
1361 0 31846 63
1362 0 31938 63
1363 0 31693 63
1364 0 31683 63
1365 0 31630 63
1366 0 31578 63
1367 0 31640 63
1368 0 31573 63
1369 0 31717 63
1370 0 31768 63
1371 0 32013 63
1372 0 31915 63
1373 0 31859 63
1374 0 32004 63
1375 0 32248 63
1376 0 32097 63
1377 0 32542 63
1378 0 32441 63
1379 0 32333 63
1380 0 32483 63
1381 0 32376 63
1382 0 32472 63
1383 0 32468 63
1384 0 32271 63
1385 0 32359 63
1386 0 32211 63
1387 0 32356 63
1388 0 32510 63
1389 0 32356 63
1390 0 32259 63
1391 0 32551 63
1392 0 32546 63
1393 0 32588 63
1394 0 32486 63
1395 0 32483 63
1396 0 32639 63
1397 0 32628 63
1398 0 32625 63
1399 0 32671 63
1400 0 32574 63
1401 0 32517 63
1402 0 32463 63
1403 0 32362 63
1404 0 32409 63
1405 0 32495 63
1406 0 32441 63
1407 0 32243 63
1408 0 32491 63
1409 0 32536 63
1410 0 32287 63
1411 0 32381 63
1412 0 32334 63
1413 0 32377 63
1414 0 32375 63
1415 0 32526 63
1416 0 32329 63
1417 0 32422 63
1418 0 32321 63
1419 0 32364 63
1420 0 32369 63
1421 0 32410 63
1422 0 32360 63
1423 0 32405 63
1424 0 32348 63
1425 0 32341 63
1426 0 32437 63
1427 0 32335 63
1428 0 32239 63
1429 0 32384 63
1430 0 32382 63
1431 0 32579 63
1432 0 32679 63
1433 0 32324 63
1434 0 32669 63
1435 0 32374 63
1436 0 32672 63
1437 0 32620 63
1438 0 32467 63
1439 0 32617 63
1440 0 32472 63
1441 0 32417 63
1442 0 32318 63
1443 0 32762 63
1444 0 32408 63
1445 0 32650 63
1446 0 32400 63
1447 0 32796 63
1448 0 32495 63
1449 0 32388 63
1450 0 32584 63
1451 0 32781 63
1452 0 32533 63
1453 0 32975 63
1454 0 32773 63
1455 0 32521 63
1456 0 32825 63
1457 0 33291 63
1458 0 33015 63
1459 0 33059 63
1460 0 33260 63
1461 0 33810 63
1462 0 33759 63
1463 0 33697 63
1464 0 33391 63
1465 0 34133 63
1466 0 33534 63
1467 0 32930 63
1468 0 32886 63
1469 0 32978 63
1470 0 32377 63
1471 0 32373 63
1472 0 32376 63
1473 0 32570 63
1474 0 32518 63
1475 0 32268 63
1476 0 32467 63
1477 0 32310 63
1478 0 32209 63
1479 0 32354 63
1480 0 32057 63
1481 0 32107 63
1482 0 32447 63
1483 0 31998 63
1484 0 32144 63
1485 0 32287 63
1486 0 31989 63
1487 0 32526 63
1488 0 31929 63
1489 0 32073 63
1490 0 32019 63
1491 0 31919 63
1492 0 31971 63
1493 0 32065 63
1494 0 31966 63
1495 0 31911 63
1496 0 31914 63
1497 0 31811 63
1498 0 31954 63
1499 0 31905 63
1500 0 31806 63
1501 0 32097 63
1502 0 31650 63
1503 0 31990 63
1504 0 32039 63
1505 0 31988 63
1506 0 32185 63
1507 0 32775 63
1508 0 32527 63
1509 0 32470 63
1510 0 32469 63
1511 0 32368 63
1512 0 32721 63
1513 0 32764 63
1514 0 32709 63
1515 0 32906 63
1516 0 32909 63
1517 0 32592 63
1518 0 32439 63
1519 0 32588 63
1520 0 32690 63
1521 0 32881 63
1522 0 32724 63
1523 0 32573 63
1524 0 32573 63
1525 0 32615 63
1526 0 32562 63
1527 0 32709 63
1528 0 32865 63
1529 0 32853 63
1530 0 32850 63
1531 0 32947 63
1532 0 32749 63
1533 0 32946 63
1534 0 33088 63
1535 0 32835 63
1536 0 33142 63
1537 0 32732 63
1538 0 32885 63
1539 0 32627 63
1540 0 32678 63
1541 0 32673 63
1542 0 32919 63
1543 0 32714 63
1544 0 32769 63
1545 0 32768 63
1546 0 32757 63
1547 0 32754 63
1548 0 32655 63
1549 0 32750 63
1550 0 32796 63
1551 0 32694 63
1552 0 32945 63
1553 0 32837 63
1554 0 32929 63
1555 0 32822 63
1556 0 32973 63
1557 0 32868 63
1558 0 32716 63
1559 0 32713 63
1560 0 32913 63
1561 0 32956 63
1562 0 32891 63
1563 0 32937 63
1564 0 32787 63
1565 0 32776 63
1566 0 32823 63
1567 0 32921 63
1568 0 32775 63
1569 0 32916 63
1570 0 32815 63
1571 0 32712 63
1572 0 33013 63
1573 0 33106 63
1574 0 33002 63
1575 0 32994 63
1576 0 33146 63
1577 0 32885 63
1578 0 33287 63
1579 0 33130 63
1580 0 33080 63
1581 0 33379 63
1582 0 33524 63
1583 0 33773 63
1584 0 34017 63
1585 0 33767 63
1586 0 33614 63
1587 0 33858 63
1588 0 33360 63
1589 0 33206 63
1590 0 32899 63
1591 0 32744 63
1592 0 32600 63
1593 0 32589 63
1594 0 32436 63
1595 0 32190 63
1596 0 32385 63
1597 0 32184 63
1598 0 32477 63
1599 0 32326 63
1600 0 32324 63
1601 0 32468 63
1602 0 32359 63
1603 0 32407 63
1604 0 32211 63
1605 0 32254 63
1606 0 32290 63
1607 0 31892 63
1608 0 31893 63
1609 0 31936 63
1610 0 31885 63
1611 0 31887 63
1612 0 31937 63
1613 0 31882 63
1614 0 31828 63
1615 0 31679 63
1616 0 31524 63
1617 0 31970 63
1618 0 31870 63
1619 0 31967 63
1620 0 31870 63
1621 0 31867 63
1622 0 31906 63
1623 0 31802 63
1624 0 31819 63
1625 0 31796 63
1626 0 31845 63
1627 0 31696 63
1628 0 31839 63
1629 0 31786 63
1630 0 31882 63
1631 0 31784 63
1632 0 31933 63
1633 0 31830 63
1634 0 31927 63
1635 0 31775 63
1636 0 31820 63
1637 0 31871 63
1638 0 31820 63
1639 0 32013 63
1640 0 32462 63
1641 0 32455 63
1642 0 32452 63
1643 0 32496 63
1644 0 32499 63
1645 0 32444 63
1646 0 32541 63
1647 0 32490 63
1648 0 32443 63
1649 0 32487 63
1650 0 32435 63
1651 0 32433 63
1652 0 32433 63
1653 0 32280 63
1654 0 32524 63
1655 0 32472 63
1656 0 32472 63
1657 0 32467 63
1658 0 32267 63
1659 0 32462 63
1660 0 32420 63
1661 0 32506 63
1662 0 32505 63
1663 0 32498 63
1664 0 32449 63
1665 0 32245 63
1666 0 32489 63
1667 0 32635 63
1668 0 32538 63
1669 0 32580 63
1670 0 32627 63
1671 0 32723 63
1672 0 32625 63
1673 0 32619 63
1674 0 32517 63
1675 0 32465 63
1676 0 32516 63
1677 0 32759 63
1678 0 32413 63
1679 0 32705 63
1680 0 32363 63
1681 0 32500 63
1682 0 32243 63
1683 0 32689 63
1684 0 32384 63
1685 0 32380 63
1686 0 32324 63
1687 0 32670 63
1688 0 32374 63
1689 0 32716 63
1690 0 32366 63
1691 0 32466 63
1692 0 32419 63
1693 0 32662 63
1694 0 32608 63
1695 0 32406 63
1696 0 32559 63
1697 0 32407 63
1698 0 32557 63
1699 0 32608 63
1700 0 32806 63
1701 0 32651 63
1702 0 32976 63
1703 0 32690 63
1704 0 33337 63
1705 0 33136 63
1706 0 33177 63
1707 0 33529 63
1708 0 33479 63
1709 0 33528 63
1710 0 33276 63
1711 0 33074 63
1712 0 32925 63
1713 0 32671 63
1714 0 32170 63
1715 0 32710 63
1716 0 32220 63
1717 0 32556 63
1718 0 32051 63
1719 0 32442 63
1720 0 32546 63
1721 0 32191 63
1722 0 32336 63
1723 0 32629 63
1724 0 32174 63
1725 0 32267 63
1726 0 32317 63
1727 0 32317 63
1728 0 32073 63
1729 0 32017 63
1730 0 32064 63
1731 0 32011 63
1732 0 31912 63
1733 0 31960 63
1734 0 31905 63
1735 0 31902 63
1736 0 31856 63
1737 0 31802 63
1738 0 32097 63
1739 0 32094 63
1740 0 32193 63
1741 0 32088 63
1742 0 31933 63
1743 0 31924 63
1744 0 31574 63
1745 0 31823 63
1746 0 31923 63
1747 0 31868 63
1748 0 31770 63
1749 0 31914 63
1750 0 31665 63
1751 0 31811 63
1752 0 31910 63
1753 0 31656 63
1754 0 31852 63
1755 0 31702 63
1756 0 31853 63
1757 0 31498 63
1758 0 31744 63
1759 0 31789 63
1760 0 31442 63
1761 0 31792 63
1762 0 31736 63
1763 0 31834 63
1764 0 31936 63
1765 0 31630 63
1766 0 31773 63
1767 0 31721 63
1768 0 31823 63
1769 0 31967 63
1770 0 31965 63
1771 0 31909 63
1772 0 32163 63
1773 0 32344 63
1774 0 32484 63
1775 0 32331 63
1776 0 32385 63
1777 0 32180 63
1778 0 32331 63
1779 0 32720 63
1780 0 32523 63
1781 0 32369 63
1782 0 32412 63
1783 0 32361 63
1784 0 32364 63
1785 0 32557 63
1786 0 32599 63
1787 0 32398 63
1788 0 32598 63
1789 0 32541 63
1790 0 32489 63
1791 0 32487 63
1792 0 32394 63
1793 0 32582 63
1794 0 32379 63
1795 0 32328 63
1796 0 32428 63
1797 0 32422 63
1798 0 32419 63
1799 0 32516 63
1800 0 32524 63
1801 0 32862 63
1802 0 32860 63
1803 0 33106 63
1804 0 33009 63
1805 0 32793 63
1806 0 32987 63
1807 0 32934 63
1808 0 33235 63
1809 0 33178 63
1810 0 32874 63
1811 0 33222 63
1812 0 32773 63
1813 0 33090 63
1814 0 33015 63
1815 0 33017 63
1816 0 32770 63
1817 0 33267 63
1818 0 33264 63
1819 0 33406 63
1820 0 33607 63
1821 0 33502 63
1822 0 33548 63
1823 0 33947 63
1824 0 33446 63
1825 0 33745 63
1826 0 33890 63
1827 0 33934 63
1828 0 34230 63
1829 0 33930 63
1830 0 34176 63
1831 0 34024 63
1832 0 34293 63
1833 0 34119 63
1834 0 33570 63
1835 0 33317 63
1836 0 33164 63
1837 0 32907 63
1838 0 32854 63
1839 0 33151 63
1840 0 33156 63
1841 0 33497 63
1842 0 32744 63
1843 0 32941 63
1844 0 32965 63
1845 0 32835 63
1846 0 32733 63
1847 0 32826 63
1848 0 32931 63
1849 0 33120 63
1850 0 33019 63
1851 0 32816 63
1852 0 32719 63
1853 0 32965 63
1854 0 32765 63
1855 0 32665 63
1856 0 32616 63
1857 0 32610 63
1858 0 32559 63
1859 0 32556 63
1860 0 32509 63
1861 0 32651 63
1862 0 32499 63
1863 0 32895 63
1864 0 32500 63
1865 0 32541 63
1866 0 32390 63
1867 0 32437 63
1868 0 32484 63
1869 0 32281 63
1870 0 32331 63
1871 0 32374 63
1872 0 32277 63
1873 0 31975 63
1874 0 32071 63
1875 0 31972 63
1876 0 32566 63
1877 0 32409 63
1878 0 32257 63
1879 0 31961 63
1880 0 32005 63
1881 0 32349 63
1882 0 32147 63
1883 0 32335 63
1884 0 31892 63
1885 0 31941 63
1886 0 31891 63
1887 0 31938 63
1888 0 31932 63
1889 0 31931 63
1890 0 31979 63
1891 0 31927 63
1892 0 31945 63
1893 0 32023 63
1894 0 32016 63
1895 0 32362 63
1896 0 32012 63
1897 0 32014 63
1898 0 31762 63
1899 0 31955 63
1900 0 32110 63
1901 0 32151 63
1902 0 32298 63
1903 0 32143 63
1904 0 32033 63
1905 0 32229 63
1906 0 32178 63
1907 0 32372 63
1908 0 32271 63
1909 0 32613 63
1910 0 32514 63
1911 0 32363 63
1912 0 32515 63
1913 0 32311 63
1914 0 32410 63
1915 0 32553 63
1916 0 32456 63
1917 0 32450 63
1918 0 32448 63
1919 0 32496 63
1920 0 32351 63
1921 0 32494 63
1922 0 32735 63
1923 0 32333 63
1924 0 32289 63
1925 0 32224 63
1926 0 32322 63
1927 0 32769 63
1928 0 32323 63
1929 0 32296 63
1930 0 32191 63
1931 0 32727 63
1932 0 32277 63
1933 0 32271 63
1934 0 32467 63
1935 0 32667 63
1936 0 32368 63
1937 0 32711 63
1938 0 32358 63
1939 0 32805 63
1940 0 32493 63
1941 0 32837 63
1942 0 32489 63
1943 0 32935 63
1944 0 32985 63
1945 0 32726 63
1946 0 33125 63
1947 0 32670 63
1948 0 32923 63
1949 0 32667 63
1950 0 33658 63
1951 0 33357 63
1952 0 33505 63
1953 0 33404 63
1954 0 33847 63
1955 0 33498 63
1956 0 33644 63
1957 0 33538 63
1958 0 32686 63
1959 0 32782 63
1960 0 32538 63
1961 0 32573 63
1962 0 32276 63
1963 0 32772 63
1964 0 32373 63
1965 0 32766 63
1966 0 32413 63
1967 0 32461 63
1968 0 32161 63
1969 0 32600 63
1970 0 32543 63
1971 0 32242 63
1972 0 32245 63
1973 0 32386 63
1974 0 32484 63
1975 0 32431 63
1976 0 32632 63
1977 0 32829 63
1978 0 32278 63
1979 0 32519 63
1980 0 32123 63
1981 0 32464 63
1982 0 32366 63
1983 0 32559 63
1984 0 32312 63
1985 0 32306 63
1986 0 32594 63
1987 0 32592 63
1988 0 32343 63
1989 0 32583 63
1990 0 32378 63
1991 0 32526 63
1992 0 32428 63
1993 0 32473 63
1994 0 32519 63
1995 0 32416 63
1996 0 32118 63
1997 0 32211 63
1998 0 32061 63
1999 0 32473 63
2000 - - -
2001 - - -
2002 - - -
2003 - - -
2004 - - -
2005 - - -
2006 - - -
2007 - - -
2008 - - -
2009 - - -
2010 - - -
2011 - - -
2012 - - -
2013 - - -
2014 - - -
2015 - - -
2016 - - -
2017 - - -
2018 - - -
2019 - - -
2020 - - -
2021 - - -
2022 - - -
2023 - - -
2024 - - -
2025 - - -
2026 - - -
2027 - - -
2028 - - -
2029 - - -
2030 - - -
2031 - - -
2032 - - -
2033 - - -
2034 - - -
2035 - - -
2036 - - -
2037 - - -
2038 - - -
2039 - - -
2040 - - -
2041 - - -
2042 - - -
2043 - - -
2044 - - -
2045 - - -
2046 - - -
2047 - - -
2048 - - -
2049 - - -
2050 - - -
2051 - - -
2052 - - -
2053 - - -
2054 - - -
2055 - - -
2056 - - -
2057 - - -
2058 - - -
2059 - - -
2060 - - -
2061 - - -
2062 - - -
2063 62 390 1
2064 62 401 1
2065 62 362 1
2066 62 377 1
2067 62 393 1
2068 62 405 1
2069 62 372 1
2070 62 388 1
2071 62 404 1
2072 62 368 1
2073 62 382 1
2074 62 396 1
2075 62 364 1
2076 62 427 1
2077 62 394 1
2078 62 360 1
2079 62 376 1
2080 62 391 1
2081 62 407 1
2082 62 368 1
2083 62 384 1
2084 62 398 1
2085 62 362 1
2086 62 377 1
2087 62 397 1
2088 62 356 1
2089 62 370 1
2090 62 385 1
2091 62 351 1
2092 62 364 1
2093 62 381 1
2094 62 396 1
2095 62 362 1
2096 62 377 1
2097 62 392 1
2098 62 357 1
2099 62 372 1
2100 62 392 1
2101 62 355 1
2102 62 368 1
2103 62 381 1
2104 62 397 1
2105 62 362 1
2106 62 425 1
2107 62 440 1
2108 62 404 1
2109 62 421 1
2110 62 436 1
2111 62 403 1
2112 62 418 1
2113 62 432 1
2114 62 436 1
2115 62 402 1
2116 62 417 1
2117 62 432 1
2118 62 398 1
2119 62 412 1
2120 62 429 1
2121 62 394 1
2122 62 408 1
2123 62 411 1
2124 62 426 1
2125 62 393 1
2126 62 406 1
2127 62 421 1
2128 62 387 1
2129 62 403 1
2130 62 468 1
2131 62 434 1
2132 62 398 1
2133 62 413 1
2134 62 421 1
2135 62 385 1
2136 62 400 1
2137 62 415 1
2138 62 387 1
2139 62 397 1
2140 62 413 1
2141 62 428 1
2142 62 392 1
2143 62 408 1
2144 62 418 1
2145 62 384 1
2146 62 399 1
2147 62 415 1
2148 62 381 1
2149 62 395 1
2150 62 413 1
2151 62 376 1
2152 62 392 1
2153 62 406 1
2154 62 422 1
2155 62 388 1
2156 62 401 1
2157 62 418 1
2158 62 381 1
2159 62 396 1
2160 62 409 1
2161 62 374 1
2162 62 391 1
2163 62 408 1
2164 62 418 1
2165 62 377 1
2166 62 390 1
2167 62 405 1
2168 62 370 1
2169 62 385 1
2170 62 400 1
2171 62 416 1
2172 62 379 1
2173 62 393 1
2174 62 410 1
2175 62 375 1
2176 62 388 1
2177 62 403 1
2178 62 370 1
2179 62 382 1
2180 62 397 1
2181 62 419 1
2182 62 377 1
2183 62 393 1
2184 62 404 1
2185 62 370 1
2186 62 385 1
2187 62 398 1
2188 62 365 1
2189 62 374 1
2190 62 390 1
2191 62 406 1
2192 62 369 1
2193 62 381 1
2194 62 395 1
2195 62 361 1
2196 62 375 1
2197 62 391 1
2198 62 406 1
2199 62 364 1
2200 62 382 1
2201 62 398 1
2202 62 361 1
2203 62 375 1
2204 62 389 1
2205 62 398 1
2206 62 416 1
2207 62 379 1
2208 62 393 1
2209 62 359 1
2210 62 374 1
2211 62 391 1
2212 62 355 1
2213 62 370 1
2214 62 388 1
2215 62 361 1
2216 62 417 1
2217 62 382 1
2218 62 396 1
2219 62 411 1
2220 62 378 1
2221 62 392 1
2222 62 356 1
2223 62 371 1
2224 62 386 1
2225 62 351 1
2226 62 364 1
2227 62 379 1
2228 62 393 1
2229 62 408 1
2230 62 425 1
2231 62 489 1
2232 62 406 1
2233 62 421 1
2234 62 436 1
2235 62 400 1
2236 62 414 1
2237 62 430 1
2238 62 396 1
2239 62 413 1
2240 62 425 1
2241 62 441 1
2242 62 402 1
2243 62 416 1
2244 62 432 1
2245 62 398 1
2246 62 409 1
2247 62 425 1
2248 62 389 1
2249 62 406 1
2250 62 424 1
2251 62 385 1
2252 62 402 1
2253 62 416 1
2254 62 432 1
2255 62 396 1
2256 62 410 1
2257 62 426 1
2258 62 389 1
2259 62 407 1
2260 62 421 1
2261 62 385 1
2262 62 401 1
2263 62 416 1
2264 62 381 1
2265 62 391 1
2266 62 412 1
2267 62 423 1
2268 62 386 1
2269 62 398 1
2270 62 412 1
2271 62 477 1
2272 62 390 1
2273 62 404 1
2274 62 418 1
2275 62 377 1
2276 62 391 1
2277 62 408 1
2278 62 422 1
2279 62 386 1
2280 62 401 1
2281 62 416 1
2282 62 382 1
2283 62 398 1
2284 62 414 1
2285 62 380 1
2286 62 394 1
2287 62 404 1
2288 62 369 1
2289 62 384 1
2290 62 401 1
2291 62 415 1
2292 62 381 1
2293 62 392 1
2294 62 406 1
2295 62 373 1
2296 62 388 1
2297 62 407 1
2298 62 368 1
2299 62 385 1
2300 62 402 1
2301 62 365 1
2302 62 380 1
2303 62 395 1
2304 62 411 1
2305 62 377 1
2306 62 394 1
2307 62 408 1
2308 62 419 1
2309 62 385 1
2310 62 401 1
2311 62 366 1
2312 62 381 1
2313 62 397 1
2314 62 363 1
2315 62 380 1
2316 62 390 1
2317 62 406 1
2318 62 371 1
2319 62 381 1
2320 62 396 1
2321 62 363 1
2322 62 427 1
2323 62 393 1
2324 62 359 1
2325 62 376 1
2326 62 391 1
2327 62 405 1
2328 62 365 1
2329 62 382 1
2330 62 398 1
2331 62 364 1
2332 62 378 1
2333 62 392 1
2334 62 365 1
2335 62 375 1
2336 62 390 1
2337 62 357 1
2338 62 372 1
2339 62 388 1
2340 62 352 1
2341 62 361 1
2342 62 377 1
2343 62 398 1
2344 62 364 1
2345 62 371 1
2346 62 436 1
2347 62 452 1
2348 62 388 1
2349 62 352 1
2350 62 365 1
2351 62 376 1
2352 62 442 1
2353 62 406 1
2354 62 421 1
2355 62 435 1
2356 62 401 1
2357 62 415 1
2358 62 430 1
2359 62 446 1
2360 62 410 1
2361 62 426 1
2362 62 388 1
2363 62 403 1
2364 62 418 1
2365 62 435 1
2366 62 397 1
2367 62 414 1
2368 62 422 1
2369 62 438 1
2370 62 397 1
2371 62 412 1
2372 62 426 1
2373 62 390 1
2374 62 405 1
2375 62 420 1
2376 62 382 1
2377 62 399 1
2378 62 414 1
2379 62 428 1
2380 62 393 1
2381 62 406 1
2382 62 421 1
2383 62 386 1
2384 62 400 1
2385 62 416 1
2386 62 380 1
2387 62 395 1
2388 62 404 1
2389 62 418 1
2390 62 386 1
2391 62 400 1
2392 62 415 1
2393 62 380 1
2394 62 400 1
2395 62 409 1
2396 62 422 1
2397 62 387 1
2398 62 402 1
2399 62 468 1
2400 62 381 1
2401 62 397 1
2402 62 409 1
2403 62 377 1
2404 62 391 1
2405 62 405 1
2406 62 370 1
2407 62 385 1
2408 62 395 1
2409 62 410 1
2410 62 374 1
2411 62 389 1
2412 62 404 1
2413 62 369 1
2414 62 384 1
2415 62 399 1
2416 62 407 1
2417 62 372 1
2418 62 390 1
2419 62 403 1
2420 62 417 1
2421 62 377 1
2422 62 391 1
2423 62 407 1
2424 62 374 1
2425 62 388 1
2426 62 393 1
2427 62 404 1
2428 62 370 1
2429 62 386 1
2430 62 399 1
2431 62 363 1
2432 62 379 1
2433 62 446 1
2434 62 408 1
2435 62 372 1
2436 62 388 1
2437 62 404 1
2438 62 367 1
2439 62 381 1
2440 62 398 1
2441 62 362 1
2442 62 378 1
2443 62 444 1
2444 62 357 1
2445 62 373 1
2446 62 388 1
2447 62 394 1
2448 62 358 1
2449 62 376 1
2450 62 439 1
2451 62 353 1
2452 62 369 1
2453 62 384 1
2454 62 398 1
2455 62 414 1
2456 62 379 1
2457 62 396 1
2458 62 363 1
2459 62 376 1
2460 62 390 1
2461 62 355 1
2462 62 369 1
2463 62 384 1
2464 62 349 1
2465 62 364 1
2466 62 375 1
2467 62 388 1
2468 62 351 1
2469 62 367 1
2470 62 381 1
2471 62 402 1
2472 62 358 1
2473 62 372 1
2474 62 387 1
2475 62 403 1
2476 62 417 1
2477 62 432 1
2478 62 396 1
2479 62 414 1
2480 62 429 1
2481 62 393 1
2482 62 407 1
2483 62 424 1
2484 62 439 1
2485 62 403 1
2486 62 414 1
2487 62 428 1
2488 62 394 1
2489 62 409 1
2490 62 424 1
2491 62 439 1
2492 62 398 1
2493 62 413 1
2494 62 431 1
2495 62 393 1
2496 62 408 1
2497 62 424 1
2498 62 386 1
2499 62 402 1
2500 62 416 1
2501 62 429 1
2502 62 392 1
2503 62 410 1
2504 62 424 1
2505 62 392 1
2506 62 397 1
2507 62 412 1
2508 62 426 1
2509 62 440 1
2510 62 405 1
2511 62 420 1
2512 62 386 1
2513 62 401 1
2514 62 416 1
2515 62 382 1
2516 62 398 1
2517 62 414 1
2518 62 378 1
2519 62 394 1
2520 62 407 1
2521 62 421 1
2522 62 393 1
2523 62 401 1
2524 62 417 1
2525 62 384 1
2526 62 393 1
2527 62 407 1
2528 62 372 1
2529 62 386 1
2530 62 401 1
2531 62 417 1
2532 62 381 1
2533 62 397 1
2534 62 465 1
2535 62 380 1
2536 62 393 1
2537 62 410 1
2538 62 374 1
2539 62 388 1
2540 62 401 1
2541 62 367 1
2542 62 382 1
2543 62 395 1
2544 62 409 1
2545 62 375 1
2546 62 385 1
2547 62 400 1
2548 62 413 1
2549 62 377 1
2550 62 389 1
2551 62 405 1
2552 62 368 1
2553 62 384 1
2554 62 400 1
2555 62 364 1
2556 62 378 1
2557 62 394 1
2558 62 408 1
2559 62 374 1
2560 62 389 1
2561 62 403 1
2562 62 367 1
2563 62 383 1
2564 62 397 1
2565 62 359 1
2566 62 374 1
2567 62 388 1
2568 62 397 1
2569 62 363 1
2570 62 384 1
2571 62 393 1
2572 62 358 1
2573 62 373 1
2574 62 388 1
2575 62 399 1
2576 62 364 1
2577 62 370 1
2578 62 384 1
2579 62 399 1
2580 62 367 1
2581 62 378 1
2582 62 394 1
2583 62 358 1
2584 62 369 1
2585 62 383 1
2586 62 397 1
2587 62 363 1
2588 62 377 1
2589 62 393 1
2590 62 356 1
2591 62 371 1
2592 62 386 1
2593 62 351 1
2594 62 367 1
2595 62 383 1
2596 62 347 1
2597 62 413 1
2598 62 428 1
2599 62 401 1
2600 62 409 1
2601 62 424 1
2602 62 439 1
2603 62 405 1
2604 62 416 1
2605 62 433 1
2606 62 397 1
2607 62 412 1
2608 62 427 1
2609 62 394 1
2610 62 459 1
2611 62 427 1
2612 62 388 1
2613 62 402 1
2614 62 417 1
2615 62 428 1
2616 62 391 1
2617 62 408 1
2618 62 426 1
2619 62 389 1
2620 62 403 1
2621 62 417 1
2622 62 432 1
2623 62 396 1
2624 62 408 1
2625 62 422 1
2626 62 382 1
2627 62 397 1
2628 62 412 1
2629 62 428 1
2630 62 392 1
2631 62 408 1
2632 62 421 1
2633 62 387 1
2634 62 402 1
2635 62 417 1
2636 62 382 1
2637 62 395 1
2638 62 409 1
2639 62 424 1
2640 62 388 1
2641 62 405 1
2642 62 416 1
2643 62 427 1
2644 62 388 1
2645 62 409 1
2646 62 417 1
2647 62 382 1
2648 62 397 1
2649 62 416 1
2650 62 385 1
2651 62 394 1
2652 62 410 1
2653 62 418 1
2654 62 383 1
2655 62 396 1
2656 62 412 1
2657 62 374 1
2658 62 389 1
2659 62 404 1
2660 62 370 1
2661 62 385 1
2662 62 401 1
2663 62 416 1
2664 62 377 1
2665 62 392 1
2666 62 406 1
2667 62 373 1
2668 62 387 1
2669 62 402 1
2670 62 368 1
2671 62 381 1
2672 62 397 1
2673 62 363 1
2674 62 379 1
2675 62 394 1
2676 62 408 1
2677 62 369 1
2678 62 385 1
2679 62 400 1
2680 62 366 1
2681 62 381 1
2682 62 397 1
2683 62 411 1
2684 62 373 1
2685 62 389 1
2686 62 403 1
2687 62 369 1
2688 62 384 1
2689 62 398 1
2690 62 365 1
2691 62 379 1
2692 62 391 1
2693 62 359 1
2694 62 375 1
2695 62 388 1
2696 62 402 1
2697 62 367 1
2698 62 382 1
2699 62 401 1
2700 62 365 1
2701 62 381 1
2702 62 397 1
2703 62 357 1
2704 62 371 1
2705 62 384 1
2706 62 398 1
2707 62 364 1
2708 62 377 1
2709 62 390 1
2710 62 354 1
2711 62 370 1
2712 62 386 1
2713 62 350 1
2714 62 364 1
2715 62 380 1
2716 62 396 1
2717 62 361 1
2718 62 375 1
2719 62 435 1
2720 62 399 1
2721 62 419 1
2722 62 429 1
2723 62 396 1
2724 62 410 1
2725 62 421 1
2726 62 435 1
2727 62 407 1
2728 62 417 1
2729 62 426 1
2730 62 390 1
2731 62 406 1
2732 62 424 1
2733 62 435 1
2734 62 403 1
2735 62 416 1
2736 62 482 1
2737 62 447 1
2738 62 413 1
2739 62 428 1
2740 62 394 1
2741 62 410 1
2742 62 424 1
2743 62 390 1
2744 62 406 1
2745 62 422 1
2746 62 384 1
2747 62 398 1
2748 62 416 1
2749 62 429 1
2750 62 396 1
2751 62 410 1
2752 62 428 1
2753 62 391 1
2754 62 395 1
2755 62 410 1
2756 62 424 1
2757 62 391 1
2758 62 406 1
2759 62 421 1
2760 62 385 1
2761 62 402 1
2762 62 416 1
2763 62 382 1
2764 62 399 1
2765 62 414 1
2766 62 418 1
2767 62 384 1
2768 62 399 1
2769 62 414 1
2770 62 381 1
2771 62 389 1
2772 62 403 1
2773 62 419 1
2774 62 383 1
2775 62 398 1
2776 62 413 1
2777 62 380 1
2778 62 399 1
2779 62 411 1
2780 62 375 1
2781 62 391 1
2782 62 405 1
2783 62 370 1
2784 62 386 1
2785 62 400 1
2786 62 412 1
2787 62 378 1
2788 62 394 1
2789 62 410 1
2790 62 376 1
2791 62 390 1
2792 62 405 1
2793 62 371 1
2794 62 387 1
2795 62 396 1
2796 62 412 1
2797 62 377 1
2798 62 393 1
2799 62 407 1
2800 62 374 1
2801 62 390 1
2802 62 403 1
2803 62 369 1
2804 62 383 1
2805 62 384 1
2806 62 395 1
2807 62 360 1
2808 62 378 1
2809 62 389 1
2810 62 404 1
2811 62 369 1
2812 62 384 1
2813 62 399 1
2814 62 363 1
2815 62 379 1
2816 62 393 1
2817 62 360 1
2818 62 375 1
2819 62 392 1
2820 62 358 1
2821 62 372 1
2822 62 386 1
2823 62 351 1
2824 62 368 1
2825 62 385 1
2826 62 398 1
2827 62 357 1
2828 62 373 1
2829 62 389 1
2830 62 355 1
2831 62 366 1
2832 62 380 1
2833 62 346 1
2834 62 412 1
2835 62 376 1
2836 62 392 1
2837 62 356 1
2838 62 373 1
2839 62 438 1
2840 62 353 1
2841 62 372 1
2842 62 385 1
2843 62 349 1
2844 62 367 1
2845 62 380 1
2846 62 395 1
2847 62 411 1
2848 62 425 1
2849 62 439 1
2850 62 404 1
2851 62 419 1
2852 62 433 1
2853 62 399 1
2854 62 415 1
2855 62 433 1
2856 62 392 1
2857 62 408 1
2858 62 423 1
2859 62 391 1
2860 62 405 1
2861 62 424 1
2862 62 387 1
2863 62 409 1
2864 62 417 1
2865 62 433 1
2866 62 395 1
2867 62 412 1
2868 62 421 1
2869 62 387 1
2870 62 401 1
2871 62 412 1
2872 62 425 1
2873 62 396 1
2874 62 407 1
2875 62 423 1
2876 62 387 1
2877 62 402 1
2878 62 417 1
2879 62 382 1
2880 62 397 1
2881 62 409 1
2882 62 419 1
2883 62 427 1
2884 62 390 1
2885 62 406 1
2886 62 421 1
2887 62 388 1
2888 62 401 1
2889 62 463 1
2890 62 380 1
2891 62 396 1
2892 62 411 1
2893 62 376 1
2894 62 393 1
2895 62 408 1
2896 62 374 1
2897 62 391 1
2898 62 406 1
2899 62 418 1
2900 62 384 1
2901 62 398 1
2902 62 413 1
2903 62 379 1
2904 62 395 1
2905 62 412 1
2906 62 381 1
2907 62 393 1
2908 62 407 1
2909 62 370 1
2910 62 383 1
2911 62 448 1
2912 62 364 1
2913 62 379 1
2914 62 395 1
2915 62 410 1
2916 62 376 1
2917 62 392 1
2918 62 406 1
2919 62 373 1
2920 62 386 1
2921 62 398 1
2922 62 362 1
2923 62 377 1
2924 62 392 1
2925 62 407 1
2926 62 372 1
2927 62 386 1
2928 62 400 1
2929 62 365 1
2930 62 374 1
2931 62 390 1
2932 62 404 1
2933 62 365 1
2934 62 378 1
2935 62 393 1
2936 62 357 1
2937 62 373 1
2938 62 389 1
2939 62 403 1
2940 62 369 1
2941 62 384 1
2942 62 398 1
2943 62 363 1
2944 62 377 1
2945 62 392 1
2946 62 357 1
2947 62 368 1
2948 62 385 1
2949 62 405 1
2950 62 366 1
2951 62 377 1
2952 62 390 1
2953 62 357 1
2954 62 373 1
2955 62 389 1
2956 62 396 1
2957 62 361 1
2958 62 374 1
2959 62 386 1
2960 62 351 1
2961 62 366 1
2962 62 381 1
2963 62 345 1
2964 62 360 1
2965 62 374 1
2966 62 438 1
2967 62 406 1
2968 62 421 1
2969 62 437 1
2970 62 397 1
2971 62 413 1
2972 62 429 1
2973 62 391 1
2974 62 406 1
2975 62 424 1
2976 62 440 1
2977 62 404 1
2978 62 420 1
2979 62 436 1
2980 62 399 1
2981 62 414 1
2982 62 430 1
2983 62 400 1
2984 62 412 1
2985 62 426 1
2986 62 442 1
2987 62 408 1
2988 62 424 1
2989 62 389 1
2990 62 403 1
2991 62 400 1
2992 62 414 1
2993 62 428 1
2994 62 393 1
2995 62 407 1
2996 62 424 1
2997 62 387 1
2998 62 404 1
2999 62 417 1
3000 62 382 1
3001 62 398 1
3002 62 412 1
3003 62 376 1
3004 62 392 1
3005 62 408 1
3006 62 420 1
3007 62 383 1
3008 62 400 1
3009 62 416 1
3010 62 425 1
3011 62 387 1
3012 62 399 1
3013 62 415 1
3014 62 380 1
3015 62 395 1
3016 62 408 1
3017 62 373 1
3018 62 387 1
3019 62 402 1
3020 62 415 1
3021 62 381 1
3022 62 389 1
3023 62 404 1
3024 62 371 1
3025 62 380 1
3026 62 399 1
3027 62 416 1
3028 62 379 1
3029 62 396 1
3030 62 406 1
3031 62 422 1
3032 62 376 1
3033 62 391 1
3034 62 410 1
3035 62 372 1
3036 62 385 1
3037 62 401 1
3038 62 365 1
3039 62 429 1
3040 62 443 1
3041 62 410 1
3042 62 375 1
3043 62 390 1
3044 62 406 1
3045 62 372 1
3046 62 385 1
3047 62 401 1
3048 62 385 1
3049 62 381 1
3050 62 390 1
3051 62 406 1
3052 62 368 1
3053 62 384 1
3054 62 398 1
3055 62 364 1
3056 62 377 1
3057 62 394 1
3058 62 358 1
3059 62 376 1
3060 62 389 1
3061 62 399 1
3062 62 364 1
3063 62 379 1
3064 62 394 1
3065 62 409 1
3066 62 373 1
3067 62 390 1
3068 62 354 1
3069 62 372 1
3070 62 381 1
3071 62 395 1
3072 62 359 1
3073 62 374 1
3074 62 390 1
3075 62 353 1
3076 62 366 1
3077 62 380 1
3078 62 394 1
3079 62 359 1
3080 62 375 1
3081 62 390 1
3082 62 356 1
3083 62 370 1
3084 62 384 1
3085 62 399 1
3086 62 361 1
3087 62 373 1
3088 62 438 1
3089 62 402 1
3090 62 415 1
3091 62 427 1
3092 62 394 1
3093 62 407 1
3094 62 422 1
3095 62 437 1
3096 62 401 1
3097 62 411 1
3098 62 428 1
3099 62 390 1
3100 62 404 1
3101 62 423 1
3102 62 437 1
3103 62 402 1
3104 62 417 1
3105 62 430 1
3106 62 396 1
3107 62 402 1
3108 62 416 1
3109 62 430 1
3110 62 393 1
3111 62 412 1
3112 62 419 1
3113 62 433 1
3114 62 397 1
3115 62 412 1
3116 62 477 1
3117 62 394 1
3118 62 410 1
3119 62 424 1
3120 62 386 1
3121 62 402 1
3122 62 416 1
3123 62 382 1
3124 62 396 1
3125 62 411 1
3126 62 427 1
3127 62 393 1
3128 62 406 1
3129 62 417 1
3130 62 381 1
3131 62 396 1
3132 62 410 1
3133 62 426 1
3134 62 391 1
3135 62 407 1
3136 62 421 1
3137 62 387 1
3138 62 398 1
3139 62 413 1
3140 62 377 1
3141 62 392 1
3142 62 407 1
3143 62 372 1
3144 62 386 1
3145 62 401 1
3146 62 412 1
3147 62 382 1
3148 62 390 1
3149 62 404 1
3150 62 418 1
3151 62 384 1
3152 62 398 1
3153 62 412 1
3154 62 378 1
3155 62 392 1
3156 62 406 1
3157 62 370 1
3158 62 384 1
3159 62 398 1
3160 62 414 1
3161 62 377 1
3162 62 396 1
3163 62 406 1
3164 62 370 1
3165 62 385 1
3166 62 399 1
3167 62 413 1
3168 62 374 1
3169 62 389 1
3170 62 403 1
3171 62 368 1
3172 62 382 1
3173 62 392 1
3174 62 408 1
3175 62 374 1
3176 62 387 1
3177 62 403 1
3178 62 368 1
3179 62 380 1
3180 62 397 1
3181 62 361 1
3182 62 372 1
3183 62 388 1
3184 62 402 1
3185 62 367 1
3186 62 381 1
3187 62 399 1
3188 62 403 1
3189 62 359 1
3190 62 373 1
3191 62 390 1
3192 62 355 1
3193 62 370 1
3194 62 386 1
3195 62 351 1
3196 62 365 1
3197 62 384 1
3198 62 395 1
3199 62 360 1
3200 62 375 1
3201 62 391 1
3202 62 356 1
3203 62 372 1
3204 62 386 1
3205 62 351 1
3206 62 366 1
3207 62 380 1
3208 62 391 1
3209 62 406 1
3210 62 421 1
3211 62 437 1
3212 62 401 1
3213 62 417 1
3214 62 429 1
3215 62 440 1
3216 62 405 1
3217 62 421 1
3218 62 486 1
3219 62 402 1
3220 62 415 1
3221 62 429 1
3222 62 393 1
3223 62 409 1
3224 62 423 1
3225 62 392 1
3226 62 405 1
3227 62 419 1
3228 62 429 1
3229 62 396 1
3230 62 411 1
3231 62 424 1
3232 62 390 1
3233 62 406 1
3234 62 421 1
3235 62 384 1
3236 62 399 1
3237 62 414 1
3238 62 429 1
3239 62 401 1
3240 62 409 1
3241 62 423 1
3242 62 388 1
3243 62 404 1
3244 62 417 1
3245 62 385 1
3246 62 398 1
3247 62 411 1
3248 62 419 1
3249 62 385 1
3250 62 399 1
3251 62 416 1
3252 62 380 1
3253 62 393 1
3254 62 407 1
3255 62 424 1
3256 62 387 1
3257 62 401 1
3258 62 406 1
3259 62 421 1
3260 62 384 1
3261 62 399 1
3262 62 415 1
3263 62 381 1
3264 62 393 1
3265 62 408 1
3266 62 416 1
3267 62 428 1
3268 62 392 1
3269 62 406 1
3270 62 368 1
3271 62 384 1
3272 62 398 1
3273 62 415 1
3274 62 380 1
3275 62 394 1
3276 62 407 1
3277 62 373 1
3278 62 389 1
3279 62 404 1
3280 62 368 1
3281 62 384 1
3282 62 399 1
3283 62 414 1
3284 62 378 1
3285 62 393 1
3286 62 404 1
3287 62 370 1
3288 62 385 1
3289 62 398 1
3290 62 367 1
3291 62 429 1
3292 62 394 1
3293 62 360 1
3294 62 374 1
3295 62 389 1
3296 62 405 1
3297 62 373 1
3298 62 384 1
3299 62 399 1
3300 62 362 1
3301 62 381 1
3302 62 392 1
3303 62 356 1
3304 62 370 1
3305 62 387 1
3306 62 395 1
3307 62 362 1
3308 62 377 1
3309 62 392 1
3310 62 358 1
3311 62 372 1
3312 62 388 1
3313 62 353 1
3314 62 368 1
3315 62 383 1
3316 62 403 1
3317 62 359 1
3318 62 374 1
3319 62 389 1
3320 62 352 1
3321 62 367 1
3322 62 384 1
3323 62 400 1
3324 62 359 1
3325 62 374 1
3326 62 396 1
3327 62 356 1
3328 62 368 1
3329 62 384 1
3330 62 349 1
3331 62 365 1
3332 62 378 1
3333 62 443 1
3334 62 405 1
3335 62 371 1
3336 62 434 1
3337 62 402 1
3338 62 416 1
3339 62 435 1
3340 62 397 1
3341 62 410 1
3342 62 424 1
3343 62 485 1
3344 62 401 1
3345 62 416 1
3346 62 432 1
3347 62 394 1
3348 62 405 1
3349 62 418 1
3350 62 436 1
3351 62 401 1
3352 62 417 1
3353 62 432 1
3354 62 400 1
3355 62 414 1
3356 62 427 1
3357 62 391 1
3358 62 406 1
3359 62 420 1
3360 62 388 1
3361 62 400 1
3362 62 415 1
3363 62 380 1
3364 62 396 1
3365 62 412 1
3366 62 426 1
3367 62 447 1
3368 62 403 1
3369 62 417 1
3370 62 382 1
3371 62 397 1
3372 62 463 1
3373 62 378 1
3374 62 393 1
3375 62 409 1
3376 62 424 1
3377 62 388 1
3378 62 403 1
3379 62 419 1
3380 62 385 1
3381 62 399 1
3382 62 415 1
3383 62 381 1
3384 62 395 1
3385 62 411 1
3386 62 375 1
3387 62 390 1
3388 62 402 1
3389 62 416 1
3390 62 384 1
3391 62 399 1
3392 62 413 1
3393 62 382 1
3394 62 393 1
3395 62 408 1
3396 62 374 1
3397 62 390 1
3398 62 403 1
3399 62 420 1
3400 62 378 1
3401 62 450 1
3402 62 413 1
3403 62 373 1
3404 62 390 1
3405 62 406 1
3406 62 371 1
3407 62 386 1
3408 62 397 1
3409 62 411 1
3410 62 376 1
3411 62 390 1
3412 62 405 1
3413 62 371 1
3414 62 386 1
3415 62 402 1
3416 62 366 1
3417 62 382 1
3418 62 401 1
3419 62 363 1
3420 62 378 1
3421 62 393 1
3422 62 358 1
3423 62 425 1
3424 62 389 1
3425 62 406 1
3426 62 369 1
3427 62 384 1
3428 62 400 1
3429 62 361 1
3430 62 374 1
3431 62 392 1
3432 62 357 1
3433 62 372 1
3434 62 387 1
3435 62 353 1
3436 62 369 1
3437 62 385 1
3438 62 400 1
3439 62 366 1
3440 62 380 1
3441 62 396 1
3442 62 362 1
3443 62 378 1
3444 62 395 1
3445 62 356 1
3446 62 371 1
3447 62 389 1
3448 62 403 1
3449 62 369 1
3450 62 377 1
3451 62 392 1
3452 62 358 1
3453 62 372 1
3454 62 385 1
3455 62 350 1
3456 62 416 1
3457 62 431 1
3458 62 395 1
3459 62 412 1
3460 62 425 1
3461 62 442 1
3462 62 404 1
3463 62 417 1
3464 62 433 1
3465 62 399 1
3466 62 413 1
3467 62 428 1
3468 62 393 1
3469 62 407 1
3470 62 418 1
3471 62 427 1
3472 62 392 1
3473 62 407 1
3474 62 472 1
3475 62 437 1
3476 62 395 1
3477 62 411 1
3478 62 425 1
3479 62 391 1
3480 62 404 1
3481 62 420 1
3482 62 384 1
3483 62 400 1
3484 62 416 1
3485 62 429 1
3486 62 390 1
3487 62 403 1
3488 62 419 1
3489 62 383 1
3490 62 398 1
3491 62 408 1
3492 62 423 1
3493 62 386 1
3494 62 402 1
3495 62 421 1
3496 62 432 1
3497 62 400 1
3498 62 412 1
3499 62 378 1
3500 62 391 1
3501 62 405 1
3502 62 422 1
3503 62 385 1
3504 62 401 1
3505 62 416 1
3506 62 431 1
3507 62 396 1
3508 62 410 1
3509 62 375 1
3510 62 390 1
3511 62 400 1
3512 62 414 1
3513 62 380 1
3514 62 395 1
3515 62 414 1
3516 62 377 1
3517 62 391 1
3518 62 405 1
3519 62 370 1
3520 62 383 1
3521 62 399 1
3522 62 411 1
3523 62 376 1
3524 62 390 1
3525 62 405 1
3526 62 368 1
3527 62 385 1
3528 62 402 1
3529 62 368 1
3530 62 381 1
3531 62 397 1
3532 62 408 1
3533 62 372 1
3534 62 389 1
3535 62 403 1
3536 62 369 1
3537 62 383 1
3538 62 400 1
3539 62 366 1
3540 62 381 1
3541 62 394 1
3542 62 360 1
3543 62 376 1
3544 62 396 1
3545 62 406 1
3546 62 385 1
3547 62 389 1
3548 62 403 1
3549 62 369 1
3550 62 385 1
3551 62 447 1
3552 62 402 1
3553 62 370 1
3554 62 391 1
3555 62 400 1
3556 62 364 1
3557 62 381 1
3558 62 395 1
3559 62 361 1
3560 62 377 1
3561 62 391 1
3562 62 353 1
3563 62 367 1
3564 62 384 1
3565 62 350 1
3566 62 364 1
3567 62 382 1
3568 62 394 1
3569 62 358 1
3570 62 373 1
3571 62 390 1
3572 62 397 1
3573 62 357 1
3574 62 374 1
3575 62 388 1
3576 62 403 1
3577 62 369 1
3578 62 383 1
3579 62 398 1
3580 62 413 1
3581 62 427 1
3582 62 396 1
3583 62 409 1
3584 62 423 1
3585 62 439 1
3586 62 404 1
3587 62 417 1
3588 62 434 1
3589 62 398 1
3590 62 413 1
3591 62 428 1
3592 62 394 1
3593 62 403 1
3594 62 420 1
3595 62 433 1
3596 62 401 1
3597 62 422 1
3598 62 431 1
3599 62 392 1
3600 62 406 1
3601 62 420 1
3602 62 385 1
3603 62 401 1
3604 62 417 1
3605 62 431 1
3606 62 396 1
3607 62 412 1
3608 62 427 1
3609 62 394 1
3610 62 409 1
3611 62 424 1
3612 62 438 1
3613 62 394 1
3614 62 399 1
3615 62 414 1
3616 62 378 1
3617 62 393 1
3618 62 408 1
3619 62 428 1
3620 62 388 1
3621 62 402 1
3622 62 417 1
3623 62 388 1
3624 62 398 1
3625 62 413 1
3626 62 377 1
3627 62 386 1
3628 62 399 1
3629 62 423 1
3630 62 385 1
3631 62 396 1
3632 62 411 1
3633 62 426 1
3634 62 420 1
3635 62 383 1
3636 62 398 1
3637 62 406 1
3638 62 371 1
3639 62 384 1
3640 62 399 1
3641 62 413 1
3642 62 378 1
3643 62 390 1
3644 62 403 1
3645 62 369 1
3646 62 384 1
3647 62 448 1
3648 62 413 1
3649 62 377 1
3650 62 388 1
3651 62 403 1
3652 62 368 1
3653 62 384 1
3654 62 394 1
3655 62 411 1
3656 62 374 1
3657 62 390 1
3658 62 405 1
3659 62 372 1
3660 62 385 1
3661 62 401 1
3662 62 365 1
3663 62 379 1
3664 62 394 1
3665 62 359 1
3666 62 374 1
3667 62 390 1
3668 62 404 1
3669 62 369 1
3670 62 435 1
3671 62 400 1
3672 62 364 1
3673 62 379 1
3674 62 397 1
3675 62 356 1
3676 62 371 1
3677 62 387 1
3678 62 400 1
3679 62 365 1
3680 62 382 1
3681 62 395 1
3682 62 358 1
3683 62 374 1
3684 62 391 1
3685 62 355 1
3686 62 369 1
3687 62 385 1
3688 62 348 1
3689 62 365 1
3690 62 379 1
3691 62 395 1
3692 62 358 1
3693 62 368 1
3694 62 385 1
3695 62 350 1
3696 62 368 1
3697 62 382 1
3698 62 346 1
3699 62 361 1
3700 62 376 1
3701 62 385 1
3702 62 400 1
3703 62 410 1
3704 62 430 1
3705 62 439 1
3706 62 403 1
3707 62 417 1
3708 62 432 1
3709 62 397 1
3710 62 412 1
3711 62 429 1
3712 62 428 1
3713 62 394 1
3714 62 407 1
3715 62 423 1
3716 62 386 1
3717 62 402 1
3718 62 417 1
3719 62 430 1
3720 62 393 1
3721 62 407 1
3722 62 423 1
3723 62 438 1
3724 62 403 1
3725 62 418 1
3726 62 431 1
3727 62 391 1
3728 62 404 1
3729 62 422 1
3730 62 385 1
3731 62 400 1
3732 62 410 1
3733 62 427 1
3734 62 392 1
3735 62 407 1
3736 62 421 1
3737 62 386 1
3738 62 403 1
3739 62 417 1
3740 62 382 1
3741 62 398 1
3742 62 412 1
3743 62 428 1
3744 62 393 1
3745 62 409 1
3746 62 425 1
3747 62 388 1
3748 62 402 1
3749 62 417 1
3750 62 381 1
3751 62 400 1
3752 62 406 1
3753 62 421 1
3754 62 385 1
3755 62 400 1
3756 62 415 1
3757 62 378 1
3758 62 392 1
3759 62 406 1
3760 62 371 1
3761 62 385 1
3762 62 401 1
3763 62 415 1
3764 62 380 1
3765 62 393 1
3766 62 409 1
3767 62 374 1
3768 62 389 1
3769 62 404 1
3770 62 369 1
3771 62 384 1
3772 62 393 1
3773 62 409 1
3774 62 374 1
3775 62 389 1
3776 62 402 1
3777 62 416 1
3778 62 370 1
3779 62 385 1
3780 62 405 1
3781 62 416 1
3782 62 381 1
3783 62 396 1
3784 62 362 1
3785 62 376 1
3786 62 391 1
3787 62 405 1
3788 62 367 1
3789 62 383 1
3790 62 396 1
3791 62 410 1
3792 62 368 1
3793 62 384 1
3794 62 400 1
3795 62 363 1
3796 62 378 1
3797 62 443 1
3798 62 358 1
3799 62 372 1
3800 62 387 1
3801 62 352 1
3802 62 373 1
3803 62 383 1
3804 62 396 1
3805 62 362 1
3806 62 378 1
3807 62 443 1
3808 62 359 1
3809 62 374 1
3810 62 388 1
3811 62 399 1
3812 62 363 1
3813 62 379 1
3814 62 393 1
3815 62 359 1
3816 62 372 1
3817 62 436 1
3818 62 349 1
3819 62 365 1
3820 62 378 1
3821 62 394 1
3822 62 359 1
3823 62 374 1
3824 62 389 1
3825 62 403 1
3826 62 417 1
3827 62 434 1
3828 62 448 1
3829 62 405 1
3830 62 419 1
3831 62 430 1
3832 62 398 1
3833 62 410 1
3834 62 423 1
3835 62 438 1
3836 62 402 1
3837 62 418 1
3838 62 431 1
3839 62 398 1
3840 62 411 1
3841 62 427 1
3842 62 391 1
3843 62 405 1
3844 62 422 1
3845 62 387 1
3846 62 402 1
3847 62 418 1
3848 62 432 1
3849 62 399 1
3850 62 410 1
3851 62 423 1
3852 62 387 1
3853 62 396 1
3854 62 410 1
3855 62 427 1
3856 62 390 1
3857 62 402 1
3858 62 417 1
3859 62 385 1
3860 62 398 1
3861 62 412 1
3862 62 427 1
3863 62 384 1
3864 62 399 1
3865 62 415 1
3866 62 377 1
3867 62 390 1
3868 62 405 1
3869 62 421 1
3870 62 381 1
3871 62 395 1
3872 62 410 1
3873 62 376 1
3874 62 440 1
3875 62 405 1
3876 62 420 1
3877 62 385 1
3878 62 401 1
3879 62 422 1
3880 62 381 1
3881 62 396 1
3882 62 410 1
3883 62 375 1
3884 62 390 1
3885 62 404 1
3886 62 367 1
3887 62 384 1
3888 62 398 1
3889 62 411 1
3890 62 371 1
3891 62 388 1
3892 62 401 1
3893 62 366 1
3894 62 382 1
3895 62 399 1
3896 62 413 1
3897 62 379 1
3898 62 393 1
3899 62 409 1
3900 62 373 1
3901 62 387 1
3902 62 402 1
3903 62 368 1
3904 62 384 1
3905 62 399 1
3906 62 405 1
3907 62 371 1
3908 62 385 1
3909 62 399 1
3910 62 359 1
3911 62 373 1
3912 62 386 1
3913 62 400 1
3914 62 365 1
3915 62 381 1
3916 62 395 1
3917 62 360 1
3918 62 373 1
3919 62 388 1
3920 62 402 1
3921 62 367 1
3922 62 382 1
3923 62 398 1
3924 62 363 1
3925 62 377 1
3926 62 391 1
3927 62 354 1
3928 62 370 1
3929 62 379 1
3930 62 397 1
3931 62 356 1
3932 62 367 1
3933 62 384 1
3934 62 348 1
3935 62 414 1
3936 62 378 1
3937 62 392 1
3938 62 349 1
3939 62 365 1
3940 62 379 1
3941 62 395 1
3942 62 359 1
3943 62 374 1
3944 62 388 1
3945 62 356 1
3946 62 364 1
3947 62 428 1
3948 62 442 1
3949 62 403 1
3950 62 419 1
3951 62 433 1
3952 62 399 1
3953 62 416 1
3954 62 430 1
3955 62 397 1
3956 62 412 1
3957 62 424 1
3958 62 438 1
3959 62 404 1
3960 62 418 1
3961 62 435 1
3962 62 399 1
3963 62 415 1
3964 62 430 1
3965 62 395 1
3966 62 410 1
3967 62 426 1
3968 62 389 1
3969 62 404 1
3970 62 414 1
3971 62 429 1
3972 62 445 1
3973 62 410 1
3974 62 427 1
3975 62 392 1
3976 62 407 1
3977 62 423 1
3978 62 387 1
3979 62 403 1
3980 62 419 1
3981 62 383 1
3982 62 398 1
3983 62 408 1
3984 62 423 1
3985 62 387 1
3986 62 402 1
3987 62 417 1
3988 62 384 1
3989 62 399 1
3990 62 412 1
3991 62 376 1
3992 62 392 1
3993 62 408 1
3994 62 373 1
3995 62 392 1
3996 62 406 1
3997 62 422 1
3998 62 386 1
3999 62 401 1
