0 0 33508 63
1 0 32602 63
2 0 32357 63
3 0 32404 63
4 0 32519 63
5 0 32505 63
6 0 32577 63
7 0 32494 63
8 0 32615 63
9 0 32215 63
10 0 32382 63
11 0 32456 63
12 0 32448 63
13 0 32468 63
14 0 32388 63
15 0 32556 63
16 0 32305 63
17 0 32425 63
18 0 32444 63
19 0 32570 63
20 0 32535 63
21 0 32259 63
22 0 32327 63
23 0 32413 63
24 0 32330 63
25 0 32392 63
26 0 32418 63
27 0 32503 63
28 0 32183 63
29 0 32338 63
30 0 32263 63
31 0 32308 63
32 0 32273 63
33 0 32192 63
34 0 32016 63
35 0 32136 63
36 0 32107 63
37 0 32071 63
38 0 32243 63
39 0 32404 63
40 0 32408 63
41 0 32617 63
42 0 32484 63
43 0 32653 63
44 0 32405 63
45 0 32714 63
46 0 32435 63
47 0 32405 63
48 0 32451 63
49 0 32423 63
50 0 32446 63
51 0 32422 63
52 0 32486 63
53 0 32422 63
54 0 32393 63
55 0 32412 63
56 0 32435 63
57 0 32752 63
58 0 32419 63
59 0 32453 63
60 0 32371 63
61 0 32435 63
62 - - -
63 - - -
64 1 30303 62
65 1 30258 62
66 1 30313 62
67 1 30088 62
68 1 30254 62
69 1 30275 62
70 1 30142 62
71 1 30113 62
72 1 29935 62
73 1 30056 62
74 1 30130 62
75 1 29616 62
76 1 29582 62
77 1 29444 62
78 1 28981 62
79 1 28895 62
80 1 28738 62
81 1 28889 62
82 1 28957 62
83 1 28675 62
84 1 29354 62
85 1 29518 62
86 1 29361 62
87 1 28773 62
88 1 29169 62
89 1 29142 62
90 1 29167 62
91 1 29467 62
92 1 29149 62
93 1 29114 62
94 1 29016 62
95 1 29382 62
96 1 29219 62
97 1 29599 62
98 1 29461 62
99 1 29126 62
100 1 29196 62
101 1 29114 62
102 1 28825 62
103 1 29016 62
104 1 29171 62
105 1 29038 62
106 1 28998 62
107 1 29582 62
108 1 29556 62
109 1 29556 62
110 1 29440 62
111 1 29218 62
112 1 29499 62
113 1 29378 62
114 1 29128 62
115 1 29445 62
116 1 29317 62
117 1 29524 62
118 1 29249 62
119 1 29812 62
120 1 29556 62
121 1 29386 62
122 1 29352 62
123 1 30010 62
124 1 29953 62
125 1 32727 62
126 - - -
127 - - -
128 2 27802 61
129 2 27612 61
130 2 27722 61
131 2 27841 61
132 2 27755 61
133 2 27723 61
134 2 27643 61
135 2 27451 61
136 2 27831 61
137 2 27561 61
138 2 27769 61
139 2 27685 61
140 2 27514 61
141 2 27916 61
142 2 27828 61
143 2 27293 61
144 2 27919 61
145 2 27739 61
146 2 27825 61
147 2 27489 61
148 2 27545 61
149 2 27630 61
150 2 27939 61
151 2 27797 61
152 2 27863 61
153 2 27682 61
154 2 27800 61
155 2 27867 61
156 2 27835 61
157 2 27861 61
158 2 27872 61
159 2 27836 61
160 2 27854 61
161 2 27822 61
162 2 27953 61
163 2 27770 61
164 2 28067 61
165 2 27821 61
166 2 27934 61
167 2 27852 61
168 2 27913 61
169 2 27976 61
170 2 27655 61
171 2 27676 61
172 2 27592 61
173 2 27900 61
174 2 28211 61
175 2 28272 61
176 2 27876 61
177 2 27970 61
178 2 27814 61
179 2 28202 61
180 2 28000 61
181 2 27993 61
182 2 28284 61
183 2 27982 61
184 2 28126 61
185 2 27980 61
186 2 28224 61
187 2 28025 61
188 2 27874 61
189 2 28167 61
190 - - -
191 3 26965 60
192 3 26278 60
193 3 26661 60
194 3 26465 60
195 3 26845 60
196 3 26694 60
197 3 26841 60
198 3 26789 60
199 3 26489 60
200 3 26634 60
201 3 26431 60
202 3 26187 60
203 3 26433 60
204 3 26876 60
205 3 26871 60
206 3 26870 60
207 3 27522 60
208 3 27621 60
209 3 27670 60
210 3 27659 60
211 3 27703 60
212 3 27503 60
213 3 27350 60
214 3 26600 60
215 3 26686 60
216 3 26487 60
217 3 26542 60
218 3 26634 60
219 3 26435 60
220 3 26436 60
221 3 26482 60
222 3 26625 60
223 3 26473 60
224 3 26328 60
225 3 26471 60
226 3 26369 60
227 3 26317 60
228 3 26429 60
229 3 26414 60
230 3 26410 60
231 3 26508 60
232 3 26709 60
233 3 26646 60
234 3 26492 60
235 3 26485 60
236 3 26481 60
237 3 26384 60
238 3 26283 60
239 3 26529 60
240 3 26625 60
241 3 26817 60
242 3 26317 60
243 3 26348 60
244 3 26392 60
245 3 26388 60
246 3 26288 60
247 3 26382 60
248 3 26332 60
249 3 26376 60
250 3 26336 60
251 3 26372 60
252 3 26266 60
253 - - -
254 4 25667 59
255 4 25115 59
256 4 25213 59
257 4 25063 59
258 4 25060 59
259 4 25156 59
260 4 25056 59
261 4 25203 59
262 4 25101 59
263 4 25298 59
264 4 25343 59
265 4 25145 59
266 4 25141 59
267 4 25140 59
268 4 25389 59
269 4 25281 59
270 4 25180 59
271 4 25324 59
272 4 25421 59
273 4 25319 59
274 4 25055 59
275 4 25158 59
276 4 25203 59
277 4 25476 59
278 4 25006 59
279 4 25097 59
280 4 25197 59
281 4 25142 59
282 4 25091 59
283 4 25284 59
284 4 24988 59
285 4 25379 59
286 4 25131 59
287 4 25425 59
288 4 25174 59
289 4 25522 59
290 4 25167 59
291 4 25359 59
292 4 25161 59
293 4 25110 59
294 4 25157 59
295 4 25302 59
296 4 25299 59
297 4 24901 59
298 4 25150 59
299 4 25442 59
300 4 25191 59
301 4 25142 59
302 4 25141 59
303 4 25149 59
304 4 25285 59
305 4 25048 59
306 4 25184 59
307 4 25230 59
308 4 25328 59
309 4 25235 59
310 4 25324 59
311 4 25033 59
312 4 24979 59
313 4 25113 59
314 4 25361 59
315 4 25112 59
316 4 25307 59
317 - - -
318 5 24406 58
319 5 23908 58
320 5 23810 58
321 5 23968 58
322 5 23960 58
323 5 23801 58
324 5 23851 58
325 5 23848 58
326 5 24242 58
327 5 23794 58
328 5 23890 58
329 5 23989 58
330 5 24533 58
331 5 25130 58
332 5 24978 58
333 5 25126 58
334 5 25023 58
335 5 25068 58
336 5 24570 58
337 5 24815 58
338 5 23770 58
339 5 23817 58
340 5 24013 58
341 5 24007 58
342 5 24054 58
343 5 23757 58
344 5 23804 58
345 5 23805 58
346 5 23796 58
347 5 23994 58
348 5 24086 58
349 5 23580 58
350 5 23576 58
351 5 23752 58
352 5 23750 58
353 5 23836 58
354 5 23772 58
355 5 23569 58
356 5 23691 58
357 5 23713 58
358 5 23761 58
359 5 23506 58
360 5 23703 58
361 5 24051 58
362 5 23553 58
363 5 24146 58
364 5 23722 58
365 5 23644 58
366 5 23643 58
367 5 23643 58
368 5 23740 58
369 5 24137 58
370 5 23829 58
371 5 23726 58
372 5 23774 58
373 5 23719 58
374 5 24016 58
375 5 23816 58
376 5 23757 58
377 5 23953 58
378 5 23699 58
379 5 23949 58
380 - - -
381 6 23410 57
382 6 22254 57
383 6 22826 57
384 6 22401 57
385 6 23148 57
386 6 22736 57
387 6 22386 57
388 6 22807 57
389 6 22631 57
390 6 22579 57
391 6 22624 57
392 6 22571 57
393 6 22172 57
394 6 22569 57
395 6 22518 57
396 6 22326 57
397 6 22612 57
398 6 22604 57
399 6 22560 57
400 6 22456 57
401 6 22553 57
402 6 22500 57
403 6 22499 57
404 6 22594 57
405 6 22591 57
406 6 22637 57
407 6 22486 57
408 6 22376 57
409 6 22472 57
410 6 22423 57
411 6 22666 57
412 6 22566 57
413 6 22513 57
414 6 22510 57
415 6 22362 57
416 6 22406 57
417 6 22155 57
418 6 22405 57
419 6 22047 57
420 6 22398 57
421 6 22500 57
422 6 22598 57
423 6 22995 57
424 6 22443 57
425 6 22538 57
426 6 22439 57
427 6 22533 57
428 6 22629 57
429 6 22530 57
430 6 22578 57
431 6 22672 57
432 6 22519 57
433 6 22469 57
434 6 22114 57
435 6 22563 57
436 6 22605 57
437 6 22908 57
438 6 22602 57
439 6 22604 57
440 6 22702 57
441 6 22850 57
442 6 22250 57
443 6 22493 57
444 - - -
445 7 22138 56
446 7 21739 56
447 7 21917 56
448 7 21897 56
449 7 21845 56
450 7 21742 56
451 7 21943 56
452 7 21938 56
453 7 22461 56
454 7 22482 56
455 7 22776 56
456 7 22430 56
457 7 23020 56
458 7 23069 56
459 7 23122 56
460 7 22915 56
461 7 22415 56
462 7 21962 56
463 7 21961 56
464 7 21410 56
465 7 21748 56
466 7 21948 56
467 7 22049 56
468 7 21548 56
469 7 21691 56
470 7 21687 56
471 7 21735 56
472 7 21682 56
473 7 21586 56
474 7 21855 56
475 7 21799 56
476 7 21676 56
477 7 21675 56
478 7 21825 56
479 7 21720 56
480 7 21847 56
481 7 21721 56
482 7 21769 56
483 7 21661 56
484 7 21613 56
485 7 21990 56
486 7 21951 56
487 7 22050 56
488 7 21742 56
489 7 21691 56
490 7 21688 56
491 7 21585 56
492 7 21840 56
493 7 21636 56
494 7 21733 56
495 7 21733 56
496 7 21682 56
497 7 21856 56
498 7 21678 56
499 7 21826 56
500 7 21878 56
501 7 21675 56
502 7 21575 56
503 7 21765 56
504 7 21866 56
505 7 21607 56
506 7 21657 56
507 - - -
508 8 21449 55
509 8 20901 55
510 8 21155 55
511 8 21100 55
512 8 21147 55
513 8 20941 55
514 8 20941 55
515 8 21095 55
516 8 21092 55
517 8 21141 55
518 8 21037 55
519 8 21137 55
520 8 21135 55
521 8 21084 55
522 8 20928 55
523 8 21225 55
524 8 20863 55
525 8 20911 55
526 8 20852 55
527 8 21043 55
528 8 21089 55
529 8 20836 55
530 8 21093 55
531 8 21080 55
532 8 21129 55
533 8 21126 55
534 8 20826 55
535 8 21123 55
536 8 20869 55
537 8 21119 55
538 8 21207 55
539 8 21106 55
540 8 21200 55
541 8 21146 55
542 8 21044 55
543 8 21142 55
544 8 20881 55
545 8 21032 55
546 8 20878 55
547 8 20687 55
548 8 20976 55
549 8 20876 55
550 8 21026 55
551 8 21124 55
552 8 21020 55
553 8 20668 55
554 8 20958 55
555 8 21261 55
556 8 20855 55
557 8 20953 55
558 8 20951 55
559 8 20947 55
560 8 21101 55
561 8 21039 55
562 8 20844 55
563 8 21387 55
564 8 20882 55
565 8 21240 55
566 8 20929 55
567 8 20925 55
568 8 21076 55
569 8 20721 55
570 8 21311 55
571 - - -
572 9 21055 54
573 9 19967 54
574 9 20414 54
575 9 20719 54
576 9 20962 54
577 9 20693 54
578 9 21502 54
579 9 21385 54
580 9 21679 54
581 9 21488 54
582 9 21622 54
583 9 21222 54
584 9 20425 54
585 9 20302 54
586 9 20326 54
587 9 20608 54
588 9 20452 54
589 9 20159 54
590 9 20160 54
591 9 20158 54
592 9 20125 54
593 9 20120 54
594 9 20043 54
595 9 20307 54
596 9 20269 54
597 9 20129 54
598 9 20000 54
599 9 20068 54
600 9 20489 54
601 9 20331 54
602 9 20335 54
603 9 20215 54
604 9 20338 54
605 9 20163 54
606 9 20207 54
607 9 20490 54
608 9 20299 54
609 9 20192 54
610 9 20304 54
611 9 20117 54
612 9 20340 54
613 9 20336 54
614 9 20469 54
615 9 20451 54
616 9 20005 54
617 9 20398 54
618 9 20341 54
619 9 20003 54
620 9 20155 54
621 9 20392 54
622 9 20151 54
623 9 20329 54
624 9 20147 54
625 9 19989 54
626 9 20240 54
627 9 20143 54
628 9 20145 54
629 9 20243 54
630 9 20051 54
631 9 20149 54
632 9 20023 54
633 9 20412 54
634 - - -
635 10 19954 53
636 10 19406 53
637 10 19504 53
638 10 19644 53
639 10 19596 53
640 10 19391 53
641 10 19344 53
642 10 19340 53
643 10 18935 53
644 10 19382 53
645 10 19579 53
646 10 19578 53
647 10 19577 53
648 10 19476 53
649 10 19474 53
650 10 19473 53
651 10 19720 53
652 10 19517 53
653 10 19515 53
654 10 19562 53
655 10 19560 53
656 10 19409 53
657 10 19351 53
658 10 19599 53
659 10 19448 53
660 10 19546 53
661 10 19344 53
662 10 19443 53
663 10 19591 53
664 10 19638 53
665 10 19386 53
666 10 19486 53
667 10 19633 53
668 10 19631 53
669 10 19528 53
670 10 19676 53
671 10 19675 53
672 10 19774 53
673 10 19621 53
674 10 19419 53
675 10 19417 53
676 10 19665 53
677 10 19608 53
678 10 19508 53
679 10 19456 53
680 10 19404 53
681 10 19602 53
682 10 19601 53
683 10 19448 53
684 10 19497 53
685 10 19397 53
686 10 19644 53
687 10 19590 53
688 10 19539 53
689 10 19586 53
690 10 19535 53
691 10 19933 53
692 10 19880 53
693 10 19628 53
694 10 19631 53
695 10 19574 53
696 10 19473 53
697 10 19667 53
698 - - -
699 11 19814 52
700 11 19266 52
701 11 20126 52
702 11 20021 52
703 11 20163 52
704 11 20317 52
705 11 20267 52
706 11 20266 52
707 11 19610 52
708 11 19249 52
709 11 19201 52
710 11 18948 52
711 11 18946 52
712 11 18947 52
713 11 19091 52
714 11 18938 52
715 11 18935 52
716 11 18634 52
717 11 18982 52
718 11 18929 52
719 11 18776 52
720 11 18876 52
721 11 18822 52
722 11 18772 52
723 11 18919 52
724 11 18816 52
725 11 19012 52
726 11 18962 52
727 11 18961 52
728 11 19009 52
729 11 18907 52
730 11 19306 52
731 11 19205 52
732 11 18952 52
733 11 18795 52
734 11 18844 52
735 11 18792 52
736 11 18841 52
737 11 18738 52
738 11 18837 52
739 11 18884 52
740 11 18735 52
741 11 18732 52
742 11 18930 52
743 11 18778 52
744 11 18828 52
745 11 18575 52
746 11 18624 52
747 11 18821 52
748 11 19019 52
749 11 18817 52
750 11 18767 52
751 11 18769 52
752 11 18714 52
753 11 18856 52
754 11 18956 52
755 11 18953 52
756 11 18750 52
757 11 18747 52
758 11 18895 52
759 11 18744 52
760 11 18493 52
761 - - -
762 12 18638 51
763 12 18135 51
764 12 18236 51
765 12 18185 51
766 12 17933 51
767 12 18080 51
768 12 18030 51
769 12 18118 51
770 12 17916 51
771 12 18013 51
772 12 18261 51
773 12 18158 51
774 12 18207 51
775 12 17955 51
776 12 18054 51
777 12 18252 51
778 12 18301 51
779 12 18398 51
780 12 18146 51
781 12 18194 51
782 12 18193 51
783 12 18141 51
784 12 17939 51
785 12 18036 51
786 12 18033 51
787 12 18031 51
788 12 18129 51
789 12 17922 51
790 12 18120 51
791 12 17867 51
792 12 17766 51
793 12 18112 51
794 12 18058 51
795 12 17756 51
796 12 18154 51
797 12 17997 51
798 12 18245 51
799 12 18243 51
800 12 18090 51
801 12 18337 51
802 12 18136 51
803 12 18184 51
804 12 18081 51
805 12 18178 51
806 12 18175 51
807 12 18372 51
808 12 18262 51
809 12 18058 51
810 12 18006 51
811 12 18103 51
812 12 18002 51
813 12 18108 51
814 12 17903 51
815 12 17896 51
816 12 18243 51
817 12 17891 51
818 12 18189 51
819 12 18037 51
820 12 18086 51
821 12 18184 51
822 12 18232 51
823 12 18329 51
824 12 18827 51
825 - - -
826 13 18274 50
827 13 18273 50
828 13 18625 50
829 13 18371 50
830 13 18070 50
831 13 17767 50
832 13 17513 50
833 13 17112 50
834 13 17558 50
835 13 17406 50
836 13 17505 50
837 13 17551 50
838 13 17351 50
839 13 17447 50
840 13 17445 50
841 13 17194 50
842 13 17391 50
843 13 17237 50
844 13 17182 50
845 13 17228 50
846 13 17325 50
847 13 17223 50
848 13 17320 50
849 13 17317 50
850 13 17215 50
851 13 17363 50
852 13 17462 50
853 13 17459 50
854 13 17356 50
855 13 17154 50
856 13 17202 50
857 13 17351 50
858 13 17350 50
859 13 17146 50
860 13 17444 50
861 13 17142 50
862 13 17241 50
863 13 17039 50
864 13 17182 50
865 13 17029 50
866 13 17377 50
867 13 17225 50
868 13 17423 50
869 13 17271 50
870 13 17167 50
871 13 17014 50
872 13 17412 50
873 13 17510 50
874 13 17058 50
875 13 17204 50
876 13 17151 50
877 13 17349 50
878 13 17696 50
879 13 17644 50
880 13 17392 50
881 13 17039 50
882 13 17287 50
883 13 17226 50
884 13 17375 50
885 13 16773 50
886 13 17520 50
887 13 17517 50
888 - - -
889 14 17516 49
890 14 16560 49
891 14 16557 49
892 14 16553 49
893 14 16151 49
894 14 16699 49
895 14 16697 49
896 14 16644 49
897 14 16641 49
898 14 16239 49
899 14 16338 49
900 14 16578 49
901 14 16725 49
902 14 16674 49
903 14 16522 49
904 14 16471 49
905 14 16518 49
906 14 16516 49
907 14 16615 49
908 14 16562 49
909 14 16311 49
910 14 16459 49
911 14 16607 49
912 14 16355 49
913 14 16453 49
914 14 16403 49
915 14 16748 49
916 14 16696 49
917 14 16546 49
918 14 16392 49
919 14 16289 49
920 14 16437 49
921 14 16580 49
922 14 16636 49
923 14 16776 49
924 14 16474 49
925 14 16372 49
926 14 16772 49
927 14 16469 49
928 14 16368 49
929 14 16816 49
930 14 16414 49
931 14 16511 49
932 14 16460 49
933 14 16557 49
934 14 16509 49
935 14 16455 49
936 14 16751 49
937 14 16744 49
938 14 16542 49
939 14 16488 49
940 14 16684 49
941 14 16676 49
942 14 16675 49
943 14 16722 49
944 14 16623 49
945 14 16620 49
946 14 16718 49
947 14 16866 49
948 14 17114 49
949 14 17762 49
950 14 17811 49
951 14 18008 49
952 - - -
953 15 17110 48
954 15 16955 48
955 15 16148 48
956 15 16044 48
957 15 16442 48
958 15 16134 48
959 15 16032 48
960 15 16081 48
961 15 16078 48
962 15 16374 48
963 15 16126 48
964 15 16322 48
965 15 16270 48
966 15 16218 48
967 15 16217 48
968 15 16066 48
969 15 16167 48
970 15 16062 48
971 15 16160 48
972 15 16208 48
973 15 16055 48
974 15 16053 48
975 15 16102 48
976 15 16150 48
977 15 16149 48
978 15 16143 48
979 15 16194 48
980 15 15933 48
981 15 16230 48
982 15 16127 48
983 15 16127 48
984 15 16124 48
985 15 15972 48
986 15 16019 48
987 15 16068 48
988 15 16067 48
989 15 16165 48
990 15 15967 48
991 15 16310 48
992 15 16010 48
993 15 16009 48
994 15 16056 48
995 15 16003 48
996 15 15855 48
997 15 16048 48
998 15 16097 48
999 15 16090 48
1000 15 16386 48
1001 15 16236 48
1002 15 16234 48
1003 15 16083 48
1004 15 16081 48
1005 15 15978 48
1006 15 15876 48
1007 15 16275 48
1008 15 16022 48
1009 15 15971 48
1010 15 16219 48
1011 15 16018 48
1012 15 16064 48
1013 15 16013 48
1014 15 16110 48
1015 - - -
1016 16 16606 47
1017 16 15649 47
1018 16 15697 47
1019 16 15894 47
1020 16 15542 47
1021 16 15490 47
1022 16 15587 47
1023 16 15536 47
1024 16 15934 47
1025 16 15831 47
1026 16 15578 47
1027 16 15777 47
1028 16 15725 47
1029 16 16123 47
1030 16 15872 47
1031 16 15619 47
1032 16 15617 47
1033 16 15516 47
1034 16 15613 47
1035 16 15610 47
1036 16 15758 47
1037 16 15551 47
1038 16 15900 47
1039 16 15498 47
1040 16 15697 47
1041 16 15644 47
1042 16 15941 47
1043 16 15839 47
1044 16 15639 47
1045 16 15783 47
1046 16 15482 47
1047 16 15780 47
1048 16 15630 47
1049 16 15626 47
1050 16 15776 47
1051 16 15724 47
1052 16 15472 47
1053 16 15620 47
1054 16 15570 47
1055 16 15418 47
1056 16 15618 47
1057 16 15810 47
1058 16 15558 47
1059 16 15404 47
1060 16 15700 47
1061 16 15498 47
1062 16 15696 47
1063 16 15644 47
1064 16 15544 47
1065 16 15542 47
1066 16 15490 47
1067 16 15936 47
1068 16 15787 47
1069 16 15684 47
1070 16 15880 47
1071 16 15879 47
1072 16 16826 47
1073 16 16874 47
1074 16 16774 47
1075 16 16472 47
1076 16 16819 47
1077 16 16414 47
1078 16 16063 47
1079 - - -
1080 17 16260 46
1081 17 15157 46
1082 17 15006 46
1083 17 15203 46
1084 17 14950 46
1085 17 15047 46
1086 17 14997 46
1087 17 15095 46
1088 17 14993 46
1089 17 15090 46
1090 17 15188 46
1091 17 15038 46
1092 17 15235 46
1093 17 15083 46
1094 17 14931 46
1095 17 15024 46
1096 17 15071 46
1097 17 14920 46
1098 17 15266 46
1099 17 15163 46
1100 17 15063 46
1101 17 14960 46
1102 17 15205 46
1103 17 15154 46
1104 17 15352 46
1105 17 15498 46
1106 17 15198 46
1107 17 15045 46
1108 17 14991 46
1109 17 15038 46
1110 17 14886 46
1111 17 14785 46
1112 17 15031 46
1113 17 15131 46
1114 17 14929 46
1115 17 15169 46
1116 17 15116 46
1117 17 15215 46
1118 17 15164 46
1119 17 15062 46
1120 17 14961 46
1121 17 14957 46
1122 17 15105 46
1123 17 15253 46
1124 17 15300 46
1125 17 15198 46
1126 17 15096 46
1127 17 15196 46
1128 17 15193 46
1129 17 15093 46
1130 17 15240 46
1131 17 15338 46
1132 17 14986 46
1133 17 15034 46
1134 17 15033 46
1135 17 14931 46
1136 17 15024 46
1137 17 15322 46
1138 17 15070 46
1139 17 15068 46
1140 17 14915 46
1141 17 15164 46
1142 - - -
1143 18 15858 45
1144 18 15107 45
1145 18 14949 45
1146 18 14850 45
1147 18 14897 45
1148 18 14645 45
1149 18 14744 45
1150 18 14692 45
1151 18 14691 45
1152 18 14588 45
1153 18 14729 45
1154 18 14727 45
1155 18 14923 45
1156 18 14872 45
1157 18 14821 45
1158 18 14619 45
1159 18 14618 45
1160 18 14615 45
1161 18 14763 45
1162 18 14860 45
1163 18 14559 45
1164 18 14507 45
1165 18 14707 45
1166 18 14745 45
1167 18 14845 45
1168 18 14841 45
1169 18 14790 45
1170 18 14640 45
1171 18 14787 45
1172 18 14936 45
1173 18 14880 45
1174 18 14927 45
1175 18 14724 45
1176 18 14772 45
1177 18 14923 45
1178 18 14716 45
1179 18 14764 45
1180 18 14713 45
1181 18 15111 45
1182 18 14810 45
1183 18 14757 45
1184 18 14803 45
1185 18 14752 45
1186 18 14899 45
1187 18 14896 45
1188 18 14696 45
1189 18 14543 45
1190 18 14890 45
1191 18 14888 45
1192 18 14987 45
1193 18 14934 45
1194 18 14931 45
1195 18 15425 45
1196 18 15622 45
1197 18 15970 45
1198 18 16317 45
1199 18 16015 45
1200 18 15565 45
1201 18 15313 45
1202 18 14862 45
1203 18 14809 45
1204 18 15058 45
1205 18 14606 45
1206 - - -
1207 19 15201 44
1208 19 14398 44
1209 19 14448 44
1210 19 14147 44
1211 19 14269 44
1212 19 14365 44
1213 19 14261 44
1214 19 14260 44
1215 19 14157 44
1216 19 14255 44
1217 19 14253 44
1218 19 14251 44
1219 19 14698 44
1220 19 14397 44
1221 19 14494 44
1222 19 14243 44
1223 19 13988 44
1224 19 14187 44
1225 19 14283 44
1226 19 14332 44
1227 19 14230 44
1228 19 14278 44
1229 19 14374 44
1230 19 14372 44
1231 19 14464 44
1232 19 14212 44
1233 19 14310 44
1234 19 14159 44
1235 19 14305 44
1236 19 14156 44
1237 19 14205 44
1238 19 14350 44
1239 19 14199 44
1240 19 14148 44
1241 19 14193 44
1242 19 14142 44
1243 19 14191 44
1244 19 14089 44
1245 19 14085 44
1246 19 14434 44
1247 19 14430 44
1248 19 14128 44
1249 19 14075 44
1250 19 14327 44
1251 19 14015 44
1252 19 14215 44
1253 19 14312 44
1254 19 14311 44
1255 19 14057 44
1256 19 14208 44
1257 19 14451 44
1258 19 14156 44
1259 19 14197 44
1260 19 14045 44
1261 19 14042 44
1262 19 13990 44
1263 19 14237 44
1264 19 14086 44
1265 19 14281 44
1266 19 14278 44
1267 19 14077 44
1268 19 14178 44
1269 - - -
1270 20 15065 43
1271 20 13710 43
1272 20 13807 43
1273 20 13804 43
1274 20 13803 43
1275 20 13850 43
1276 20 13749 43
1277 20 13745 43
1278 20 13943 43
1279 20 13892 43
1280 20 13839 43
1281 20 13842 43
1282 20 13885 43
1283 20 13783 43
1284 20 13831 43
1285 20 13677 43
1286 20 13874 43
1287 20 13817 43
1288 20 13718 43
1289 20 13813 43
1290 20 13760 43
1291 20 13658 43
1292 20 13907 43
1293 20 13755 43
1294 20 13902 43
1295 20 14399 43
1296 20 13700 43
1297 20 13797 43
1298 20 13796 43
1299 20 13593 43
1300 20 13690 43
1301 20 13737 43
1302 20 13735 43
1303 20 13783 43
1304 20 13782 43
1305 20 13729 43
1306 20 13772 43
1307 20 13970 43
1308 20 13868 43
1309 20 13666 43
1310 20 13864 43
1311 20 13762 43
1312 20 13660 43
1313 20 13759 43
1314 20 13808 43
1315 20 13804 43
1316 20 13802 43
1317 20 13699 43
1318 20 14097 43
1319 20 14345 43
1320 20 15142 43
1321 20 15187 43
1322 20 15186 43
1323 20 14383 43
1324 20 13883 43
1325 20 13826 43
1326 20 13725 43
1327 20 13920 43
1328 20 13715 43
1329 20 13813 43
1330 20 13762 43
1331 20 13710 43
1332 20 13808 43
1333 - - -
1334 21 14405 42
1335 21 13353 42
1336 21 13352 42
1337 21 13201 42
1338 21 13449 42
1339 21 13196 42
1340 21 13395 42
1341 21 13191 42
1342 21 13335 42
1343 21 13831 42
1344 21 13432 42
1345 21 13478 42
1346 21 13621 42
1347 21 13369 42
1348 21 13266 42
1349 21 13265 42
1350 21 13163 42
1351 21 13260 42
1352 21 13308 42
1353 21 13205 42
1354 21 13302 42
1355 21 13398 42
1356 21 13197 42
1357 21 13394 42
1358 21 13194 42
1359 21 13091 42
1360 21 13139 42
1361 21 13385 42
1362 21 13280 42
1363 21 13225 42
1364 21 13173 42
1365 21 13219 42
1366 21 13317 42
1367 21 13114 42
1368 21 13213 42
1369 21 13658 42
1370 21 13606 42
1371 21 13405 42
1372 21 13352 42
1373 21 13204 42
1374 21 13198 42
1375 21 13144 42
1376 21 13442 42
1377 21 13289 42
1378 21 13336 42
1379 21 13385 42
1380 21 13433 42
1381 21 13274 42
1382 21 13173 42
1383 21 13319 42
1384 21 13465 42
1385 21 13412 42
1386 21 13359 42
1387 21 13207 42
1388 21 13406 42
1389 21 13304 42
1390 21 13203 42
1391 21 13148 42
1392 21 13348 42
1393 21 13244 42
1394 21 13742 42
1395 21 13440 42
1396 - - -
1397 22 13888 41
1398 22 12884 41
1399 22 12927 41
1400 22 13177 41
1401 22 13074 41
1402 22 13072 41
1403 22 13020 41
1404 22 12919 41
1405 22 13065 41
1406 22 12963 41
1407 22 12910 41
1408 22 13108 41
1409 22 13208 41
1410 22 13105 41
1411 22 12903 41
1412 22 13051 41
1413 22 13049 41
1414 22 13148 41
1415 22 12895 41
1416 22 13143 41
1417 22 13236 41
1418 22 12933 41
1419 22 12881 41
1420 22 13028 41
1421 22 13027 41
1422 22 12874 41
1423 22 13171 41
1424 22 13070 41
1425 22 12967 41
1426 22 12966 41
1427 22 12763 41
1428 22 12960 41
1429 22 12908 41
1430 22 12955 41
1431 22 12903 41
1432 22 12950 41
1433 22 12897 41
1434 22 13094 41
1435 22 13141 41
1436 22 12840 41
1437 22 13282 41
1438 22 13081 41
1439 22 13176 41
1440 22 13075 41
1441 22 13222 41
1442 22 13521 41
1443 22 14117 41
1444 22 13815 41
1445 22 13563 41
1446 22 13960 41
1447 22 13362 41
1448 22 13008 41
1449 22 13106 41
1450 22 13202 41
1451 22 13150 41
1452 22 12799 41
1453 22 13099 41
1454 22 13245 41
1455 22 12891 41
1456 22 13188 41
1457 22 13030 41
1458 22 13030 41
1459 22 12978 41
1460 - - -
1461 23 13573 40
1462 23 12520 40
1463 23 12468 40
1464 23 12568 40
1465 23 12915 40
1466 23 12613 40
1467 23 12660 40
1468 23 12409 40
1469 23 12405 40
1470 23 12503 40
1471 23 12599 40
1472 23 12347 40
1473 23 12638 40
1474 23 12437 40
1475 23 12285 40
1476 23 12533 40
1477 23 12479 40
1478 23 12527 40
1479 23 12475 40
1480 23 12423 40
1481 23 12420 40
1482 23 12519 40
1483 23 12616 40
1484 23 12664 40
1485 23 12416 40
1486 23 12407 40
1487 23 12454 40
1488 23 12358 40
1489 23 12400 40
1490 23 12398 40
1491 23 12743 40
1492 23 12441 40
1493 23 12437 40
1494 23 12283 40
1495 23 12480 40
1496 23 12478 40
1497 23 12576 40
1498 23 12375 40
1499 23 12471 40
1500 23 12321 40
1501 23 12417 40
1502 23 12364 40
1503 23 12366 40
1504 23 12310 40
1505 23 12257 40
1506 23 12200 40
1507 23 12299 40
1508 23 12252 40
1509 23 12394 40
1510 23 12241 40
1511 23 12339 40
1512 23 12437 40
1513 23 12235 40
1514 23 12280 40
1515 23 12327 40
1516 23 12374 40
1517 23 12673 40
1518 23 12475 40
1519 23 12423 40
1520 23 12371 40
1521 23 12215 40
1522 23 12263 40
1523 - - -
1524 24 12958 39
1525 24 11905 39
1526 24 12002 39
1527 24 12108 39
1528 24 12098 39
1529 24 11899 39
1530 24 11942 39
1531 24 11996 39
1532 24 11788 39
1533 24 11835 39
1534 24 11938 39
1535 24 12132 39
1536 24 11980 39
1537 24 12028 39
1538 24 12027 39
1539 24 12524 39
1540 24 12070 39
1541 24 12019 39
1542 24 11967 39
1543 24 12065 39
1544 24 11963 39
1545 24 11910 39
1546 24 11863 39
1547 24 12006 39
1548 24 11953 39
1549 24 12002 39
1550 24 11895 39
1551 24 11994 39
1552 24 11843 39
1553 24 11883 39
1554 24 11980 39
1555 24 11978 39
1556 24 12124 39
1557 24 11973 39
1558 24 12073 39
1559 24 11871 39
1560 24 12070 39
1561 24 12169 39
1562 24 12016 39
1563 24 12164 39
1564 24 12062 39
1565 24 12659 39
1566 24 12705 39
1567 24 12855 39
1568 24 12804 39
1569 24 12302 39
1570 24 12150 39
1571 24 12044 39
1572 24 12041 39
1573 24 12287 39
1574 24 12035 39
1575 24 12033 39
1576 24 11932 39
1577 24 12229 39
1578 24 12032 39
1579 24 12025 39
1580 24 12074 39
1581 24 11871 39
1582 24 12170 39
1583 24 12068 39
1584 24 11916 39
1585 24 11964 39
1586 24 12113 39
1587 - - -
1588 25 12661 38
1589 25 11406 38
1590 25 11454 38
1591 25 11451 38
1592 25 11399 38
1593 25 11446 38
1594 25 11396 38
1595 25 11443 38
1596 25 11441 38
1597 25 11739 38
1598 25 11537 38
1599 25 11388 38
1600 25 11734 38
1601 25 11382 38
1602 25 11282 38
1603 25 11479 38
1604 25 11577 38
1605 25 11625 38
1606 25 11620 38
1607 25 11369 38
1608 25 11415 38
1609 25 11461 38
1610 25 11560 38
1611 25 11506 38
1612 25 11455 38
1613 25 11803 38
1614 25 11651 38
1615 25 11451 38
1616 25 11550 38
1617 25 11446 38
1618 25 11394 38
1619 25 11493 38
1620 25 11390 38
1621 25 11289 38
1622 25 11486 38
1623 25 11485 38
1624 25 11532 38
1625 25 11530 38
1626 25 11377 38
1627 25 11375 38
1628 25 11475 38
1629 25 11467 38
1630 25 11615 38
1631 25 11564 38
1632 25 11560 38
1633 25 11359 38
1634 25 11356 38
1635 25 11353 38
1636 25 11650 38
1637 25 11449 38
1638 25 11446 38
1639 25 11944 38
1640 25 11741 38
1641 25 11389 38
1642 25 11487 38
1643 25 11385 38
1644 25 11583 38
1645 25 11730 38
1646 25 11427 38
1647 25 11627 38
1648 25 11625 38
1649 25 11573 38
1650 - - -
1651 26 12163 37
1652 26 11259 37
1653 26 11358 37
1654 26 11407 37
1655 26 11304 37
1656 26 11253 37
1657 26 11100 37
1658 26 11048 37
1659 26 11197 37
1660 26 11244 37
1661 26 11292 37
1662 26 11190 37
1663 26 11140 37
1664 26 11088 37
1665 26 11186 37
1666 26 11080 37
1667 26 11128 37
1668 26 11125 37
1669 26 11122 37
1670 26 11071 37
1671 26 11069 37
1672 26 11367 37
1673 26 11117 37
1674 26 11314 37
1675 26 11163 37
1676 26 11159 37
1677 26 11308 37
1678 26 11161 37
1679 26 11305 37
1680 26 11103 37
1681 26 11201 37
1682 26 11249 37
1683 26 11195 37
1684 26 10993 37
1685 26 11490 37
1686 26 11177 37
1687 26 11324 37
1688 26 11422 37
1689 26 11222 37
1690 26 11517 37
1691 26 12067 37
1692 26 11513 37
1693 26 11512 37
1694 26 11310 37
1695 26 11409 37
1696 26 11156 37
1697 26 11255 37
1698 26 11203 37
1699 26 11251 37
1700 26 11250 37
1701 26 11248 37
1702 26 11246 37
1703 26 11295 37
1704 26 11192 37
1705 26 11289 37
1706 26 11238 37
1707 26 11130 37
1708 26 11129 37
1709 26 11125 37
1710 26 11073 37
1711 26 11173 37
1712 26 11064 37
1713 26 11465 37
1714 - - -
1715 27 11806 36
1716 27 10903 36
1717 27 10803 36
1718 27 10702 36
1719 27 10648 36
1720 27 10596 36
1721 27 10742 36
1722 27 10591 36
1723 27 10687 36
1724 27 10636 36
1725 27 10479 36
1726 27 10527 36
1727 27 10576 36
1728 27 10623 36
1729 27 10621 36
1730 27 10518 36
1731 27 10616 36
1732 27 10763 36
1733 27 10662 36
1734 27 10660 36
1735 27 10508 36
1736 27 11054 36
1737 27 10752 36
1738 27 10550 36
1739 27 10550 36
1740 27 10595 36
1741 27 10593 36
1742 27 10541 36
1743 27 10538 36
1744 27 10637 36
1745 27 10632 36
1746 27 10630 36
1747 27 10727 36
1748 27 10576 36
1749 27 10624 36
1750 27 10625 36
1751 27 10571 36
1752 27 10567 36
1753 27 10664 36
1754 27 10462 36
1755 27 10458 36
1756 27 10461 36
1757 27 10554 36
1758 27 10552 36
1759 27 10499 36
1760 27 10448 36
1761 27 10993 36
1762 27 10791 36
1763 27 10490 36
1764 27 10638 36
1765 27 10536 36
1766 27 10628 36
1767 27 10578 36
1768 27 10576 36
1769 27 10675 36
1770 27 10673 36
1771 27 10525 36
1772 27 10518 36
1773 27 10518 36
1774 27 10665 36
1775 27 10663 36
1776 27 10610 36
1777 - - -
1778 28 11108 35
1779 28 10151 35
1780 28 10300 35
1781 28 10198 35
1782 28 10194 35
1783 28 10190 35
1784 28 10337 35
1785 28 10335 35
1786 28 10233 35
1787 28 10282 35
1788 28 10181 35
1789 28 10177 35
1790 28 10173 35
1791 28 10222 35
1792 28 10269 35
1793 28 10217 35
1794 28 10165 35
1795 28 10213 35
1796 28 10210 35
1797 28 10359 35
1798 28 10161 35
1799 28 10356 35
1800 28 10304 35
1801 28 10251 35
1802 28 10298 35
1803 28 10344 35
1804 28 10292 35
1805 28 10391 35
1806 28 10238 35
1807 28 10286 35
1808 28 10283 35
1809 28 10233 35
1810 28 10579 35
1811 28 10378 35
1812 28 10275 35
1813 28 10274 35
1814 28 10572 35
1815 28 10321 35
1816 28 10418 35
1817 28 9568 35
1818 28 10364 35
1819 28 10262 35
1820 28 10209 35
1821 28 10257 35
1822 28 10404 35
1823 28 10252 35
1824 28 10276 35
1825 28 10374 35
1826 28 10323 35
1827 28 10371 35
1828 28 10219 35
1829 28 10167 35
1830 28 10265 35
1831 28 10262 35
1832 28 10109 35
1833 28 10307 35
1834 28 10204 35
1835 28 10601 35
1836 28 10449 35
1837 28 10251 35
1838 28 10145 35
1839 28 10341 35
1840 28 10337 35
1841 - - -
1842 29 10683 34
1843 29 9834 34
1844 29 9831 34
1845 29 9831 34
1846 29 9730 34
1847 29 9777 34
1848 29 9724 34
1849 29 9673 34
1850 29 9869 34
1851 29 9667 34
1852 29 9813 34
1853 29 9912 34
1854 29 9760 34
1855 29 9808 34
1856 29 9754 34
1857 29 9551 34
1858 29 9948 34
1859 29 9746 34
1860 29 9841 34
1861 29 9790 34
1862 29 9686 34
1863 29 9934 34
1864 29 9684 34
1865 29 9677 34
1866 29 9673 34
1867 29 9820 34
1868 29 9818 34
1869 29 9715 34
1870 29 9563 34
1871 29 9712 34
1872 29 9659 34
1873 29 9558 34
1874 29 9605 34
1875 29 9603 34
1876 29 9699 34
1877 29 9797 34
1878 29 9745 34
1879 29 9648 34
1880 29 9837 34
1881 29 9786 34
1882 29 9684 34
1883 29 9831 34
1884 29 9878 34
1885 29 9826 34
1886 29 9773 34
1887 29 9771 34
1888 29 9668 34
1889 29 9715 34
1890 29 9606 34
1891 29 9604 34
1892 29 9601 34
1893 29 9699 34
1894 29 9696 34
1895 29 9743 34
1896 29 9691 34
1897 29 9789 34
1898 29 9790 34
1899 29 9579 34
1900 29 9676 34
1901 29 9774 34
1902 29 9922 34
1903 29 9770 34
1904 - - -
1905 30 10414 33
1906 30 9458 33
1907 30 9308 33
1908 30 9406 33
1909 30 9355 33
1910 30 9452 33
1911 30 9400 33
1912 30 9547 33
1913 30 9397 33
1914 30 9294 33
1915 30 9542 33
1916 30 9335 33
1917 30 9283 33
1918 30 9630 33
1919 30 9380 33
1920 30 9526 33
1921 30 9324 33
1922 30 9521 33
1923 30 9370 33
1924 30 9518 33
1925 30 9514 33
1926 30 9362 33
1927 30 9461 33
1928 30 9408 33
1929 30 9358 33
1930 30 9453 33
1931 30 9301 33
1932 30 9946 33
1933 30 9644 33
1934 30 9293 33
1935 30 9540 33
1936 30 9732 33
1937 30 9730 33
1938 30 9479 33
1939 30 9776 33
1940 30 9272 33
1941 30 9320 33
1942 30 9667 33
1943 30 9415 33
1944 30 9412 33
1945 30 9309 33
1946 30 9356 33
1947 30 9354 33
1948 30 9402 33
1949 30 9352 33
1950 30 9399 33
1951 30 9447 33
1952 30 9594 33
1953 30 9394 33
1954 30 9440 33
1955 30 9385 33
1956 30 9581 33
1957 30 9381 33
1958 30 9626 33
1959 30 9525 33
1960 30 9422 33
1961 30 9521 33
1962 30 9617 33
1963 30 9317 33
1964 30 9562 33
1965 30 9311 33
1966 30 9457 33
1967 30 9304 33
1968 - - -
1969 31 9803 32
1970 31 9095 32
1971 31 9042 32
1972 31 9085 32
1973 31 8983 32
1974 31 8931 32
1975 31 8977 32
1976 31 8926 32
1977 31 8975 32
1978 31 8921 32
1979 31 8968 32
1980 31 8964 32
1981 31 9162 32
1982 31 9059 32
1983 31 8957 32
1984 31 8905 32
1985 31 8903 32
1986 31 9050 32
1987 31 8998 32
1988 31 8996 32
1989 31 8945 32
1990 31 8992 32
1991 31 8886 32
1992 31 8932 32
1993 31 8980 32
1994 31 8977 32
1995 31 9024 32
1996 31 9022 32
1997 31 8920 32
1998 31 8919 32
1999 31 8967 32
2000 31 8914 32
2001 31 9013 32
2002 31 8961 32
2003 31 8858 32
2004 31 8958 32
2005 31 8905 32
2006 31 9153 32
2007 31 9051 32
2008 31 8897 32
2009 31 8894 32
2010 31 8937 32
2011 31 8935 32
2012 31 8981 32
2013 31 8979 32
2014 31 9028 32
2015 31 8927 32
2016 31 9023 32
2017 31 8920 32
2018 31 8968 32
2019 31 8916 32
2020 31 8964 32
2021 31 8912 32
2022 31 8962 32
2023 31 9005 32
2024 31 8853 32
2025 31 8950 32
2026 31 9046 32
2027 31 8895 32
2028 31 8993 32
2029 31 8941 32
2030 31 8928 32
2031 - - -
2032 32 9523 31
2033 32 8871 31
2034 32 8720 31
2035 32 8875 31
2036 32 8769 31
2037 32 8617 31
2038 32 8815 31
2039 32 8770 31
2040 32 8857 31
2041 32 8755 31
2042 32 8754 31
2043 32 8902 31
2044 32 8700 31
2045 32 8799 31
2046 32 8796 31
2047 32 8737 31
2048 32 8683 31
2049 32 8733 31
2050 32 8681 31
2051 32 8729 31
2052 32 8778 31
2053 32 8928 31
2054 32 8774 31
2055 32 9120 31
2056 32 8869 31
2057 32 8668 31
2058 32 8765 31
2059 32 8413 31
2060 32 8411 31
2061 32 8706 31
2062 32 9003 31
2063 32 8853 31
2064 32 8900 31
2065 32 8993 31
2066 32 8837 31
2067 32 8833 31
2068 32 8881 31
2069 32 8978 31
2070 32 8926 31
2071 32 8773 31
2072 32 8821 31
2073 32 8869 31
2074 32 8817 31
2075 32 8814 31
2076 32 8911 31
2077 32 8808 31
2078 32 8806 31
2079 32 8855 31
2080 32 8953 31
2081 32 8952 31
2082 32 8849 31
2083 32 8848 31
2084 32 8743 31
2085 32 8792 31
2086 32 8934 31
2087 32 8983 31
2088 32 8882 31
2089 32 8827 31
2090 32 8925 31
2091 32 8876 31
2092 32 8822 31
2093 32 8870 31
2094 32 8767 31
2095 - - -
2096 33 8964 30
2097 33 8461 30
2098 33 8362 30
2099 33 8413 30
2100 33 8362 30
2101 33 8409 30
2102 33 8351 30
2103 33 8648 30
2104 33 8347 30
2105 33 8444 30
2106 33 8340 30
2107 33 8438 30
2108 33 8535 30
2109 33 8332 30
2110 33 8378 30
2111 33 8475 30
2112 33 8471 30
2113 33 8419 30
2114 33 8417 30
2115 33 8413 30
2116 33 8461 30
2117 33 8507 30
2118 33 8356 30
2119 33 8352 30
2120 33 8300 30
2121 33 8397 30
2122 33 8337 30
2123 33 8487 30
2124 33 8435 30
2125 33 8432 30
2126 33 8329 30
2127 33 8477 30
2128 33 8475 30
2129 33 8624 30
2130 33 8470 30
2131 33 8467 30
2132 33 8365 30
2133 33 8512 30
2134 33 8359 30
2135 33 8406 30
2136 33 8455 30
2137 33 8303 30
2138 33 8300 30
2139 33 8397 30
2140 33 8494 30
2141 33 8393 30
2142 33 8493 30
2143 33 8437 30
2144 33 8595 30
2145 33 8533 30
2146 33 8330 30
2147 33 8429 30
2148 33 8526 30
2149 33 8423 30
2150 33 8371 30
2151 33 8417 30
2152 33 8416 30
2153 33 8364 30
2154 33 8562 30
2155 33 8558 30
2156 33 8506 30
2157 33 8505 30
2158 - - -
2159 34 8756 29
2160 34 8293 29
2161 34 8293 29
2162 34 8246 29
2163 34 8148 29
2164 34 8195 29
2165 34 8143 29
2166 34 8290 29
2167 34 8239 29
2168 34 8234 29
2169 34 8231 29
2170 34 8278 29
2171 34 8177 29
2172 34 8174 29
2173 34 8171 29
2174 34 8120 29
2175 34 8167 29
2176 34 8214 29
2177 34 8313 29
2178 34 8311 29
2179 34 8309 29
2180 34 8202 29
2181 34 8150 29
2182 34 7749 29
2183 34 7946 29
2184 34 7794 29
2185 34 8241 29
2186 34 8339 29
2187 34 8338 29
2188 34 8290 29
2189 34 8283 29
2190 34 8281 29
2191 34 8329 29
2192 34 8477 29
2193 34 8176 29
2194 34 8474 29
2195 34 8221 29
2196 34 8269 29
2197 34 8270 29
2198 34 8167 29
2199 34 8214 29
2200 34 8208 29
2201 34 8205 29
2202 34 8353 29
2203 34 8503 29
2204 34 8149 29
2205 34 8197 29
2206 34 8244 29
2207 34 8193 29
2208 34 8191 29
2209 34 8244 29
2210 34 8288 29
2211 34 8235 29
2212 34 8285 29
2213 34 8233 29
2214 34 8230 29
2215 34 8178 29
2216 34 8175 29
2217 34 8178 29
2218 34 8271 29
2219 34 8219 29
2220 34 8168 29
2221 34 8206 29
2222 - - -
2223 35 8556 28
2224 35 7752 28
2225 35 7803 28
2226 35 7955 28
2227 35 7756 28
2228 35 7804 28
2229 35 7802 28
2230 35 7849 28
2231 35 7749 28
2232 35 7796 28
2233 35 7894 28
2234 35 7792 28
2235 35 7840 28
2236 35 7886 28
2237 35 7837 28
2238 35 7881 28
2239 35 7875 28
2240 35 7772 28
2241 35 7870 28
2242 35 7769 28
2243 35 7765 28
2244 35 7762 28
2245 35 7759 28
2246 35 7807 28
2247 35 7805 28
2248 35 7803 28
2249 35 7751 28
2250 35 7848 28
2251 35 8246 28
2252 35 7894 28
2253 35 7742 28
2254 35 7945 28
2255 35 7940 28
2256 35 7894 28
2257 35 7887 28
2258 35 7883 28
2259 35 7833 28
2260 35 7925 28
2261 35 7823 28
2262 35 7821 28
2263 35 7867 28
2264 35 7817 28
2265 35 7813 28
2266 35 7812 28
2267 35 7809 28
2268 35 7757 28
2269 35 7805 28
2270 35 7753 28
2271 35 7801 28
2272 35 7805 28
2273 35 7846 28
2274 35 7846 28
2275 35 7844 28
2276 35 7995 28
2277 35 7989 28
2278 35 8138 28
2279 35 7986 28
2280 35 7828 28
2281 35 7876 28
2282 35 7821 28
2283 35 8019 28
2284 35 7869 28
2285 - - -
2286 36 8164 27
2287 36 7713 27
2288 36 7665 27
2289 36 7767 27
2290 36 7666 27
2291 36 7715 27
2292 36 7662 27
2293 36 7661 27
2294 36 7708 27
2295 36 7657 27
2296 36 7603 27
2297 36 7647 27
2298 36 7595 27
2299 36 7842 27
2300 36 7640 27
2301 36 7837 27
2302 36 7686 27
2303 36 7582 27
2304 36 7232 27
2305 36 7228 27
2306 36 7077 27
2307 36 7176 27
2308 36 7673 27
2309 36 7771 27
2310 36 7819 27
2311 36 7717 27
2312 36 7716 27
2313 36 7712 27
2314 36 7660 27
2315 36 7659 27
2316 36 7657 27
2317 36 7601 27
2318 36 7601 27
2319 36 7648 27
2320 36 7644 27
2321 36 7742 27
2322 36 7689 27
2323 36 7638 27
2324 36 7735 27
2325 36 7838 27
2326 36 7681 27
2327 36 7626 27
2328 36 7624 27
2329 36 7623 27
2330 36 7619 27
2331 36 7669 27
2332 36 7667 27
2333 36 7612 27
2334 36 7610 27
2335 36 7659 27
2336 36 7656 27
2337 36 7704 27
2338 36 7698 27
2339 36 7696 27
2340 36 7644 27
2341 36 7591 27
2342 36 7589 27
2343 36 7688 27
2344 36 7637 27
2345 36 7686 27
2346 36 7584 27
2347 36 7631 27
2348 36 7730 27
2349 - - -
2350 37 7873 26
2351 37 7374 26
2352 37 7226 26
2353 37 7279 26
2354 37 7227 26
2355 37 7423 26
2356 37 7273 26
2357 37 7320 26
2358 37 7367 26
2359 37 7215 26
2360 37 7313 26
2361 37 7260 26
2362 37 7258 26
2363 37 7456 26
2364 37 7254 26
2365 37 7252 26
2366 37 7200 26
2367 37 7347 26
2368 37 7346 26
2369 37 7293 26
2370 37 7241 26
2371 37 7340 26
2372 37 7288 26
2373 37 7436 26
2374 37 7284 26
2375 37 7277 26
2376 37 7326 26
2377 37 7224 26
2378 37 7222 26
2379 37 7270 26
2380 37 7218 26
2381 37 7265 26
2382 37 7263 26
2383 37 7312 26
2384 37 7310 26
2385 37 7406 26
2386 37 7255 26
2387 37 7252 26
2388 37 7201 26
2389 37 7347 26
2390 37 7246 26
2391 37 7293 26
2392 37 7291 26
2393 37 7290 26
2394 37 7388 26
2395 37 7281 26
2396 37 7324 26
2397 37 7272 26
2398 37 7222 26
2399 37 7424 26
2400 37 7317 26
2401 37 7315 26
2402 37 7263 26
2403 37 7410 26
2404 37 7208 26
2405 37 7307 26
2406 37 7254 26
2407 37 7200 26
2408 37 7200 26
2409 37 7297 26
2410 37 7295 26
2411 37 7292 26
2412 - - -
2413 38 7689 25
2414 38 7134 25
2415 38 7187 25
2416 38 7032 25
2417 38 7034 25
2418 38 7137 25
2419 38 7084 25
2420 38 7082 25
2421 38 7079 25
2422 38 7238 25
2423 38 7126 25
2424 38 7074 25
2425 38 7171 25
2426 38 6969 25
2427 38 7017 25
2428 38 6617 25
2429 38 6614 25
2430 38 6662 25
2431 38 6660 25
2432 38 6958 25
2433 38 7154 25
2434 38 7190 25
2435 38 7186 25
2436 38 7082 25
2437 38 7130 25
2438 38 7129 25
2439 38 7075 25
2440 38 7073 25
2441 38 7071 25
2442 38 7220 25
2443 38 7066 25
2444 38 7065 25
2445 38 7111 25
2446 38 7107 25
2447 38 7305 25
2448 38 7153 25
2449 38 7050 25
2450 38 7047 25
2451 38 7045 25
2452 38 7141 25
2453 38 7034 25
2454 38 7032 25
2455 38 7078 25
2456 38 7125 25
2457 38 7075 25
2458 38 7072 25
2459 38 7069 25
2460 38 7115 25
2461 38 7013 25
2462 38 7165 25
2463 38 7057 25
2464 38 7105 25
2465 38 7152 25
2466 38 7201 25
2467 38 7000 25
2468 38 7197 25
2469 38 7096 25
2470 38 7043 25
2471 38 6996 25
2472 38 7089 25
2473 38 7180 25
2474 38 7179 25
2475 38 7125 25
2476 - - -
2477 39 6971 24
2478 39 6721 24
2479 39 6776 24
2480 39 6728 24
2481 39 6780 24
2482 39 6734 24
2483 39 6680 24
2484 39 6728 24
2485 39 6674 24
2486 39 6723 24
2487 39 6670 24
2488 39 6718 24
2489 39 6807 24
2490 39 6657 24
2491 39 6752 24
2492 39 6701 24
2493 39 6647 24
2494 39 6695 24
2495 39 6741 24
2496 39 6889 24
2497 39 6887 24
2498 39 6734 24
2499 39 6831 24
2500 39 6829 24
2501 39 6724 24
2502 39 6772 24
2503 39 6820 24
2504 39 6719 24
2505 39 6716 24
2506 39 6765 24
2507 39 6711 24
2508 39 6710 24
2509 39 6703 24
2510 39 6651 24
2511 39 6698 24
2512 39 6645 24
2513 39 6694 24
2514 39 6643 24
2515 39 6788 24
2516 39 6786 24
2517 39 6687 24
2518 39 6731 24
2519 39 6678 24
2520 39 6675 24
2521 39 6825 24
2522 39 6773 24
2523 39 6770 24
2524 39 6719 24
2525 39 6666 24
2526 39 6764 24
2527 39 6760 24
2528 39 6708 24
2529 39 6694 24
2530 39 6694 24
2531 39 6741 24
2532 39 6788 24
2533 39 6786 24
2534 39 6734 24
2535 39 6732 24
2536 39 6829 24
2537 39 6728 24
2538 39 6677 24
2539 - - -
2540 40 6919 23
2541 40 6570 23
2542 40 6622 23
2543 40 6526 23
2544 40 6780 23
2545 40 6630 23
2546 40 6581 23
2547 40 6527 23
2548 40 6524 23
2549 40 6273 23
2550 40 6075 23
2551 40 5917 23
2552 40 5967 23
2553 40 6114 23
2554 40 6162 23
2555 40 6209 23
2556 40 6257 23
2557 40 6604 23
2558 40 6596 23
2559 40 6543 23
2560 40 6542 23
2561 40 6540 23
2562 40 6538 23
2563 40 6684 23
2564 40 6533 23
2565 40 6525 23
2566 40 6573 23
2567 40 6521 23
2568 40 6570 23
2569 40 6617 23
2570 40 6613 23
2571 40 6609 23
2572 40 6558 23
2573 40 6507 23
2574 40 6555 23
2575 40 6503 23
2576 40 6553 23
2577 40 6499 23
2578 40 6497 23
2579 40 6493 23
2580 40 6540 23
2581 40 6537 23
2582 40 6692 23
2583 40 6682 23
2584 40 6520 23
2585 40 6668 23
2586 40 6566 23
2587 40 6513 23
2588 40 6560 23
2589 40 6507 23
2590 40 6557 23
2591 40 6551 23
2592 40 6500 23
2593 40 6547 23
2594 40 6495 23
2595 40 6541 23
2596 40 6538 23
2597 40 6537 23
2598 40 6486 23
2599 40 6484 23
2600 40 6531 23
2601 40 6529 23
2602 40 6577 23
2603 - - -
2604 41 6417 22
2605 41 6168 22
2606 41 6222 22
2607 41 6174 22
2608 41 6129 22
2609 41 6233 22
2610 41 6131 22
2611 41 6177 22
2612 41 6125 22
2613 41 6122 22
2614 41 6122 22
2615 41 6216 22
2616 41 6114 22
2617 41 6161 22
2618 41 6208 22
2619 41 6156 22
2620 41 6099 22
2621 41 6248 22
2622 41 6145 22
2623 41 6141 22
2624 41 6140 22
2625 41 6188 22
2626 41 6136 22
2627 41 6184 22
2628 41 6133 22
2629 41 6181 22
2630 41 6130 22
2631 41 6132 22
2632 41 6177 22
2633 41 6124 22
2634 41 6123 22
2635 41 6167 22
2636 41 6166 22
2637 41 6162 22
2638 41 6111 22
2639 41 6109 22
2640 41 6102 22
2641 41 6099 22
2642 41 6149 22
2643 41 6194 22
2644 41 6144 22
2645 41 6191 22
2646 41 6189 22
2647 41 6136 22
2648 41 6185 22
2649 41 6183 22
2650 41 6130 22
2651 41 6181 22
2652 41 6176 22
2653 41 6222 22
2654 41 6121 22
2655 41 6117 22
2656 41 6265 22
2657 41 6162 22
2658 41 6160 22
2659 41 6103 22
2660 41 6199 22
2661 41 6146 22
2662 41 6143 22
2663 41 6140 22
2664 41 6188 22
2665 41 6185 22
2666 - - -
2667 42 6130 21
2668 42 5983 21
2669 42 5986 21
2670 42 5940 21
2671 42 5843 21
2672 42 5600 21
2673 42 5404 21
2674 42 5610 21
2675 42 5457 21
2676 42 5499 21
2677 42 5497 21
2678 42 5593 21
2679 42 5641 21
2680 42 5938 21
2681 42 5935 21
2682 42 5983 21
2683 42 5981 21
2684 42 6028 21
2685 42 5925 21
2686 42 5971 21
2687 42 6117 21
2688 42 6016 21
2689 42 5962 21
2690 42 6011 21
2691 42 5906 21
2692 42 6003 21
2693 42 5952 21
2694 42 5999 21
2695 42 5942 21
2696 42 5990 21
2697 42 6039 21
2698 42 5935 21
2699 42 5982 21
2700 42 6030 21
2701 42 6027 21
2702 42 6027 21
2703 42 5972 21
2704 42 6021 21
2705 42 5968 21
2706 42 6016 21
2707 42 5963 21
2708 42 5960 21
2709 42 5958 21
2710 42 6005 21
2711 42 6001 21
2712 42 5949 21
2713 42 5996 21
2714 42 5995 21
2715 42 5935 21
2716 42 5981 21
2717 42 5978 21
2718 42 6026 21
2719 42 5975 21
2720 42 5922 21
2721 42 5969 21
2722 42 6068 21
2723 42 5963 21
2724 42 5961 21
2725 42 5957 21
2726 42 6005 21
2727 42 5903 21
2728 42 5899 21
2729 42 5946 21
2730 - - -
2731 43 9334 20
2732 43 5666 20
2733 43 5667 20
2734 43 5620 20
2735 43 5625 20
2736 43 5630 20
2737 43 5634 20
2738 43 5639 20
2739 43 5684 20
2740 43 5579 20
2741 43 5626 20
2742 43 5574 20
2743 43 5571 20
2744 43 5569 20
2745 43 5565 20
2746 43 5565 20
2747 43 5561 20
2748 43 5611 20
2749 43 5557 20
2750 43 5604 20
2751 43 5547 20
2752 43 5645 20
2753 43 5590 20
2754 43 5589 20
2755 43 5586 20
2756 43 5585 20
2757 43 5632 20
2758 43 5580 20
2759 43 5678 20
2760 43 5578 20
2761 43 5625 20
2762 43 5621 20
2763 43 5670 20
2764 43 5568 20
2765 43 5616 20
2766 43 5657 20
2767 43 5604 20
2768 43 5553 20
2769 43 5553 20
2770 43 5646 20
2771 43 5595 20
2772 43 5638 20
2773 43 5589 20
2774 43 5584 20
2775 43 5583 20
2776 43 5581 20
2777 43 5578 20
2778 43 5626 20
2779 43 5574 20
2780 43 5672 20
2781 43 5571 20
2782 43 5567 20
2783 43 5715 20
2784 43 5564 20
2785 43 5563 20
2786 43 5662 20
2787 43 5559 20
2788 43 5656 20
2789 43 5654 20
2790 43 5601 20
2791 43 5599 20
2792 43 5746 20
2793 - - -
2794 44 5389 19
2795 44 5090 19
2796 44 5045 19
2797 44 5050 19
2798 44 4956 19
2799 44 5012 19
2800 44 4964 19
2801 44 5018 19
2802 44 4972 19
2803 44 5269 19
2804 44 5366 19
2805 44 5462 19
2806 44 5410 19
2807 44 5457 19
2808 44 5356 19
2809 44 5452 19
2810 44 5396 19
2811 44 5445 19
2812 44 5442 19
2813 44 5439 19
2814 44 5437 19
2815 44 5485 19
2816 44 5434 19
2817 44 5481 19
2818 44 5379 19
2819 44 5475 19
2820 44 5424 19
2821 44 5472 19
2822 44 5418 19
2823 44 5415 19
2824 44 5412 19
2825 44 5409 19
2826 44 5407 19
2827 44 5406 19
2828 44 5403 19
2829 44 5400 19
2830 44 5443 19
2831 44 5390 19
2832 44 5389 19
2833 44 5386 19
2834 44 5433 19
2835 44 5479 19
2836 44 5477 19
2837 44 5425 19
2838 44 5424 19
2839 44 5472 19
2840 44 5470 19
2841 44 5519 19
2842 44 5415 19
2843 44 5511 19
2844 44 5365 19
2845 44 5460 19
2846 44 5358 19
2847 44 5405 19
2848 44 5403 19
2849 44 5400 19
2850 44 5396 19
2851 44 5340 19
2852 44 5338 19
2853 44 5385 19
2854 44 5334 19
2855 44 5331 19
2856 44 5328 19
2857 - - -
2858 45 5124 18
2859 45 5029 18
2860 45 5083 18
2861 45 4990 18
2862 45 4995 18
2863 45 5050 18
2864 45 5106 18
2865 45 5011 18
2866 45 5111 18
2867 45 5063 18
2868 45 5052 18
2869 45 5050 18
2870 45 5002 18
2871 45 5000 18
2872 45 5042 18
2873 45 5041 18
2874 45 5089 18
2875 45 5036 18
2876 45 5034 18
2877 45 5082 18
2878 45 5030 18
2879 45 5029 18
2880 45 5075 18
2881 45 5073 18
2882 45 5123 18
2883 45 5063 18
2884 45 5011 18
2885 45 5058 18
2886 45 5008 18
2887 45 5055 18
2888 45 5048 18
2889 45 5046 18
2890 45 5093 18
2891 45 5042 18
2892 45 5088 18
2893 45 5036 18
2894 45 5134 18
2895 45 5083 18
2896 45 5080 18
2897 45 5027 18
2898 45 5074 18
2899 45 5072 18
2900 45 5021 18
2901 45 5018 18
2902 45 5017 18
2903 45 5015 18
2904 45 5065 18
2905 45 5062 18
2906 45 5061 18
2907 45 5058 18
2908 45 4998 18
2909 45 5042 18
2910 45 5040 18
2911 45 5037 18
2912 45 5036 18
2913 45 5032 18
2914 45 5081 18
2915 45 5029 18
2916 45 5028 18
2917 45 4631 18
2918 45 4673 18
2919 45 4622 18
2920 - - -
2921 46 4768 17
2922 46 4521 17
2923 46 4426 17
2924 46 4482 17
2925 46 4483 17
2926 46 4538 17
2927 46 4547 17
2928 46 4803 17
2929 46 4860 17
2930 46 4867 17
2931 46 4924 17
2932 46 4929 17
2933 46 4878 17
2934 46 4876 17
2935 46 4874 17
2936 46 4870 17
2937 46 4968 17
2938 46 4914 17
2939 46 4863 17
2940 46 4909 17
2941 46 4860 17
2942 46 4857 17
2943 46 4855 17
2944 46 4852 17
2945 46 4850 17
2946 46 4843 17
2947 46 4841 17
2948 46 4889 17
2949 46 4838 17
2950 46 4886 17
2951 46 4883 17
2952 46 4981 17
2953 46 4834 17
2954 46 4879 17
2955 46 4926 17
2956 46 4921 17
2957 46 4920 17
2958 46 4869 17
2959 46 4866 17
2960 46 4863 17
2961 46 4863 17
2962 46 4861 17
2963 46 4858 17
2964 46 4856 17
2965 46 4904 17
2966 46 4851 17
2967 46 4846 17
2968 46 4843 17
2969 46 4842 17
2970 46 4839 17
2971 46 4837 17
2972 46 4834 17
2973 46 4881 17
2974 46 4832 17
2975 46 4877 17
2976 46 4976 17
2977 46 4925 17
2978 46 4921 17
2979 46 4870 17
2980 46 4867 17
2981 46 4864 17
2982 46 4911 17
2983 46 4860 17
2984 - - -
2985 47 4707 16
2986 47 4461 16
2987 47 4517 16
2988 47 4667 16
2989 47 4468 16
2990 47 4461 16
2991 47 4467 16
2992 47 4474 16
2993 47 4481 16
2994 47 4486 16
2995 47 4483 16
2996 47 4530 16
2997 47 4527 16
2998 47 4476 16
2999 47 4522 16
3000 47 4472 16
3001 47 4470 16
3002 47 4468 16
3003 47 4514 16
3004 47 4456 16
3005 47 4455 16
3006 47 4451 16
3007 47 4449 16
3008 47 4447 16
3009 47 4494 16
3010 47 4541 16
3011 47 4489 16
3012 47 4537 16
3013 47 4484 16
3014 47 4482 16
3015 47 4580 16
3016 47 4477 16
3017 47 4479 16
3018 47 4474 16
3019 47 4471 16
3020 47 4469 16
3021 47 4466 16
3022 47 4515 16
3023 47 4463 16
3024 47 4556 16
3025 47 4454 16
3026 47 4452 16
3027 47 4499 16
3028 47 4498 16
3029 47 4444 16
3030 47 4443 16
3031 47 4490 16
3032 47 4536 16
3033 47 4484 16
3034 47 4483 16
3035 47 4481 16
3036 47 4529 16
3037 47 4528 16
3038 47 4526 16
3039 47 4225 16
3040 47 4172 16
3041 47 4117 16
3042 47 4213 16
3043 47 4113 16
3044 47 4110 16
3045 47 4104 16
3046 47 4203 16
3047 - - -
3048 48 4149 15
3049 48 3903 15
3050 48 3910 15
3051 48 4117 15
3052 48 4273 15
3053 48 4131 15
3054 48 4338 15
3055 48 4290 15
3056 48 4248 15
3057 48 4357 15
3058 48 4313 15
3059 48 4319 15
3060 48 4427 15
3061 48 4384 15
3062 48 4291 15
3063 48 4271 15
3064 48 4323 15
3065 48 4379 15
3066 48 4336 15
3067 48 4334 15
3068 48 4332 15
3069 48 4279 15
3070 48 4273 15
3071 48 4273 15
3072 48 4270 15
3073 48 4267 15
3074 48 4263 15
3075 48 4261 15
3076 48 4359 15
3077 48 4256 15
3078 48 4254 15
3079 48 4302 15
3080 48 4299 15
3081 48 4245 15
3082 48 4235 15
3083 48 4332 15
3084 48 4280 15
3085 48 4377 15
3086 48 4326 15
3087 48 4323 15
3088 48 4271 15
3089 48 4269 15
3090 48 4367 15
3091 48 4264 15
3092 48 4263 15
3093 48 4310 15
3094 48 4259 15
3095 48 4308 15
3096 48 4254 15
3097 48 4252 15
3098 48 4251 15
3099 48 4247 15
3100 48 4243 15
3101 48 4241 15
3102 48 4235 15
3103 48 4283 15
3104 48 4280 15
3105 48 4328 15
3106 48 4275 15
3107 48 4274 15
3108 48 4270 15
3109 48 4267 15
3110 48 4315 15
3111 - - -
3112 49 4015 14
3113 49 3963 14
3114 49 3972 14
3115 49 3977 14
3116 49 3886 14
3117 49 3944 14
3118 49 3904 14
3119 49 3907 14
3120 49 3915 14
3121 49 3922 14
3122 49 3981 14
3123 49 3936 14
3124 49 3934 14
3125 49 3932 14
3126 49 3930 14
3127 49 3927 14
3128 49 3925 14
3129 49 3922 14
3130 49 3922 14
3131 49 3917 14
3132 49 3915 14
3133 49 3913 14
3134 49 3912 14
3135 49 3859 14
3136 49 3958 14
3137 49 3905 14
3138 49 3898 14
3139 49 3946 14
3140 49 3894 14
3141 49 4041 14
3142 49 3890 14
3143 49 3937 14
3144 49 3985 14
3145 49 3933 14
3146 49 3929 14
3147 49 3927 14
3148 49 3924 14
3149 49 3923 14
3150 49 3970 14
3151 49 3969 14
3152 49 3917 14
3153 49 3913 14
3154 49 3911 14
3155 49 3909 14
3156 49 3907 14
3157 49 3900 14
3158 49 3898 14
3159 49 3993 14
3160 49 3843 14
3161 49 3690 14
3162 49 3640 14
3163 49 3687 14
3164 49 3684 14
3165 49 3682 14
3166 49 3682 14
3167 49 3729 14
3168 49 3727 14
3169 49 3622 14
3170 49 3676 14
3171 49 3620 14
3172 49 3668 14
3173 49 3616 14
3174 - - -
3175 50 3657 13
3176 50 3763 13
3177 50 3713 13
3178 50 3822 13
3179 50 3831 13
3180 50 3740 13
3181 50 3747 13
3182 50 3707 13
3183 50 3717 13
3184 50 3773 13
3185 50 3782 13
3186 50 3729 13
3187 50 3735 13
3188 50 3743 13
3189 50 3704 13
3190 50 3761 13
3191 50 3769 13
3192 50 3830 13
3193 50 3777 13
3194 50 3739 13
3195 50 3696 13
3196 50 3703 13
3197 50 3712 13
3198 50 3719 13
3199 50 3777 13
3200 50 3737 13
3201 50 3745 13
3202 50 3755 13
3203 50 3763 13
3204 50 3722 13
3205 50 3679 13
3206 50 3688 13
3207 50 3696 13
3208 50 3805 13
3209 50 3763 13
3210 50 3722 13
3211 50 3731 13
3212 50 3728 13
3213 50 3771 13
3214 50 3718 13
3215 50 3714 13
3216 50 3712 13
3217 50 3766 13
3218 50 3707 13
3219 50 3806 13
3220 50 3702 13
3221 50 3750 13
3222 50 3747 13
3223 50 3694 13
3224 50 3691 13
3225 50 3688 13
3226 50 3684 13
3227 50 3682 13
3228 50 3679 13
3229 50 7319 13
3230 50 4220 13
3231 50 3720 13
3232 50 3769 13
3233 50 3811 13
3234 50 3760 13
3235 50 3806 13
3236 50 3705 13
3237 50 3751 13
3238 - - -
3239 51 3399 12
3240 51 3355 12
3241 51 3413 12
3242 51 3371 12
3243 51 3378 12
3244 51 3437 12
3245 51 3347 12
3246 51 3354 12
3247 51 3362 12
3248 51 3371 12
3249 51 3375 12
3250 51 3383 12
3251 51 3341 12
3252 51 3400 12
3253 51 3408 12
3254 51 3354 12
3255 51 3352 12
3256 51 3399 12
3257 51 3348 12
3258 51 3345 12
3259 51 3343 12
3260 51 3390 12
3261 51 3387 12
3262 51 3385 12
3263 51 3382 12
3264 51 3380 12
3265 51 3431 12
3266 51 3376 12
3267 51 3475 12
3268 51 3422 12
3269 51 3363 12
3270 51 3359 12
3271 51 3358 12
3272 51 3355 12
3273 51 3353 12
3274 51 3351 12
3275 51 3398 12
3276 51 3346 12
3277 51 3394 12
3278 51 3390 12
3279 51 3439 12
3280 51 3387 12
3281 51 3384 12
3282 51 3378 12
3283 51 3375 12
3284 51 3173 12
3285 51 3169 12
3286 51 3123 12
3287 51 3165 12
3288 51 3111 12
3289 51 3104 12
3290 51 3105 12
3291 51 3100 12
3292 51 3097 12
3293 51 3146 12
3294 51 3144 12
3295 51 3192 12
3296 51 3141 12
3297 51 3137 12
3298 51 3183 12
3299 51 3431 12
3300 51 3428 12
3301 - - -
3302 52 3026 11
3303 52 3181 11
3304 52 3183 11
3305 52 3236 11
3306 52 3147 11
3307 52 3255 11
3308 52 3164 11
3309 52 3173 11
3310 52 3183 11
3311 52 3141 11
3312 52 3152 11
3313 52 3161 11
3314 52 3219 11
3315 52 3226 11
3316 52 3187 11
3317 52 3250 11
3318 52 3207 11
3319 52 3214 11
3320 52 3229 11
3321 52 3181 11
3322 52 3192 11
3323 52 3150 11
3324 52 3161 11
3325 52 3164 11
3326 52 3224 11
3327 52 3183 11
3328 52 3192 11
3329 52 3250 11
3330 52 3208 11
3331 52 3266 11
3332 52 3225 11
3333 52 3184 11
3334 52 3194 11
3335 52 3151 11
3336 52 3207 11
3337 52 3215 11
3338 52 3223 11
3339 52 3181 11
3340 52 3141 11
3341 52 3151 11
3342 52 3210 11
3343 52 3168 11
3344 52 3224 11
3345 52 3128 11
3346 52 3188 11
3347 52 3198 11
3348 52 3207 11
3349 52 3165 11
3350 52 3123 11
3351 52 3134 11
3352 52 3192 11
3353 52 3150 11
3354 52 3210 11
3355 52 3169 11
3356 52 3178 11
3357 52 3138 11
3358 52 3148 11
3359 52 3156 11
3360 52 3164 11
3361 52 3125 11
3362 52 3135 11
3363 52 3139 11
3364 52 3152 11
3365 - - -
3366 53 2914 10
3367 53 2871 10
3368 53 2831 10
3369 53 2789 10
3370 53 2800 10
3371 53 2809 10
3372 53 2809 10
3373 53 2817 10
3374 53 2825 10
3375 53 2835 10
3376 53 2840 10
3377 53 2797 10
3378 53 2808 10
3379 53 2819 10
3380 53 2829 10
3381 53 2832 10
3382 53 2791 10
3383 53 2800 10
3384 53 2809 10
3385 53 2817 10
3386 53 2828 10
3387 53 2887 10
3388 53 2797 10
3389 53 2842 10
3390 53 2840 10
3391 53 2839 10
3392 53 2837 10
3393 53 2834 10
3394 53 2883 10
3395 53 2830 10
3396 53 2879 10
3397 53 2826 10
3398 53 2824 10
3399 53 2822 10
3400 53 2820 10
3401 53 2818 10
3402 53 2807 10
3403 53 2805 10
3404 53 2804 10
3405 53 2802 10
3406 53 2700 10
3407 53 2697 10
3408 53 2694 10
3409 53 2692 10
3410 53 2691 10
3411 53 2637 10
3412 53 2687 10
3413 53 2634 10
3414 53 2632 10
3415 53 2630 10
3416 53 2682 10
3417 53 2679 10
3418 53 2632 10
3419 53 2621 10
3420 53 2618 10
3421 53 2616 10
3422 53 2706 10
3423 53 2904 10
3424 53 2901 10
3425 53 2850 10
3426 53 2848 10
3427 53 2847 10
3428 - - -
3429 54 2791 9
3430 54 2599 9
3431 54 2606 9
3432 54 2614 9
3433 54 2626 9
3434 54 2635 9
3435 54 2644 9
3436 54 2654 9
3437 54 2615 9
3438 54 2675 9
3439 54 2682 9
3440 54 2593 9
3441 54 2652 9
3442 54 2611 9
3443 54 2625 9
3444 54 2632 9
3445 54 2642 9
3446 54 2651 9
3447 54 2611 9
3448 54 2622 9
3449 54 2631 9
3450 54 2585 9
3451 54 2595 9
3452 54 2606 9
3453 54 2716 9
3454 54 2677 9
3455 54 2585 9
3456 54 2595 9
3457 54 2606 9
3458 54 2667 9
3459 54 2621 9
3460 54 2577 9
3461 54 2639 9
3462 54 2599 9
3463 54 2612 9
3464 54 2673 9
3465 54 2582 9
3466 54 2592 9
3467 54 2652 9
3468 54 2601 9
3469 54 2611 9
3470 54 2571 9
3471 54 2581 9
3472 54 2591 9
3473 54 2603 9
3474 54 2613 9
3475 54 2573 9
3476 54 2583 9
3477 54 2594 9
3478 54 2654 9
3479 54 2615 9
3480 54 2622 9
3481 54 2577 9
3482 54 2640 9
3483 54 2595 9
3484 54 2660 9
3485 54 2616 9
3486 54 2626 9
3487 54 2684 9
3488 54 2592 9
3489 54 2600 9
3490 54 2606 9
3491 54 2662 9
3492 - - -
3493 55 2382 8
3494 55 2241 8
3495 55 2248 8
3496 55 2356 8
3497 55 2263 8
3498 55 2273 8
3499 55 2288 8
3500 55 2293 8
3501 55 2304 8
3502 55 2264 8
3503 55 2274 8
3504 55 2284 8
3505 55 2244 8
3506 55 2254 8
3507 55 2265 8
3508 55 2275 8
3509 55 2284 8
3510 55 2245 8
3511 55 2256 8
3512 55 2267 8
3513 55 2278 8
3514 55 2237 8
3515 55 2247 8
3516 55 2258 8
3517 55 2265 8
3518 55 2276 8
3519 55 2336 8
3520 55 2245 8
3521 55 2256 8
3522 55 2266 8
3523 55 2276 8
3524 55 2290 8
3525 55 2245 8
3526 55 2255 8
3527 55 2264 8
3528 55 2268 8
3529 55 2127 8
3530 55 2138 8
3531 55 2096 8
3532 55 2107 8
3533 55 2217 8
3534 55 2128 8
3535 55 2126 8
3536 55 2122 8
3537 55 2121 8
3538 55 2113 8
3539 55 2110 8
3540 55 2108 8
3541 55 2099 8
3542 55 2149 8
3543 55 2097 8
3544 55 2095 8
3545 55 2141 8
3546 55 2189 8
3547 55 2387 8
3548 55 2335 8
3549 55 2282 8
3550 55 2279 8
3551 55 2278 8
3552 55 2275 8
3553 55 2321 8
3554 55 2271 8
3555 - - -
3556 56 2166 7
3557 56 2070 7
3558 56 2079 7
3559 56 2091 7
3560 56 2100 7
3561 56 2061 7
3562 56 2125 7
3563 56 2036 7
3564 56 2048 7
3565 56 2057 7
3566 56 2070 7
3567 56 2032 7
3568 56 2044 7
3569 56 2055 7
3570 56 2066 7
3571 56 2076 7
3572 56 2038 7
3573 56 2098 7
3574 56 2061 7
3575 56 2071 7
3576 56 2126 7
3577 56 2036 7
3578 56 2098 7
3579 56 2060 7
3580 56 2072 7
3581 56 2032 7
3582 56 2045 7
3583 56 2103 7
3584 56 2064 7
3585 56 2026 7
3586 56 2036 7
3587 56 2056 7
3588 56 2058 7
3589 56 2118 7
3590 56 2029 7
3591 56 2040 7
3592 56 2051 7
3593 56 2063 7
3594 56 2024 7
3595 56 2036 7
3596 56 2098 7
3597 56 2054 7
3598 56 2068 7
3599 56 2029 7
3600 56 2091 7
3601 56 2100 7
3602 56 2063 7
3603 56 2024 7
3604 56 2037 7
3605 56 2048 7
3606 56 2061 7
3607 56 2022 7
3608 56 2026 7
3609 56 2036 7
3610 56 2096 7
3611 56 2108 7
3612 56 2019 7
3613 56 2026 7
3614 56 2087 7
3615 56 2049 7
3616 56 2060 7
3617 56 2019 7
3618 56 2032 7
3619 - - -
3620 57 1806 6
3621 57 1715 6
3622 57 1712 6
3623 57 1725 6
3624 57 1735 6
3625 57 1694 6
3626 57 1707 6
3627 57 1721 6
3628 57 1731 6
3629 57 1692 6
3630 57 1752 6
3631 57 1712 6
3632 57 1726 6
3633 57 1736 6
3634 57 1693 6
3635 57 1705 6
3636 57 1766 6
3637 57 1728 6
3638 57 1689 6
3639 57 1750 6
3640 57 1710 6
3641 57 1723 6
3642 57 1684 6
3643 57 1695 6
3644 57 1704 6
3645 57 1712 6
3646 57 1724 6
3647 57 1685 6
3648 57 1747 6
3649 57 1707 6
3650 57 1770 6
3651 57 1630 6
3652 57 1642 6
3653 57 1654 6
3654 57 1617 6
3655 57 1626 6
3656 57 1687 6
3657 57 1600 6
3658 57 1611 6
3659 57 1620 6
3660 57 1681 6
3661 57 1593 6
3662 57 1605 6
3663 57 1617 6
3664 57 1632 6
3665 57 1589 6
3666 57 1608 6
3667 57 1613 6
3668 57 1626 6
3669 57 1686 6
3670 57 1698 6
3671 57 1707 6
3672 57 1771 6
3673 57 1733 6
3674 57 1742 6
3675 57 1730 6
3676 57 1692 6
3677 57 1701 6
3678 57 1713 6
3679 57 1723 6
3680 57 1733 6
3681 57 1695 6
3682 - - -
3683 58 1659 5
3684 58 1518 5
3685 58 1528 5
3686 58 1540 5
3687 58 1500 5
3688 58 1513 5
3689 58 1525 5
3690 58 1492 5
3691 58 1494 5
3692 58 1553 5
3693 58 1516 5
3694 58 1529 5
3695 58 1491 5
3696 58 1503 5
3697 58 1515 5
3698 58 1479 5
3699 58 1489 5
3700 58 1550 5
3701 58 1512 5
3702 58 1477 5
3703 58 1539 5
3704 58 1500 5
3705 58 1564 5
3706 58 1475 5
3707 58 1491 5
3708 58 1500 5
3709 58 1512 5
3710 58 1574 5
3711 58 1532 5
3712 58 1545 5
3713 58 1556 5
3714 58 1519 5
3715 58 1480 5
3716 58 1493 5
3717 58 1505 5
3718 58 1516 5
3719 58 1478 5
3720 58 1491 5
3721 58 1552 5
3722 58 1564 5
3723 58 1525 5
3724 58 1486 5
3725 58 1499 5
3726 58 1506 5
3727 58 1468 5
3728 58 1485 5
3729 58 1491 5
3730 58 1502 5
3731 58 1511 5
3732 58 1474 5
3733 58 1485 5
3734 58 1499 5
3735 58 1510 5
3736 58 1522 5
3737 58 1484 5
3738 58 1542 5
3739 58 1507 5
3740 58 1520 5
3741 58 1480 5
3742 58 1494 5
3743 58 1501 5
3744 58 1464 5
3745 58 1474 5
3746 - - -
3747 59 1249 4
3748 59 1156 4
3749 59 1167 4
3750 59 1178 4
3751 59 1140 4
3752 59 1150 4
3753 59 1164 4
3754 59 1172 4
3755 59 1178 4
3756 59 1140 4
3757 59 1153 4
3758 59 1165 4
3759 59 1176 4
3760 59 1138 4
3761 59 1150 4
3762 59 1162 4
3763 59 1176 4
3764 59 1179 4
3765 59 1141 4
3766 59 1155 4
3767 59 1159 4
3768 59 1170 4
3769 59 1182 4
3770 59 1145 4
3771 59 1158 4
3772 59 1120 4
3773 59 1183 4
3774 59 1096 4
3775 59 1160 4
3776 59 1173 4
3777 59 1135 4
3778 59 1097 4
3779 59 1109 4
3780 59 1121 4
3781 59 1133 4
3782 59 1095 4
3783 59 1109 4
3784 59 1121 4
3785 59 1133 4
3786 59 1095 4
3787 59 1102 4
3788 59 1166 4
3789 59 1128 4
3790 59 1089 4
3791 59 1101 4
3792 59 1064 4
3793 59 1182 4
3794 59 1140 4
3795 59 1153 4
3796 59 1215 4
3797 59 1177 4
3798 59 1189 4
3799 59 1152 4
3800 59 1165 4
3801 59 1177 4
3802 59 1140 4
3803 59 1153 4
3804 59 1163 4
3805 59 1176 4
3806 59 1146 4
3807 59 1148 4
3808 59 1161 4
3809 - - -
3810 60 987 3
3811 60 946 3
3812 60 1009 3
3813 60 970 3
3814 60 984 3
3815 60 945 3
3816 60 958 3
3817 60 970 3
3818 60 933 3
3819 60 1001 3
3820 60 1008 3
3821 60 1020 3
3822 60 984 3
3823 60 942 3
3824 60 955 3
3825 60 966 3
3826 60 1030 3
3827 60 935 3
3828 60 945 3
3829 60 1006 3
3830 60 1019 3
3831 60 982 3
3832 60 944 3
3833 60 959 3
3834 60 970 3
3835 60 932 3
3836 60 940 3
3837 60 953 3
3838 60 965 3
3839 60 928 3
3840 60 942 3
3841 60 1003 3
3842 60 967 3
3843 60 926 3
3844 60 940 3
3845 60 951 3
3846 60 1012 3
3847 60 923 3
3848 60 934 3
3849 60 947 3
3850 60 960 3
3851 60 924 3
3852 60 938 3
3853 60 950 3
3854 60 962 3
3855 60 926 3
3856 60 939 3
3857 60 956 3
3858 60 914 3
3859 60 927 3
3860 60 940 3
3861 60 954 3
3862 60 960 3
3863 60 923 3
3864 60 936 3
3865 60 950 3
3866 60 911 3
3867 60 924 3
3868 60 937 3
3869 60 950 3
3870 60 914 3
3871 60 925 3
3872 60 937 3
3873 - - -
3874 61 613 2
3875 61 624 2
3876 61 636 2
3877 61 600 2
3878 61 615 2
3879 61 622 2
3880 61 635 2
3881 61 597 2
3882 61 610 2
3883 61 624 2
3884 61 637 2
3885 61 601 2
3886 61 613 2
3887 61 630 2
3888 61 590 2
3889 61 603 2
3890 61 617 2
3891 61 629 2
3892 61 593 2
3893 61 606 2
3894 61 619 2
3895 61 633 2
3896 61 595 2
3897 61 609 2
3898 61 624 2
3899 61 630 2
3900 61 638 2
3901 61 601 2
3902 61 617 2
3903 61 630 2
3904 61 593 2
3905 61 607 2
3906 61 617 2
3907 61 630 2
3908 61 593 2
3909 61 601 2
3910 61 613 2
3911 61 627 2
3912 61 589 2
3913 61 603 2
3914 61 616 2
3915 61 580 2
3916 61 544 2
3917 61 557 2
3918 61 568 2
3919 61 630 2
3920 61 593 2
3921 61 606 2
3922 61 623 2
3923 61 632 2
3924 61 595 2
3925 61 608 2
3926 61 622 2
3927 61 636 2
3928 61 599 2
3929 61 611 2
3930 61 624 2
3931 61 587 2
3932 61 601 2
3933 61 612 2
3934 61 626 2
3935 61 588 2
3936 - - -
3937 - - -
3938 - - -
3939 - - -
3940 - - -
3941 - - -
3942 - - -
3943 - - -
3944 - - -
3945 - - -
3946 - - -
3947 - - -
3948 - - -
3949 - - -
3950 - - -
3951 - - -
3952 - - -
3953 - - -
3954 - - -
3955 - - -
3956 - - -
3957 - - -
3958 - - -
3959 - - -
3960 - - -
3961 - - -
3962 - - -
3963 - - -
3964 - - -
3965 - - -
3966 - - -
3967 - - -
3968 - - -
3969 - - -
3970 - - -
3971 - - -
3972 - - -
3973 - - -
3974 - - -
3975 - - -
3976 - - -
3977 - - -
3978 - - -
3979 - - -
3980 - - -
3981 - - -
3982 - - -
3983 - - -
3984 - - -
3985 - - -
3986 - - -
3987 - - -
3988 - - -
3989 - - -
3990 - - -
3991 - - -
3992 - - -
3993 - - -
3994 - - -
3995 - - -
3996 - - -
3997 - - -
3998 - - -
3999 - - -
