0 0 33952 63
1 0 32427 63
2 0 32539 63
3 0 32570 63
4 0 32348 63
5 0 32506 63
6 0 32404 63
7 0 32357 63
8 0 32418 63
9 0 32438 63
10 0 32502 63
11 0 32372 63
12 0 32586 63
13 0 32409 63
14 0 32502 63
15 0 32617 63
16 0 32384 63
17 0 32305 63
18 0 32355 63
19 0 32567 63
20 0 32085 63
21 0 32199 63
22 0 32169 63
23 0 32339 63
24 0 32407 63
25 0 32418 63
26 0 32483 63
27 0 32454 63
28 0 32480 63
29 0 32468 63
30 0 32685 63
31 0 32306 63
32 0 32277 63
33 0 32166 63
34 0 32237 63
35 0 32055 63
36 0 32129 63
37 0 31946 63
38 0 32011 63
39 0 31985 63
40 0 32000 63
41 0 32121 63
42 0 31987 63
43 0 31823 63
44 0 31884 63
45 0 31607 63
46 0 31867 63
47 0 31595 63
48 0 31657 63
49 0 31825 63
50 0 31947 63
51 0 31764 63
52 0 31234 63
53 0 31512 63
54 0 31234 63
55 0 31089 63
56 0 31536 63
57 0 31681 63
58 0 31209 63
59 0 31327 63
60 0 31353 63
61 0 31460 63
62 0 31378 63
63 0 31740 63
64 0 31466 63
65 0 31825 63
66 0 31255 63
67 0 31293 63
68 0 31476 63
69 0 31391 63
70 0 31510 63
71 0 31908 63
72 0 31153 63
73 0 31206 63
74 0 31286 63
75 0 31239 63
76 0 31148 63
77 0 31837 63
78 0 31342 63
79 0 31410 63
80 0 31324 63
81 0 31495 63
82 0 32003 63
83 0 31971 63
84 0 31989 63
85 0 32074 63
86 0 32183 63
87 0 32209 63
88 0 32360 63
89 0 32139 63
90 0 32339 63
91 0 32211 63
92 0 32184 63
93 0 32116 63
94 0 32450 63
95 0 32416 63
96 0 32491 63
97 0 32228 63
98 0 32562 63
99 0 32534 63
100 0 32475 63
101 0 32441 63
102 0 32666 63
103 0 32606 63
104 0 32483 63
105 0 32396 63
106 0 32610 63
107 0 32456 63
108 0 32556 63
109 0 32617 63
110 0 32306 63
111 0 32454 63
112 0 32408 63
113 0 32367 63
114 0 32585 63
115 0 32309 63
116 0 32453 63
117 0 32713 63
118 0 32631 63
119 0 32548 63
120 0 32570 63
121 0 32450 63
122 0 32670 63
123 0 32515 63
124 0 32438 63
125 - - -
126 - - -
127 1 31488 61
128 2 31397 61
129 2 31364 61
130 2 31284 61
131 2 31306 61
132 2 31273 61
133 2 31393 61
134 2 31362 61
135 2 31283 61
136 2 31252 61
137 2 31324 61
138 2 31339 61
139 2 31360 61
140 2 31324 61
141 2 31392 61
142 2 31723 61
143 2 31382 61
144 2 31401 61
145 2 31471 61
146 2 31547 61
147 2 31414 61
148 2 31384 61
149 2 31952 61
150 2 31216 61
151 2 31428 61
152 2 31857 61
153 2 31367 61
154 2 31354 61
155 2 31423 61
156 2 31392 61
157 2 31507 61
158 2 31233 61
159 2 31150 61
160 2 31366 61
161 2 31484 61
162 2 31498 61
163 2 31565 61
164 2 31602 61
165 2 31410 61
166 2 31467 61
167 2 31655 61
168 2 31305 61
169 2 31491 61
170 2 31337 61
171 2 31355 61
172 2 31326 61
173 2 31248 61
174 2 31312 61
175 2 31821 61
176 2 32049 61
177 2 31538 61
178 2 32038 61
179 2 31718 61
180 2 32019 61
181 2 31963 61
182 2 32515 61
183 2 32311 61
184 2 32159 61
185 2 31501 61
186 2 31873 61
187 2 31598 61
188 2 31042 61
189 2 31240 61
190 2 31139 61
191 2 31185 61
192 2 31132 61
193 2 30981 61
194 2 30829 61
195 2 30928 61
196 2 31026 61
197 2 31022 61
198 2 30913 61
199 2 31059 61
200 2 31006 61
201 2 30713 61
202 2 30801 61
203 2 30948 61
204 2 30836 61
205 2 30933 61
206 2 30735 61
207 2 30778 61
208 2 30781 61
209 2 30874 61
210 2 30871 61
211 2 31065 61
212 2 30819 61
213 2 30959 61
214 2 30857 61
215 2 30861 61
216 2 31102 61
217 2 31052 61
218 2 31191 61
219 2 31137 61
220 2 31383 61
221 2 31380 61
222 2 31426 61
223 2 31424 61
224 2 31471 61
225 2 31420 61
226 2 31420 61
227 2 31320 61
228 2 31220 61
229 2 31024 61
230 2 31365 61
231 2 31364 61
232 2 31113 61
233 2 31309 61
234 2 31403 61
235 2 31401 61
236 2 31298 61
237 2 31395 61
238 2 31237 61
239 2 31088 61
240 2 31381 61
241 2 31181 61
242 2 31475 61
243 2 31322 61
244 2 31121 61
245 2 31118 61
246 2 31119 61
247 2 31066 61
248 2 31060 61
249 2 31159 61
250 - - -
251 - - -
252 3 30259 59
253 4 30060 59
254 4 30106 59
255 4 30151 59
256 4 30049 59
257 4 30138 59
258 4 30333 59
259 4 30129 59
260 4 30226 59
261 4 30174 59
262 4 30120 59
263 4 30019 59
264 4 30069 59
265 4 30018 59
266 4 30114 59
267 4 30112 59
268 4 30109 59
269 4 30157 59
270 4 30054 59
271 4 30096 59
272 4 30043 59
273 4 30090 59
274 4 29986 59
275 4 30032 59
276 4 30130 59
277 4 30028 59
278 4 29975 59
279 4 30172 59
280 4 30119 59
281 4 30115 59
282 4 30066 59
283 4 29959 59
284 4 30457 59
285 4 30058 59
286 4 30001 59
287 4 30399 59
288 4 29845 59
289 4 30148 59
290 4 30244 59
291 4 30187 59
292 4 30229 59
293 4 30277 59
294 4 30174 59
295 4 30117 59
296 4 30468 59
297 4 30216 59
298 4 29958 59
299 4 30296 59
300 4 30141 59
301 4 30485 59
302 4 30386 59
303 4 30533 59
304 4 30483 59
305 4 30883 59
306 4 31278 59
307 4 31073 59
308 4 30673 59
309 4 30179 59
310 4 30323 59
311 4 30069 59
312 4 29968 59
313 4 30117 59
314 4 30014 59
315 4 29860 59
316 4 29608 59
317 4 29550 59
318 4 29497 59
319 4 29849 59
320 4 29444 59
321 4 29647 59
322 4 29341 59
323 4 29589 59
324 4 29483 59
325 4 29380 59
326 4 29580 59
327 4 29471 59
328 4 29467 59
329 4 29268 59
330 4 29615 59
331 4 29409 59
332 4 29353 59
333 4 29305 59
334 4 29449 59
335 4 29346 59
336 4 29443 59
337 4 29667 59
338 4 29437 59
339 4 29379 59
340 4 29479 59
341 4 29652 59
342 4 29322 59
343 4 29572 59
344 4 29319 59
345 4 29365 59
346 4 29465 59
347 4 29868 59
348 4 29510 59
349 4 29557 59
350 4 29708 59
351 4 29654 59
352 4 29945 59
353 4 30090 59
354 4 29934 59
355 4 30082 59
356 4 30131 59
357 4 29928 59
358 4 30077 59
359 4 29972 59
360 4 30171 59
361 4 30069 59
362 4 29965 59
363 4 30115 59
364 4 30063 59
365 4 30110 59
366 4 30108 59
367 4 30057 59
368 4 30056 59
369 4 30104 59
370 4 29798 59
371 4 30049 59
372 4 30046 59
373 4 30039 59
374 4 29987 59
375 - - -
376 - - -
377 6 29054 57
378 6 29128 57
379 6 28928 57
380 6 29028 57
381 6 29128 57
382 6 28673 57
383 6 28975 57
384 6 28925 57
385 6 28869 57
386 6 28915 57
387 6 29036 57
388 6 28984 57
389 6 29009 57
390 6 29263 57
391 6 28853 57
392 6 28875 57
393 6 28945 57
394 6 29146 57
395 6 29094 57
396 6 28784 57
397 6 28832 57
398 6 29034 57
399 6 28878 57
400 6 29029 57
401 6 28572 57
402 6 28820 57
403 6 28972 57
404 6 28768 57
405 6 28565 57
406 6 28861 57
407 6 28703 57
408 6 28855 57
409 6 28699 57
410 6 28851 57
411 6 28550 57
412 6 28544 57
413 6 28790 57
414 6 28491 57
415 6 28540 57
416 6 28886 57
417 6 28684 57
418 6 28683 57
419 6 28631 57
420 6 28679 57
421 6 28677 57
422 6 28579 57
423 6 28522 57
424 6 28572 57
425 6 28769 57
426 6 28918 57
427 6 28911 57
428 6 29257 57
429 6 29315 57
430 6 29594 57
431 6 29243 57
432 6 29840 57
433 6 29344 57
434 6 29138 57
435 6 29488 57
436 6 28988 57
437 6 29635 57
438 6 29630 57
439 6 28879 57
440 6 29430 57
441 6 29482 57
442 6 29275 57
443 6 28527 57
444 6 28798 57
445 6 28619 57
446 6 28867 57
447 6 28815 57
448 6 28605 57
449 6 28753 57
450 6 28651 57
451 6 28777 57
452 6 28447 57
453 6 28597 57
454 6 28440 57
455 6 28437 57
456 6 28481 57
457 6 28436 57
458 6 28584 57
459 6 28532 57
460 6 28382 57
461 6 28631 57
462 6 28427 57
463 6 28674 57
464 6 28369 57
465 6 28616 57
466 6 28314 57
467 6 28508 57
468 6 28654 57
469 6 28397 57
470 6 28399 57
471 6 28644 57
472 6 28390 57
473 6 28343 57
474 6 28490 57
475 6 28814 57
476 6 28689 57
477 6 28391 57
478 6 28733 57
479 6 28581 57
480 6 28782 57
481 6 28627 57
482 6 28901 57
483 6 28574 57
484 6 28924 57
485 6 28817 57
486 6 29219 57
487 6 29216 57
488 6 29113 57
489 6 29101 57
490 6 29239 57
491 6 29187 57
492 6 29187 57
493 6 29233 57
494 6 29129 57
495 6 29078 57
496 6 29221 57
497 6 29119 57
498 6 29217 57
499 6 29260 57
500 - - -
501 - - -
502 7 28112 55
503 8 28014 55
504 8 28156 55
505 8 27903 55
506 8 28396 55
507 8 27890 55
508 8 27986 55
509 8 28128 55
510 8 27933 55
511 8 28033 55
512 8 27931 55
513 8 28272 55
514 8 27828 55
515 8 27929 55
516 8 27979 55
517 8 28025 55
518 8 27877 55
519 8 27824 55
520 8 27725 55
521 8 27775 55
522 8 27721 55
523 8 27914 55
524 8 27912 55
525 8 27957 55
526 8 27757 55
527 8 27951 55
528 8 27846 55
529 8 27793 55
530 8 27791 55
531 8 27790 55
532 8 27738 55
533 8 27783 55
534 8 27831 55
535 8 27828 55
536 8 27878 55
537 8 27874 55
538 8 27821 55
539 8 27868 55
540 8 27817 55
541 8 27760 55
542 8 27758 55
543 8 27757 55
544 8 27807 55
545 8 27896 55
546 8 27941 55
547 8 27841 55
548 8 27791 55
549 8 27890 55
550 8 27838 55
551 8 27935 55
552 8 27784 55
553 8 28184 55
554 8 28384 55
555 8 28679 55
556 8 28426 55
557 8 28231 55
558 8 28127 55
559 8 27976 55
560 8 27822 55
561 8 27771 55
562 8 27770 55
563 8 27620 55
564 8 27618 55
565 8 27809 55
566 8 27757 55
567 8 27703 55
568 8 27650 55
569 8 27445 55
570 8 27746 55
571 8 27592 55
572 8 27690 55
573 8 27786 55
574 8 27333 55
575 8 27832 55
576 8 27427 55
577 8 27676 55
578 8 27269 55
579 8 27741 55
580 8 27868 55
581 8 27412 55
582 8 27253 55
583 8 27289 55
584 8 27329 55
585 8 27324 55
586 8 27272 55
587 8 27270 55
588 8 27370 55
589 8 27318 55
590 8 27268 55
591 8 27059 55
592 8 27208 55
593 8 26956 55
594 8 27055 55
595 8 27100 55
596 8 27196 55
597 8 27244 55
598 8 27042 55
599 8 27241 55
600 8 27186 55
601 8 27282 55
602 8 27129 55
603 8 26929 55
604 8 27323 55
605 8 27046 55
606 8 27445 55
607 8 27038 55
608 8 27182 55
609 8 27029 55
610 8 27224 55
611 8 27173 55
612 8 27173 55
613 8 27220 55
614 8 27166 55
615 8 27262 55
616 8 27159 55
617 8 27157 55
618 8 27255 55
619 8 27557 55
620 8 27574 55
621 8 27702 55
622 8 27647 55
623 8 27697 55
624 8 27587 55
625 - - -
626 - - -
627 10 26383 53
628 10 26186 53
629 10 26188 53
630 10 26184 53
631 10 26428 53
632 10 26275 53
633 10 26174 53
634 10 26270 53
635 10 26170 53
636 10 26217 53
637 10 26408 53
638 10 26157 53
639 10 26352 53
640 10 26347 53
641 10 26250 53
642 10 26394 53
643 10 26141 53
644 10 26236 53
645 10 26183 53
646 10 26282 53
647 10 26235 53
648 10 26181 53
649 10 26325 53
650 10 26323 53
651 10 26215 53
652 10 26264 53
653 10 26207 53
654 10 26305 53
655 10 26303 53
656 10 26301 53
657 10 26194 53
658 10 26240 53
659 10 26140 53
660 10 26285 53
661 10 26283 53
662 10 26380 53
663 10 26180 53
664 10 26425 53
665 10 26577 53
666 10 26073 53
667 10 26317 53
668 10 26264 53
669 10 26262 53
670 10 26259 53
671 10 26356 53
672 10 26405 53
673 10 26351 53
674 10 26249 53
675 10 26446 53
676 10 26544 53
677 10 26740 53
678 10 26837 53
679 10 27083 53
680 10 26881 53
681 10 26425 53
682 10 26421 53
683 10 26420 53
684 10 26618 53
685 10 26314 53
686 10 26262 53
687 10 26259 53
688 10 26257 53
689 10 26353 53
690 10 26249 53
691 10 26395 53
692 10 26247 53
693 10 26335 53
694 10 26282 53
695 10 26228 53
696 10 26327 53
697 10 26266 53
698 10 26215 53
699 10 26262 53
700 10 26515 53
701 10 26257 53
702 10 26355 53
703 10 26453 53
704 10 26301 53
705 10 26397 53
706 10 26113 53
707 10 26242 53
708 10 26192 53
709 10 26287 53
710 10 26236 53
711 10 26483 53
712 10 26278 53
713 10 26275 53
714 10 26126 53
715 10 26399 53
716 10 25874 53
717 10 26015 53
718 10 25809 53
719 10 25753 53
720 10 25753 53
721 10 25645 53
722 10 25799 53
723 10 25718 53
724 10 25743 53
725 10 25689 53
726 10 25685 53
727 10 25680 53
728 10 25731 53
729 10 25724 53
730 10 25830 53
731 10 25726 53
732 10 25666 53
733 10 25818 53
734 10 25660 53
735 10 25704 53
736 10 25747 53
737 10 25639 53
738 10 25740 53
739 10 25840 53
740 10 25836 53
741 10 25729 53
742 10 25977 53
743 10 25828 53
744 10 25978 53
745 10 26022 53
746 10 25849 53
747 10 26021 53
748 10 25971 53
749 10 26019 53
750 - - -
751 - - -
752 12 24416 51
753 12 24668 51
754 12 24668 51
755 12 24622 51
756 12 24511 51
757 12 24529 51
758 12 24602 51
759 12 24495 51
760 12 24646 51
761 12 24741 51
762 12 24335 51
763 12 24335 51
764 12 24584 51
765 12 24584 51
766 12 24428 51
767 12 24478 51
768 12 24730 51
769 12 24448 51
770 12 24420 51
771 12 24718 51
772 12 24617 51
773 12 24406 51
774 12 24702 51
775 12 24599 51
776 12 24570 51
777 12 24642 51
778 12 24934 51
779 12 24787 51
780 12 24933 51
781 12 24980 51
782 12 24924 51
783 12 24823 51
784 12 25121 51
785 12 24918 51
786 12 25064 51
787 12 24911 51
788 12 24654 51
789 12 25002 51
790 12 25050 51
791 12 24750 51
792 12 25047 51
793 12 25143 51
794 12 24989 51
795 12 24888 51
796 12 24585 51
797 12 24981 51
798 12 24931 51
799 12 24930 51
800 12 25076 51
801 12 25127 51
802 12 25366 51
803 12 25366 51
804 12 25513 51
805 12 25263 51
806 12 25061 51
807 12 25061 51
808 12 24898 51
809 12 24601 51
810 12 24649 51
811 12 24647 51
812 12 24692 51
813 12 24489 51
814 12 24560 51
815 12 24735 51
816 12 24533 51
817 12 24576 51
818 12 24728 51
819 12 24521 51
820 12 24823 51
821 12 24473 51
822 12 24570 51
823 12 24720 51
824 12 24768 51
825 12 24566 51
826 12 24708 51
827 12 24546 51
828 12 24538 51
829 12 24636 51
830 12 24583 51
831 12 24731 51
832 12 24579 51
833 12 24629 51
834 12 24503 51
835 12 24532 51
836 12 24681 51
837 12 24728 51
838 12 24676 51
839 12 24525 51
840 12 24620 51
841 12 24667 51
842 12 24705 51
843 12 24550 51
844 12 24804 51
845 12 24596 51
846 12 24442 51
847 12 24594 51
848 12 24437 51
849 12 24586 51
850 12 24332 51
851 12 24177 51
852 12 24425 51
853 12 24071 51
854 12 24320 51
855 12 24344 51
856 12 24114 51
857 12 24112 51
858 12 24058 51
859 12 24204 51
860 12 24053 51
861 12 24051 51
862 12 24098 51
863 12 23997 51
864 12 23948 51
865 12 24140 51
866 12 24137 51
867 12 24083 51
868 12 24176 51
869 12 24301 51
870 12 24022 51
871 12 24117 51
872 12 24065 51
873 12 24014 51
874 12 24160 51
875 - - -
876 - - -
877 14 22909 49
878 14 22813 49
879 14 22806 49
880 14 22950 49
881 14 22795 49
882 14 22745 49
883 14 22789 49
884 14 22937 49
885 14 23132 49
886 14 23183 49
887 14 23225 49
888 14 23327 49
889 14 23325 49
890 14 23205 49
891 14 23298 49
892 14 23346 49
893 14 23290 49
894 14 23291 49
895 14 23289 49
896 14 23286 49
897 14 23333 49
898 14 23382 49
899 14 23332 49
900 14 23326 49
901 14 23307 49
902 14 23407 49
903 14 23404 49
904 14 23248 49
905 14 23402 49
906 14 23447 49
907 14 23446 49
908 14 23442 49
909 14 23388 49
910 14 23336 49
911 14 23281 49
912 14 23328 49
913 14 23381 49
914 14 23384 49
915 14 23333 49
916 14 23431 49
917 14 23580 49
918 14 24025 49
919 14 24019 49
920 14 23564 49
921 14 23508 49
922 14 23506 49
923 14 23509 49
924 14 23550 49
925 14 23399 49
926 14 23300 49
927 14 23493 49
928 14 23591 49
929 14 23543 49
930 14 23543 49
931 14 23541 49
932 14 23488 49
933 14 23309 49
934 14 23532 49
935 14 23534 49
936 14 23534 49
937 14 23532 49
938 14 23229 49
939 14 23533 49
940 14 23331 49
941 14 23273 49
942 14 23269 49
943 14 23259 49
944 14 23306 49
945 14 23456 49
946 14 23453 49
947 14 23554 49
948 14 23453 49
949 14 23551 49
950 14 23555 49
951 14 23497 49
952 14 23444 49
953 14 23545 49
954 14 23288 49
955 14 23538 49
956 14 23538 49
957 14 23436 49
958 14 23440 49
959 14 23532 49
960 14 23383 49
961 14 23571 49
962 14 23519 49
963 14 23320 49
964 14 23414 49
965 14 23400 49
966 14 23447 49
967 14 23394 49
968 14 23443 49
969 14 23489 49
970 14 23487 49
971 14 23486 49
972 14 23583 49
973 14 23481 49
974 14 23479 49
975 14 23528 49
976 14 23327 49
977 14 23374 49
978 14 23362 49
979 14 23310 49
980 14 23305 49
981 14 23151 49
982 14 23092 49
983 14 23242 49
984 14 23036 49
985 14 22935 49
986 14 22931 49
987 14 22881 49
988 14 22777 49
989 14 22924 49
990 14 22873 49
991 14 22822 49
992 14 22820 49
993 14 23014 49
994 14 22911 49
995 14 22763 49
996 14 22806 49
997 14 22757 49
998 14 22703 49
999 14 22951 49
1000 - - -
1001 - - -
1002 16 20599 47
1003 16 20752 47
1004 16 20702 47
1005 16 20749 47
1006 16 20746 47
1007 16 20743 47
1008 16 20741 47
1009 16 20738 47
1010 16 20737 47
1011 16 20681 47
1012 16 20834 47
1013 16 20680 47
1014 16 20829 47
1015 16 20722 47
1016 16 20715 47
1017 16 20711 47
1018 16 20710 47
1019 16 20681 47
1020 16 20818 47
1021 16 20678 47
1022 16 20804 47
1023 16 20845 47
1024 16 20643 47
1025 16 20743 47
1026 16 20638 47
1027 16 20738 47
1028 16 20735 47
1029 16 20732 47
1030 16 20677 47
1031 16 20727 47
1032 16 20725 47
1033 16 20825 47
1034 16 20822 47
1035 16 20875 47
1036 16 20907 47
1037 16 20902 47
1038 16 20995 47
1039 16 20992 47
1040 16 20853 47
1041 16 20893 47
1042 16 20891 47
1043 16 20986 47
1044 16 21038 47
1045 16 20843 47
1046 16 21082 47
1047 16 20985 47
1048 16 21076 47
1049 16 21072 47
1050 16 21117 47
1051 16 21166 47
1052 16 21362 47
1053 16 20920 47
1054 16 21208 47
1055 16 21107 47
1056 16 21102 47
1057 16 21194 47
1058 16 21043 47
1059 16 21042 47
1060 16 20895 47
1061 16 20938 47
1062 16 21084 47
1063 16 21084 47
1064 16 20937 47
1065 16 21081 47
1066 16 20977 47
1067 16 20972 47
1068 16 21107 47
1069 16 20959 47
1070 16 20911 47
1071 16 20906 47
1072 16 21045 47
1073 16 21043 47
1074 16 20900 47
1075 16 21090 47
1076 16 21039 47
1077 16 20894 47
1078 16 21030 47
1079 16 20844 47
1080 16 20885 47
1081 16 20931 47
1082 16 21063 47
1083 16 20915 47
1084 16 21057 47
1085 16 20905 47
1086 16 20910 47
1087 16 20799 47
1088 16 20745 47
1089 16 20644 47
1090 16 20937 47
1091 16 20790 47
1092 16 20789 47
1093 16 20789 47
1094 16 20686 47
1095 16 20786 47
1096 16 20489 47
1097 16 20473 47
1098 16 20520 47
1099 16 20364 47
1100 16 20266 47
1101 16 20452 47
1102 16 20264 47
1103 16 20450 47
1104 16 20212 47
1105 16 20357 47
1106 16 20264 47
1107 16 20158 47
1108 16 20255 47
1109 16 20347 47
1110 16 20203 47
1111 16 20249 47
1112 16 20338 47
1113 16 20144 47
1114 16 20241 47
1115 16 20235 47
1116 16 20236 47
1117 16 20329 47
1118 16 20228 47
1119 16 20214 47
1120 16 20308 47
1121 16 20212 47
1122 16 20444 47
1123 16 20350 47
1124 16 20442 47
1125 - - -
1126 - - -
1127 18 19197 45
1128 18 18696 45
1129 18 18593 45
1130 18 18739 45
1131 18 18689 45
1132 18 18630 45
1133 18 18627 45
1134 18 18675 45
1135 18 18824 45
1136 18 18671 45
1137 18 18766 45
1138 18 18666 45
1139 18 18662 45
1140 18 18510 45
1141 18 18606 45
1142 18 18656 45
1143 18 18602 45
1144 18 18649 45
1145 18 18596 45
1146 18 18643 45
1147 18 18541 45
1148 18 18637 45
1149 18 18484 45
1150 18 18632 45
1151 18 18581 45
1152 18 18627 45
1153 18 18470 45
1154 18 18417 45
1155 18 18615 45
1156 18 18462 45
1157 18 18459 45
1158 18 18406 45
1159 18 18505 45
1160 18 18604 45
1161 18 18502 45
1162 18 18451 45
1163 18 18448 45
1164 18 18497 45
1165 18 18394 45
1166 18 18643 45
1167 18 18490 45
1168 18 18489 45
1169 18 18587 45
1170 18 18685 45
1171 18 18484 45
1172 18 18682 45
1173 18 18625 45
1174 18 18571 45
1175 18 18819 45
1176 18 19118 45
1177 18 18815 45
1178 18 18012 45
1179 18 17910 45
1180 18 18111 45
1181 18 18761 45
1182 18 18603 45
1183 18 18700 45
1184 18 18749 45
1185 18 18702 45
1186 18 18796 45
1187 18 18793 45
1188 18 18646 45
1189 18 18889 45
1190 18 18688 45
1191 18 18784 45
1192 18 18682 45
1193 18 18631 45
1194 18 18673 45
1195 18 18621 45
1196 18 18768 45
1197 18 18716 45
1198 18 18664 45
1199 18 18761 45
1200 18 18760 45
1201 18 18658 45
1202 18 18606 45
1203 18 18452 45
1204 18 18651 45
1205 18 18550 45
1206 18 18696 45
1207 18 18446 45
1208 18 18543 45
1209 18 18689 45
1210 18 18638 45
1211 18 18683 45
1212 18 18631 45
1213 18 18530 45
1214 18 18680 45
1215 18 18604 45
1216 18 18603 45
1217 18 18452 45
1218 18 18452 45
1219 18 18648 45
1220 18 18745 45
1221 18 18593 45
1222 18 18642 45
1223 18 18589 45
1224 18 18488 45
1225 18 18785 45
1226 18 18582 45
1227 18 18630 45
1228 18 18579 45
1229 18 18775 45
1230 18 18773 45
1231 18 18570 45
1232 18 18718 45
1233 18 18615 45
1234 18 18658 45
1235 18 18606 45
1236 18 18854 45
1237 18 18803 45
1238 18 18652 45
1239 18 18599 45
1240 18 18697 45
1241 18 18496 45
1242 18 18693 45
1243 18 18740 45
1244 18 18540 45
1245 18 18687 45
1246 18 18785 45
1247 18 18731 45
1248 18 18631 45
1249 18 18677 45
1250 - - -
1251 - - -
1252 19 17830 43
1253 20 17318 43
1254 20 17328 43
1255 20 17419 43
1256 20 17469 43
1257 20 17415 43
1258 20 17266 43
1259 20 17358 43
1260 20 17408 43
1261 20 17305 43
1262 20 17354 43
1263 20 17301 43
1264 20 17498 43
1265 20 17496 43
1266 20 17493 43
1267 20 17239 43
1268 20 17384 43
1269 20 17482 43
1270 20 17428 43
1271 20 17427 43
1272 20 17275 43
1273 20 17320 43
1274 20 17369 43
1275 20 17267 43
1276 20 17315 43
1277 20 17313 43
1278 20 17262 43
1279 20 17358 43
1280 20 17308 43
1281 20 17403 43
1282 20 17351 43
1283 20 17349 43
1284 20 17347 43
1285 20 17096 43
1286 20 17445 43
1287 20 17286 43
1288 20 17184 43
1289 20 17226 43
1290 20 17323 43
1291 20 17271 43
1292 20 17269 43
1293 20 17215 43
1294 20 17412 43
1295 20 17359 43
1296 20 17307 43
1297 20 17304 43
1298 20 17301 43
1299 20 17356 43
1300 20 17166 43
1301 20 17174 43
1302 20 17370 43
1303 20 17268 43
1304 20 17167 43
1305 20 17265 43
1306 20 17312 43
1307 20 17406 43
1308 20 17203 43
1309 20 17399 43
1310 20 17293 43
1311 20 17391 43
1312 20 17290 43
1313 20 17285 43
1314 20 17382 43
1315 20 17279 43
1316 20 17276 43
1317 20 17224 43
1318 20 17223 43
1319 20 17369 43
1320 20 17317 43
1321 20 17263 43
1322 20 17113 43
1323 20 17261 43
1324 20 17158 43
1325 20 17403 43
1326 20 17548 43
1327 20 17443 43
1328 20 17593 43
1329 20 17590 43
1330 20 17589 43
1331 20 17587 43
1332 20 17635 43
1333 20 17680 43
1334 20 17529 43
1335 20 17476 43
1336 20 17523 43
1337 20 17473 43
1338 20 17619 43
1339 20 17567 43
1340 20 17813 43
1341 20 17761 43
1342 20 17509 43
1343 20 17505 43
1344 20 17555 43
1345 20 17546 43
1346 20 17745 43
1347 20 17641 43
1348 20 17489 43
1349 20 17636 43
1350 20 17435 43
1351 20 17582 43
1352 20 17579 43
1353 20 17628 43
1354 20 17525 43
1355 20 17372 43
1356 20 17569 43
1357 20 17417 43
1358 20 17464 43
1359 20 17511 43
1360 20 17609 43
1361 20 17456 43
1362 20 17505 43
1363 20 17550 43
1364 20 17547 43
1365 20 17589 43
1366 20 17536 43
1367 20 17334 43
1368 20 17381 43
1369 20 17679 43
1370 20 17527 43
1371 20 17475 43
1372 20 17522 43
1373 20 17568 43
1374 20 17568 43
1375 - - -
1376 - - -
1377 22 16710 41
1378 22 16557 41
1379 22 16551 41
1380 22 16647 41
1381 22 16296 41
1382 22 16296 41
1383 22 16392 41
1384 22 16488 41
1385 22 16235 41
1386 22 16432 41
1387 22 16180 41
1388 22 16428 41
1389 22 16423 41
1390 22 16322 41
1391 22 16270 41
1392 22 16267 41
1393 22 16314 41
1394 22 16220 41
1395 22 16158 41
1396 22 16156 41
1397 22 16404 41
1398 22 16296 41
1399 22 16342 41
1400 22 16341 41
1401 22 16586 41
1402 22 16534 41
1403 22 16481 41
1404 22 16578 41
1405 22 16276 41
1406 22 16274 41
1407 22 16272 41
1408 22 16370 41
1409 22 16266 41
1410 22 16364 41
1411 22 16161 41
1412 22 16209 41
1413 22 16255 41
1414 22 16355 41
1415 22 16353 41
1416 22 16350 41
1417 22 16346 41
1418 22 16191 41
1419 22 16188 41
1420 22 16285 41
1421 22 16333 41
1422 22 16130 41
1423 22 16427 41
1424 22 16074 41
1425 22 16177 41
1426 22 16270 41
1427 22 16318 41
1428 22 16164 41
1429 22 16262 41
1430 22 16261 41
1431 22 16258 41
1432 22 16306 41
1433 22 16204 41
1434 22 16253 41
1435 22 16398 41
1436 22 16347 41
1437 22 16132 41
1438 22 16330 41
1439 22 16374 41
1440 22 16374 41
1441 22 16269 41
1442 22 16369 41
1443 22 16315 41
1444 22 16113 41
1445 22 16311 41
1446 22 16407 41
1447 22 16303 41
1448 22 16301 41
1449 22 16246 41
1450 22 16144 41
1451 22 16241 41
1452 22 16190 41
1453 22 16336 41
1454 22 16384 41
1455 22 16382 41
1456 22 16180 41
1457 22 16171 41
1458 22 16269 41
1459 22 16266 41
1460 22 16164 41
1461 22 16211 41
1462 22 16365 41
1463 22 16404 41
1464 22 16252 41
1465 22 16400 41
1466 22 16449 41
1467 22 16345 41
1468 22 16244 41
1469 22 16290 41
1470 22 16587 41
1471 22 16285 41
1472 22 16282 41
1473 22 16280 41
1474 22 16528 41
1475 22 16226 41
1476 22 16225 41
1477 22 16267 41
1478 22 16365 41
1479 22 16362 41
1480 22 16356 41
1481 22 16253 41
1482 22 16301 41
1483 22 16300 41
1484 22 16246 41
1485 22 16192 41
1486 22 16339 41
1487 22 16437 41
1488 22 16136 41
1489 22 16331 41
1490 22 16281 41
1491 22 16082 41
1492 22 16475 41
1493 22 16322 41
1494 22 16121 41
1495 22 16318 41
1496 22 16265 41
1497 22 16258 41
1498 22 16301 41
1499 22 16202 41
1500 - - -
1501 - - -
1502 24 15945 39
1503 24 15345 39
1504 24 15343 39
1505 24 15437 39
1506 24 15434 39
1507 24 15432 39
1508 24 15378 39
1509 24 15325 39
1510 24 15216 39
1511 24 15265 39
1512 24 15464 39
1513 24 15412 39
1514 24 15459 39
1515 24 15505 39
1516 24 15353 39
1517 24 15350 39
1518 24 15499 39
1519 24 15246 39
1520 24 15343 39
1521 24 15242 39
1522 24 15438 39
1523 24 15384 39
1524 24 15331 39
1525 24 15231 39
1526 24 15280 39
1527 24 15375 39
1528 24 15224 39
1529 24 15222 39
1530 24 15318 39
1531 24 15364 39
1532 24 15360 39
1533 24 15458 39
1534 24 15308 39
1535 24 15355 39
1536 24 15508 39
1537 24 15300 39
1538 24 15450 39
1539 24 15595 39
1540 24 15492 39
1541 24 15445 39
1542 24 15239 39
1543 24 15487 39
1544 24 15483 39
1545 24 15531 39
1546 24 15333 39
1547 24 15626 39
1548 24 15024 39
1549 24 15120 39
1550 24 15519 39
1551 24 15363 39
1552 24 15411 39
1553 24 15456 39
1554 24 15504 39
1555 24 15400 39
1556 24 15300 39
1557 24 15350 39
1558 24 15344 39
1559 24 15342 39
1560 24 15490 39
1561 24 15339 39
1562 24 15386 39
1563 24 15434 39
1564 24 15383 39
1565 24 15381 39
1566 24 15428 39
1567 24 15278 39
1568 24 15323 39
1569 24 15322 39
1570 24 15469 39
1571 24 15412 39
1572 24 15311 39
1573 24 15358 39
1574 24 15457 39
1575 24 15304 39
1576 24 15652 39
1577 24 15449 39
1578 24 15397 39
1579 24 15345 39
1580 24 15293 39
1581 24 15392 39
1582 24 15490 39
1583 24 15535 39
1584 24 15484 39
1585 24 15432 39
1586 24 15281 39
1587 24 15430 39
1588 24 15326 39
1589 24 15373 39
1590 24 15422 39
1591 24 15517 39
1592 24 15563 39
1593 24 15510 39
1594 24 15358 39
1595 24 15305 39
1596 24 15351 39
1597 24 15350 39
1598 24 15447 39
1599 24 15343 39
1600 24 15341 39
1601 24 15438 39
1602 24 15237 39
1603 24 15534 39
1604 24 15581 39
1605 24 15379 39
1606 24 15477 39
1607 24 15474 39
1608 24 15573 39
1609 24 15571 39
1610 24 15469 39
1611 24 15415 39
1612 24 15659 39
1613 24 15606 39
1614 24 15605 39
1615 24 15602 39
1616 24 15649 39
1617 24 15596 39
1618 24 15643 39
1619 24 15642 39
1620 24 15591 39
1621 24 15594 39
1622 24 15635 39
1623 24 15634 39
1624 24 15633 39
1625 - - -
1626 - - -
1627 26 15078 37
1628 26 15075 37
1629 26 15121 37
1630 26 15118 37
1631 26 15066 37
1632 26 14964 37
1633 26 14963 37
1634 26 15111 37
1635 26 15008 37
1636 26 15004 37
1637 26 14901 37
1638 26 14949 37
1639 26 15046 37
1640 26 15144 37
1641 26 14996 37
1642 26 14990 37
1643 26 14986 37
1644 26 14935 37
1645 26 15081 37
1646 26 14923 37
1647 26 14971 37
1648 26 15016 37
1649 26 14966 37
1650 26 14964 37
1651 26 14911 37
1652 26 14909 37
1653 26 15055 37
1654 26 15053 37
1655 26 14901 37
1656 26 14998 37
1657 26 14896 37
1658 26 15043 37
1659 26 14941 37
1660 26 14890 37
1661 26 15036 37
1662 26 14933 37
1663 26 15031 37
1664 26 15029 37
1665 26 14926 37
1666 26 15125 37
1667 26 14917 37
1668 26 15014 37
1669 26 14912 37
1670 26 14911 37
1671 26 14959 37
1672 26 14759 37
1673 26 14755 37
1674 26 14452 37
1675 26 15000 37
1676 26 14996 37
1677 26 14896 37
1678 26 15094 37
1679 26 14941 37
1680 26 14984 37
1681 26 14832 37
1682 26 14881 37
1683 26 15026 37
1684 26 14925 37
1685 26 14972 37
1686 26 14921 37
1687 26 14815 37
1688 26 14863 37
1689 26 14811 37
1690 26 14758 37
1691 26 14956 37
1692 26 14805 37
1693 26 14751 37
1694 26 14650 37
1695 26 14695 37
1696 26 14843 37
1697 26 14842 37
1698 26 14790 37
1699 26 14688 37
1700 26 14785 37
1701 26 14682 37
1702 26 14780 37
1703 26 14829 37
1704 26 14775 37
1705 26 14722 37
1706 26 14812 37
1707 26 14711 37
1708 26 14905 37
1709 26 14701 37
1710 26 14700 37
1711 26 14847 37
1712 26 14844 37
1713 26 14691 37
1714 26 14739 37
1715 26 14687 37
1716 26 14835 37
1717 26 14782 37
1718 26 14780 37
1719 26 14727 37
1720 26 14730 37
1721 26 14723 37
1722 26 14921 37
1723 26 14721 37
1724 26 14667 37
1725 26 14716 37
1726 26 14815 37
1727 26 14762 37
1728 26 14755 37
1729 26 14903 37
1730 26 14751 37
1731 26 14698 37
1732 26 14645 37
1733 26 14644 37
1734 26 14691 37
1735 26 14789 37
1736 26 14686 37
1737 26 14734 37
1738 26 14681 37
1739 26 14733 37
1740 26 14724 37
1741 26 14673 37
1742 26 14821 37
1743 26 14766 37
1744 26 14713 37
1745 26 14763 37
1746 26 15059 37
1747 26 14858 37
1748 26 14852 37
1749 26 14848 37
1750 - - -
1751 - - -
1752 28 13896 35
1753 28 13442 35
1754 28 13489 35
1755 28 13536 35
1756 28 13534 35
1757 28 13533 35
1758 28 13480 35
1759 28 13477 35
1760 28 13375 35
1761 28 13374 35
1762 28 13367 35
1763 28 13314 35
1764 28 13463 35
1765 28 13460 35
1766 28 13357 35
1767 28 13355 35
1768 28 13403 35
1769 28 13400 35
1770 28 13397 35
1771 28 13442 35
1772 28 13490 35
1773 28 13339 35
1774 28 13485 35
1775 28 13335 35
1776 28 13432 35
1777 28 13430 35
1778 28 13377 35
1779 28 13475 35
1780 28 13371 35
1781 28 13419 35
1782 28 13567 35
1783 28 13661 35
1784 28 13409 35
1785 28 13506 35
1786 28 13405 35
1787 28 13453 35
1788 28 13399 35
1789 28 13397 35
1790 28 13345 35
1791 28 13442 35
1792 28 13441 35
1793 28 13487 35
1794 28 13486 35
1795 28 13484 35
1796 28 13283 35
1797 28 13131 35
1798 28 13079 35
1799 28 13328 35
1800 28 13475 35
1801 28 13471 35
1802 28 13470 35
1803 28 13513 35
1804 28 13460 35
1805 28 13511 35
1806 28 13556 35
1807 28 13506 35
1808 28 13554 35
1809 28 13503 35
1810 28 13500 35
1811 28 13447 35
1812 28 13446 35
1813 28 13545 35
1814 28 13541 35
1815 28 13641 35
1816 28 13588 35
1817 28 13586 35
1818 28 13384 35
1819 28 13481 35
1820 28 13479 35
1821 28 13476 35
1822 28 13521 35
1823 28 13472 35
1824 28 13398 35
1825 28 13444 35
1826 28 13439 35
1827 28 13639 35
1828 28 13434 35
1829 28 13432 35
1830 28 13378 35
1831 28 13378 35
1832 28 13474 35
1833 28 13523 35
1834 28 13419 35
1835 28 13418 35
1836 28 13413 35
1837 28 13412 35
1838 28 13359 35
1839 28 13409 35
1840 28 13461 35
1841 28 13450 35
1842 28 13350 35
1843 28 13403 35
1844 28 13441 35
1845 28 13440 35
1846 28 13488 35
1847 28 13487 35
1848 28 13384 35
1849 28 13432 35
1850 28 13427 35
1851 28 13476 35
1852 28 13373 35
1853 28 13472 35
1854 28 13466 35
1855 28 13366 35
1856 28 13362 35
1857 28 13461 35
1858 28 13457 35
1859 28 13406 35
1860 28 13401 35
1861 28 13449 35
1862 28 13397 35
1863 28 13341 35
1864 28 13437 35
1865 28 13335 35
1866 28 13583 35
1867 28 13331 35
1868 28 13478 35
1869 28 13326 35
1870 28 13423 35
1871 28 13571 35
1872 28 13370 35
1873 28 13367 35
1874 28 13416 35
1875 - - -
1876 - - -
1877 30 12661 33
1878 30 12455 33
1879 30 12458 33
1880 30 12393 33
1881 30 12489 33
1882 30 12537 33
1883 30 12589 33
1884 30 12586 33
1885 30 12576 33
1886 30 12577 33
1887 30 12373 33
1888 30 12471 33
1889 30 12517 33
1890 30 12567 33
1891 30 12465 33
1892 30 12363 33
1893 30 12509 33
1894 30 12506 33
1895 30 12357 33
1896 30 12447 33
1897 30 12444 33
1898 30 12393 33
1899 30 12390 33
1900 30 12387 33
1901 30 12433 33
1902 30 12337 33
1903 30 12378 33
1904 30 12526 33
1905 30 12465 33
1906 30 12413 33
1907 30 12658 33
1908 30 12607 33
1909 30 12653 33
1910 30 12501 33
1911 30 12748 33
1912 30 12495 33
1913 30 12642 33
1914 30 12739 33
1915 30 12732 33
1916 30 12731 33
1917 30 12728 33
1918 30 12675 33
1919 30 12422 33
1920 30 12271 33
1921 30 12218 33
1922 30 12215 33
1923 30 12411 33
1924 30 12559 33
1925 30 12656 33
1926 30 12752 33
1927 30 12749 33
1928 30 12797 33
1929 30 12744 33
1930 30 12692 33
1931 30 12690 33
1932 30 12735 33
1933 30 12727 33
1934 30 12675 33
1935 30 12662 33
1936 30 12611 33
1937 30 12660 33
1938 30 12606 33
1939 30 12601 33
1940 30 12598 33
1941 30 12595 33
1942 30 12692 33
1943 30 12589 33
1944 30 12686 33
1945 30 12884 33
1946 30 12831 33
1947 30 12827 33
1948 30 12774 33
1949 30 12822 33
1950 30 12769 33
1951 30 12765 33
1952 30 12713 33
1953 30 12860 33
1954 30 12859 33
1955 30 12602 33
1956 30 12549 33
1957 30 12596 33
1958 30 12743 33
1959 30 12590 33
1960 30 12539 33
1961 30 12686 33
1962 30 12534 33
1963 30 12479 33
1964 30 12478 33
1965 30 12474 33
1966 30 12423 33
1967 30 12570 33
1968 30 12569 33
1969 30 12516 33
1970 30 12563 33
1971 30 12560 33
1972 30 12509 33
1973 30 12507 33
1974 30 12503 33
1975 30 12396 33
1976 30 12494 33
1977 30 12440 33
1978 30 12489 33
1979 30 12535 33
1980 30 12383 33
1981 30 12380 33
1982 30 12578 33
1983 30 12475 33
1984 30 12472 33
1985 30 12570 33
1986 30 12368 33
1987 30 12414 33
1988 30 12361 33
1989 30 12556 33
1990 30 12555 33
1991 30 12401 33
1992 30 12451 33
1993 30 12449 33
1994 30 12496 33
1995 30 12439 33
1996 30 12386 33
1997 30 12533 33
1998 30 12480 33
1999 30 12328 33
2000 - - -
2001 - - -
2002 32 11523 31
2003 32 11220 31
2004 32 11266 31
2005 32 11261 31
2006 32 11160 31
2007 32 11210 31
2008 32 11301 31
2009 32 11250 31
2010 32 11247 31
2011 32 11195 31
2012 32 11392 31
2013 32 11190 31
2014 32 11287 31
2015 32 11434 31
2016 32 11231 31
2017 32 11380 31
2018 32 11276 31
2019 32 11273 31
2020 32 11320 31
2021 32 11519 31
2022 32 11467 31
2023 32 11313 31
2024 32 11260 31
2025 32 11258 31
2026 32 11255 31
2027 32 11249 31
2028 32 11396 31
2029 32 11294 31
2030 32 11341 31
2031 32 11289 31
2032 32 11236 31
2033 32 11233 31
2034 32 11279 31
2035 32 11278 31
2036 32 11325 31
2037 32 11172 31
2038 32 11219 31
2039 32 11217 31
2040 32 11165 31
2041 32 11263 31
2042 32 11160 31
2043 32 11008 31
2044 32 10805 31
2045 32 10802 31
2046 32 10743 31
2047 32 10739 31
2048 32 11085 31
2049 32 11333 31
2050 32 11330 31
2051 32 11277 31
2052 32 11273 31
2053 32 11320 31
2054 32 11219 31
2055 32 11317 31
2056 32 11264 31
2057 32 11311 31
2058 32 11264 31
2059 32 11306 31
2060 32 11204 31
2061 32 11252 31
2062 32 11200 31
2063 32 11195 31
2064 32 11243 31
2065 32 11291 31
2066 32 11184 31
2067 32 11230 31
2068 32 11328 31
2069 32 11276 31
2070 32 11272 31
2071 32 11270 31
2072 32 11268 31
2073 32 11266 31
2074 32 11212 31
2075 32 11260 31
2076 32 11252 31
2077 32 11249 31
2078 32 11196 31
2079 32 11343 31
2080 32 11339 31
2081 32 11288 31
2082 32 11235 31
2083 32 11332 31
2084 32 11378 31
2085 32 11276 31
2086 32 11368 31
2087 32 11316 31
2088 32 11362 31
2089 32 11462 31
2090 32 11357 31
2091 32 11454 31
2092 32 11353 31
2093 32 11349 31
2094 32 11297 31
2095 32 11295 31
2096 32 11294 31
2097 32 11340 31
2098 32 11288 31
2099 32 11285 31
2100 32 11233 31
2101 32 11223 31
2102 32 11271 31
2103 32 11218 31
2104 32 11267 31
2105 32 11264 31
2106 32 11306 31
2107 32 11255 31
2108 32 11250 31
2109 32 11199 31
2110 32 11196 31
2111 32 11194 31
2112 32 11291 31
2113 32 11196 31
2114 32 11236 31
2115 32 11233 31
2116 32 11329 31
2117 32 11227 31
2118 32 11324 31
2119 32 11322 31
2120 32 11168 31
2121 32 11216 31
2122 32 11263 31
2123 32 11260 31
2124 32 11357 31
2125 - - -
2126 - - -
2127 34 10149 29
2128 34 10044 29
2129 34 10142 29
2130 34 10141 29
2131 34 10187 29
2132 34 10186 29
2133 34 10184 29
2134 34 10031 29
2135 34 10078 29
2136 34 10130 29
2137 34 10075 29
2138 34 10073 29
2139 34 10115 29
2140 34 10014 29
2141 34 10061 29
2142 34 10010 29
2143 34 10057 29
2144 34 10055 29
2145 34 10052 29
2146 34 10100 29
2147 34 10098 29
2148 34 10044 29
2149 34 10142 29
2150 34 10241 29
2151 34 10188 29
2152 34 10136 29
2153 34 10184 29
2154 34 10132 29
2155 34 10080 29
2156 34 10128 29
2157 34 10126 29
2158 34 10123 29
2159 34 10171 29
2160 34 10263 29
2161 34 10160 29
2162 34 10108 29
2163 34 10155 29
2164 34 10053 29
2165 34 10002 29
2166 34 9848 29
2167 34 9797 29
2168 34 9594 29
2169 34 9591 29
2170 34 9738 29
2171 34 9787 29
2172 34 9784 29
2173 34 10133 29
2174 34 10182 29
2175 34 10181 29
2176 34 10078 29
2177 34 10176 29
2178 34 10174 29
2179 34 10073 29
2180 34 10116 29
2181 34 10113 29
2182 34 10060 29
2183 34 10059 29
2184 34 10106 29
2185 34 10054 29
2186 34 10102 29
2187 34 10099 29
2188 34 10196 29
2189 34 10043 29
2190 34 10091 29
2191 34 10043 29
2192 34 10087 29
2193 34 10134 29
2194 34 10131 29
2195 34 10080 29
2196 34 10178 29
2197 34 10126 29
2198 34 10073 29
2199 34 10169 29
2200 34 10463 29
2201 34 10410 29
2202 34 10257 29
2203 34 10307 29
2204 34 10403 29
2205 34 10400 29
2206 34 10348 29
2207 34 10346 29
2208 34 10343 29
2209 34 10390 29
2210 34 10337 29
2211 34 10286 29
2212 34 10434 29
2213 34 10331 29
2214 34 10280 29
2215 34 10277 29
2216 34 10324 29
2217 34 10323 29
2218 34 10321 29
2219 34 10368 29
2220 34 10416 29
2221 34 10411 29
2222 34 10408 29
2223 34 10357 29
2224 34 10403 29
2225 34 10449 29
2226 34 10398 29
2227 34 10350 29
2228 34 10541 29
2229 34 10390 29
2230 34 10437 29
2231 34 10386 29
2232 34 10385 29
2233 34 10382 29
2234 34 10431 29
2235 34 10328 29
2236 34 10326 29
2237 34 10324 29
2238 34 10322 29
2239 34 10321 29
2240 34 10321 29
2241 34 10311 29
2242 34 10306 29
2243 34 10253 29
2244 34 10251 29
2245 34 10249 29
2246 34 10147 29
2247 34 10146 29
2248 34 10093 29
2249 34 10143 29
2250 - - -
2251 - - -
2252 36 9489 27
2253 36 9493 27
2254 36 9386 27
2255 36 9329 27
2256 36 9326 27
2257 36 9323 27
2258 36 9219 27
2259 36 9269 27
2260 36 9217 27
2261 36 9214 27
2262 36 9262 27
2263 36 9309 27
2264 36 9207 27
2265 36 9304 27
2266 36 9251 27
2267 36 9249 27
2268 36 9298 27
2269 36 9296 27
2270 36 9195 27
2271 36 9192 27
2272 36 9291 27
2273 36 9238 27
2274 36 9285 27
2275 36 9233 27
2276 36 9223 27
2277 36 9169 27
2278 36 9218 27
2279 36 9315 27
2280 36 9211 27
2281 36 9360 27
2282 36 9306 27
2283 36 9254 27
2284 36 9451 27
2285 36 9301 27
2286 36 9249 27
2287 36 9296 27
2288 36 9243 27
2289 36 9242 27
2290 36 9089 27
2291 36 8887 27
2292 36 8884 27
2293 36 8783 27
2294 36 8931 27
2295 36 8779 27
2296 36 8926 27
2297 36 8920 27
2298 36 9216 27
2299 36 9315 27
2300 36 9413 27
2301 36 9160 27
2302 36 9255 27
2303 36 9253 27
2304 36 9252 27
2305 36 9305 27
2306 36 9247 27
2307 36 9346 27
2308 36 9291 27
2309 36 9291 27
2310 36 9290 27
2311 36 9236 27
2312 36 9232 27
2313 36 9280 27
2314 36 9228 27
2315 36 9325 27
2316 36 9324 27
2317 36 9217 27
2318 36 9213 27
2319 36 9362 27
2320 36 9260 27
2321 36 9259 27
2322 36 9208 27
2323 36 9254 27
2324 36 9254 27
2325 36 9301 27
2326 36 9198 27
2327 36 9248 27
2328 36 9196 27
2329 36 9243 27
2330 36 9192 27
2331 36 9190 27
2332 36 9238 27
2333 36 9186 27
2334 36 9184 27
2335 36 9282 27
2336 36 9230 27
2337 36 9328 27
2338 36 9270 27
2339 36 9319 27
2340 36 9267 27
2341 36 9266 27
2342 36 9263 27
2343 36 9210 27
2344 36 9209 27
2345 36 9207 27
2346 36 9204 27
2347 36 9252 27
2348 36 9199 27
2349 36 9296 27
2350 36 9294 27
2351 36 9242 27
2352 36 9340 27
2353 36 9288 27
2354 36 9237 27
2355 36 9184 27
2356 36 9182 27
2357 36 9220 27
2358 36 9268 27
2359 36 9315 27
2360 36 9313 27
2361 36 9310 27
2362 36 9258 27
2363 36 9356 27
2364 36 9354 27
2365 36 9351 27
2366 36 9400 27
2367 36 9348 27
2368 36 9346 27
2369 36 9292 27
2370 36 9241 27
2371 36 9389 27
2372 36 9237 27
2373 36 9235 27
2374 36 9231 27
2375 - - -
2376 - - -
2377 38 8725 25
2378 38 8372 25
2379 38 8369 25
2380 38 8416 25
2381 38 8365 25
2382 38 8313 25
2383 38 8361 25
2384 38 8307 25
2385 38 8306 25
2386 38 8354 25
2387 38 8401 25
2388 38 8349 25
2389 38 8397 25
2390 38 8395 25
2391 38 8343 25
2392 38 8336 25
2393 38 8333 25
2394 38 8331 25
2395 38 8428 25
2396 38 8327 25
2397 38 8331 25
2398 38 8323 25
2399 38 8320 25
2400 38 8417 25
2401 38 8414 25
2402 38 8363 25
2403 38 8360 25
2404 38 8308 25
2405 38 8356 25
2406 38 8356 25
2407 38 8304 25
2408 38 8302 25
2409 38 8350 25
2410 38 8297 25
2411 38 8296 25
2412 38 8443 25
2413 38 8387 25
2414 38 8234 25
2415 38 7932 25
2416 38 7981 25
2417 38 7880 25
2418 38 7927 25
2419 38 8124 25
2420 38 7971 25
2421 38 8069 25
2422 38 8267 25
2423 38 8413 25
2424 38 8362 25
2425 38 8409 25
2426 38 8308 25
2427 38 8554 25
2428 38 8502 25
2429 38 8499 25
2430 38 8448 25
2431 38 8443 25
2432 38 8442 25
2433 38 8466 25
2434 38 8463 25
2435 38 8509 25
2436 38 8456 25
2437 38 8503 25
2438 38 8401 25
2439 38 8448 25
2440 38 8394 25
2441 38 8442 25
2442 38 8389 25
2443 38 8384 25
2444 38 8481 25
2445 38 8478 25
2446 38 8427 25
2447 38 8473 25
2448 38 8423 25
2449 38 8418 25
2450 38 8417 25
2451 38 8363 25
2452 38 8361 25
2453 38 8352 25
2454 38 8351 25
2455 38 8348 25
2456 38 8446 25
2457 38 8392 25
2458 38 8391 25
2459 38 8438 25
2460 38 8436 25
2461 38 8332 25
2462 38 8331 25
2463 38 8375 25
2464 38 8324 25
2465 38 8470 25
2466 38 8423 25
2467 38 8364 25
2468 38 8414 25
2469 38 8409 25
2470 38 8357 25
2471 38 8405 25
2472 38 8501 25
2473 38 8395 25
2474 38 8343 25
2475 38 8439 25
2476 38 8333 25
2477 38 8333 25
2478 38 8430 25
2479 38 8376 25
2480 38 8375 25
2481 38 8424 25
2482 38 8321 25
2483 38 8368 25
2484 38 8316 25
2485 38 8516 25
2486 38 8413 25
2487 38 8466 25
2488 38 8560 25
2489 38 8555 25
2490 38 8505 25
2491 38 8503 25
2492 38 8496 25
2493 38 8493 25
2494 38 8690 25
2495 38 8737 25
2496 38 8736 25
2497 38 8633 25
2498 38 8631 25
2499 38 8677 25
2500 - - -
2501 - - -
2502 40 8462 23
2503 40 8359 23
2504 40 8356 23
2505 40 8350 23
2506 40 8244 23
2507 40 8242 23
2508 40 8338 23
2509 40 8236 23
2510 40 8233 23
2511 40 8280 23
2512 40 8276 23
2513 40 8275 23
2514 40 8272 23
2515 40 8269 23
2516 40 8267 23
2517 40 8214 23
2518 40 8214 23
2519 40 8161 23
2520 40 8207 23
2521 40 8157 23
2522 40 8153 23
2523 40 8200 23
2524 40 8244 23
2525 40 8240 23
2526 40 8238 23
2527 40 8186 23
2528 40 8131 23
2529 40 8079 23
2530 40 8127 23
2531 40 8075 23
2532 40 8073 23
2533 40 8170 23
2534 40 8017 23
2535 40 8066 23
2536 40 7961 23
2537 40 7961 23
2538 40 7756 23
2539 40 7603 23
2540 40 7551 23
2541 40 7600 23
2542 40 7748 23
2543 40 7696 23
2544 40 7686 23
2545 40 7682 23
2546 40 7680 23
2547 40 7678 23
2548 40 7972 23
2549 40 8071 23
2550 40 8068 23
2551 40 8066 23
2552 40 8012 23
2553 40 8109 23
2554 40 8006 23
2555 40 8005 23
2556 40 8002 23
2557 40 7955 23
2558 40 8046 23
2559 40 7995 23
2560 40 7993 23
2561 40 8090 23
2562 40 8038 23
2563 40 8035 23
2564 40 8028 23
2565 40 8076 23
2566 40 8171 23
2567 40 8020 23
2568 40 8016 23
2569 40 8014 23
2570 40 8012 23
2571 40 8010 23
2572 40 8107 23
2573 40 8152 23
2574 40 7999 23
2575 40 8048 23
2576 40 8045 23
2577 40 7995 23
2578 40 7987 23
2579 40 8033 23
2580 40 7981 23
2581 40 8029 23
2582 40 8076 23
2583 40 8023 23
2584 40 8016 23
2585 40 8014 23
2586 40 8061 23
2587 40 7959 23
2588 40 8056 23
2589 40 8004 23
2590 40 7950 23
2591 40 7998 23
2592 40 7994 23
2593 40 7992 23
2594 40 7937 23
2595 40 7935 23
2596 40 7932 23
2597 40 7981 23
2598 40 7976 23
2599 40 7974 23
2600 40 8021 23
2601 40 8020 23
2602 40 7966 23
2603 40 8013 23
2604 40 7954 23
2605 40 7953 23
2606 40 7950 23
2607 40 7947 23
2608 40 7945 23
2609 40 7944 23
2610 40 7940 23
2611 40 7988 23
2612 40 7936 23
2613 40 7933 23
2614 40 7931 23
2615 40 7927 23
2616 40 7924 23
2617 40 7922 23
2618 40 7918 23
2619 40 7917 23
2620 40 7912 23
2621 40 8009 23
2622 40 7956 23
2623 40 7999 23
2624 40 7947 23
2625 - - -
2626 - - -
2627 42 7098 21
2628 42 6939 21
2629 42 6986 21
2630 42 6984 21
2631 42 6982 21
2632 42 6980 21
2633 42 6980 21
2634 42 7075 21
2635 42 6973 21
2636 42 7015 21
2637 42 7014 21
2638 42 7009 21
2639 42 7008 21
2640 42 7104 21
2641 42 7201 21
2642 42 7100 21
2643 42 7048 21
2644 42 6997 21
2645 42 6993 21
2646 42 7042 21
2647 42 7039 21
2648 42 7037 21
2649 42 7033 21
2650 42 6982 21
2651 42 6979 21
2652 42 6977 21
2653 42 6971 21
2654 42 6970 21
2655 42 6966 21
2656 42 6962 21
2657 42 7009 21
2658 42 6907 21
2659 42 6904 21
2660 42 6901 21
2661 42 6798 21
2662 42 6649 21
2663 42 6545 21
2664 42 6593 21
2665 42 6689 21
2666 42 6588 21
2667 42 6584 21
2668 42 6582 21
2669 42 6630 21
2670 42 6627 21
2671 42 6775 21
2672 42 6923 21
2673 42 6966 21
2674 42 6963 21
2675 42 7006 21
2676 42 7006 21
2677 42 6954 21
2678 42 6950 21
2679 42 6947 21
2680 42 6945 21
2681 42 6993 21
2682 42 6990 21
2683 42 7086 21
2684 42 7035 21
2685 42 6982 21
2686 42 6980 21
2687 42 7027 21
2688 42 6985 21
2689 42 7121 21
2690 42 6971 21
2691 42 7017 21
2692 42 7014 21
2693 42 6962 21
2694 42 6961 21
2695 42 7004 21
2696 42 7001 21
2697 42 6996 21
2698 42 7038 21
2699 42 6987 21
2700 42 6935 21
2701 42 6981 21
2702 42 7081 21
2703 42 7028 21
2704 42 7026 21
2705 42 7072 21
2706 42 6971 21
2707 42 7018 21
2708 42 7067 21
2709 42 7113 21
2710 42 7112 21
2711 42 7107 21
2712 42 7155 21
2713 42 7102 21
2714 42 6998 21
2715 42 7042 21
2716 42 7089 21
2717 42 7037 21
2718 42 7033 21
2719 42 7031 21
2720 42 7031 21
2721 42 7033 21
2722 42 6976 21
2723 42 6972 21
2724 42 7020 21
2725 42 6967 21
2726 42 6967 21
2727 42 7019 21
2728 42 6961 21
2729 42 6958 21
2730 42 6956 21
2731 42 6953 21
2732 42 7000 21
2733 42 6949 21
2734 42 6995 21
2735 42 6937 21
2736 42 6935 21
2737 42 6982 21
2738 42 6930 21
2739 42 6929 21
2740 42 6926 21
2741 42 6925 21
2742 42 6971 21
2743 42 6918 21
2744 42 6915 21
2745 42 7063 21
2746 42 6960 21
2747 42 6959 21
2748 42 7007 21
2749 42 6953 21
2750 - - -
2751 - - -
2752 44 6445 19
2753 44 6240 19
2754 44 6236 19
2755 44 6236 19
2756 44 6232 19
2757 44 6231 19
2758 44 6228 19
2759 44 6226 19
2760 44 6222 19
2761 44 6225 19
2762 44 6418 19
2763 44 6217 19
2764 44 6314 19
2765 44 6311 19
2766 44 6257 19
2767 44 6256 19
2768 44 6303 19
2769 44 6249 19
2770 44 6241 19
2771 44 6388 19
2772 44 6334 19
2773 44 6333 19
2774 44 6331 19
2775 44 6328 19
2776 44 6276 19
2777 44 6272 19
2778 44 6369 19
2779 44 6416 19
2780 44 6363 19
2781 44 6262 19
2782 44 6310 19
2783 44 6257 19
2784 44 6254 19
2785 44 6001 19
2786 44 6149 19
2787 44 5948 19
2788 44 6045 19
2789 44 6086 19
2790 44 6185 19
2791 44 6133 19
2792 44 6180 19
2793 44 6127 19
2794 44 6073 19
2795 44 6171 19
2796 44 6320 19
2797 44 6517 19
2798 44 6563 19
2799 44 6461 19
2800 44 6460 19
2801 44 6457 19
2802 44 6455 19
2803 44 6453 19
2804 44 6505 19
2805 44 6448 19
2806 44 6447 19
2807 44 6495 19
2808 44 6493 19
2809 44 6485 19
2810 44 6482 19
2811 44 6477 19
2812 44 6525 19
2813 44 6422 19
2814 44 6422 19
2815 44 6419 19
2816 44 6465 19
2817 44 6415 19
2818 44 6462 19
2819 44 6359 19
2820 44 6355 19
2821 44 6353 19
2822 44 6351 19
2823 44 6348 19
2824 44 6347 19
2825 44 6296 19
2826 44 6293 19
2827 44 6392 19
2828 44 6288 19
2829 44 6286 19
2830 44 6279 19
2831 44 6328 19
2832 44 6326 19
2833 44 6321 19
2834 44 6320 19
2835 44 6369 19
2836 44 6366 19
2837 44 6365 19
2838 44 6361 19
2839 44 6359 19
2840 44 6357 19
2841 44 6455 19
2842 44 6400 19
2843 44 6297 19
2844 44 6395 19
2845 44 6344 19
2846 44 6391 19
2847 44 6439 19
2848 44 6436 19
2849 44 6333 19
2850 44 6329 19
2851 44 6271 19
2852 44 6419 19
2853 44 6365 19
2854 44 6414 19
2855 44 6362 19
2856 44 6412 19
2857 44 6358 19
2858 44 6304 19
2859 44 6302 19
2860 44 6299 19
2861 44 6298 19
2862 44 6294 19
2863 44 6291 19
2864 44 6239 19
2865 44 6239 19
2866 44 6240 19
2867 44 6286 19
2868 44 6282 19
2869 44 6231 19
2870 44 6226 19
2871 44 6222 19
2872 44 6216 19
2873 44 6211 19
2874 44 6308 19
2875 - - -
2876 - - -
2877 46 5456 17
2878 46 5302 17
2879 46 5300 17
2880 46 5246 17
2881 46 5244 17
2882 46 5240 17
2883 46 5239 17
2884 46 5237 17
2885 46 5229 17
2886 46 5226 17
2887 46 5224 17
2888 46 5272 17
2889 46 5219 17
2890 46 5217 17
2891 46 5215 17
2892 46 5213 17
2893 46 5210 17
2894 46 5209 17
2895 46 5255 17
2896 46 5203 17
2897 46 5298 17
2898 46 5246 17
2899 46 5246 17
2900 46 5291 17
2901 46 5240 17
2902 46 5236 17
2903 46 5284 17
2904 46 5231 17
2905 46 5278 17
2906 46 5272 17
2907 46 5219 17
2908 46 5168 17
2909 46 5166 17
2910 46 5064 17
2911 46 5061 17
2912 46 5009 17
2913 46 4956 17
2914 46 5055 17
2915 46 5052 17
2916 46 5049 17
2917 46 5098 17
2918 46 5142 17
2919 46 5040 17
2920 46 5138 17
2921 46 5286 17
2922 46 5434 17
2923 46 5328 17
2924 46 5326 17
2925 46 5324 17
2926 46 5316 17
2927 46 5313 17
2928 46 5310 17
2929 46 5309 17
2930 46 5357 17
2931 46 5254 17
2932 46 5303 17
2933 46 5299 17
2934 46 5247 17
2935 46 5294 17
2936 46 5242 17
2937 46 5239 17
2938 46 5335 17
2939 46 5383 17
2940 46 5281 17
2941 46 5330 17
2942 46 5276 17
2943 46 5275 17
2944 46 5272 17
2945 46 5272 17
2946 46 5314 17
2947 46 5262 17
2948 46 5258 17
2949 46 5256 17
2950 46 5254 17
2951 46 5252 17
2952 46 5250 17
2953 46 5348 17
2954 46 5246 17
2955 46 5244 17
2956 46 5240 17
2957 46 5338 17
2958 46 5234 17
2959 46 5331 17
2960 46 5280 17
2961 46 5328 17
2962 46 5273 17
2963 46 5271 17
2964 46 5316 17
2965 46 5266 17
2966 46 5257 17
2967 46 5256 17
2968 46 5253 17
2969 46 5301 17
2970 46 5248 17
2971 46 5348 17
2972 46 5244 17
2973 46 5238 17
2974 46 5232 17
2975 46 5232 17
2976 46 5279 17
2977 46 5276 17
2978 46 5273 17
2979 46 5370 17
2980 46 5368 17
2981 46 5316 17
2982 46 5363 17
2983 46 5312 17
2984 46 5359 17
2985 46 5357 17
2986 46 5354 17
2987 46 5346 17
2988 46 5345 17
2989 46 5292 17
2990 46 5291 17
2991 46 5289 17
2992 46 5287 17
2993 46 5285 17
2994 46 5280 17
2995 46 5328 17
2996 46 5277 17
2997 46 5273 17
2998 46 5274 17
2999 46 5269 17
3000 - - -
3001 - - -
3002 48 4072 15
3003 48 4077 15
3004 48 3934 15
3005 48 3943 15
3006 48 3951 15
3007 48 3959 15
3008 48 4066 15
3009 48 3974 15
3010 48 3932 15
3011 48 3939 15
3012 48 3997 15
3013 48 3943 15
3014 48 3992 15
3015 48 3989 15
3016 48 3936 15
3017 48 3985 15
3018 48 3983 15
3019 48 3929 15
3020 48 3927 15
3021 48 3974 15
3022 48 3969 15
3023 48 3965 15
3024 48 3963 15
3025 48 4011 15
3026 48 3959 15
3027 48 4008 15
3028 48 3957 15
3029 48 3955 15
3030 48 3953 15
3031 48 3950 15
3032 48 3948 15
3033 48 3746 15
3034 48 3743 15
3035 48 3841 15
3036 48 3790 15
3037 48 3787 15
3038 48 3784 15
3039 48 3732 15
3040 48 3779 15
3041 48 3778 15
3042 48 3808 15
3043 48 3799 15
3044 48 3795 15
3045 48 3893 15
3046 48 4092 15
3047 48 4038 15
3048 48 4034 15
3049 48 4028 15
3050 48 4025 15
3051 48 4023 15
3052 48 4020 15
3053 48 4068 15
3054 48 4066 15
3055 48 4114 15
3056 48 3961 15
3057 48 3961 15
3058 48 3957 15
3059 48 3956 15
3060 48 4001 15
3061 48 4049 15
3062 48 3990 15
3063 48 3989 15
3064 48 3988 15
3065 48 4035 15
3066 48 3981 15
3067 48 3980 15
3068 48 3977 15
3069 48 3975 15
3070 48 4021 15
3071 48 4019 15
3072 48 3968 15
3073 48 3965 15
3074 48 3955 15
3075 48 3950 15
3076 48 3947 15
3077 48 3995 15
3078 48 3941 15
3079 48 3939 15
3080 48 3937 15
3081 48 3985 15
3082 48 3976 15
3083 48 3975 15
3084 48 3971 15
3085 48 3974 15
3086 48 3970 15
3087 48 3965 15
3088 48 3959 15
3089 48 4057 15
3090 48 4003 15
3091 48 3952 15
3092 48 3948 15
3093 48 3947 15
3094 48 3947 15
3095 48 3940 15
3096 48 3938 15
3097 48 3936 15
3098 48 3932 15
3099 48 3930 15
3100 48 3927 15
3101 48 3921 15
3102 48 3919 15
3103 48 3918 15
3104 48 3965 15
3105 48 3968 15
3106 48 3959 15
3107 48 3956 15
3108 48 4002 15
3109 48 3950 15
3110 48 3997 15
3111 48 3945 15
3112 48 3943 15
3113 48 3938 15
3114 48 4033 15
3115 48 3981 15
3116 48 4078 15
3117 48 4076 15
3118 48 3974 15
3119 48 4071 15
3120 48 4069 15
3121 48 4063 15
3122 48 4061 15
3123 48 4009 15
3124 48 4005 15
3125 - - -
3126 - - -
3127 50 3552 13
3128 50 3548 13
3129 50 3445 13
3130 50 3442 13
3131 50 3489 13
3132 50 3488 13
3133 50 3483 13
3134 50 3427 13
3135 50 3423 13
3136 50 3421 13
3137 50 3420 13
3138 50 3417 13
3139 50 3464 13
3140 50 3412 13
3141 50 3409 13
3142 50 3406 13
3143 50 3402 13
3144 50 3401 13
3145 50 3448 13
3146 50 3445 13
3147 50 3392 13
3148 50 3440 13
3149 50 3388 13
3150 50 3483 13
3151 50 3429 13
3152 50 3427 13
3153 50 3419 13
3154 50 3417 13
3155 50 3514 13
3156 50 3313 13
3157 50 3258 13
3158 50 3258 13
3159 50 3258 13
3160 50 3251 13
3161 50 3248 13
3162 50 3246 13
3163 50 3294 13
3164 50 3242 13
3165 50 3237 13
3166 50 3284 13
3167 50 3334 13
3168 50 3281 13
3169 50 3328 13
3170 50 3476 13
3171 50 3473 13
3172 50 3472 13
3173 50 3466 13
3174 50 3464 13
3175 50 3461 13
3176 50 3459 13
3177 50 3455 13
3178 50 3503 13
3179 50 3449 13
3180 50 3399 13
3181 50 3396 13
3182 50 3445 13
3183 50 3440 13
3184 50 3438 13
3185 50 3435 13
3186 50 3482 13
3187 50 3478 13
3188 50 3427 13
3189 50 3472 13
3190 50 3471 13
3191 50 3467 13
3192 50 3515 13
3193 50 3457 13
3194 50 3504 13
3195 50 3451 13
3196 50 3450 13
3197 50 3447 13
3198 50 3445 13
3199 50 3491 13
3200 50 3489 13
3201 50 3437 13
3202 50 3433 13
3203 50 3430 13
3204 50 3428 13
3205 50 3424 13
3206 50 3424 13
3207 50 3419 13
3208 50 3418 13
3209 50 3415 13
3210 50 3412 13
3211 50 3458 13
3212 50 3457 13
3213 50 3448 13
3214 50 3495 13
3215 50 3391 13
3216 50 3390 13
3217 50 3386 13
3218 50 3434 13
3219 50 3430 13
3220 50 3429 13
3221 50 3425 13
3222 50 3422 13
3223 50 3418 13
3224 50 3467 13
3225 50 3416 13
3226 50 3461 13
3227 50 3407 13
3228 50 3457 13
3229 50 3403 13
3230 50 3455 13
3231 50 3447 13
3232 50 3394 13
3233 50 3386 13
3234 50 3385 13
3235 50 3381 13
3236 50 3379 13
3237 50 3377 13
3238 50 3424 13
3239 50 3421 13
3240 50 3369 13
3241 50 3416 13
3242 50 3414 13
3243 50 3410 13
3244 50 3409 13
3245 50 3405 13
3246 50 3400 13
3247 50 3397 13
3248 50 3446 13
3249 50 3443 13
3250 - - -
3251 - - -
3252 52 3093 11
3253 52 3038 11
3254 52 3034 11
3255 52 3034 11
3256 52 3031 11
3257 52 3029 11
3258 52 3077 11
3259 52 3121 11
3260 52 3068 11
3261 52 3118 11
3262 52 3063 11
3263 52 3013 11
3264 52 3059 11
3265 52 3002 11
3266 52 3049 11
3267 52 3046 11
3268 52 3045 11
3269 52 3042 11
3270 52 3040 11
3271 52 3035 11
3272 52 3033 11
3273 52 3031 11
3274 52 3029 11
3275 52 3029 11
3276 52 3026 11
3277 52 3074 11
3278 52 3020 11
3279 52 3019 11
3280 52 2866 11
3281 52 2864 11
3282 52 2963 11
3283 52 2910 11
3284 52 3001 11
3285 52 2851 11
3286 52 2847 11
3287 52 2895 11
3288 52 2843 11
3289 52 2841 11
3290 52 2886 11
3291 52 2836 11
3292 52 2831 11
3293 52 2880 11
3294 52 2926 11
3295 52 3075 11
3296 52 3072 11
3297 52 3071 11
3298 52 3067 11
3299 52 3068 11
3300 52 3061 11
3301 52 3009 11
3302 52 3005 11
3303 52 3054 11
3304 52 3047 11
3305 52 2993 11
3306 52 2989 11
3307 52 2987 11
3308 52 2983 11
3309 52 2981 11
3310 52 2977 11
3311 52 2975 11
3312 52 2973 11
3313 52 2969 11
3314 52 2966 11
3315 52 2965 11
3316 52 3013 11
3317 52 3009 11
3318 52 3004 11
3319 52 3002 11
3320 52 3001 11
3321 52 2999 11
3322 52 3047 11
3323 52 3093 11
3324 52 3036 11
3325 52 3034 11
3326 52 3031 11
3327 52 3027 11
3328 52 3030 11
3329 52 3074 11
3330 52 3121 11
3331 52 3019 11
3332 52 3017 11
3333 52 3065 11
3334 52 3014 11
3335 52 3060 11
3336 52 3008 11
3337 52 3057 11
3338 52 3002 11
3339 52 3101 11
3340 52 2996 11
3341 52 3097 11
3342 52 3142 11
3343 52 3091 11
3344 52 3034 11
3345 52 3030 11
3346 52 3034 11
3347 52 3027 11
3348 52 3025 11
3349 52 3021 11
3350 52 3020 11
3351 52 3018 11
3352 52 3016 11
3353 52 3013 11
3354 52 3060 11
3355 52 3057 11
3356 52 3006 11
3357 52 3003 11
3358 52 3000 11
3359 52 2997 11
3360 52 3046 11
3361 52 2994 11
3362 52 2991 11
3363 52 2993 11
3364 52 3031 11
3365 52 2980 11
3366 52 3079 11
3367 52 2977 11
3368 52 2974 11
3369 52 3074 11
3370 52 3019 11
3371 52 3018 11
3372 52 3017 11
3373 52 3013 11
3374 52 3010 11
3375 - - -
3376 - - -
3377 54 2674 9
3378 54 2467 9
3379 54 2474 9
3380 54 2435 9
3381 54 2495 9
3382 54 2504 9
3383 54 2465 9
3384 54 2470 9
3385 54 2480 9
3386 54 2492 9
3387 54 2501 9
3388 54 2461 9
3389 54 2470 9
3390 54 2481 9
3391 54 2491 9
3392 54 2403 9
3393 54 2462 9
3394 54 2472 9
3395 54 2483 9
3396 54 2443 9
3397 54 2455 9
3398 54 2458 9
3399 54 2516 9
3400 54 2469 9
3401 54 2480 9
3402 54 2490 9
3403 54 2402 9
3404 54 2312 9
3405 54 2274 9
3406 54 2286 9
3407 54 2247 9
3408 54 2406 9
3409 54 2307 9
3410 54 2318 9
3411 54 2277 9
3412 54 2387 9
3413 54 2246 9
3414 54 2307 9
3415 54 2370 9
3416 54 2279 9
3417 54 2290 9
3418 54 2248 9
3419 54 2409 9
3420 54 2467 9
3421 54 2476 9
3422 54 2536 9
3423 54 2447 9
3424 54 2458 9
3425 54 2463 9
3426 54 2526 9
3427 54 2536 9
3428 54 2447 9
3429 54 2507 9
3430 54 2468 9
3431 54 2528 9
3432 54 2439 9
3433 54 2498 9
3434 54 2457 9
3435 54 2469 9
3436 54 2529 9
3437 54 2488 9
3438 54 2449 9
3439 54 2455 9
3440 54 2517 9
3441 54 2576 9
3442 54 2536 9
3443 54 2497 9
3444 54 2505 9
3445 54 2517 9
3446 54 2475 9
3447 54 2436 9
3448 54 2495 9
3449 54 2503 9
3450 54 2510 9
3451 54 2521 9
3452 54 2481 9
3453 54 2491 9
3454 54 2501 9
3455 54 2461 9
3456 54 2519 9
3457 54 2480 9
3458 54 2491 9
3459 54 2500 9
3460 54 2505 9
3461 54 2565 9
3462 54 2424 9
3463 54 2483 9
3464 54 2496 9
3465 54 2505 9
3466 54 2510 9
3467 54 2519 9
3468 54 2529 9
3469 54 2439 9
3470 54 2493 9
3471 54 2505 9
3472 54 2464 9
3473 54 2524 9
3474 54 2435 9
3475 54 2445 9
3476 54 2555 9
3477 54 2465 9
3478 54 2476 9
3479 54 2429 9
3480 54 2487 9
3481 54 2496 9
3482 54 2458 9
3483 54 2466 9
3484 54 2529 9
3485 54 2436 9
3486 54 2498 9
3487 54 2455 9
3488 54 2416 9
3489 54 2427 9
3490 54 2487 9
3491 54 2495 9
3492 54 2555 9
3493 54 2467 9
3494 54 2427 9
3495 54 2488 9
3496 54 2448 9
3497 54 2509 9
3498 54 2468 9
3499 54 2429 9
3500 - - -
3501 - - -
3502 56 1905 7
3503 56 1763 7
3504 56 1724 7
3505 56 1734 7
3506 56 1805 7
3507 56 1706 7
3508 56 1716 7
3509 56 1728 7
3510 56 1740 7
3511 56 1803 7
3512 56 1766 7
3513 56 1775 7
3514 56 1835 7
3515 56 1842 7
3516 56 1703 7
3517 56 1764 7
3518 56 1831 7
3519 56 1736 7
3520 56 1799 7
3521 56 1710 7
3522 56 1773 7
3523 56 1733 7
3524 56 1795 7
3525 56 1755 7
3526 56 1716 7
3527 56 1727 7
3528 56 1791 7
3529 56 1750 7
3530 56 1711 7
3531 56 1772 7
3532 56 1733 7
3533 56 1694 7
3534 56 1705 7
3535 56 1711 7
3536 56 1721 7
3537 56 1683 7
3538 56 1694 7
3539 56 1704 7
3540 56 1662 7
3541 56 1673 7
3542 56 1734 7
3543 56 1695 7
3544 56 1807 7
3545 56 1769 7
3546 56 1780 7
3547 56 1791 7
3548 56 1751 7
3549 56 1743 7
3550 56 1755 7
3551 56 1766 7
3552 56 1779 7
3553 56 1740 7
3554 56 1802 7
3555 56 1758 7
3556 56 1770 7
3557 56 1831 7
3558 56 1741 7
3559 56 1747 7
3560 56 1759 7
3561 56 1770 7
3562 56 1781 7
3563 56 1740 7
3564 56 1801 7
3565 56 1763 7
3566 56 1775 7
3567 56 1786 7
3568 56 1747 7
3569 56 1757 7
3570 56 1768 7
3571 56 1730 7
3572 56 1742 7
3573 56 1802 7
3574 56 1814 7
3575 56 1774 7
3576 56 1733 7
3577 56 1845 7
3578 56 1756 7
3579 56 1769 7
3580 56 1729 7
3581 56 1738 7
3582 56 1796 7
3583 56 1808 7
3584 56 1821 7
3585 56 1782 7
3586 56 1794 7
3587 56 1855 7
3588 56 1767 7
3589 56 1779 7
3590 56 1794 7
3591 56 1750 7
3592 56 1814 7
3593 56 1775 7
3594 56 1787 7
3595 56 1747 7
3596 56 1803 7
3597 56 1814 7
3598 56 1772 7
3599 56 1783 7
3600 56 1745 7
3601 56 1811 7
3602 56 1814 7
3603 56 1775 7
3604 56 1786 7
3605 56 1798 7
3606 56 1807 7
3607 56 1769 7
3608 56 1781 7
3609 56 1793 7
3610 56 1754 7
3611 56 1809 7
3612 56 1770 7
3613 56 1831 7
3614 56 1792 7
3615 56 1754 7
3616 56 1716 7
3617 56 1724 7
3618 56 1734 7
3619 56 1746 7
3620 56 1798 7
3621 56 1710 7
3622 56 1722 7
3623 56 1739 7
3624 56 1746 7
3625 - - -
3626 - - -
3627 58 1378 5
3628 58 1338 5
3629 58 1350 5
3630 58 1312 5
3631 58 1321 5
3632 58 1334 5
3633 58 1396 5
3634 58 1310 5
3635 58 1324 5
3636 58 1336 5
3637 58 1349 5
3638 58 1311 5
3639 58 1322 5
3640 58 1337 5
3641 58 1300 5
3642 58 1316 5
3643 58 1325 5
3644 58 1339 5
3645 58 1302 5
3646 58 1364 5
3647 58 1378 5
3648 58 1289 5
3649 58 1302 5
3650 58 1265 5
3651 58 1328 5
3652 58 1279 5
3653 58 1290 5
3654 58 1253 5
3655 58 1265 5
3656 58 1278 5
3657 58 1293 5
3658 58 1255 5
3659 58 1369 5
3660 58 1281 5
3661 58 1298 5
3662 58 1306 5
3663 58 1268 5
3664 58 1280 5
3665 58 1293 5
3666 58 1357 5
3667 58 1369 5
3668 58 1432 5
3669 58 1349 5
3670 58 1356 5
3671 58 1415 5
3672 58 1429 5
3673 58 1392 5
3674 58 1356 5
3675 58 1418 5
3676 58 1382 5
3677 58 1342 5
3678 58 1355 5
3679 58 1365 5
3680 58 1432 5
3681 58 1392 5
3682 58 1353 5
3683 58 1347 5
3684 58 1359 5
3685 58 1371 5
3686 58 1386 5
3687 58 1349 5
3688 58 1362 5
3689 58 1374 5
3690 58 1338 5
3691 58 1342 5
3692 58 1350 5
3693 58 1359 5
3694 58 1373 5
3695 58 1336 5
3696 58 1349 5
3697 58 1412 5
3698 58 1376 5
3699 58 1338 5
3700 58 1352 5
3701 58 1364 5
3702 58 1329 5
3703 58 1343 5
3704 58 1350 5
3705 58 1414 5
3706 58 1327 5
3707 58 1339 5
3708 58 1403 5
3709 58 1365 5
3710 58 1323 5
3711 58 1335 5
3712 58 1349 5
3713 58 1410 5
3714 58 1324 5
3715 58 1384 5
3716 58 1349 5
3717 58 1361 5
3718 58 1326 5
3719 58 1389 5
3720 58 1353 5
3721 58 1417 5
3722 58 1378 5
3723 58 1340 5
3724 58 1354 5
3725 58 1316 5
3726 58 1379 5
3727 58 1390 5
3728 58 1404 5
3729 58 1367 5
3730 58 1323 5
3731 58 1386 5
3732 58 1349 5
3733 58 1367 5
3734 58 1324 5
3735 58 1336 5
3736 58 1350 5
3737 58 1314 5
3738 58 1327 5
3739 58 1338 5
3740 58 1353 5
3741 58 1315 5
3742 58 1334 5
3743 58 1388 5
3744 58 1402 5
3745 58 1310 5
3746 58 1323 5
3747 58 1386 5
3748 58 1349 5
3749 58 1354 5
3750 - - -
3751 - - -
3752 60 841 3
3753 60 801 3
3754 60 813 3
3755 60 824 3
3756 60 835 3
3757 60 799 3
3758 60 813 3
3759 60 827 3
3760 60 791 3
3761 60 806 3
3762 60 815 3
3763 60 829 3
3764 60 847 3
3765 60 799 3
3766 60 811 3
3767 60 826 3
3768 60 839 3
3769 60 803 3
3770 60 815 3
3771 60 830 3
3772 60 793 3
3773 60 806 3
3774 60 820 3
3775 60 884 3
3776 60 798 3
3777 60 813 3
3778 60 824 3
3779 60 789 3
3780 60 801 3
3781 60 820 3
3782 60 823 3
3783 60 836 3
3784 60 798 3
3785 60 813 3
3786 60 778 3
3787 60 840 3
3788 60 854 3
3789 60 767 3
3790 60 829 3
3791 60 741 3
3792 60 803 3
3793 60 868 3
3794 60 830 3
3795 60 794 3
3796 60 805 3
3797 60 821 3
3798 60 887 3
3799 60 797 3
3800 60 810 3
3801 60 824 3
3802 60 833 3
3803 60 795 3
3804 60 809 3
3805 60 823 3
3806 60 836 3
3807 60 801 3
3808 60 814 3
3809 60 827 3
3810 60 791 3
3811 60 805 3
3812 60 819 3
3813 60 832 3
3814 60 797 3
3815 60 816 3
3816 60 824 3
3817 60 788 3
3818 60 800 3
3819 60 814 3
3820 60 829 3
3821 60 791 3
3822 60 799 3
3823 60 813 3
3824 60 832 3
3825 60 841 3
3826 60 805 3
3827 60 820 3
3828 60 833 3
3829 60 791 3
3830 60 804 3
3831 60 819 3
3832 60 838 3
3833 60 795 3
3834 60 810 3
3835 60 823 3
3836 60 789 3
3837 60 803 3
3838 60 816 3
3839 60 823 3
3840 60 786 3
3841 60 801 3
3842 60 808 3
3843 60 823 3
3844 60 837 3
3845 60 802 3
3846 60 814 3
3847 60 830 3
3848 60 793 3
3849 60 806 3
3850 60 820 3
3851 60 830 3
3852 60 793 3
3853 60 809 3
3854 60 872 3
3855 60 836 3
3856 60 799 3
3857 60 814 3
3858 60 825 3
3859 60 889 3
3860 60 804 3
3861 60 814 3
3862 60 877 3
3863 60 792 3
3864 60 803 3
3865 60 868 3
3866 60 829 3
3867 60 792 3
3868 60 799 3
3869 60 815 3
3870 60 827 3
3871 60 793 3
3872 60 856 3
3873 60 819 3
3874 60 784 3
3875 - - -
3876 - - -
3877 62 431 1
3878 62 394 1
3879 62 406 1
3880 62 371 1
3881 62 386 1
3882 62 401 1
3883 62 366 1
3884 62 380 1
3885 62 396 1
3886 62 363 1
3887 62 378 1
3888 62 394 1
3889 62 360 1
3890 62 374 1
3891 62 389 1
3892 62 402 1
3893 62 364 1
3894 62 378 1
3895 62 394 1
3896 62 356 1
3897 62 372 1
3898 62 383 1
3899 62 399 1
3900 62 364 1
3901 62 378 1
3902 62 391 1
3903 62 358 1
3904 62 367 1
3905 62 382 1
3906 62 404 1
3907 62 365 1
3908 62 375 1
3909 62 390 1
3910 62 355 1
3911 62 372 1
3912 62 387 1
3913 62 389 1
3914 62 355 1
3915 62 370 1
3916 62 386 1
3917 62 350 1
3918 62 416 1
3919 62 431 1
3920 62 397 1
3921 62 421 1
3922 62 426 1
3923 62 439 1
3924 62 405 1
3925 62 419 1
3926 62 437 1
3927 62 401 1
3928 62 414 1
3929 62 429 1
3930 62 393 1
3931 62 408 1
3932 62 425 1
3933 62 433 1
3934 62 448 1
3935 62 413 1
3936 62 429 1
3937 62 394 1
3938 62 409 1
3939 62 423 1
3940 62 389 1
3941 62 453 1
3942 62 417 1
3943 62 430 1
3944 62 397 1
3945 62 410 1
3946 62 425 1
3947 62 390 1
3948 62 399 1
3949 62 413 1
3950 62 381 1
3951 62 396 1
3952 62 410 1
3953 62 421 1
3954 62 386 1
3955 62 400 1
3956 62 417 1
3957 62 382 1
3958 62 398 1
3959 62 412 1
3960 62 378 1
3961 62 393 1
3962 62 408 1
3963 62 421 1
3964 62 388 1
3965 62 404 1
3966 62 419 1
3967 62 384 1
3968 62 400 1
3969 62 415 1
3970 62 381 1
3971 62 394 1
3972 62 419 1
3973 62 372 1
3974 62 387 1
3975 62 404 1
3976 62 418 1
3977 62 382 1
3978 62 396 1
3979 62 412 1
3980 62 372 1
3981 62 389 1
3982 62 412 1
3983 62 372 1
3984 62 384 1
3985 62 400 1
3986 62 368 1
3987 62 382 1
3988 62 398 1
3989 62 413 1
3990 62 379 1
3991 62 393 1
3992 62 410 1
3993 62 373 1
3994 62 386 1
3995 62 403 1
3996 62 370 1
3997 62 383 1
3998 62 398 1
3999 62 407 1
