#RUN	RANK	FAILURE_DETECTED	COMM_REVOKED	COMM_SHRINKED	COMM_SPAWNED	ROLLBACK_DONE	COMM_MERGED
 10	   0	  1.007797956    	0.005774974823	 0.1427400112	0.06254291534	0.01551914215	0.07847785950
 10	   1	  1.004985094    	0.008352994919	 0.1430709362	0.06243991852	  0.000000000	0.09402012825
 10	   2	  1.004917860    	0.01685714722	 0.1345849037	0.06242394447	1.192092896e-06	0.09402585030
 10	   3	  1.009350061    	0.005059003830	 0.1421298981	0.06232118607	9.536743164e-07	0.09400391579
 10	   4	  1.006778002    	0.02348709106	 0.1261599064	0.06242799759	1.192092896e-06	0.09400582314
 10	   5	  1.009434938    	0.01245999336	 0.1346330643	0.06232690811	9.536743164e-07	0.09399914742
 10	   6	  1.004962921    	0.02543687820	 0.1261260509	0.06231999397	9.536743164e-07	0.09400606155
 10	   7	  1.009517908    	0.009680032730	 0.1374869347	0.06221413612	  0.000000000	0.09405994415
 10	   8	  1.074400902    	4.053115845e-06	0.08203911781	0.06243801117	  0.000000000	0.09406781197
 10	   9	  1.006777048    	0.02186298370	 0.1279079914	0.06233596802	  0.000000000	0.09406495094
 10	  10	  1.067661047    	5.006790161e-06	0.08889603615	0.06231212616	  0.000000000	0.09407496452
 10	  11	  1.009533167    	0.01891183853	 0.1282341480	0.06220793724	  0.000000000	0.09406900406
 10	  12	  1.005150080    	0.03290605545	 0.1184959412	0.06232595444	9.536743164e-07	0.09407401085
 10	  13	  1.063421965    	4.053115845e-06	0.09323692322	0.06221604347	  0.000000000	0.09406805038
 10	  14	  1.004971027    	0.03305196762	 0.1186530590	0.06219887733	  0.000000000	0.09407210350
 10	  15	  1.005197048    	2.694129944e-05	 0.1511290073	0.06263494492	  0.000000000	0.09408211708
 10	  16	  1.089012861    	3.099441528e-06	0.06743907928	0.06251192093	9.536743164e-07	0.09408998489
 10	  17	  1.084786177    	3.814697266e-06	0.07168197632	0.06250309944	  0.000000000	0.09408807755
 10	  18	  1.087548018    	5.006790161e-06	0.06900095940	0.06240320206	9.536743164e-07	0.09409403801
 10	  19	  1.080919027    	3.814697266e-06	0.07553696632	0.06251621246	  0.000000000	0.09408998489
 10	  20	  1.088474035    	3.099441528e-06	0.06808900833	0.06240105629	9.536743164e-07	0.09409189224
 10	  21	  1.084913969    	2.145767212e-06	0.07165503502	0.06239700317	  0.000000000	0.09408593178
 10	  22	  1.041316032    	5.960464478e-06	 0.1153450012	0.06229710579	9.536743164e-07	0.09408688545
 10	  23	  1.056077003    	3.099441528e-06	 0.1003069878	0.06251287460	1.192092896e-06	0.09407901764
 10	  24	  1.085090876    	5.006790161e-06	0.07138204575	0.06240200996	9.536743164e-07	0.09409403801
 10	  25	  1.080908060    	2.861022949e-06	0.07557702065	0.06239509583	9.536743164e-07	0.09409189224
 10	  26	  1.003382921    	0.03517007828	 0.1180350780	0.06229186058	9.536743164e-07	0.09408307076
 10	  27	  1.070501089    	3.814697266e-06	0.08598113060	0.08222198486	  0.000000000	0.07426810265
 10	  28	  1.005643845    	0.03688716888	 0.1140568256	0.06229114532	  0.000000000	0.09408998489
 10	  29	  1.079185963    	3.099441528e-06	0.07741594315	0.06227588654	9.536743164e-07	0.09409308434
 10	  30	  1.004945993    	0.03758502007	 0.1141209602	0.06222391129	9.536743164e-07	0.09408903122


#RUN	RANK	FAILURE_DETECTED	COMM_REVOKED	COMM_SHRINKED	COMM_SPAWNED	ROLLBACK_DONE	COMM_MERGED
  9	   0	  1.012666941    	9.536743164e-07	0.06024098396	0.05137515068	0.01553583145	0.07844209671
  9	   1	  1.003345966    	9.536743164e-07	0.06968808174	0.05143594742	9.536743164e-07	0.09376907349
  9	   2	  1.005416870    	1.192092896e-06	0.06759500504	0.05126786232	2.145767212e-06	0.09397387505
  9	   3	  1.003859997    	9.536743164e-07	0.06929206848	0.05131983757	  0.000000000	0.09377908707
  9	   4	  1.006188869    	9.536743164e-07	0.06683206558	0.05125713348	  0.000000000	0.09398198128
  9	   5	  1.004710913    	9.536743164e-07	0.06843113899	0.05133199692	  0.000000000	0.09378600121
  9	   6	  1.007307768    	1.192092896e-06	0.06583595276	0.05115604401	  0.000000000	0.09395885468
  9	   7	  1.006839037    	9.536743164e-07	0.06645989418	0.05120110512	9.536743164e-07	0.09377193451
  9	   8	  1.007886171    	  0.000000000	0.06515502930	0.05125999451	9.536743164e-07	0.09396696091
  9	   9	  1.008285999    	9.536743164e-07	0.06487607956	0.05132794380	  0.000000000	0.09384012222
  9	  10	  1.008795977    	9.536743164e-07	0.06434702873	0.05115795135	  0.000000000	0.09402704239
  9	  11	  1.010153055    	9.536743164e-07	0.06313300133	0.05120801926	9.536743164e-07	0.09384298325
  9	  12	  1.009170771    	1.192092896e-06	0.06398582458	0.05114316940	  0.000000000	0.09403181076
  9	  13	  1.009757996    	  0.000000000	0.06350898743	0.05122303963	9.536743164e-07	0.09384202957
  9	  14	  1.011801958    	9.536743164e-07	0.06153512001	0.05104398727	9.536743164e-07	0.09403395653
  9	  15	  1.013160944    	  0.000000000	0.05977892876	0.05164313316	  0.000000000	0.09384894371
  9	  16	  1.003623009    	  0.000000000	0.06942987442	0.05132508278	  0.000000000	0.09404706955
  9	  17	  1.012209177    	9.536743164e-07	0.06083989143	0.05152106285	  0.000000000	0.09385800362
  9	  18	  1.012696981    	  0.000000000	0.06047105789	0.05121302605	  0.000000000	0.09404301643
  9	  19	  1.011296034    	9.536743164e-07	0.06175208092	0.05152392387	  0.000000000	0.09385919571
  9	  20	  1.004077911    	1.192092896e-06	0.06908583641	0.05121612549	  0.000000000	0.09404993057
  9	  21	  1.004595041    	  0.000000000	0.06855988503	0.05141615868	  0.000000000	0.09386491776
  9	  22	  1.003175020    	2.193450928e-05	0.07001090050	0.05109214783	  0.000000000	0.09403800964
  9	  23	  1.004949093    	  0.000000000	0.06803894043	0.05151605606	  0.000000000	0.09384799004
  9	  24	  1.006998062    	9.536743164e-07	0.06608510017	0.05121898651	9.536743164e-07	0.09404110909
  9	  25	  1.005442858    	  0.000000000	0.06763911247	0.05141210556	  0.000000000	0.09385585785
  9	  26	  1.003300905    	  0.000000000	0.06989908218	0.05110001564	9.536743164e-07	0.09403896332
  9	  27	  1.008028984    	  0.000000000	0.06506109238	0.05140590668	  0.000000000	0.09386014938
  9	  28	  1.003455877    	  0.000000000	0.06973505020	0.05110907555	  0.000000000	0.09404301643
  9	  29	  1.003365993    	1.192092896e-06	0.06981396675	0.05131101608	  0.000000000	0.09385991096
  9	  30	  1.008141994    	3.099441528e-06	0.06505084038	0.05123305321	9.536743164e-07	0.09384202957


#RUN	RANK	FAILURE_DETECTED	COMM_REVOKED	COMM_SHRINKED	COMM_SPAWNED	ROLLBACK_DONE	COMM_MERGED
  8	   0	  1.010875940    	  0.000000000	0.05823302269	0.05292296410	0.01563000679	0.07729101181
  8	   1	  1.010384083    	  0.000000000	0.05883288383	0.05281496048	1.192092896e-06	0.09291982651
  8	   2	  1.005048990    	9.536743164e-07	0.06416702271	0.05281496048	9.536743164e-07	0.09292292595
  8	   3	  1.003464937    	9.536743164e-07	0.06586003304	0.05270791054	  0.000000000	0.09289908409
  8	   4	  1.004264832    	9.536743164e-07	0.06495809555	0.05280494690	9.536743164e-07	0.09290409088
  8	   5	  1.012895107    	  0.000000000	0.05646300316	0.05270504951	9.536743164e-07	0.09289884567
  8	   6	  1.007503033    	  0.000000000	0.06185412407	0.05269694328	  0.000000000	0.09290504456
  8	   7	  1.005438089    	  0.000000000	0.06402492523	0.05260086060	  0.000000000	0.09290719032
  8	   8	  1.008022070    	9.536743164e-07	0.06121397018	0.05281496048	  0.000000000	0.09291815758
  8	   9	  1.006980896    	  0.000000000	0.06238698959	0.05268907547	9.536743164e-07	0.09290790558
  8	  10	  1.009868145    	  0.000000000	0.05949592590	0.05268907547	9.536743164e-07	0.09291386604
  8	  11	  1.010375023    	  0.000000000	0.05908393860	0.05260109901	9.536743164e-07	0.09290409088
  8	  12	  1.010857105    	9.536743164e-07	0.05850410461	0.05269384384	1.192092896e-06	0.09290599823
  8	  13	  1.009490967    	  0.000000000	0.06005406380	0.05259490013	9.536743164e-07	0.09291815758
  8	  14	  1.008996010    	  0.000000000	0.06056404114	0.05257701874	9.536743164e-07	0.09292101860
  8	  15	  1.008620977    	9.536743164e-07	0.06051111221	0.05301189423	  0.000000000	0.09292221069
  8	  16	  1.012370825    	1.192092896e-06	0.05686593056	0.05289196968	  0.000000000	0.09293508530
  8	  17	  1.012855053    	  0.000000000	0.05640101433	0.05287694931	9.536743164e-07	0.09292697906
  8	  18	  1.003347158    	9.536743164e-07	0.06599998474	0.05278491974	  0.000000000	0.09293198586
  8	  19	  1.011880159    	  0.000000000	0.05737280846	0.05288314819	  0.000000000	0.09292697906
  8	  20	  1.003743887    	  0.000000000	0.06561708450	0.05277085304	  0.000000000	0.09293603897
  8	  21	  1.003113985    	2.098083496e-05	0.06614708900	0.05277395248	  0.000000000	0.09292101860
  8	  22	  1.005656004    	  0.000000000	0.06372189522	0.05267405510	  0.000000000	0.09292292595
  8	  23	  1.004729986    	  0.000000000	0.06442904472	0.05290412903	  0.000000000	0.09291982651
  8	  24	  1.005185843    	  0.000000000	0.06411099434	0.05275702477	  0.000000000	0.09293103218
  8	  25	  1.003231049    	  0.000000000	0.06605601311	0.05276703835	9.536743164e-07	0.09292507172
  8	  26	  1.006299019    	  0.000000000	0.06308698654	0.05266690254	  0.000000000	0.09292912483
  8	  27	  1.003248930    	9.536743164e-07	0.06604909897	0.05275511742	  0.000000000	0.09292483330
  8	  28	  1.003278971    	  0.000000000	0.06609797478	0.05267810822	  0.000000000	0.09292602539
  8	  29	  1.007704973    	  0.000000000	0.06165885925	0.05266714096	  0.000000000	0.09292602539
  8	  30	  1.007707119    	1.907348633e-06	0.06166005135	0.05260896683	9.536743164e-07	0.09292316437


#RUN	RANK	FAILURE_DETECTED	COMM_REVOKED	COMM_SHRINKED	COMM_SPAWNED	ROLLBACK_DONE	COMM_MERGED
  7	   0	  1.010396957    	9.536743164e-07	0.05861091614	0.05728220940	0.01555180550	0.08342719078
  7	   1	  1.010981083    	  0.000000000	0.05812788010	0.05718111992	9.536743164e-07	0.09895300865
  7	   2	  1.003282070    	9.536743164e-07	0.06584405899	0.05716204643	9.536743164e-07	0.09897494316
  7	   3	  1.012567043    	  0.000000000	0.05666780472	0.05706000328	1.192092896e-06	0.09897089005
  7	   4	  1.012107849    	  0.000000000	0.05702495575	0.05718302727	  0.000000000	0.09895896912
  7	   5	  1.011628151    	9.536743164e-07	0.05762600899	0.05706095695	  0.000000000	0.09895801544
  7	   6	  1.004904032    	  0.000000000	0.06434392929	0.05707097054	9.536743164e-07	0.09895300865
  7	   7	  1.003951788    	1.192092896e-06	0.06541085243	0.05696105957	  0.000000000	0.09896302223
  7	   8	  1.005939007    	  0.000000000	0.06321096420	0.05716109276	  0.000000000	0.09897208214
  7	   9	  1.005391836    	  0.000000000	0.06386399269	0.05705809593	  0.000000000	0.09896802902
  7	  10	  1.004412889    	  0.000000000	0.06484007835	0.05706000328	  0.000000000	0.09896707535
  7	  11	  1.006320000    	  0.000000000	0.06303977966	0.05696105957	  0.000000000	0.09895801544
  7	  12	  1.010425806    	1.192092896e-06	0.05890893936	0.05705690384	1.192092896e-06	0.09897780418
  7	  13	  1.009990215    	  0.000000000	0.05945396423	0.05695605278	  0.000000000	0.09897279739
  7	  14	  1.008078098    	  0.000000000	0.06135988235	0.05695700645	  0.000000000	0.09897398949
  7	  15	  1.009494066    	9.536743164e-07	0.05954504013	0.05736994743	  0.000000000	0.09897303581
  7	  16	  1.003768921    	9.536743164e-07	0.06536817551	0.05725502968	  0.000000000	0.09898900986
  7	  17	  1.012379885    	  0.000000000	0.05676913261	0.05724692345	  0.000000000	0.09898114204
  7	  18	  1.012820959    	  0.000000000	0.05643320084	0.05713987350	  0.000000000	0.09898209572
  7	  19	  1.011887074    	  0.000000000	0.05725383759	0.05726218224	  0.000000000	0.09897494316
  7	  20	  1.003117085    	1.597404480e-05	0.06604695320	0.05713319778	  0.000000000	0.09897589684
  7	  21	  1.011325121    	  0.000000000	0.05785393715	0.05713796616	  0.000000000	0.09897613525
  7	  22	  1.005615950    	  0.000000000	0.06366395950	0.05703306198	  0.000000000	0.09897613525
  7	  23	  1.005178213    	9.536743164e-07	0.06389594078	0.05725097656	  0.000000000	0.09896993637
  7	  24	  1.003238201    	  0.000000000	0.06593799591	0.05713582039	1.192092896e-06	0.09897899628
  7	  25	  1.006047964    	1.192092896e-06	0.06312489510	0.05713796616	  0.000000000	0.09897708893
  7	  26	  1.003283024    	  0.000000000	0.06600403786	0.05702495575	  0.000000000	0.09897994995
  7	  27	  1.003419161    	  0.000000000	0.06575298309	0.05715107918	9.536743164e-07	0.09897303581
  7	  28	  1.007394075    	9.536743164e-07	0.06186294556	0.05702900887	9.536743164e-07	0.09897804260
  7	  29	  1.006664038    	  0.000000000	0.06255388260	0.05703902245	  0.000000000	0.09898114204
  7	  30	  1.007479906    	3.099441528e-06	0.06183195114	0.05696487427	  0.000000000	0.09898209572


#RUN	RANK	FAILURE_DETECTED	COMM_REVOKED	COMM_SHRINKED	COMM_SPAWNED	ROLLBACK_DONE	COMM_MERGED
  6	   0	  1.005183220    	9.536743164e-07	0.06623697281	0.05457305908	0.01554799080	0.09742379189
  6	   1	  1.005920887    	9.536743164e-07	0.06560301781	0.05447316170	  0.000000000	 0.1129438877
  6	   2	  1.008080006    	  0.000000000	0.06344914436	0.05446100235	  0.000000000	 0.1129488945
  6	   3	  1.003627062    	9.536743164e-07	0.06803989410	0.05435395241	1.192092896e-06	 0.1129548550
  6	   4	  1.013070107    	  0.000000000	0.05849003792	0.05446004868	  0.000000000	 0.1129508018
  6	   5	  1.010671854    	9.536743164e-07	0.06100106239	0.05434203148	9.536743164e-07	 0.1129529476
  6	   6	  1.004128933    	  0.000000000	0.06753206253	0.05435490608	  0.000000000	 0.1129500866
  6	   7	  1.005538940    	9.536743164e-07	0.06627106667	0.05421590805	  0.000000000	 0.1129491329
  6	   8	  1.006062031    	9.536743164e-07	0.06564402580	0.05430412292	  0.000000000	 0.1129548550
  6	   9	  1.005088091    	  0.000000000	0.06658005714	0.05434489250	9.536743164e-07	 0.1129531860
  6	  10	  1.004582882    	9.536743164e-07	0.06708002090	0.05434799194	9.536743164e-07	 0.1129541397
  6	  11	  1.007593155    	9.536743164e-07	0.06426000595	0.05425000191	9.536743164e-07	 0.1129610538
  6	  12	  1.009050131    	  0.000000000	0.06271004677	0.05433678627	1.192092896e-06	 0.1129658222
  6	  13	  1.008064032    	  0.000000000	0.06379699707	0.05423688889	  0.000000000	 0.1129660606
  6	  14	  1.006595135    	9.536743164e-07	0.06525993347	0.05423998833	  0.000000000	 0.1129660606
  6	  15	  1.007102013    	  0.000000000	0.06434917450	0.05465793610	  0.000000000	 0.1129660606
  6	  16	  1.010975838    	  0.000000000	0.06057620049	0.05454397202	9.536743164e-07	 0.1129760742
  6	  17	  1.010495901    	  0.000000000	0.06106114388	0.05454087257	  0.000000000	 0.1129751205
  6	  18	  1.011487007    	  0.000000000	0.06018495560	0.05442500114	9.536743164e-07	 0.1129732132
  6	  19	  1.003350019    	2.098083496e-05	0.06812095642	0.05452609062	  0.000000000	 0.1129620075
  6	  20	  1.009919167    	  0.000000000	0.06167483330	0.05441904068	  0.000000000	 0.1129710674
  6	  21	  1.009417057    	  0.000000000	0.06217503548	0.05442404747	  0.000000000	 0.1129739285
  6	  22	  1.005773067    	9.536743164e-07	0.06594109535	0.05429792404	  0.000000000	 0.1129670143
  6	  23	  1.003463030    	  0.000000000	0.06818294525	0.05438113213	  0.000000000	 0.1129708290
  6	  24	  1.005296946    	  0.000000000	0.06629395485	0.05441999435	  0.000000000	 0.1129729748
  6	  25	  1.003488064    	9.536743164e-07	0.06810498238	0.05441904068	  0.000000000	 0.1129748821
  6	  26	  1.003643036    	  0.000000000	0.06805706024	0.05431294441	  0.000000000	 0.1129729748
  6	  27	  1.013372898    	  0.000000000	0.05821299553	0.05440807343	  0.000000000	 0.1129879951
  6	  28	  1.007096052    	  0.000000000	0.06458687782	0.05430722237	1.907348633e-06	 0.1129879951
  6	  29	  1.006376028    	9.536743164e-07	0.06529998779	0.05431199074	  0.000000000	 0.1129789352
  6	  30	  1.007162094    	2.861022949e-06	0.06458306313	0.05423593521	  0.000000000	 0.1129770279


#RUN	RANK	FAILURE_DETECTED	COMM_REVOKED	COMM_SHRINKED	COMM_SPAWNED	ROLLBACK_DONE	COMM_MERGED
  5	   0	  1.003515959    	9.536743164e-07	0.06521606445	0.05426788330	0.01567292213	0.08490800858
  5	   1	  1.004312992    	  0.000000000	0.06454300880	0.05414485931	9.536743164e-07	 0.1005799770
  5	   2	  1.004868031    	  0.000000000	0.06400990486	0.05414295197	  0.000000000	 0.1005661488
  5	   3	  1.005347967    	  0.000000000	0.06366014481	0.05402088165	  0.000000000	 0.1005630493
  5	   4	  1.005828857    	1.192092896e-06	0.06303691864	0.05415391922	  0.000000000	 0.1005761623
  5	   5	  1.006371021    	  0.000000000	0.06261897087	0.05403590202	  0.000000000	 0.1005661488
  5	   6	  1.006212950    	  0.000000000	0.06276607513	0.05403709412	  0.000000000	 0.1005718708
  5	   7	  1.005635977    	  0.000000000	0.06349110603	0.05390596390	  0.000000000	 0.1005659103
  5	   8	  1.007174015    	  0.000000000	0.06170010567	0.05414676666	  0.000000000	 0.1005771160
  5	   9	  1.006521940    	  0.000000000	0.06247305870	0.05402898788	9.536743164e-07	 0.1005749702
  5	  10	  1.006808043    	  0.000000000	0.06224989891	0.05404210091	9.536743164e-07	 0.1005940437
  5	  11	  1.005313873    	  0.000000000	0.06387996674	0.05391716957	  0.000000000	 0.1005799770
  5	  12	  1.009165049    	  0.000000000	0.05989003181	0.05404305458	  0.000000000	 0.1005949974
  5	  13	  1.009618044    	9.536743164e-07	0.05956196785	0.05392217636	9.536743164e-07	 0.1005849838
  5	  14	  1.008506060    	  0.000000000	0.06065201759	0.05393791199	  0.000000000	 0.1005871296
  5	  15	  1.008013964    	1.192092896e-06	0.06075382233	0.05434513092	  0.000000000	 0.1005878448
  5	  16	  1.010062933    	  0.000000000	0.05882811546	0.05420899391	  0.000000000	 0.1005978584
  5	  17	  1.008830070    	  0.000000000	0.06005287170	0.05422210693	  0.000000000	 0.1005928516
  5	  18	  1.002516985    	2.098083496e-05	0.06638693810	0.05409097672	  0.000000000	 0.1005921364
  5	  19	  1.011297941    	  0.000000000	0.05750083923	0.05422616005	9.536743164e-07	 0.1005868912
  5	  20	  1.011781931    	  0.000000000	0.05713415146	0.05409884453	  0.000000000	 0.1005849838
  5	  21	  1.010921955    	9.536743164e-07	0.05798411369	0.05411195755	  0.000000000	 0.1005899906
  5	  22	  1.002655983    	  0.000000000	0.06636905670	0.05399203300	  0.000000000	 0.1005840302
  5	  23	  1.003108025    	9.536743164e-07	0.06568908691	0.05423307419	  0.000000000	 0.1005899906
  5	  24	  1.002848864    	  0.000000000	0.06607604027	0.05409097672	  0.000000000	 0.1005990505
  5	  25	  1.003146887    	  0.000000000	0.06575918198	0.05411195755	  0.000000000	 0.1005899906
  5	  26	  1.003700972    	9.536743164e-07	0.06529903412	0.05399107933	  0.000000000	 0.1005909443
  5	  27	  1.004863024    	9.536743164e-07	0.06401896477	0.05411815643	  0.000000000	 0.1006028652
  5	  28	  1.004227161    	9.536743164e-07	0.06472492218	0.05398917198	9.536743164e-07	 0.1005918980
  5	  29	  1.004967213    	9.536743164e-07	0.06401586533	0.05400800705	  0.000000000	 0.1006040573
  5	  30	  1.005015135    	1.907348633e-06	0.06404805183	0.05391597748	  0.000000000	 0.1005868912


#RUN	RANK	FAILURE_DETECTED	COMM_REVOKED	COMM_SHRINKED	COMM_SPAWNED	ROLLBACK_DONE	COMM_MERGED
  4	   0	  1.006952047    	9.536743164e-07	0.06056499481	0.05302405357	0.01564812660	0.09028983116
  4	   1	  1.006381989    	  0.000000000	0.06125998497	0.05292606354	  0.000000000	 0.1059439182
  4	   2	  1.007447004    	9.536743164e-07	0.06019902229	0.05291795731	  0.000000000	 0.1059439182
  4	   3	  1.010993004    	  0.000000000	0.05677390099	0.05280518532	9.536743164e-07	 0.1059470177
  4	   4	  1.008450985    	  0.000000000	0.05934405327	0.05276989937	  0.000000000	 0.1059439182
  4	   5	  1.008901834    	  0.000000000	0.05886602402	0.05280208588	  0.000000000	 0.1059420109
  4	   6	  1.007934093    	  0.000000000	0.05985188484	0.05277919769	  0.000000000	 0.1059508324
  4	   7	  1.011965990    	  0.000000000	0.05591607094	0.05269193649	  0.000000000	 0.1059470177
  4	   8	  1.012586832    	  0.000000000	0.05506801605	0.05291008949	9.536743164e-07	 0.1060149670
  4	   9	  1.013104200    	9.536743164e-07	0.05474185944	0.05280208588	9.536743164e-07	 0.1060321331
  4	  10	  1.014106989    	9.536743164e-07	0.05373597145	0.05280113220	9.536743164e-07	 0.1060309410
  4	  11	  1.013612986    	9.536743164e-07	0.05434417725	0.05269598961	9.536743164e-07	 0.1060299873
  4	  12	  1.007235050    	9.536743164e-07	0.06074810028	0.05266380310	1.192092896e-06	 0.1060278416
  4	  13	  1.005278826    	1.192092896e-06	0.06266283989	0.05270910263	  0.000000000	 0.1060400009
  4	  14	  1.006573200    	  0.000000000	0.06154894829	0.05252504349	  0.000000000	 0.1060400009
  4	  15	  1.005630016    	1.192092896e-06	0.06190896034	0.05311703682	  0.000000000	 0.1060369015
  4	  16	  1.007187128    	9.536743164e-07	0.06046199799	0.05299496651	  0.000000000	 0.1060509682
  4	  17	  1.004036903    	3.910064697e-05	0.06350183487	0.05298805237	  0.000000000	 0.1060400009
  4	  18	  1.008491039    	9.536743164e-07	0.05920004845	0.05287098885	  0.000000000	 0.1060299873
  4	  19	  1.007988214    	9.536743164e-07	0.05973982811	0.05284214020	  0.000000000	 0.1060318947
  4	  20	  1.009010077    	9.536743164e-07	0.05867600441	0.05287718773	  0.000000000	 0.1060369015
  4	  21	  1.004143953    	1.192092896e-06	0.06355500221	0.05286788940	  0.000000000	 0.1060290337
  4	  22	  1.010500908    	9.536743164e-07	0.05730199814	0.05276107788	  0.000000000	 0.1060349941
  4	  23	  1.004215002    	  0.000000000	0.06336593628	0.05299091339	9.536743164e-07	 0.1060280800
  4	  24	  1.004353046    	9.536743164e-07	0.06334400177	0.05286407471	  0.000000000	 0.1060400009
  4	  25	  1.011141062    	9.536743164e-07	0.05652213097	0.05287694931	9.536743164e-07	 0.1060318947
  4	  26	  1.011780977    	1.907348633e-06	0.05598616600	0.05276799202	9.536743164e-07	 0.1060390472
  4	  27	  1.012643099    	9.536743164e-07	0.05517196655	0.05272889137	  0.000000000	 0.1060321331
  4	  28	  1.004310131    	9.536743164e-07	0.06344699860	0.05277991295	9.536743164e-07	 0.1060490608
  4	  29	  1.013402939    	  0.000000000	0.05454206467	0.05259680748	  0.000000000	 0.1060490608
  4	  30	  1.004441977    	3.099441528e-06	0.06371402740	0.05237483978	1.192092896e-06	 0.1060278416


#RUN	RANK	FAILURE_DETECTED	COMM_REVOKED	COMM_SHRINKED	COMM_SPAWNED	ROLLBACK_DONE	COMM_MERGED
  3	   0	  1.010105133    	  0.000000000	0.06564807892	0.06096482277	0.01583194733	0.09054517746
  3	   1	  1.010805130    	  0.000000000	0.06523990631	0.06067395210	  0.000000000	 0.1063811779
  3	   2	  1.012303114    	  0.000000000	0.06356883049	0.06084394455	  0.000000000	 0.1063821316
  3	   3	  1.011286020    	  0.000000000	0.06487011909	0.06056690216	  0.000000000	 0.1063771248
  3	   4	  1.011794090    	  0.000000000	0.06410098076	0.06082201004	9.536743164e-07	 0.1063799858
  3	   5	  1.012809038    	  0.000000000	0.06335687637	0.06055307388	  0.000000000	 0.1063799858
  3	   6	  1.013384104    	  0.000000000	0.06261110306	0.06072092056	  0.000000000	 0.1063828468
  3	   7	  1.013767958    	  0.000000000	0.06249904633	0.06045889854	  0.000000000	 0.1063768864
  3	   8	  1.005523920    	  0.000000000	0.07040619850	0.06086993217	  0.000000000	 0.1064510345
  3	   9	  1.012966156    	9.536743164e-07	0.06327104568	0.06056094170	9.536743164e-07	 0.1064481735
  3	  10	  1.013797998    	  0.000000000	0.06225609779	0.06074595451	  0.000000000	 0.1064550877
  3	  11	  1.013351917    	1.192092896e-06	0.06300187111	0.06045198441	  0.000000000	 0.1064469814
  3	  12	  1.004607201    	9.536743164e-07	0.07145404816	0.06073880196	  0.000000000	 0.1064522266
  3	  13	  1.005577803    	  0.000000000	0.07074522972	0.06047987938	  0.000000000	 0.1064491272
  3	  14	  1.006510973    	  0.000000000	0.06964993477	0.06064009666	  0.000000000	 0.1064491272
  3	  15	  1.006092787    	  0.000000000	0.06967616081	0.06104397774	  0.000000000	 0.1064548492
  3	  16	  1.004141092    	2.408027649e-05	0.07180380821	0.06074810028	9.536743164e-07	 0.1064479351
  3	  17	  1.005376101    	9.536743164e-07	0.07042694092	0.06091213226	9.536743164e-07	 0.1064510345
  3	  18	  1.008761883    	  0.000000000	0.06731414795	0.06063985825	  0.000000000	 0.1064531803
  3	  19	  1.008336067    	  0.000000000	0.06747198105	0.06091308594	  0.000000000	 0.1064500809
  3	  20	  1.004261017    	  0.000000000	0.07181787491	0.06063818932	9.536743164e-07	 0.1064560413
  3	  21	  1.009068966    	  0.000000000	0.06684303284	0.06080603600	  0.000000000	 0.1064510345
  3	  22	  1.004298210    	9.536743164e-07	0.07188796997	0.06052803993	  0.000000000	 0.1064498425
  3	  23	  1.004314184    	  0.000000000	0.07148194313	0.06092905998	9.536743164e-07	 0.1064450741
  3	  24	  1.011955976    	1.192092896e-06	0.06410694122	0.06062483788	  0.000000000	 0.1064791679
  3	  25	  1.011134148    	9.536743164e-07	0.06474208832	0.06081199646	  0.000000000	 0.1064758301
  3	  26	  1.010406971    	9.536743164e-07	0.06575107574	0.06053280830	1.192092896e-06	 0.1064558029
  3	  27	  1.012512207    	  0.000000000	0.06336879730	0.06082010269	9.536743164e-07	 0.1064441204
  3	  28	  1.009630919    	9.536743164e-07	0.06651902199	0.06053900719	9.536743164e-07	 0.1064541340
  3	  29	  1.013183832    	  0.000000000	0.06280612946	0.06070899963	  0.000000000	 0.1064498425
  3	  30	  1.013196945    	1.907348633e-06	0.06304001808	0.06044816971	  0.000000000	 0.1064708233


#RUN	RANK	FAILURE_DETECTED	COMM_REVOKED	COMM_SHRINKED	COMM_SPAWNED	ROLLBACK_DONE	COMM_MERGED
  2	   0	  1.051442146    	  0.000000000	0.05306982994	0.05500602722	0.01560807228	0.08908987045
  2	   1	  1.050927162    	  0.000000000	0.05368900299	0.05490183830	9.536743164e-07	 0.1047210693
  2	   2	  1.052922010    	9.536743164e-07	0.05169010162	0.05490088463	9.536743164e-07	 0.1047210693
  2	   3	  1.052415133    	9.536743164e-07	0.05233407021	0.05477094650	9.536743164e-07	 0.1047000885
  2	   4	  1.053393841    	  0.000000000	0.05124211311	0.05488395691	  0.000000000	 0.1047420502
  2	   5	  1.055295944    	  0.000000000	0.04943799973	0.05478405952	  0.000000000	 0.1046979427
  2	   6	  1.052081108    	9.536743164e-07	0.05266213417	0.05477094650	9.536743164e-07	 0.1047019958
  2	   7	  1.046865940    	  0.000000000	0.05806612968	0.05467700958	  0.000000000	 0.1047120094
  2	   8	  1.047355890    	9.536743164e-07	0.05735516548	0.05488681793	  0.000000000	 0.1047980785
  2	   9	  1.047885895    	9.536743164e-07	0.05691599846	0.05479812622	  0.000000000	 0.1047959328
  2	  10	  1.048379183    	9.536743164e-07	0.05642294884	0.05479598045	9.536743164e-07	 0.1047890186
  2	  11	  1.046449900    	  0.000000000	0.05847096443	0.05468416214	9.536743164e-07	 0.1047909260
  2	  12	  1.048827171    	  0.000000000	0.05600285530	0.05477595329	  0.000000000	 0.1047880650
  2	  13	  1.049874067    	9.536743164e-07	0.05505394936	0.05467414856	  0.000000000	 0.1047918797
  2	  14	  1.049378872    	9.536743164e-07	0.05552816391	0.05469298363	  0.000000000	 0.1047940254
  2	  15	  1.045908928    	1.192092896e-06	0.05852794647	0.05508685112	  0.000000000	 0.1047821045
  2	  16	  1.050756931    	9.536743164e-07	0.05378293991	0.05497217178	9.536743164e-07	 0.1047909260
  2	  17	  1.050246000    	  0.000000000	0.05429601669	0.05497598648	  0.000000000	 0.1047890186
  2	  18	  1.053523064    	  0.000000000	0.05112910271	0.05486178398	1.192092896e-06	 0.1047899723
  2	  19	  1.045559883    	2.408027649e-05	0.05899000168	0.05494594574	  0.000000000	 0.1047899723
  2	  20	  1.045827150    	9.536743164e-07	0.05883193016	0.05486607552	  0.000000000	 0.1047790051
  2	  21	  1.045596123    	  0.000000000	0.05905890465	0.05486202240	9.536743164e-07	 0.1047961712
  2	  22	  1.045706987    	9.536743164e-07	0.05905008316	0.05475783348	1.192092896e-06	 0.1047968864
  2	  23	  1.052810907    	  0.000000000	0.05172419548	0.05496191978	9.536743164e-07	 0.1047909260
  2	  24	  1.046211004    	1.192092896e-06	0.05841279030	0.05486106873	9.536743164e-07	 0.1048021317
  2	  25	  1.047371864    	1.192092896e-06	0.05725288391	0.05486392975	  0.000000000	 0.1047971249
  2	  26	  1.055315018    	  0.000000000	0.04942512512	0.05474805832	  0.000000000	 0.1047949791
  2	  27	  1.048273802    	  0.000000000	0.05637311935	0.05484795570	  0.000000000	 0.1047890186
  2	  28	  1.054635048    	9.536743164e-07	0.05011105537	0.05474686623	  0.000000000	 0.1047880650
  2	  29	  1.049929142    	9.536743164e-07	0.05479884148	0.05476307869	  0.000000000	 0.1047921181
  2	  30	  1.049989939    	2.861022949e-06	0.05479097366	0.05469918251	  0.000000000	 0.1047968864


#RUN	RANK	FAILURE_DETECTED	COMM_REVOKED	COMM_SHRINKED	COMM_SPAWNED	ROLLBACK_DONE	COMM_MERGED
  1	   0	  1.045659065    	9.536743164e-07	0.05668401718	0.07075095177	0.01559615135	0.09034991264
  1	   1	  1.046154022    	9.536743164e-07	0.05629611015	0.07064294815	  0.000000000	 0.1059679985
  1	   2	  1.048225880    	1.192092896e-06	0.05425000191	0.07061481476	1.192092896e-06	 0.1059749126
  1	   3	  1.047069073    	9.536743164e-07	0.05552005768	0.07050895691	  0.000000000	 0.1059460640
  1	   4	  1.048923969    	  0.000000000	0.05352997780	0.07063698769	  0.000000000	 0.1059679985
  1	   5	  1.047594070    	9.536743164e-07	0.05514407158	0.07035398483	  0.000000000	 0.1059579849
  1	   6	  1.051902056    	  0.000000000	0.05075001717	0.07052183151	  0.000000000	 0.1059551239
  1	   7	  1.045148849    	2.503395081e-05	0.05759501457	0.07042407990	  0.000000000	 0.1059470177
  1	   8	  1.053034067    	9.536743164e-07	0.04949903488	0.07064199448	  0.000000000	 0.1060240269
  1	   9	  1.053575993    	  0.000000000	0.04906201363	0.07053995132	1.192092896e-06	 0.1060190201
  1	  10	  1.045855045    	9.536743164e-07	0.05680394173	0.07051515579	  0.000000000	 0.1060228348
  1	  11	  1.054086924    	  0.000000000	0.04866409302	0.07042789459	  0.000000000	 0.1060230732
  1	  12	  1.054492950    	9.536743164e-07	0.04814696312	0.07053399086	1.192092896e-06	 0.1060259342
  1	  13	  1.049527168    	9.536743164e-07	0.05339407921	0.07025289536	  0.000000000	 0.1060240269
  1	  14	  1.045850039    	  0.000000000	0.05684113503	0.07039785385	  0.000000000	 0.1060159206
  1	  15	  1.046235800    	1.192092896e-06	0.05603694916	0.07082796097	  0.000000000	 0.1060268879
  1	  16	  1.046761036    	  0.000000000	0.05561494827	0.07071089745	  0.000000000	 0.1060330868
  1	  17	  1.047252893    	9.536743164e-07	0.05515003204	0.07068705559	  0.000000000	 0.1060240269
  1	  18	  1.045221806    	1.192092896e-06	0.05726790428	0.07059502602	  0.000000000	 0.1060400009
  1	  19	  1.049180984    	  0.000000000	0.05320405960	0.07070803642	  0.000000000	 0.1060287952
  1	  20	  1.045328856    	9.536743164e-07	0.05732703209	0.07042908669	9.536743164e-07	 0.1060290337
  1	  21	  1.045569897    	9.536743164e-07	0.05692601204	0.07059121132	  0.000000000	 0.1060278416
  1	  22	  1.049536943    	  0.000000000	0.05303120613	0.07049298286	  0.000000000	 0.1060278416
  1	  23	  1.050070047    	9.536743164e-07	0.05227994919	0.07072305679	9.536743164e-07	 0.1060209274
  1	  24	  1.053133011    	  0.000000000	0.04931902885	0.07060909271	9.536743164e-07	 0.1060330868
  1	  25	  1.052549839    	  0.000000000	0.04992318153	0.07058978081	  0.000000000	 0.1060340405
  1	  26	  1.052007198    	  0.000000000	0.05055689812	0.07049489021	  0.000000000	 0.1060340405
  1	  27	  1.051523924    	  0.000000000	0.05093502998	0.07060503960	9.536743164e-07	 0.1060249805
  1	  28	  1.051069021    	9.536743164e-07	0.05168700218	0.07030391693	1.192092896e-06	 0.1060299873
  1	  29	  1.050565958    	9.536743164e-07	0.05201506615	0.07047986984	  0.000000000	 0.1060299873
  1	  30	  1.053308964    	3.099441528e-06	0.04934406281	0.07042002678	  0.000000000	 0.1060419083


