#RUN	RANK	FAILURE_DETECTED	COMM_REVOKED	COMM_SHRINKED	COMM_SPAWNED	ROLLBACK_DONE	COMM_MERGED
 10	   0	  1.002736092    	0.001602888107	 0.2589650154	0.08033108711	0.01389598846	 0.1361980438
 10	   1	  1.019165993    	0.004534959793	 0.2399749756	0.08010292053	  0.000000000	 0.1498351097
 10	   2	  1.010631084    	9.536743164e-07	 0.2528429031	0.08013916016	  0.000000000	 0.1499760151
 10	   3	  1.019659996    	0.004789113998	 0.2396600246	0.07968091965	  0.000000000	 0.1498301029
 10	   4	  1.025050879    	2.145767212e-06	 0.2387228012	0.07989001274	  0.000000000	 0.1499459743
 10	   5	  1.018018007    	0.01115894318	 0.2346680164	0.07997202873	  0.000000000	 0.1499018669
 10	   6	  1.002995014    	0.02365088463	 0.2370209694	0.07998204231	9.536743164e-07	 0.1499340534
 10	   7	  1.022762060    	0.008354902267	 0.2331130505	0.07961297035	  0.000000000	 0.1497759819
 10	   8	  1.059096098    	1.907348633e-06	 0.2043910027	0.08013606071	9.536743164e-07	 0.1499829292
 10	   9	  1.019028902    	0.02388811111	 0.2209329605	0.07992792130	  0.000000000	 0.1498341560
 10	  10	  1.008032084    	0.03228688240	 0.2235851288	0.07970380783	  0.000000000	 0.1500551701
 10	  11	  1.011876106    	0.01472997665	 0.2374579906	0.07973408699	9.536743164e-07	 0.1499190331
 10	  12	  1.002854109    	0.02372002602	 0.2371129990	0.07997989655	  0.000000000	 0.1500279903
 10	  13	  1.005955935    	0.02425599098	 0.2338960171	0.07971191406	  0.000000000	 0.1497871876
 10	  14	  1.003360033    	0.02631902695	 0.2341768742	0.07979106903	  0.000000000	 0.1499481201
 10	  15	  1.059809923    	3.099441528e-06	 0.2046179771	0.07941603661	9.536743164e-07	 0.1498830318
 10	  16	  1.077252150    	1.907348633e-06	 0.1862270832	0.08014202118	9.536743164e-07	 0.1499960423
 10	  17	  1.019363880    	0.02704596519	 0.2174191475	0.07994294167	  0.000000000	 0.1498498917
 10	  18	  1.007961035    	0.03843402863	 0.2178640366	0.07935190201	  0.000000000	 0.1500840187
 10	  19	  1.008875132    	0.02099800110	 0.2341718674	0.07974696159	  0.000000000	 0.1498792171
 10	  20	  1.080191851    	2.145767212e-06	 0.1834719181	0.07999706268	9.536743164e-07	 0.1499590874
 10	  21	  1.004719973    	0.02521586418	 0.2343270779	0.07955193520	  0.000000000	 0.1498010159
 10	  22	  1.002429962    	0.02765297890	 0.2337739468	0.07978796959	  0.000000000	 0.1499590874
 10	  23	  1.061533928    	3.099441528e-06	 0.2028708458	0.07943415642	  0.000000000	 0.1498367786
 10	  24	  1.020099878    	0.03225588799	 0.2112920284	0.07996416092	  0.000000000	 0.1500940323
 10	  25	  1.009310007    	0.02910780907	 0.2261011600	0.07926082611	1.192092896e-06	 0.1498448849
 10	  26	  1.008373022    	0.04387617111	 0.2117469311	0.07961797714	  0.000000000	 0.1500849724
 10	  27	  1.011908054    	0.02000594139	 0.2323219776	0.07955288887	  0.000000000	 0.1498470306
 10	  28	  1.004482031    	0.03053689003	 0.2288410664	0.07979989052	  0.000000000	 0.1499609947
 10	  29	  1.006774902    	0.02205395699	 0.2353620529	0.07963490486	  0.000000000	 0.1498880386
 10	  30	  1.004298925    	0.03148102760	 0.2286381721	0.07922983170	  0.000000000	 0.1499800682
 10	  31	  1.007581949    	2.288818359e-05	 0.2555921078	0.08067297935	9.536743164e-07	 0.1497769356
 10	  32	  1.070440054    	2.861022949e-06	 0.1930751801	0.08011984825	9.536743164e-07	 0.1510131359
 10	  33	  1.130678892    	5.006790161e-06	 0.1327559948	0.08034801483	1.192092896e-06	 0.1497089863
 10	  34	  1.132769108    	5.006790161e-06	 0.1309900284	0.07986497879	9.536743164e-07	 0.1498520374
 10	  35	  1.003707886    	0.03430891037	 0.2254030704	0.08038806915	9.536743164e-07	 0.1497049332
 10	  36	  1.002898932    	0.06028413773	 0.2005698681	0.07993102074	9.536743164e-07	 0.1498181820
 10	  37	  1.130987883    	5.006790161e-06	 0.1326079369	0.08023619652	  0.000000000	 0.1496658325
 10	  38	  1.137902975    	3.099441528e-06	 0.1261949539	0.07958292961	  0.000000000	 0.1497981548
 10	  39	  1.007265806    	0.01898598671	 0.2371602058	0.08044385910	  0.000000000	 0.1496739388
 10	  40	  1.135077953    	2.145767212e-06	 0.1286709309	0.07989096642	1.192092896e-06	 0.1498649120
 10	  41	  1.004870176    	0.04502892494	 0.2138531208	0.08005595207	9.536743164e-07	 0.1497540474
 10	  42	  1.136008978    	4.053115845e-06	 0.1279170513	0.07971000671	9.536743164e-07	 0.1500170231
 10	  43	  1.121516943    	4.053115845e-06	 0.1420848370	0.08019304276	  0.000000000	 0.1497189999
 10	  44	  1.003403902    	0.05980110168	 0.2007060051	0.07975792885	  0.000000000	 0.1498370171
 10	  45	  1.006606102    	0.04204607010	 0.2151210308	0.08006882668	  0.000000000	 0.1496620178
 10	  46	  1.003689051    	0.05517411232	 0.2054188251	0.07937812805	  0.000000000	 0.1498239040
 10	  47	  1.015779972    	4.053115845e-06	 0.2476148605	0.08045220375	  0.000000000	 0.1496980190
 10	  48	  1.006586075    	0.05524706841	 0.2018909454	0.07990598679	9.536743164e-07	 0.1499090195
 10	  49	  1.048877001    	3.099441528e-06	 0.2150530815	0.07986187935	  0.000000000	 0.1497590542
 10	  50	  1.133412838    	3.099441528e-06	 0.1304900646	0.07970380783	1.192092896e-06	 0.1500079632
 10	  51	  1.003033161    	0.03299593925	 0.2275590897	0.08020687103	  0.000000000	 0.1497719288
 10	  52	  1.002900124    	0.05997800827	 0.2010388374	0.07977199554	  0.000000000	 0.1500451565
 10	  53	  1.130450964    	5.006790161e-06	 0.1329698563	0.08005619049	  0.000000000	 0.1496539116
 10	  54	  1.134690046    	3.099441528e-06	 0.1292459965	0.07935905457	  0.000000000	 0.1498379707
 10	  55	  1.003070831    	0.02318215370	 0.2369949818	0.08024287224	  0.000000000	 0.1497011185
 10	  56	  1.002577066    	0.05634188652	 0.2046611309	0.07968306541	  0.000000000	 0.1498990059
 10	  57	  1.133121967    	5.006790161e-06	 0.1304628849	0.07983613014	9.536743164e-07	 0.1497519016
 10	  58	  1.002584219    	0.05637979507	 0.2047920227	0.07950496674	1.192092896e-06	 0.1498878002
 10	  59	  1.111993074    	4.053115845e-06	 0.1514420509	0.08000397682	9.536743164e-07	 0.1498339176
 10	  60	  1.135852098    	1.907348633e-06	 0.1279060841	0.07956910133	  0.000000000	 0.1498508453
 10	  61	  1.118921995    	5.006790161e-06	 0.1448361874	0.07973599434	9.536743164e-07	 0.1496789455
 10	  62	  1.131219864    	3.099441528e-06	 0.1328480244	0.07926392555	  0.000000000	 0.1499378681


#RUN	RANK	FAILURE_DETECTED	COMM_REVOKED	COMM_SHRINKED	COMM_SPAWNED	ROLLBACK_DONE	COMM_MERGED
  9	   0	  1.005885124    	9.536743164e-07	 0.1309208870	0.08198714256	0.01407504082	 0.1380620003
  9	   1	  1.007304907    	  0.000000000	 0.1297249794	0.08191895485	  0.000000000	 0.1516749859
  9	   2	  1.006531954    	9.536743164e-07	 0.1306362152	0.08175396919	9.536743164e-07	 0.1516559124
  9	   3	  1.008569956    	  0.000000000	 0.1286599636	0.08171987534	1.192092896e-06	 0.1518158913
  9	   4	  1.009418011    	9.536743164e-07	 0.1277141571	0.08174490929	9.536743164e-07	 0.1517729759
  9	   5	  1.008134127    	9.536743164e-07	 0.1291050911	0.08171486855	9.536743164e-07	 0.1516652107
  9	   6	  1.008461952    	1.192092896e-06	 0.1287457943	0.08172607422	9.536743164e-07	 0.1516389847
  9	   7	  1.009779930    	  0.000000000	 0.1276979446	0.08150815964	9.536743164e-07	 0.1516978741
  9	   8	  1.011101961    	9.536743164e-07	 0.1262600422	0.08142590523	  0.000000000	 0.1517920494
  9	   9	  1.011566162    	9.536743164e-07	 0.1256721020	0.08171176910	1.192092896e-06	 0.1517279148
  9	  10	  1.010845900    	  0.000000000	 0.1266970634	0.08139204979	  0.000000000	 0.1516408920
  9	  11	  1.010366917    	9.536743164e-07	 0.1271300316	0.08145809174	  0.000000000	 0.1517269611
  9	  12	  1.011818886    	  0.000000000	 0.1253750324	0.08168411255	  0.000000000	 0.1516990662
  9	  13	  1.003090143    	1.907348633e-05	 0.1343770027	0.08146691322	  0.000000000	 0.1516709328
  9	  14	  1.012249947    	  0.000000000	 0.1252961159	0.08138799667	  0.000000000	 0.1516978741
  9	  15	  1.011444092    	  0.000000000	 0.1263411045	0.08120584488	  0.000000000	 0.1516420841
  9	  16	  1.003204107    	  0.000000000	 0.1337859631	0.08179593086	  0.000000000	 0.1518080235
  9	  17	  1.003509998    	  0.000000000	 0.1337130070	0.08172082901	  0.000000000	 0.1517369747
  9	  18	  1.004074812    	  0.000000000	 0.1331400871	0.08172011375	9.536743164e-07	 0.1517100334
  9	  19	  1.005964994    	  0.000000000	 0.1314480305	0.08153700829	  0.000000000	 0.1516828537
  9	  20	  1.005591154    	  0.000000000	 0.1315858364	0.08169507980	9.536743164e-07	 0.1517229080
  9	  21	  1.006324053    	  0.000000000	 0.1311070919	0.08151793480	  0.000000000	 0.1516900063
  9	  22	  1.004827976    	  0.000000000	 0.1327960491	0.08130812645	9.536743164e-07	 0.1516580582
  9	  23	  1.004508018    	9.536743164e-07	 0.1333360672	0.08114290237	  0.000000000	 0.1517150402
  9	  24	  1.005316019    	  0.000000000	 0.1322610378	0.08121395111	  0.000000000	 0.1518661976
  9	  25	  1.006694794    	1.192092896e-06	 0.1309428215	0.08133101463	  0.000000000	 0.1517210007
  9	  26	  1.008134127    	  0.000000000	 0.1295969486	0.08120393753	  0.000000000	 0.1516590118
  9	  27	  1.007774830    	  0.000000000	 0.1298520565	0.08132195473	  0.000000000	 0.1517500877
  9	  28	  1.006963015    	  0.000000000	 0.1304199696	0.08149290085	  0.000000000	 0.1517181396
  9	  29	  1.007350206    	  0.000000000	 0.1303148270	0.08128595352	  0.000000000	 0.1517441273
  9	  30	  1.006546021    	  0.000000000	 0.1314101219	0.08099389076	  0.000000000	 0.1516370773
  9	  31	  1.008574009    	  0.000000000	 0.1281559467	0.08225798607	  0.000000000	 0.1516609192
  9	  32	  1.010734797    	  0.000000000	 0.1261680126	0.08190417290	9.536743164e-07	 0.1518309116
  9	  33	  1.009599924    	9.536743164e-07	 0.1273751259	0.08199787140	  0.000000000	 0.1516950130
  9	  34	  1.009189844    	9.536743164e-07	 0.1279311180	0.08181810379	  0.000000000	 0.1516878605
  9	  35	  1.011115074    	9.536743164e-07	 0.1258480549	0.08200287819	  0.000000000	 0.1517109871
  9	  36	  1.009937048    	  0.000000000	 0.1271820068	0.08177590370	  0.000000000	 0.1517279148
  9	  37	  1.010475159    	9.536743164e-07	 0.1267120838	0.08178186417	  0.000000000	 0.1518130302
  9	  38	  1.003618956    	9.536743164e-07	 0.1336841583	0.08164596558	  0.000000000	 0.1516828537
  9	  39	  1.012390852    	  0.000000000	 0.1249301434	0.08168888092	1.192092896e-06	 0.1517899036
  9	  40	  1.012524843    	1.192092896e-06	 0.1245789528	0.08171486855	  0.000000000	 0.1518070698
  9	  41	  1.012841940    	  0.000000000	 0.1246559620	0.08148312569	  0.000000000	 0.1516828537
  9	  42	  1.011764050    	  0.000000000	 0.1255121231	0.08167481422	  0.000000000	 0.1516590118
  9	  43	  1.011499166    	  0.000000000	 0.1256439686	0.08181405067	  0.000000000	 0.1516988277
  9	  44	  1.004992008    	  0.000000000	 0.1322917938	0.08160805702	9.536743164e-07	 0.1517181396
  9	  45	  1.004793167    	  0.000000000	 0.1326880455	0.08149194717	9.536743164e-07	 0.1516699791
  9	  46	  1.003196001    	9.536743164e-07	 0.1344230175	0.08131790161	  0.000000000	 0.1517400742
  9	  47	  1.003924131    	9.536743164e-07	 0.1330258846	0.08204221725	  0.000000000	 0.1516728401
  9	  48	  1.006314039    	  0.000000000	 0.1307659149	0.08171105385	9.536743164e-07	 0.1518290043
  9	  49	  1.004486084    	9.536743164e-07	 0.1326870918	0.08177399635	  0.000000000	 0.1517069340
  9	  50	  1.006088018    	  0.000000000	 0.1312010288	0.08164906502	9.536743164e-07	 0.1517829895
  9	  51	  1.007084131    	9.536743164e-07	 0.1300559044	0.08182811737	  0.000000000	 0.1516940594
  9	  52	  1.007455111    	  0.000000000	 0.1295471191	0.08157086372	  0.000000000	 0.1516840458
  9	  53	  1.007930994    	9.536743164e-07	 0.1291208267	0.08158612251	  0.000000000	 0.1516530514
  9	  54	  1.002950907    	9.536743164e-07	 0.1343891621	0.08127188683	  0.000000000	 0.1517360210
  9	  55	  1.006939173    	9.536743164e-07	 0.1302669048	0.08147907257	  0.000000000	 0.1516189575
  9	  56	  1.008189917    	  0.000000000	 0.1287939548	0.08148908615	  0.000000000	 0.1517870426
  9	  57	  1.009960890    	1.192092896e-06	 0.1274309158	0.08125901222	  0.000000000	 0.1516358852
  9	  58	  1.003025055    	  0.000000000	 0.1341769695	0.08141398430	9.536743164e-07	 0.1516339779
  9	  59	  1.010324001    	9.536743164e-07	 0.1267259121	0.08158302307	  0.000000000	 0.1516680717
  9	  60	  1.003094912    	9.536743164e-07	 0.1340751648	0.08138799667	  0.000000000	 0.1516888142
  9	  61	  1.003271103    	9.536743164e-07	 0.1343209743	0.08105111122	  0.000000000	 0.1517508030
  9	  62	  1.010156155    	1.907348633e-06	 0.1275551319	0.08145284653	  0.000000000	 0.1514170170


#RUN	RANK	FAILURE_DETECTED	COMM_REVOKED	COMM_SHRINKED	COMM_SPAWNED	ROLLBACK_DONE	COMM_MERGED
  8	   0	  1.008764982    	  0.000000000	 0.1299479008	0.08043813705	0.01414990425	 0.1353690624
  8	   1	  1.008152008    	9.536743164e-07	 0.1307029724	0.08025193214	  0.000000000	 0.1495170593
  8	   2	  1.009962797    	1.192092896e-06	 0.1288888454	0.08030200005	9.536743164e-07	 0.1495480537
  8	   3	  1.010303974    	  0.000000000	 0.1287300587	0.08021092415	  0.000000000	 0.1494789124
  8	   4	  1.010971069    	9.536743164e-07	 0.1280200481	0.08016395569	  0.000000000	 0.1495051384
  8	   5	  1.011279821    	  0.000000000	 0.1280040741	0.07985591888	9.536743164e-07	 0.1494719982
  8	   6	  1.011794090    	9.536743164e-07	 0.1273958683	0.07996916771	  0.000000000	 0.1494598389
  8	   7	  1.012793064    	  0.000000000	 0.1266450882	0.07985782623	  0.000000000	 0.1494271755
  8	   8	  1.014081001    	  0.000000000	 0.1248888969	0.08017301559	9.536743164e-07	 0.1495101452
  8	   9	  1.013704062    	9.536743164e-07	 0.1253390312	0.08007097244	9.536743164e-07	 0.1495609283
  8	  10	  1.013218880    	  0.000000000	 0.1258411407	0.08010196686	  0.000000000	 0.1495239735
  8	  11	  1.011749983    	  0.000000000	 0.1274681091	0.08002090454	  0.000000000	 0.1493661404
  8	  12	  1.006582975    	1.192092896e-06	 0.1326529980	0.07991480827	  0.000000000	 0.1495010853
  8	  13	  1.005760908    	  0.000000000	 0.1338050365	0.07956409454	  0.000000000	 0.1494767666
  8	  14	  1.005972862    	  0.000000000	 0.1335079670	0.07968211174	  0.000000000	 0.1495170593
  8	  15	  1.014497042    	  0.000000000	 0.1251380444	0.07966685295	1.192092896e-06	 0.1493709087
  8	  16	  1.004978895    	  0.000000000	 0.1339290142	0.08023715019	  0.000000000	 0.1495819092
  8	  17	  1.005347967    	9.536743164e-07	 0.1336970329	0.08006596565	9.536743164e-07	 0.1495671272
  8	  18	  1.014381886    	  0.000000000	 0.1246819496	0.08009314537	  0.000000000	 0.1494920254
  8	  19	  1.009216070    	9.536743164e-07	 0.1299860477	0.08003306389	  0.000000000	 0.1494619846
  8	  20	  1.009530067    	9.536743164e-07	 0.1298120022	0.07980990410	1.192092896e-06	 0.1495318413
  8	  21	  1.008762121    	  0.000000000	 0.1306090355	0.07976484299	1.192092896e-06	 0.1495029926
  8	  22	  1.010235786    	  0.000000000	 0.1290600300	0.07986211777	  0.000000000	 0.1495499611
  8	  23	  1.008363962    	  0.000000000	 0.1312890053	0.07964015007	9.536743164e-07	 0.1494560242
  8	  24	  1.010476828    	  0.000000000	 0.1286010742	0.08006787300	1.192092896e-06	 0.1495330334
  8	  25	  1.010380983    	9.536743164e-07	 0.1288359165	0.07989120483	  0.000000000	 0.1495358944
  8	  26	  1.011151075    	9.536743164e-07	 0.1281099319	0.07989907265	  0.000000000	 0.1495459080
  8	  27	  1.010661125    	9.536743164e-07	 0.1289138794	0.07966017723	  0.000000000	 0.1493978500
  8	  28	  1.011575937    	  0.000000000	 0.1278538704	0.07971715927	9.536743164e-07	 0.1495289803
  8	  29	  1.011816025    	  0.000000000	 0.1279299259	0.07938408852	  0.000000000	 0.1495580673
  8	  30	  1.012356997    	  0.000000000	 0.1283299923	0.07847499847	9.536743164e-07	 0.1494860649
  8	  31	  1.014292955    	  0.000000000	 0.1243331432	0.08071088791	  0.000000000	 0.1493780613
  8	  32	  1.013632059    	  0.000000000	 0.1251859665	0.08034801483	  0.000000000	 0.1495540142
  8	  33	  1.012962103    	  0.000000000	 0.1258060932	0.08037281036	1.192092896e-06	 0.1495339870
  8	  34	  1.014621019    	  0.000000000	 0.1243259907	0.08022594452	  0.000000000	 0.1495189667
  8	  35	  1.013897896    	  0.000000000	 0.1248629093	0.08049607277	  0.000000000	 0.1494169235
  8	  36	  1.005268812    	  0.000000000	 0.1338701248	0.08005404472	9.536743164e-07	 0.1495940685
  8	  37	  1.007473946    	9.536743164e-07	 0.1314730644	0.08021903038	  0.000000000	 0.1495108604
  8	  38	  1.007683039    	9.536743164e-07	 0.1316220760	0.07986879349	1.192092896e-06	 0.1496219635
  8	  39	  1.006645918    	1.192092896e-06	 0.1321668625	0.08049511909	9.536743164e-07	 0.1494169235
  8	  40	  1.007283926    	9.536743164e-07	 0.1317129135	0.08016204834	  0.000000000	 0.1495530605
  8	  41	  1.006040096    	9.536743164e-07	 0.1329119205	0.08016204834	9.536743164e-07	 0.1495490074
  8	  42	  1.005496979    	  0.000000000	 0.1336450577	0.08003497124	  0.000000000	 0.1494941711
  8	  43	  1.008635044    	9.536743164e-07	 0.1304521561	0.08017301559	9.536743164e-07	 0.1493940353
  8	  44	  1.009810925    	9.536743164e-07	 0.1296951771	0.07964992523	  0.000000000	 0.1496689320
  8	  45	  1.004834890    	3.004074097e-05	 0.1342630386	0.07999897003	  0.000000000	 0.1495180130
  8	  46	  1.009387016    	9.536743164e-07	 0.1301100254	0.07966589928	  0.000000000	 0.1495029926
  8	  47	  1.008955956    	  0.000000000	 0.1298580170	0.08049106598	  0.000000000	 0.1494050026
  8	  48	  1.011255026    	  0.000000000	 0.1277139187	0.08018207550	  0.000000000	 0.1496310234
  8	  49	  1.011744022    	  0.000000000	 0.1272070408	0.08016300201	  0.000000000	 0.1495449543
  8	  50	  1.012362957    	  0.000000000	 0.1267640591	0.08004784584	  0.000000000	 0.1494910717
  8	  51	  1.011165142    	  0.000000000	 0.1274728775	0.08029294014	  0.000000000	 0.1493480206
  8	  52	  1.010821819    	  0.000000000	 0.1282072067	0.07980585098	  0.000000000	 0.1495070457
  8	  53	  1.004686117    	  0.000000000	 0.1341388226	0.07999205589	  0.000000000	 0.1494729519
  8	  54	  1.004459858    	2.908706665e-05	 0.1347019672	0.07966494560	  0.000000000	 0.1494581699
  8	  55	  1.013786077    	  0.000000000	 0.1249060631	0.08031105995	  0.000000000	 0.1493408680
  8	  56	  1.005237103    	  0.000000000	 0.1336228848	0.07996606827	  0.000000000	 0.1496310234
  8	  57	  1.004541874    	9.536743164e-07	 0.1342961788	0.07995581627	  0.000000000	 0.1495060921
  8	  58	  1.014064074    	9.536743164e-07	 0.1251091957	0.07966780663	1.192092896e-06	 0.1494588852
  8	  59	  1.004573107    	9.536743164e-07	 0.1344258785	0.07993912697	  0.000000000	 0.1494808197
  8	  60	  1.004667997    	9.536743164e-07	 0.1347160339	0.07944202423	9.536743164e-07	 0.1495101452
  8	  61	  1.006081820    	  0.000000000	 0.1344671249	0.07859492302	  0.000000000	 0.1494851112
  8	  62	  1.006101847    	2.145767212e-06	 0.1334609985	0.07960295677	  0.000000000	 0.1494798660


#RUN	RANK	FAILURE_DETECTED	COMM_REVOKED	COMM_SHRINKED	COMM_SPAWNED	ROLLBACK_DONE	COMM_MERGED
  7	   0	  1.006675959    	  0.000000000	 0.1293761730	0.08078789711	0.01421594620	 0.1397571564
  7	   1	  1.007637024    	  0.000000000	 0.1286067963	0.08062720299	9.536743164e-07	 0.1539280415
  7	   2	  1.005840063    	9.536743164e-07	 0.1303608418	0.08060312271	9.536743164e-07	 0.1540379524
  7	   3	  1.008399963    	  0.000000000	 0.1280679703	0.08042001724	9.536743164e-07	 0.1539208889
  7	   4	  1.007887125    	  0.000000000	 0.1283609867	0.08059000969	9.536743164e-07	 0.1539690495
  7	   5	  1.008857012    	9.536743164e-07	 0.1278500557	0.08016991615	  0.000000000	 0.1540369987
  7	   6	  1.009126186    	  0.000000000	 0.1272819042	0.08040213585	9.536743164e-07	 0.1539590359
  7	   7	  1.012079000    	  0.000000000	 0.1248829365	0.07995891571	9.536743164e-07	 0.1538929939
  7	   8	  1.003723145    	9.536743164e-07	 0.1325120926	0.08059287071	  0.000000000	 0.1540329456
  7	   9	  1.012851000    	1.192092896e-06	 0.1238229275	0.08019900322	9.536743164e-07	 0.1539840698
  7	  10	  1.012832165    	  0.000000000	 0.1235508919	0.08042097092	  0.000000000	 0.1539621353
  7	  11	  1.009212017    	  0.000000000	 0.1276600361	0.08001780510	1.192092896e-06	 0.1539218426
  7	  12	  1.012032986    	  0.000000000	 0.1244139671	0.08039593697	9.536743164e-07	 0.1539621353
  7	  13	  1.005767107    	  0.000000000	 0.1311938763	0.07991409302	9.536743164e-07	 0.1539208889
  7	  14	  1.006236076    	9.536743164e-07	 0.1303520203	0.08022308350	  0.000000000	 0.1540160179
  7	  15	  1.004982948    	9.536743164e-07	 0.1318349838	0.08011317253	  0.000000000	 0.1539478302
  7	  16	  1.005357027    	9.536743164e-07	 0.1308860779	0.08058905602	9.536743164e-07	 0.1540338993
  7	  17	  1.004556894    	9.536743164e-07	 0.1318640709	0.08045196533	9.536743164e-07	 0.1539461613
  7	  18	  1.005114079    	9.536743164e-07	 0.1312870979	0.08040189743	  0.000000000	 0.1540510654
  7	  19	  1.004235983    	9.536743164e-07	 0.1324391365	0.08023786545	  0.000000000	 0.1539230347
  7	  20	  1.008324862    	9.536743164e-07	 0.1281192303	0.08039093018	  0.000000000	 0.1540570259
  7	  21	  1.008795977    	  0.000000000	 0.1282250881	0.07985305786	  0.000000000	 0.1539478302
  7	  22	  1.009190083    	9.536743164e-07	 0.1274650097	0.08017206192	  0.000000000	 0.1539719105
  7	  23	  1.008023024    	  0.000000000	 0.1287829876	0.08011388779	  0.000000000	 0.1539769173
  7	  24	  1.007296085    	  0.000000000	 0.1291408539	0.08039307594	  0.000000000	 0.1540129185
  7	  25	  1.006705999    	  0.000000000	 0.1300630569	0.08009696007	9.536743164e-07	 0.1539690495
  7	  26	  1.011605978    	9.536743164e-07	 0.1249639988	0.08022809029	  0.000000000	 0.1540670395
  7	  27	  1.010035992    	  0.000000000	 0.1269409657	0.07991504669	  0.000000000	 0.1539640427
  7	  28	  1.011306047    	  0.000000000	 0.1253321171	0.08019399643	9.536743164e-07	 0.1540679932
  7	  29	  1.010470152    	  0.000000000	 0.1266679764	0.07973885536	  0.000000000	 0.1539590359
  7	  30	  1.009860039    	  0.000000000	 0.1282119751	0.07875800133	  0.000000000	 0.1540050507
  7	  31	  1.009593010    	  0.000000000	 0.1263709068	0.08098793030	  0.000000000	 0.1539411545
  7	  32	  1.003745079    	9.536743164e-07	 0.1324169636	0.08069205284	9.536743164e-07	 0.1540269852
  7	  33	  1.012109995    	  0.000000000	 0.1240191460	0.08075785637	  0.000000000	 0.1539931297
  7	  34	  1.004513025    	  0.000000000	 0.1318049431	0.08050394058	  0.000000000	 0.1540319920
  7	  35	  1.012805223    	9.536743164e-07	 0.1233558655	0.08073711395	9.536743164e-07	 0.1540920734
  7	  36	  1.003432989    	9.536743164e-07	 0.1330420971	0.08038210869	  0.000000000	 0.1540229321
  7	  37	  1.012560129    	9.536743164e-07	 0.1237609386	0.08056712151	  0.000000000	 0.1539878845
  7	  38	  1.004132986    	  0.000000000	 0.1323561668	0.08034086227	9.536743164e-07	 0.1540341377
  7	  39	  1.005122185    	  0.000000000	 0.1310458183	0.08077502251	  0.000000000	 0.1540119648
  7	  40	  1.006680012    	  0.000000000	 0.1298098564	0.08034396172	1.192092896e-06	 0.1540439129
  7	  41	  1.007048130    	  0.000000000	 0.1292519569	0.08057594299	  0.000000000	 0.1540160179
  7	  42	  1.006249189    	9.536743164e-07	 0.1302440166	0.08033704758	9.536743164e-07	 0.1540338993
  7	  43	  1.005841017    	  0.000000000	 0.1305100918	0.08054184914	9.536743164e-07	 0.1540181637
  7	  44	  1.003238916    	3.099441528e-05	 0.1335902214	0.07998085022	  0.000000000	 0.1540629864
  7	  45	  1.009683847    	  0.000000000	 0.1268310547	0.08036088943	1.192092896e-06	 0.1540138721
  7	  46	  1.008692026    	1.192092896e-06	 0.1279768944	0.08014512062	  0.000000000	 0.1541218758
  7	  47	  1.008369923    	9.536743164e-07	 0.1277940273	0.08077406883	  0.000000000	 0.1539738178
  7	  48	  1.009211779    	1.192092896e-06	 0.1271169186	0.08050990105	  0.000000000	 0.1540641785
  7	  49	  1.009989977    	  0.000000000	 0.1263298988	0.08055710793	  0.000000000	 0.1541209221
  7	  50	  1.007617950    	9.536743164e-07	 0.1285820007	0.08029198647	  0.000000000	 0.1540200710
  7	  51	  1.011559010    	9.536743164e-07	 0.1244869232	0.08055114746	  0.000000000	 0.1540548801
  7	  52	  1.002928972    	3.004074097e-05	 0.1335859299	0.07998108864	  0.000000000	 0.1540169716
  7	  53	  1.012276888    	9.536743164e-07	 0.1239280701	0.08035492897	  0.000000000	 0.1539731026
  7	  54	  1.011933088    	9.536743164e-07	 0.1244499683	0.08013010025	  0.000000000	 0.1539978981
  7	  55	  1.010939121    	  0.000000000	 0.1251208782	0.08054208755	  0.000000000	 0.1539459229
  7	  56	  1.003041029    	  0.000000000	 0.1333320141	0.08014202118	  0.000000000	 0.1540238857
  7	  57	  1.003622055    	  0.000000000	 0.1325840950	0.08034777641	1.192092896e-06	 0.1539838314
  7	  58	  1.003098965    	  0.000000000	 0.1334390640	0.07996797562	  0.000000000	 0.1539950371
  7	  59	  1.003123045    	  0.000000000	 0.1331200600	0.08032894135	  0.000000000	 0.1540510654
  7	  60	  1.004684210    	  0.000000000	 0.1323080063	0.07983779907	1.192092896e-06	 0.1540918350
  7	  61	  1.005140781    	  0.000000000	 0.1328020096	0.07893109322	9.536743164e-07	 0.1541261673
  7	  62	  1.005269051    	1.907348633e-06	 0.1314830780	0.08015084267	1.192092896e-06	 0.1540398598


#RUN	RANK	FAILURE_DETECTED	COMM_REVOKED	COMM_SHRINKED	COMM_SPAWNED	ROLLBACK_DONE	COMM_MERGED
  6	   0	  1.011547089    	9.536743164e-07	 0.1269960403	0.08193898201	0.01416897774	 0.1350080967
  6	   1	  1.010458946    	  0.000000000	 0.1284630299	0.08170604706	  0.000000000	 0.1489658356
  6	   2	  1.010455847    	  0.000000000	 0.1282742023	0.08175396919	  0.000000000	 0.1490728855
  6	   3	  1.012362003    	  0.000000000	 0.1268219948	0.08145308495	  0.000000000	 0.1489329338
  6	   4	  1.003740788    	2.503395081e-05	 0.1349761486	0.08173894882	  0.000000000	 0.1490740776
  6	   5	  1.012747049    	  0.000000000	 0.1262009144	0.08169007301	  0.000000000	 0.1490049362
  6	   6	  1.013664961    	1.192092896e-06	 0.1252388954	0.08157706261	  0.000000000	 0.1491279602
  6	   7	  1.011864185    	  0.000000000	 0.1274290085	0.08133888245	  0.000000000	 0.1489500999
  6	   8	  1.004310846    	  0.000000000	 0.1348559856	0.08131814003	  0.000000000	 0.1491529942
  6	   9	  1.008411884    	  0.000000000	 0.1305530071	0.08167505264	  0.000000000	 0.1489579678
  6	  10	  1.005153894    	1.192092896e-06	 0.1337678432	0.08156204224	  0.000000000	 0.1490991116
  6	  11	  1.004156113    	  0.000000000	 0.1352458000	0.08122920990	  0.000000000	 0.1489708424
  6	  12	  1.009221792    	1.192092896e-06	 0.1296958923	0.08155703545	  0.000000000	 0.1491630077
  6	  13	  1.004138231    	9.536743164e-07	 0.1349940300	0.08152389526	  0.000000000	 0.1490070820
  6	  14	  1.004508972    	  0.000000000	 0.1346800327	0.08128786087	9.536743164e-07	 0.1491060257
  6	  15	  1.009505033    	  0.000000000	 0.1300020218	0.08114409447	  0.000000000	 0.1490268707
  6	  16	  1.011269093    	  0.000000000	 0.1279959679	0.08121395111	  0.000000000	 0.1491219997
  6	  17	  1.010616064    	9.536743164e-07	 0.1285719872	0.08143401146	  0.000000000	 0.1489958763
  6	  18	  1.011208057    	9.536743164e-07	 0.1277141571	0.08156085014	  0.000000000	 0.1491200924
  6	  19	  1.010035038    	1.192092896e-06	 0.1291439533	0.08145284653	  0.000000000	 0.1489851475
  6	  20	  1.011644125    	  0.000000000	 0.1272859573	0.08156991005	  0.000000000	 0.1491570473
  6	  21	  1.011976004    	  0.000000000	 0.1273801327	0.08127808571	  0.000000000	 0.1490437984
  6	  22	  1.012553930    	  0.000000000	 0.1265411377	0.08138203621	  0.000000000	 0.1491758823
  6	  23	  1.012185097    	9.536743164e-07	 0.1272850037	0.08117985725	1.192092896e-06	 0.1489729881
  6	  24	  1.013154030    	  0.000000000	 0.1261010170	0.08122396469	  0.000000000	 0.1491389275
  6	  25	  1.013415813    	  0.000000000	 0.1257300377	0.08149194717	  0.000000000	 0.1489930153
  6	  26	  1.012701035    	9.536743164e-07	 0.1266760826	0.08110809326	  0.000000000	 0.1491358280
  6	  27	  1.013737917    	  0.000000000	 0.1259801388	0.08090901375	9.536743164e-07	 0.1490578651
  6	  28	  1.004216909    	  0.000000000	 0.1348779202	0.08137917519	9.536743164e-07	 0.1491968632
  6	  29	  1.005339861    	9.536743164e-07	 0.1339871883	0.08134698868	  0.000000000	 0.1489930153
  6	  30	  1.005592108    	  0.000000000	 0.1339209080	0.08098888397	1.192092896e-06	 0.1491389275
  6	  31	  1.004810095    	9.536743164e-07	 0.1336691380	0.08219194412	  0.000000000	 0.1491680145
  6	  32	  1.006013155    	9.536743164e-07	 0.1326379776	0.08184599876	9.536743164e-07	 0.1491680145
  6	  33	  1.008322954    	  0.000000000	 0.1303131580	0.08202385902	  0.000000000	 0.1490180492
  6	  34	  1.008814812    	1.192092896e-06	 0.1300389767	0.08164286613	  0.000000000	 0.1491770744
  6	  35	  1.006789923    	9.536743164e-07	 0.1318731308	0.08198809624	  0.000000000	 0.1490409374
  6	  36	  1.007055044    	  0.000000000	 0.1317849159	0.08167409897	9.536743164e-07	 0.1491529942
  6	  37	  1.007706881    	  0.000000000	 0.1311349869	0.08180904388	1.192092896e-06	 0.1490528584
  6	  38	  1.008719206    	  0.000000000	 0.1304597855	0.08134317398	  0.000000000	 0.1492228508
  6	  39	  1.006452084    	9.536743164e-07	 0.1325120926	0.08168196678	  0.000000000	 0.1490418911
  6	  40	  1.009939909    	9.536743164e-07	 0.1289000511	0.08164310455	9.536743164e-07	 0.1491949558
  6	  41	  1.010684013    	  0.000000000	 0.1281487942	0.08180713654	  0.000000000	 0.1490600109
  6	  42	  1.009656906    	  0.000000000	 0.1296420097	0.08120203018	9.536743164e-07	 0.1491880417
  6	  43	  1.003957033    	9.536743164e-07	 0.1348760128	0.08179807663	  0.000000000	 0.1490669250
  6	  44	  1.010959148    	9.536743164e-07	 0.1280279160	0.08150792122	  0.000000000	 0.1491930485
  6	  45	  1.010235071    	  0.000000000	 0.1287698746	0.08165311813	  0.000000000	 0.1490468979
  6	  46	  1.012915134    	  0.000000000	 0.1264469624	0.08111786842	  0.000000000	 0.1492781639
  6	  47	  1.012771845    	  0.000000000	 0.1264259815	0.08147621155	  0.000000000	 0.1491189003
  6	  48	  1.013248920    	  0.000000000	 0.1255710125	0.08165717125	9.536743164e-07	 0.1492090225
  6	  49	  1.012004137    	9.536743164e-07	 0.1265170574	0.08180594444	  0.000000000	 0.1490271091
  6	  50	  1.012560129    	  0.000000000	 0.1261918545	0.08141112328	  0.000000000	 0.1491820812
  6	  51	  1.003889084    	2.384185791e-05	 0.1346180439	0.08179807663	9.536743164e-07	 0.1490290165
  6	  52	  1.006235838    	1.192092896e-06	 0.1324880123	0.08145785332	  0.000000000	 0.1492769718
  6	  53	  1.004967928    	  0.000000000	 0.1337461472	0.08160090446	9.536743164e-07	 0.1490421295
  6	  54	  1.005347967    	9.536743164e-07	 0.1337099075	0.08111500740	  0.000000000	 0.1491670609
  6	  55	  1.003682852    	  0.000000000	 0.1351661682	0.08148288727	  0.000000000	 0.1490221024
  6	  56	  1.004618883    	9.536743164e-07	 0.1341021061	0.08144688606	1.192092896e-06	 0.1491799355
  6	  57	  1.003753901    	1.192092896e-06	 0.1350898743	0.08149003983	9.536743164e-07	 0.1490349770
  6	  58	  1.003794909    	9.536743164e-07	 0.1353919506	0.08097100258	9.536743164e-07	 0.1493010521
  6	  59	  1.006965876    	  0.000000000	 0.1320459843	0.08162713051	  0.000000000	 0.1490809917
  6	  60	  1.007925987    	  0.000000000	 0.1312220097	0.08134603500	9.536743164e-07	 0.1492779255
  6	  61	  1.006588936    	1.192092896e-06	 0.1327359676	0.08132386208	9.536743164e-07	 0.1490731239
  6	  62	  1.008036137    	1.907348633e-06	 0.1323668957	0.08009505272	  0.000000000	 0.1492769718


#RUN	RANK	FAILURE_DETECTED	COMM_REVOKED	COMM_SHRINKED	COMM_SPAWNED	ROLLBACK_DONE	COMM_MERGED
  5	   0	  1.004625082    	  0.000000000	 0.1244418621	0.08257508278	0.01448106766	 0.1461188793
  5	   1	  1.005657911    	  0.000000000	 0.1236629486	0.08236813545	  0.000000000	 0.1605679989
  5	   2	  1.006234884    	1.192092896e-06	 0.1230158806	0.08238911629	9.536743164e-07	 0.1605770588
  5	   3	  1.007803917    	  0.000000000	 0.1217141151	0.08221101761	  0.000000000	 0.1605899334
  5	   4	  1.008477926    	9.536743164e-07	 0.1207830906	0.08237695694	9.536743164e-07	 0.1605770588
  5	   5	  1.008507967    	  0.000000000	 0.1214649677	0.08171391487	  0.000000000	 0.1605691910
  5	   6	  1.007441044    	9.536743164e-07	 0.1220660210	0.08216381073	  0.000000000	 0.1606111526
  5	   7	  1.006678104    	  0.000000000	 0.1230750084	0.08200502396	9.536743164e-07	 0.1605620384
  5	   8	  1.005936861    	  0.000000000	 0.1233391762	0.08236694336	  0.000000000	 0.1605870724
  5	   9	  1.009065151    	9.536743164e-07	 0.1206619740	0.08198404312	9.536743164e-07	 0.1605601311
  5	  10	  1.010837078    	9.536743164e-07	 0.1186089516	0.08221602440	  0.000000000	 0.1606240273
  5	  11	  1.008229017    	  0.000000000	 0.1216349602	0.08184814453	9.536743164e-07	 0.1605510712
  5	  12	  1.003267050    	  0.000000000	 0.1261808872	0.08218407631	  0.000000000	 0.1605868340
  5	  13	  1.008633852    	9.536743164e-07	 0.1216859818	0.08136010170	  0.000000000	 0.1607019901
  5	  14	  1.009296894    	9.536743164e-07	 0.1205229759	0.08185005188	  0.000000000	 0.1606149673
  5	  15	  1.004162073    	9.536743164e-07	 0.1257359982	0.08186388016	1.192092896e-06	 0.1605389118
  5	  16	  1.004572153    	  0.000000000	 0.1246809959	0.08238196373	  0.000000000	 0.1606209278
  5	  17	  1.005934000    	  0.000000000	 0.1238129139	0.08196306229	9.536743164e-07	 0.1606490612
  5	  18	  1.005240917    	9.536743164e-07	 0.1242070198	0.08219408989	  0.000000000	 0.1606760025
  5	  19	  1.004917145    	  0.000000000	 0.1249120235	0.08189487457	  0.000000000	 0.1605739594
  5	  20	  1.005428076    	9.536743164e-07	 0.1240110397	0.08219790459	  0.000000000	 0.1606190205
  5	  21	  1.006386042    	9.536743164e-07	 0.1237421036	0.08155989647	  0.000000000	 0.1606609821
  5	  22	  1.007683992    	9.536743164e-07	 0.1222012043	0.08180499077	  0.000000000	 0.1605598927
  5	  23	  1.006318808    	  0.000000000	 0.1235921383	0.08184385300	  0.000000000	 0.1605441570
  5	  24	  1.006616116    	  0.000000000	 0.1228208542	0.08220911026	  0.000000000	 0.1606149673
  5	  25	  1.007467985    	9.536743164e-07	 0.1222450733	0.08199501038	  0.000000000	 0.1606481075
  5	  26	  1.007181883    	  0.000000000	 0.1224560738	0.08202600479	9.536743164e-07	 0.1605930328
  5	  27	  1.008270979    	9.536743164e-07	 0.1217429638	0.08169388771	  0.000000000	 0.1606431007
  5	  28	  1.009186029    	9.536743164e-07	 0.1204819679	0.08199191093	  0.000000000	 0.1606199741
  5	  29	  1.008700132    	9.536743164e-07	 0.1215169430	0.08148002625	  0.000000000	 0.1606431007
  5	  30	  1.009716988    	9.536743164e-07	 0.1203269958	0.08164286613	  0.000000000	 0.1606230736
  5	  31	  1.009938002    	9.536743164e-07	 0.1190831661	0.08276295662	9.536743164e-07	 0.1605839729
  5	  32	  1.010284185    	  0.000000000	 0.1188919544	0.08247900009	9.536743164e-07	 0.1606709957
  5	  33	  1.010798931    	9.536743164e-07	 0.1183929443	0.08253812790	  0.000000000	 0.1607518196
  5	  34	  1.012390852    	9.536743164e-07	 0.1169881821	0.08227682114	  0.000000000	 0.1606681347
  5	  35	  1.011823893    	1.192092896e-06	 0.1173729897	0.08254098892	9.536743164e-07	 0.1607248783
  5	  36	  1.012667894    	  0.000000000	 0.1170141697	0.08199191093	9.536743164e-07	 0.1606490612
  5	  37	  1.002995014    	1.192092896e-06	 0.1263709068	0.08235192299	  0.000000000	 0.1606409550
  5	  38	  1.011329174    	  0.000000000	 0.1182339191	0.08212614059	9.536743164e-07	 0.1606168747
  5	  39	  1.011145830    	1.192092896e-06	 0.1180608273	0.08255720139	  0.000000000	 0.1606647968
  5	  40	  1.004407883    	  0.000000000	 0.1249830723	0.08226704597	9.536743164e-07	 0.1606490612
  5	  41	  1.004815102    	  0.000000000	 0.1245748997	0.08233308792	  0.000000000	 0.1606268883
  5	  42	  1.002698898    	2.813339233e-05	 0.1269798279	0.08195304871	9.536743164e-07	 0.1606340408
  5	  43	  1.003823996    	9.536743164e-07	 0.1255550385	0.08233618736	  0.000000000	 0.1606278419
  5	  44	  1.005657911    	9.536743164e-07	 0.1241950989	0.08177804947	9.536743164e-07	 0.1607429981
  5	  45	  1.004144907    	9.536743164e-07	 0.1256191730	0.08191490173	  0.000000000	 0.1606569290
  5	  46	  1.005154133    	  0.000000000	 0.1245839596	0.08192491531	  0.000000000	 0.1606349945
  5	  47	  1.006267071    	  0.000000000	 0.1229310036	0.08256697655	9.536743164e-07	 0.1605861187
  5	  48	  1.007007122    	9.536743164e-07	 0.1220428944	0.08228206635	  0.000000000	 0.1606140137
  5	  49	  1.007876873    	  0.000000000	 0.1212129593	0.08230304718	  0.000000000	 0.1605980396
  5	  50	  1.002886057    	9.536743164e-07	 0.1265120506	0.08195590973	9.536743164e-07	 0.1605951786
  5	  51	  1.007923126    	  0.000000000	 0.1211488247	0.08235120773	  0.000000000	 0.1605658531
  5	  52	  1.008101940    	9.536743164e-07	 0.1214530468	0.08178400993	  0.000000000	 0.1606009007
  5	  53	  1.010675907    	  0.000000000	 0.1187231541	0.08197283745	1.192092896e-06	 0.1606838703
  5	  54	  1.002584934    	3.409385681e-05	 0.1268301010	0.08192801476	  0.000000000	 0.1605668068
  5	  55	  1.009917021    	9.536743164e-07	 0.1191701889	0.08235192299	  0.000000000	 0.1606669426
  5	  56	  1.002599001    	2.694129944e-05	 0.1266469955	0.08205819130	9.536743164e-07	 0.1606140137
  5	  57	  1.002568960    	3.314018250e-05	 0.1266798973	0.08211493492	1.192092896e-06	 0.1605868340
  5	  58	  1.009289026    	  0.000000000	 0.1205680370	0.08181881905	  0.000000000	 0.1606190205
  5	  59	  1.012337923    	9.536743164e-07	 0.1171810627	0.08219289780	1.192092896e-06	 0.1606068611
  5	  60	  1.011953115    	  0.000000000	 0.1180520058	0.08164095879	  0.000000000	 0.1606659889
  5	  61	  1.010753155    	  0.000000000	 0.1191627979	0.08176302910	  0.000000000	 0.1606421471
  5	  62	  1.003184080    	1.907348633e-06	 0.1269731522	0.08151292801	  0.000000000	 0.1606810093


#RUN	RANK	FAILURE_DETECTED	COMM_REVOKED	COMM_SHRINKED	COMM_SPAWNED	ROLLBACK_DONE	COMM_MERGED
  4	   0	  1.005787849    	  0.000000000	 0.1271271706	0.08882904053	0.01436495781	 0.1526210308
  4	   1	  1.006705999    	9.536743164e-07	 0.1263890266	0.08863902092	  0.000000000	 0.1669938564
  4	   2	  1.006104231    	  0.000000000	 0.1269929409	0.08863091469	9.536743164e-07	 0.1669921875
  4	   3	  1.007557154    	9.536743164e-07	 0.1259460449	0.08827090263	9.536743164e-07	 0.1670191288
  4	   4	  1.007873058    	  0.000000000	 0.1253700256	0.08849596977	  0.000000000	 0.1669919491
  4	   5	  1.008595943    	9.536743164e-07	 0.1247329712	0.08842706680	  0.000000000	 0.1670260429
  4	   6	  1.009382963    	  0.000000000	 0.1239440441	0.08852696419	  0.000000000	 0.1669249535
  4	   7	  1.006374121    	  0.000000000	 0.1272289753	0.08817696571	  0.000000000	 0.1669659615
  4	   8	  1.006764889    	  0.000000000	 0.1263091564	0.08865690231	9.536743164e-07	 0.1670730114
  4	   9	  1.013365030    	9.536743164e-07	 0.1199140549	0.08843994141	  0.000000000	 0.1670079231
  4	  10	  1.013889074    	  0.000000000	 0.1193768978	0.08845901489	9.536743164e-07	 0.1670031548
  4	  11	  1.004562140    	  0.000000000	 0.1289088726	0.08832097054	1.192092896e-06	 0.1669528484
  4	  12	  1.004989147    	  0.000000000	 0.1285078526	0.08823418617	  0.000000000	 0.1670508385
  4	  13	  1.004375935    	1.811981201e-05	 0.1293029785	0.08804988861	  0.000000000	 0.1670341492
  4	  14	  1.013353109    	  0.000000000	 0.1203229427	0.08817696571	9.536743164e-07	 0.1668801308
  4	  15	  1.006138086    	  0.000000000	 0.1276280880	0.08803892136	  0.000000000	 0.1669490337
  4	  16	  1.007375956    	  0.000000000	 0.1257288456	0.08862519264	9.536743164e-07	 0.1670229435
  4	  17	  1.006990910    	  0.000000000	 0.1262819767	0.08845114708	  0.000000000	 0.1671500206
  4	  18	  1.008174896    	  0.000000000	 0.1252641678	0.08828282356	1.192092896e-06	 0.1670179367
  4	  19	  1.006772995    	  0.000000000	 0.1266930103	0.08830213547	  0.000000000	 0.1670448780
  4	  20	  1.007684946    	  0.000000000	 0.1258308887	0.08823108673	  0.000000000	 0.1670570374
  4	  21	  1.005392075    	9.536743164e-07	 0.1280770302	0.08828091621	  0.000000000	 0.1669929028
  4	  22	  1.010118008    	9.536743164e-07	 0.1236321926	0.08808684349	  0.000000000	 0.1669030190
  4	  23	  1.008637905    	  0.000000000	 0.1251330376	0.08801007271	  0.000000000	 0.1669919491
  4	  24	  1.009006023    	  0.000000000	 0.1242780685	0.08847379684	  0.000000000	 0.1670560837
  4	  25	  1.009973764    	  0.000000000	 0.1235380173	0.08820104599	  0.000000000	 0.1670911312
  4	  26	  1.009339094    	  0.000000000	 0.1240758896	0.08831095695	9.536743164e-07	 0.1670370102
  4	  27	  1.008521795    	1.192092896e-06	 0.1252598763	0.08802795410	  0.000000000	 0.1669950485
  4	  28	  1.011351109    	9.536743164e-07	 0.1225988865	0.08779811859	  0.000000000	 0.1670370102
  4	  29	  1.011589050    	9.536743164e-07	 0.1220948696	0.08809518814	  0.000000000	 0.1670079231
  4	  30	  1.012017012    	  0.000000000	 0.1217229366	0.08813595772	  0.000000000	 0.1669239998
  4	  31	  1.012331009    	9.536743164e-07	 0.1204929352	0.08900117874	9.536743164e-07	 0.1669938564
  4	  32	  1.012911081    	9.536743164e-07	 0.1200950146	0.08875799179	  0.000000000	 0.1670501232
  4	  33	  1.010844946    	1.192092896e-06	 0.1221408844	0.08875799179	  0.000000000	 0.1671431065
  4	  34	  1.014021873    	  0.000000000	 0.1191709042	0.08854508400	9.536743164e-07	 0.1671769619
  4	  35	  1.005031109    	9.536743164e-07	 0.1281180382	0.08863186836	  0.000000000	 0.1670291424
  4	  36	  1.014347076    	  0.000000000	 0.1188430786	0.08855891228	9.536743164e-07	 0.1670639515
  4	  37	  1.013306856    	9.536743164e-07	 0.1198320389	0.08862709999	9.536743164e-07	 0.1670329571
  4	  38	  1.013761044    	  0.000000000	 0.1196990013	0.08839988708	  0.000000000	 0.1669311523
  4	  39	  1.005645990    	1.192092896e-06	 0.1273279190	0.08880496025	9.536743164e-07	 0.1671199799
  4	  40	  1.006757021    	  0.000000000	 0.1264190674	0.08857393265	9.536743164e-07	 0.1670560837
  4	  41	  1.004432917    	2.717971802e-05	 0.1286809444	0.08859300613	  0.000000000	 0.1671469212
  4	  42	  1.007359028    	  0.000000000	 0.1259808540	0.08838605881	  0.000000000	 0.1670739651
  4	  43	  1.006156921    	9.536743164e-07	 0.1271641254	0.08846998215	  0.000000000	 0.1670179367
  4	  44	  1.007616997    	  0.000000000	 0.1257228851	0.08840894699	  0.000000000	 0.1670341492
  4	  45	  1.006638050    	9.536743164e-07	 0.1266789436	0.08842992783	1.192092896e-06	 0.1670439243
  4	  46	  1.008247852    	  0.000000000	 0.1253859997	0.08823609352	  0.000000000	 0.1669239998
  4	  47	  1.009301901    	9.536743164e-07	 0.1234109402	0.08878803253	  0.000000000	 0.1669449806
  4	  48	  1.010438919    	  0.000000000	 0.1224548817	0.08851909637	  0.000000000	 0.1670250893
  4	  49	  1.004014969    	3.004074097e-05	 0.1289951801	0.08838391304	9.536743164e-07	 0.1670129299
  4	  50	  1.009758949    	9.536743164e-07	 0.1232819557	0.08835601807	9.536743164e-07	 0.1671030521
  4	  51	  1.008989096    	9.536743164e-07	 0.1240439415	0.08843898773	  0.000000000	 0.1669640541
  4	  52	  1.012588978    	  0.000000000	 0.1204690933	0.08836889267	  0.000000000	 0.1670072079
  4	  53	  1.004136086    	  0.000000000	 0.1292450428	0.08805298805	9.536743164e-07	 0.1670038700
  4	  54	  1.012979031    	  0.000000000	 0.1203608513	0.08818101883	  0.000000000	 0.1670150757
  4	  55	  1.004234076    	  0.000000000	 0.1286530495	0.08857393265	  0.000000000	 0.1669881344
  4	  56	  1.004211903    	1.192092896e-06	 0.1288368702	0.08841109276	  0.000000000	 0.1669800282
  4	  57	  1.011524916    	  0.000000000	 0.1217579842	0.08842802048	  0.000000000	 0.1670479774
  4	  58	  1.005559206    	  0.000000000	 0.1280398369	0.08814311028	  0.000000000	 0.1670329571
  4	  59	  1.004951954    	  0.000000000	 0.1294660568	0.08742403984	  0.000000000	 0.1669218540
  4	  60	  1.013337135    	9.536743164e-07	 0.1201610565	0.08824086189	  0.000000000	 0.1670200825
  4	  61	  1.013666153    	  0.000000000	 0.1199078560	0.08817911148	  0.000000000	 0.1670768261
  4	  62	  1.005758047    	2.145767212e-06	 0.1280138493	0.08808517456	  0.000000000	 0.1669747829


#RUN	RANK	FAILURE_DETECTED	COMM_REVOKED	COMM_SHRINKED	COMM_SPAWNED	ROLLBACK_DONE	COMM_MERGED
  3	   0	  1.081632853    	  0.000000000	 0.1140739918	0.09818220139	0.01417899132	 0.1525638103
  3	   1	  1.072000027    	1.883506775e-05	 0.1240041256	0.09786701202	  0.000000000	 0.1667368412
  3	   2	  1.072335958    	1.192092896e-06	 0.1235239506	0.09804487228	  0.000000000	 0.1666951180
  3	   3	  1.077603102    	  0.000000000	 0.1186068058	0.09781813622	9.536743164e-07	 0.1667010784
  3	   4	  1.078013897    	9.536743164e-07	 0.1179141998	0.09794592857	9.536743164e-07	 0.1668169498
  3	   5	  1.079041004    	9.536743164e-07	 0.1172089577	0.09766006470	  0.000000000	 0.1667628288
  3	   6	  1.079021931    	  0.000000000	 0.1170339584	0.09784603119	  0.000000000	 0.1666889191
  3	   7	  1.072519779    	  0.000000000	 0.1238780022	0.09763121605	  0.000000000	 0.1665987968
  3	   8	  1.078169107    	  0.000000000	 0.1177058220	0.09800720215	  0.000000000	 0.1667478085
  3	   9	  1.080204010    	  0.000000000	 0.1161189079	0.09756898880	1.192092896e-06	 0.1667959690
  3	  10	  1.081610918    	9.536743164e-07	 0.1144390106	0.09784913063	  0.000000000	 0.1667530537
  3	  11	  1.080849886    	  0.000000000	 0.1155180931	0.09765100479	  0.000000000	 0.1666119099
  3	  12	  1.081845999    	  0.000000000	 0.1146960258	0.09735298157	  0.000000000	 0.1667850018
  3	  13	  1.080461979    	9.536743164e-07	 0.1159639359	0.09748411179	9.536743164e-07	 0.1667189598
  3	  14	  1.080000877    	  0.000000000	 0.1162290573	0.09767603874	9.536743164e-07	 0.1666998863
  3	  15	  1.073202133    	9.536743164e-07	 0.1234350204	0.09742498398	  0.000000000	 0.1665799618
  3	  16	  1.074928045    	  0.000000000	 0.1209700108	0.09797787666	9.536743164e-07	 0.1668241024
  3	  17	  1.073823929    	  0.000000000	 0.1223909855	0.09766602516	  0.000000000	 0.1667590141
  3	  18	  1.073633194    	  0.000000000	 0.1224048138	0.09787511826	9.536743164e-07	 0.1667580605
  3	  19	  1.074685097    	  0.000000000	 0.1217000484	0.09763383865	  0.000000000	 0.1666820049
  3	  20	  1.072198868    	  0.000000000	 0.1238751411	0.09779286385	  0.000000000	 0.1667680740
  3	  21	  1.075776100    	  0.000000000	 0.1208279133	0.09730100632	  0.000000000	 0.1667220592
  3	  22	  1.076761007    	  0.000000000	 0.1194889545	0.09764409065	  0.000000000	 0.1667098999
  3	  23	  1.076133013    	  0.000000000	 0.1204268932	0.09746813774	  0.000000000	 0.1666758060
  3	  24	  1.075341940    	  0.000000000	 0.1207439899	0.09779810905	  0.000000000	 0.1667618752
  3	  25	  1.077145815    	  0.000000000	 0.1192362309	0.09751486778	  0.000000000	 0.1668100357
  3	  26	  1.075268030    	1.192092896e-06	 0.1210148335	0.09763503075	  0.000000000	 0.1667230129
  3	  27	  1.078419924    	  0.000000000	 0.1191260815	0.09649181366	  0.000000000	 0.1666421890
  3	  28	  1.079036951    	9.536743164e-07	 0.1178939342	0.09698605537	9.536743164e-07	 0.1667540073
  3	  29	  1.079900026    	  0.000000000	 0.1167290211	0.09730005264	9.536743164e-07	 0.1668729782
  3	  30	  1.079569101    	9.536743164e-07	 0.1171290874	0.09722399712	9.536743164e-07	 0.1667308807
  3	  31	  1.077803135    	9.536743164e-07	 0.1178069115	0.09847593307	  0.000000000	 0.1666111946
  3	  32	  1.078551054    	9.536743164e-07	 0.1173830032	0.09796500206	  0.000000000	 0.1667988300
  3	  33	  1.080338955    	  0.000000000	 0.1154608727	0.09811401367	1.192092896e-06	 0.1667859554
  3	  34	  1.081300974    	  0.000000000	 0.1147880554	0.09782791138	9.536743164e-07	 0.1667521000
  3	  35	  1.080746889    	1.192092896e-06	 0.1150557995	0.09826016426	  0.000000000	 0.1667599678
  3	  36	  1.073151112    	  0.000000000	 0.1229619980	0.09777593613	  0.000000000	 0.1667840481
  3	  37	  1.081616879    	  0.000000000	 0.1143591404	0.09793090820	9.536743164e-07	 0.1667671204
  3	  38	  1.072195053    	9.536743164e-07	 0.1240470409	0.09765791893	  0.000000000	 0.1667501926
  3	  39	  1.073544025    	  0.000000000	 0.1222438812	0.09824204445	  0.000000000	 0.1666700840
  3	  40	  1.072273016    	9.536743164e-07	 0.1238288879	0.09780120850	9.536743164e-07	 0.1667778492
  3	  41	  1.074342012    	  0.000000000	 0.1216459274	0.09789800644	9.536743164e-07	 0.1668980122
  3	  42	  1.074903965    	  0.000000000	 0.1213150024	0.09768199921	  0.000000000	 0.1667509079
  3	  43	  1.075450897    	9.536743164e-07	 0.1209981441	0.09756898880	  0.000000000	 0.1666669846
  3	  44	  1.073989153    	9.536743164e-07	 0.1223208904	0.09759998322	  0.000000000	 0.1668541431
  3	  45	  1.076347113    	9.536743164e-07	 0.1198050976	0.09775900841	9.536743164e-07	 0.1667640209
  3	  46	  1.077644825    	  0.000000000	 0.1184821129	0.09744095802	  0.000000000	 0.1666960716
  3	  47	  1.076809168    	  0.000000000	 0.1186699867	0.09824800491	  0.000000000	 0.1665849686
  3	  48	  1.071733952    	2.598762512e-05	 0.1240460873	0.09773278236	  0.000000000	 0.1667621136
  3	  49	  1.079034090    	9.536743164e-07	 0.1166119576	0.09789991379	1.192092896e-06	 0.1667528152
  3	  50	  1.077161074    	  0.000000000	 0.1187789440	0.09764885902	1.192092896e-06	 0.1666748524
  3	  51	  1.079821110    	  0.000000000	 0.1158440113	0.09801483154	  0.000000000	 0.1666181087
  3	  52	  1.071750164    	2.694129944e-05	 0.1242079735	0.09756493568	  0.000000000	 0.1667420864
  3	  53	  1.080372095    	  0.000000000	 0.1154608727	0.09773397446	  0.000000000	 0.1667950153
  3	  54	  1.072129011    	9.536743164e-07	 0.1239659786	0.09746408463	9.536743164e-07	 0.1667070389
  3	  55	  1.071841002    	2.598762512e-05	 0.1238031387	0.09802579880	  0.000000000	 0.1666891575
  3	  56	  1.080564976    	9.536743164e-07	 0.1156930923	0.09763097763	  0.000000000	 0.1667737961
  3	  57	  1.081238031    	1.192092896e-06	 0.1149029732	0.09774684906	9.536743164e-07	 0.1668441296
  3	  58	  1.081002951    	  0.000000000	 0.1163280010	0.09658002853	  0.000000000	 0.1667017937
  3	  59	  1.074349880    	  0.000000000	 0.1224110126	0.09725403786	  0.000000000	 0.1666429043
  3	  60	  1.072587013    	9.536743164e-07	 0.1238691807	0.09744977951	  0.000000000	 0.1667439938
  3	  61	  1.071960926    	2.002716064e-05	 0.1245801449	0.09734678268	1.192092896e-06	 0.1668109894
  3	  62	  1.080828905    	1.192092896e-06	 0.1162559986	0.09681987762	  0.000000000	 0.1667790413


#RUN	RANK	FAILURE_DETECTED	COMM_REVOKED	COMM_SHRINKED	COMM_SPAWNED	ROLLBACK_DONE	COMM_MERGED
  2	   0	  1.075047016    	9.536743164e-07	 0.1218178272	0.08685112000	0.01421499252	 0.1510510445
  2	   1	  1.074480057    	  0.000000000	 0.1225759983	0.08665990829	1.192092896e-06	 0.1653327942
  2	   2	  1.073832035    	1.907348633e-05	 0.1234228611	0.08645296097	  0.000000000	 0.1652991772
  2	   3	  1.076482058    	  0.000000000	 0.1207270622	0.08660483360	  0.000000000	 0.1651301384
  2	   4	  1.078497887    	  0.000000000	 0.1185259819	0.08673810959	  0.000000000	 0.1652140617
  2	   5	  1.075248003    	1.192092896e-06	 0.1219539642	0.08650183678	1.192092896e-06	 0.1652498245
  2	   6	  1.075648069    	  0.000000000	 0.1218109131	0.08627009392	9.536743164e-07	 0.1652739048
  2	   7	  1.077731133    	  0.000000000	 0.1197459698	0.08636808395	9.536743164e-07	 0.1651248932
  2	   8	  1.077113152    	9.536743164e-07	 0.1199231148	0.08667182922	  0.000000000	 0.1652591228
  2	   9	  1.078399897    	9.536743164e-07	 0.1188240051	0.08651399612	1.192092896e-06	 0.1652238369
  2	  10	  1.078606844    	9.536743164e-07	 0.1185941696	0.08655595779	  0.000000000	 0.1652519703
  2	  11	  1.079326153    	9.536743164e-07	 0.1180839539	0.08640003204	  0.000000000	 0.1651840210
  2	  12	  1.080727816    	  0.000000000	 0.1165471077	0.08648610115	  0.000000000	 0.1652069092
  2	  13	  1.082182884    	  0.000000000	 0.1155221462	0.08600282669	  0.000000000	 0.1652491093
  2	  14	  1.080022097    	9.536743164e-07	 0.1173679829	0.08633494377	  0.000000000	 0.1652181149
  2	  15	  1.080617905    	1.192092896e-06	 0.1169869900	0.08624982834	  0.000000000	 0.1651852131
  2	  16	  1.082017183    	  0.000000000	 0.1150369644	0.08665990829	  0.000000000	 0.1653261185
  2	  17	  1.081245899    	  0.000000000	 0.1159701347	0.08649492264	  0.000000000	 0.1652560234
  2	  18	  1.082818985    	  0.000000000	 0.1144001484	0.08650588989	9.536743164e-07	 0.1652841568
  2	  19	  1.075508118    	  0.000000000	 0.1219270229	0.08637404442	  0.000000000	 0.1651248932
  2	  20	  1.074501991    	9.536743164e-07	 0.1227109432	0.08653998375	  0.000000000	 0.1652121544
  2	  21	  1.082978010    	  0.000000000	 0.1144440174	0.08628606796	  0.000000000	 0.1652479172
  2	  22	  1.074536085    	9.536743164e-07	 0.1231188774	0.08607196808	  0.000000000	 0.1652131081
  2	  23	  1.082530975    	  0.000000000	 0.1150701046	0.08624291420	  0.000000000	 0.1651899815
  2	  24	  1.083701849    	9.536743164e-07	 0.1135001183	0.08649802208	  0.000000000	 0.1653239727
  2	  25	  1.076737165    	  0.000000000	 0.1206920147	0.08632802963	  0.000000000	 0.1652369499
  2	  26	  1.076020002    	  0.000000000	 0.1214201450	0.08633685112	  0.000000000	 0.1653130054
  2	  27	  1.075409889    	9.536743164e-07	 0.1223011017	0.08612298965	  0.000000000	 0.1651370525
  2	  28	  1.077730894    	9.536743164e-07	 0.1196939945	0.08638215065	9.536743164e-07	 0.1653020382
  2	  29	  1.076350212    	9.536743164e-07	 0.1215670109	0.08580899239	9.536743164e-07	 0.1652629375
  2	  30	  1.077140093    	9.536743164e-07	 0.1205868721	0.08602905273	  0.000000000	 0.1652231216
  2	  31	  1.078528881    	  0.000000000	 0.1182429790	0.08710503578	9.536743164e-07	 0.1651442051
  2	  32	  1.079363108    	9.536743164e-07	 0.1175920963	0.08677291870	9.536743164e-07	 0.1652820110
  2	  33	  1.078738928    	9.536743164e-07	 0.1182260513	0.08676505089	9.536743164e-07	 0.1652801037
  2	  34	  1.079685926    	1.192092896e-06	 0.1174018383	0.08669519424	  0.000000000	 0.1652038097
  2	  35	  1.077996969    	1.907348633e-06	 0.1188819408	0.08692908287	  0.000000000	 0.1651570797
  2	  36	  1.080882072    	  0.000000000	 0.1162400246	0.08663702011	9.536743164e-07	 0.1652381420
  2	  37	  1.081351995    	9.536743164e-07	 0.1157650948	0.08658599854	9.536743164e-07	 0.1652729511
  2	  38	  1.080492973    	  0.000000000	 0.1167929173	0.08644104004	9.536743164e-07	 0.1652359962
  2	  39	  1.073980093    	9.536743164e-07	 0.1229670048	0.08690690994	  0.000000000	 0.1652851105
  2	  40	  1.082037926    	  0.000000000	 0.1150779724	0.08658909798	9.536743164e-07	 0.1652851105
  2	  41	  1.082297087    	  0.000000000	 0.1148438454	0.08660006523	  0.000000000	 0.1652569771
  2	  42	  1.083869934    	  0.000000000	 0.1133980751	0.08649897575	  0.000000000	 0.1651980877
  2	  43	  1.074770927    	1.192092896e-06	 0.1222958565	0.08674001694	  0.000000000	 0.1651520729
  2	  44	  1.074491024    	  0.000000000	 0.1231169701	0.08615398407	  0.000000000	 0.1653730869
  2	  45	  1.083297968    	  0.000000000	 0.1136841774	0.08639097214	  0.000000000	 0.1652369499
  2	  46	  1.073686838    	1.192092896e-06	 0.1234548092	0.08625102043	  0.000000000	 0.1652050018
  2	  47	  1.073762894    	2.312660217e-05	 0.1228618622	0.08687996864	  0.000000000	 0.1651031971
  2	  48	  1.076692104    	  0.000000000	 0.1201109886	0.08657598495	  0.000000000	 0.1652510166
  2	  49	  1.077257156    	9.536743164e-07	 0.1195490360	0.08657193184	  0.000000000	 0.1652441025
  2	  50	  1.078017235    	  0.000000000	 0.1189258099	0.08645009995	  0.000000000	 0.1652169228
  2	  51	  1.073736906    	  0.000000000	 0.1230289936	0.08670401573	  0.000000000	 0.1651170254
  2	  52	  1.076414108    	  0.000000000	 0.1205818653	0.08642506599	  0.000000000	 0.1652810574
  2	  53	  1.073779106    	  0.000000000	 0.1233680248	0.08624601364	  0.000000000	 0.1653618813
  2	  54	  1.073826075    	9.536743164e-07	 0.1233229637	0.08624196053	  0.000000000	 0.1652009487
  2	  55	  1.079524994    	  0.000000000	 0.1187150478	0.08560180664	  0.000000000	 0.1651470661
  2	  56	  1.080403090    	  0.000000000	 0.1168711185	0.08642387390	9.536743164e-07	 0.1652841568
  2	  57	  1.079194069    	9.536743164e-07	 0.1180880070	0.08645510674	  0.000000000	 0.1652438641
  2	  58	  1.080020905    	  0.000000000	 0.1175339222	0.08620119095	9.536743164e-07	 0.1652050018
  2	  59	  1.078372955    	1.192092896e-06	 0.1188468933	0.08658504486	  0.000000000	 0.1652078629
  2	  60	  1.078035116    	9.536743164e-07	 0.1197319031	0.08601808548	  0.000000000	 0.1652588844
  2	  61	  1.081224918    	  0.000000000	 0.1164641380	0.08601903915	9.536743164e-07	 0.1653280258
  2	  62	  1.082020998    	1.907348633e-06	 0.1155309677	0.08628010750	  0.000000000	 0.1652209759


#RUN	RANK	FAILURE_DETECTED	COMM_REVOKED	COMM_SHRINKED	COMM_SPAWNED	ROLLBACK_DONE	COMM_MERGED
  1	   0	  1.082715034    	9.536743164e-07	 0.1093730927	0.08982992172	0.01420998573	 0.1576030254
  1	   1	  1.083776951    	  0.000000000	 0.1084899902	0.08970808983	  0.000000000	 0.1721849442
  1	   2	  1.084027052    	  0.000000000	 0.1084208488	0.08960413933	  0.000000000	 0.1716668606
  1	   3	  1.076550007    	9.536743164e-07	 0.1159169674	0.08950304985	  0.000000000	 0.1717488766
  1	   4	  1.083777905    	  0.000000000	 0.1084661484	0.08967089653	  0.000000000	 0.1718089581
  1	   5	  1.074295044    	1.883506775e-05	 0.1182889938	0.08935904503	9.536743164e-07	 0.1718170643
  1	   6	  1.074892044    	  0.000000000	 0.1176860332	0.08946299553	9.536743164e-07	 0.1716580391
  1	   7	  1.077486038    	9.536743164e-07	 0.1153471470	0.08914899826	  0.000000000	 0.1717379093
  1	   8	  1.077954054    	9.536743164e-07	 0.1145169735	0.08946800232	  0.000000000	 0.1718380451
  1	   9	  1.078788042    	  0.000000000	 0.1136751175	0.08949685097	  0.000000000	 0.1717469692
  1	  10	  1.078374863    	  0.000000000	 0.1143190861	0.08934688568	  0.000000000	 0.1717240810
  1	  11	  1.077557087    	  0.000000000	 0.1150898933	0.08934307098	  0.000000000	 0.1717200279
  1	  12	  1.077253819    	1.192092896e-06	 0.1151978970	0.08945608139	  0.000000000	 0.1718020439
  1	  13	  1.080627203    	9.536743164e-07	 0.1123480797	0.08899188042	9.536743164e-07	 0.1717419624
  1	  14	  1.081899166    	  0.000000000	 0.1108579636	0.08928799629	  0.000000000	 0.1717200279
  1	  15	  1.080235004    	  0.000000000	 0.1129949093	0.08877706528	  0.000000000	 0.1717779636
  1	  16	  1.080957890    	  0.000000000	 0.1113140583	0.08962893486	1.192092896e-06	 0.1718168259
  1	  17	  1.081473112    	  0.000000000	 0.1109509468	0.08954787254	  0.000000000	 0.1718142033
  1	  18	  1.079432011    	  0.000000000	 0.1129980087	0.08961510658	  0.000000000	 0.1716709137
  1	  19	  1.082722902    	1.192092896e-06	 0.1099009514	0.08933687210	9.536743164e-07	 0.1717560291
  1	  20	  1.083011866    	  0.000000000	 0.1094059944	0.08949398994	1.192092896e-06	 0.1718099117
  1	  21	  1.083444118    	  0.000000000	 0.1093308926	0.08918595314	1.192092896e-06	 0.1718218327
  1	  22	  1.083899975    	  0.000000000	 0.1088728905	0.08926916122	  0.000000000	 0.1717269421
  1	  23	  1.082216024    	9.536743164e-07	 0.1115779877	0.08818507195	  0.000000000	 0.1717510223
  1	  24	  1.082291842    	  0.000000000	 0.1101930141	0.08947396278	  0.000000000	 0.1718091965
  1	  25	  1.075050116    	9.536743164e-07	 0.1176328659	0.08930110931	  0.000000000	 0.1717638969
  1	  26	  1.077414989    	  0.000000000	 0.1152508259	0.08938908577	  0.000000000	 0.1718208790
  1	  27	  1.076889038    	9.536743164e-07	 0.1160659790	0.08905100822	9.536743164e-07	 0.1717441082
  1	  28	  1.075505972    	  0.000000000	 0.1180968285	0.08832120895	  0.000000000	 0.1718358994
  1	  29	  1.076251030    	9.536743164e-07	 0.1169219017	0.08884215355	  0.000000000	 0.1717519760
  1	  30	  1.075917959    	9.536743164e-07	 0.1170768738	0.08907008171	  0.000000000	 0.1716890335
  1	  31	  1.074635029    	9.536743164e-07	 0.1173729897	0.09001898766	9.536743164e-07	 0.1718361378
  1	  32	  1.077676058    	9.536743164e-07	 0.1144909859	0.08976912498	9.536743164e-07	 0.1718440056
  1	  33	  1.078112125    	9.536743164e-07	 0.1140720844	0.08980298042	  0.000000000	 0.1717958450
  1	  34	  1.080425024    	1.192092896e-06	 0.1119079590	0.08974003792	  0.000000000	 0.1716809273
  1	  35	  1.078694105    	9.536743164e-07	 0.1134369373	0.08983397484	  0.000000000	 0.1717829704
  1	  36	  1.080075026    	9.536743164e-07	 0.1124289036	0.08940911293	9.536743164e-07	 0.1718540192
  1	  37	  1.079822063    	9.536743164e-07	 0.1126658916	0.08949208260	  0.000000000	 0.1717760563
  1	  38	  1.074311972    	2.694129944e-05	 0.1183290482	0.08938288689	  0.000000000	 0.1716959476
  1	  39	  1.080960989    	9.536743164e-07	 0.1111938953	0.08984398842	9.536743164e-07	 0.1718971729
  1	  40	  1.081629992    	9.536743164e-07	 0.1107199192	0.08959007263	9.536743164e-07	 0.1718151569
  1	  41	  1.082004070    	  0.000000000	 0.1103539467	0.08960199356	1.192092896e-06	 0.1717979908
  1	  42	  1.082489014    	  0.000000000	 0.1100389957	0.08951592445	  0.000000000	 0.1718380451
  1	  43	  1.082916021    	9.536743164e-07	 0.1094059944	0.08966088295	  0.000000000	 0.1717691422
  1	  44	  1.083517075    	  0.000000000	 0.1090230942	0.08905100822	  0.000000000	 0.1717889309
  1	  45	  1.074607134    	9.536743164e-07	 0.1177608967	0.08928012848	9.536743164e-07	 0.1717350483
  1	  46	  1.074033976    	2.789497375e-05	 0.1184921265	0.08918309212	  0.000000000	 0.1716380119
  1	  47	  1.074875116    	9.536743164e-07	 0.1170029640	0.08979296684	  0.000000000	 0.1717150211
  1	  48	  1.075529099    	  0.000000000	 0.1164920330	0.08955001831	  0.000000000	 0.1718130112
  1	  49	  1.074752808    	1.192092896e-06	 0.1172819138	0.08959603310	9.536743164e-07	 0.1717450619
  1	  50	  1.074180126    	  0.000000000	 0.1180219650	0.08953285217	  0.000000000	 0.1717321873
  1	  51	  1.076862097    	9.536743164e-07	 0.1151280403	0.08963990211	  0.000000000	 0.1717460155
  1	  52	  1.074210882    	  0.000000000	 0.1181530952	0.08920288086	9.536743164e-07	 0.1719410419
  1	  53	  1.074897051    	  0.000000000	 0.1174778938	0.08925509453	  0.000000000	 0.1717510223
  1	  54	  1.077343941    	  0.000000000	 0.1163270473	0.08838391304	1.192092896e-06	 0.1716778278
  1	  55	  1.077795982    	  0.000000000	 0.1145060062	0.08966684341	9.536743164e-07	 0.1717751026
  1	  56	  1.076825142    	9.536743164e-07	 0.1156809330	0.08944392204	  0.000000000	 0.1717910767
  1	  57	  1.080071926    	  0.000000000	 0.1124250889	0.08946585655	  0.000000000	 0.1718230247
  1	  58	  1.080851078    	  0.000000000	 0.1119389534	0.08925700188	  0.000000000	 0.1717388630
  1	  59	  1.078894138    	  0.000000000	 0.1145429611	0.08855795860	9.536743164e-07	 0.1717309952
  1	  60	  1.079404116    	  0.000000000	 0.1135928631	0.08891797066	  0.000000000	 0.1718940735
  1	  61	  1.079159975    	  0.000000000	 0.1136748791	0.08924198151	9.536743164e-07	 0.1721341610
  1	  62	  1.081458092    	1.907348633e-06	 0.1115031242	0.08909702301	  0.000000000	 0.1717028618


