#RUN	RANK	FAILURE_DETECTED	COMM_REVOKED	COMM_SHRINKED	COMM_SPAWNED	ROLLBACK_DONE	COMM_MERGED
 10	   0	  1.004862070    	0.006911993027	0.03677392006	0.06647515297	0.01406788826	0.02498197556
 10	   1	  1.004409075    	0.006911993027	0.03722095490	0.06648302078	  0.000000000	0.03904795647
 10	   2	  1.004386902    	0.01592206955	0.02819108963	0.06651997566	9.536743164e-07	0.03913187981
 10	   3	  1.008904934    	1.597404480e-05	0.03946995735	0.06665611267	  0.000000000	0.03901791573
 10	   4	  1.006901979    	0.01310801506	0.02841281891	0.06668806076	  0.000000000	0.03903698921
 10	   5	  1.008899927    	0.004225969315	0.03528904915	0.06660008430	  0.000000000	0.03904604912
 10	   6	  1.002891064    	0.008475780487	0.03708410263	0.06661796570	  0.000000000	0.03905105591


#RUN	RANK	FAILURE_DETECTED	COMM_REVOKED	COMM_SHRINKED	COMM_SPAWNED	ROLLBACK_DONE	COMM_MERGED
  9	   0	  1.010332108    	  0.000000000	0.01422095299	0.06446194649	0.01408910751	0.02591705322
  9	   1	  1.002730131    	  0.000000000	0.02196979523	0.06447911263	9.536743164e-07	0.03983807564
  9	   2	  1.011986017    	  0.000000000	0.01291990280	0.06407499313	  0.000000000	0.04004693031
  9	   3	  1.004410028    	  0.000000000	0.02010703087	0.06467986107	1.192092896e-06	0.03989696503
  9	   4	  1.002635002    	9.775161743e-06	0.02188801765	0.06446599960	1.192092896e-06	0.03997492790
  9	   5	  1.002603054    	1.096725464e-05	0.02227592468	0.06428194046	1.192092896e-06	0.03989791870
  9	   6	  1.004537106    	9.536743164e-07	0.02002501488	0.06481289864	9.536743164e-07	0.03960418701


#RUN	RANK	FAILURE_DETECTED	COMM_REVOKED	COMM_SHRINKED	COMM_SPAWNED	ROLLBACK_DONE	COMM_MERGED
  8	   0	  1.011121988    	9.536743164e-07	0.001146078110	0.06547808647	0.01413989067	0.02671408653
  8	   1	  1.009351969    	  0.000000000	0.002961874008	0.06543207169	9.536743164e-07	0.04085016251
  8	   2	  1.008075953    	1.192092896e-06	0.004512786865	0.06527900696	  0.000000000	0.04078102112
  8	   3	  1.001950979    	1.215934753e-05	0.01025390625	0.06554508209	  0.000000000	0.04087591171
  8	   4	  1.001925945    	1.096725464e-05	0.01030397415	0.06547498703	9.536743164e-07	0.04084014893
  8	   5	  1.008265972    	  0.000000000	0.004086971283	0.06537890434	  0.000000000	0.04087805748
  8	   6	  1.008307934    	9.536743164e-07	0.003951072693	0.06556510925	9.536743164e-07	0.04075789452


#RUN	RANK	FAILURE_DETECTED	COMM_REVOKED	COMM_SHRINKED	COMM_SPAWNED	ROLLBACK_DONE	COMM_MERGED
  7	   0	  1.009308815    	  0.000000000	0.004157066345	0.06781601906	0.01424312592	0.02589678764
  7	   1	  1.008014917    	1.192092896e-06	0.005461931229	0.06776285172	1.192092896e-06	0.04017186165
  7	   2	  1.002609015    	1.215934753e-05	0.01094484329	0.06772303581	9.536743164e-07	0.04016113281
  7	   3	  1.002687216    	  0.000000000	0.01075100899	0.06787586212	  0.000000000	0.04010009766
  7	   4	  1.012396097    	9.536743164e-07	0.001085996628	0.06781792641	  0.000000000	0.04010415077
  7	   5	  1.008186102    	  0.000000000	0.005253076553	0.06781482697	  0.000000000	0.04010915756
  7	   6	  1.008427858    	1.192092896e-06	0.005126953125	0.06774306297	  0.000000000	0.04014182091


#RUN	RANK	FAILURE_DETECTED	COMM_REVOKED	COMM_SHRINKED	COMM_SPAWNED	ROLLBACK_DONE	COMM_MERGED
  6	   0	  1.007966042    	9.536743164e-07	0.001112937927	0.06613802910	0.01409006119	0.02497291565
  6	   1	  1.002730846    	1.096725464e-05	0.006225109100	0.06625199318	9.536743164e-07	0.03911709785
  6	   2	  1.002724171    	1.096725464e-05	0.006247043610	0.06635093689	  0.000000000	0.03900098801
  6	   3	  1.003834009    	  0.000000000	0.005039930344	0.06636118889	  0.000000000	0.03903889656
  6	   4	  1.005426168    	9.536743164e-07	0.003504037857	0.06629300117	  0.000000000	0.03909087181
  6	   5	  1.004433155    	9.536743164e-07	0.004487037659	0.06635999680	  0.000000000	0.03905701637
  6	   6	  1.005283833    	2.145767212e-06	0.003684043884	0.06633090973	  0.000000000	0.03892803192


#RUN	RANK	FAILURE_DETECTED	COMM_REVOKED	COMM_SHRINKED	COMM_SPAWNED	ROLLBACK_DONE	COMM_MERGED
  5	   0	  1.002474070    	1.001358032e-05	0.007067918777	0.07416510582	0.01409888268	0.02687692642
  5	   1	  1.002336025    	1.192092896e-05	0.007067918777	0.07438397408	1.192092896e-06	0.04078483582
  5	   2	  1.006968021    	  0.000000000	0.002652883530	0.07406115532	  0.000000000	0.04091286659
  5	   3	  1.008214951    	9.536743164e-07	0.001142024994	0.07449889183	1.192092896e-06	0.04082179070
  5	   4	  1.008090973    	  0.000000000	0.001315116882	0.07431697845	  0.000000000	0.04090285301
  5	   5	  1.006339073    	  0.000000000	0.003226041794	0.07424187660	  0.000000000	0.04082012177
  5	   6	  1.008076191    	9.536743164e-07	0.001314878464	0.07435417175	  0.000000000	0.04084992409


#RUN	RANK	FAILURE_DETECTED	COMM_REVOKED	COMM_SHRINKED	COMM_SPAWNED	ROLLBACK_DONE	COMM_MERGED
  4	   0	  1.002979040    	1.192092896e-05	0.006176948547	0.06697797775	0.01408720016	0.02630591393
  4	   1	  1.006901026    	  0.000000000	0.002412796021	0.06687521935	9.536743164e-07	0.04039192200
  4	   2	  1.007730961    	  0.000000000	0.001762866974	0.06677198410	  0.000000000	0.04033422470
  4	   3	  1.003275871    	  0.000000000	0.005896091461	0.06704092026	  0.000000000	0.04036808014
  4	   4	  1.003928900    	  0.000000000	0.005306005478	0.06692099571	  0.000000000	0.04042506218
  4	   5	  1.007724047    	  0.000000000	0.001498937607	0.06698894501	  0.000000000	0.04040908813
  4	   6	  1.007851839    	2.145767212e-06	0.001397848129	0.06700706482	  0.000000000	0.04030299187


#RUN	RANK	FAILURE_DETECTED	COMM_REVOKED	COMM_SHRINKED	COMM_SPAWNED	ROLLBACK_DONE	COMM_MERGED
  3	   0	  1.007567883    	1.192092896e-06	0.001734018326	0.06975078583	0.01426506042	0.02552914619
  3	   1	  1.007017851    	9.536743164e-07	0.002354145050	0.06964397430	  0.000000000	0.03975605965
  3	   2	  1.008115053    	  0.000000000	0.001210927963	0.06968998909	1.192092896e-06	0.03975701332
  3	   3	  1.003759146    	1.192092896e-05	0.005500078201	0.06980681419	  0.000000000	0.03977799416
  3	   4	  1.004466057    	  0.000000000	0.004852056503	0.06975698471	  0.000000000	0.03977584839
  3	   5	  1.007473946    	  0.000000000	0.001800060272	0.06974983215	  0.000000000	0.03973317146
  3	   6	  1.007735968    	9.536743164e-07	0.001629114151	0.06964588165	  0.000000000	0.03980112076


#RUN	RANK	FAILURE_DETECTED	COMM_REVOKED	COMM_SHRINKED	COMM_SPAWNED	ROLLBACK_DONE	COMM_MERGED
  2	   0	  1.008289099    	9.536743164e-07	0.002656936646	0.06499695778	0.01408100128	0.02436304092
  2	   1	  1.008873940    	  0.000000000	0.002151012421	0.06492018700	  0.000000000	0.03844189644
  2	   2	  1.009597063    	9.536743164e-07	0.001308917999	0.06507015228	  0.000000000	0.03845500946
  2	   3	  1.004933119    	  0.000000000	0.005924940109	0.06520414352	  0.000000000	0.03840684891
  2	   4	  1.005434990    	9.536743164e-07	0.005497932434	0.06503009796	  0.000000000	0.03855395317
  2	   5	  1.004367113    	1.096725464e-05	0.006500005722	0.06505084038	  0.000000000	0.03854513168
  2	   6	  1.005432844    	9.536743164e-07	0.005513191223	0.06504392624	9.536743164e-07	0.03835797310


#RUN	RANK	FAILURE_DETECTED	COMM_REVOKED	COMM_SHRINKED	COMM_SPAWNED	ROLLBACK_DONE	COMM_MERGED
  1	   0	  1.009320974    	  0.000000000	0.0008211135864	0.06675601006	0.01433706284	0.02431297302
  1	   1	  1.005460024    	9.536743164e-07	0.004784107208	0.06665110588	  0.000000000	0.03863692284
  1	   2	  1.004582167    	1.192092896e-05	0.005592107773	0.06669902802	9.536743164e-07	0.03868603706
  1	   3	  1.008553982    	  0.000000000	0.001556873322	0.06680607796	  0.000000000	0.03866505623
  1	   4	  1.008669138    	  0.000000000	0.001462936401	0.06675505638	  0.000000000	0.03861498833
  1	   5	  1.007374048    	  0.000000000	0.002736091614	0.06682586670	  0.000000000	0.03861999512
  1	   6	  1.008712053    	1.907348633e-06	0.001480102539	0.06681799889	  0.000000000	0.03848195076


