#RUN	RANK	FAILURE_DETECTED	COMM_REVOKED	COMM_SHRINKED	COMM_SPAWNED	ROLLBACK_DONE	COMM_MERGED
 10	   0	  1.003152132    	0.001787900925	0.04342317581	0.05068087578	0.01544404030	0.02640795708
 10	   1	  1.019265890    	3.099441528e-06	0.02915191650	0.05062389374	1.192092896e-06	0.04187703133
 10	   2	  1.018821955    	2.861022949e-06	0.02960419655	0.05061888695	9.536743164e-07	0.04185009003
 10	   3	  1.010043859    	2.598762512e-05	0.03825902939	0.05072116852	  0.000000000	0.04185581207
 10	   4	  1.035938025    	3.814697266e-06	0.01244020462	0.05066299438	  0.000000000	0.04185390472
 10	   5	  1.009994984    	0.005520105362	0.03287482262	0.05065512657	9.536743164e-07	0.04185295105
 10	   6	  1.007065058    	0.01166105270	0.02969098091	0.05062699318	1.907348633e-06	0.04187321663


#RUN	RANK	FAILURE_DETECTED	COMM_REVOKED	COMM_SHRINKED	COMM_SPAWNED	ROLLBACK_DONE	COMM_MERGED
  9	   0	  1.003415823    	  0.000000000	0.02353119850	0.04598093033	0.02555394173	0.02770805359
  9	   1	  1.011770010    	  0.000000000	0.01523685455	0.04614114761	9.536743164e-07	0.05304098129
  9	   2	  1.009359121    	9.536743164e-07	0.01764392853	0.04592108727	  0.000000000	0.05325698853
  9	   3	  1.008720160    	9.536743164e-07	0.01818609238	0.04623889923	9.536743164e-07	0.05302596092
  9	   4	  1.002967119    	1.287460327e-05	0.02398109436	0.04596090317	  0.000000000	0.05325412750
  9	   5	  1.003017902    	1.192092896e-06	0.02394890785	0.04617691040	  0.000000000	0.05302906036
  9	   6	  1.009352922    	2.145767212e-06	0.01763391495	0.04610109329	  0.000000000	0.05307197571


#RUN	RANK	FAILURE_DETECTED	COMM_REVOKED	COMM_SHRINKED	COMM_SPAWNED	ROLLBACK_DONE	COMM_MERGED
  8	   0	  1.010583878    	9.536743164e-07	0.003205060959	0.04724001884	0.01552605629	0.02870798111
  8	   1	  1.009955883    	  0.000000000	0.003886938095	0.04718708992	  0.000000000	0.04421710968
  8	   2	  1.012536049    	  0.000000000	0.001310110092	0.04718899727	9.536743164e-07	0.04422497749
  8	   3	  1.003128052    	1.001358032e-05	0.01061391830	0.04727506638	  0.000000000	0.04421687126
  8	   4	  1.003170013    	  0.000000000	0.01063108444	0.04722309113	9.536743164e-07	0.04422593117
  8	   5	  1.009294987    	1.192092896e-06	0.004513978958	0.04721593857	  0.000000000	0.04422307014
  8	   6	  1.009305954    	2.145767212e-06	0.004520893097	0.04719495773	  0.000000000	0.04421615601


#RUN	RANK	FAILURE_DETECTED	COMM_REVOKED	COMM_SHRINKED	COMM_SPAWNED	ROLLBACK_DONE	COMM_MERGED
  7	   0	  1.008228064    	9.536743164e-07	0.005868911743	0.04739212990	0.01550102234	0.02565979958
  7	   1	  1.012888908    	1.192092896e-06	0.001260995865	0.04734086990	  0.000000000	0.04116296768
  7	   2	  1.003184080    	1.001358032e-05	0.01095485687	0.04734110832	9.536743164e-07	0.04116702080
  7	   3	  1.003236055    	9.536743164e-07	0.01082491875	0.04743003845	  0.000000000	0.04118299484
  7	   4	  1.008626223    	  0.000000000	0.005486965179	0.04737281799	  0.000000000	0.04117512703
  7	   5	  1.009151220    	  0.000000000	0.004959821701	0.04737806320	9.536743164e-07	0.04118299484
  7	   6	  1.009171009    	2.145767212e-06	0.004970788956	0.04734206200	  0.000000000	0.04116296768


#RUN	RANK	FAILURE_DETECTED	COMM_REVOKED	COMM_SHRINKED	COMM_SPAWNED	ROLLBACK_DONE	COMM_MERGED
  6	   0	  1.003317833    	1.192092896e-06	0.007128000259	0.04714703560	0.02548694611	0.02984595299
  6	   1	  1.002641916    	1.502037048e-05	0.007709980011	0.04723405838	9.536743164e-07	0.05533099174
  6	   2	  1.002687931    	  0.000000000	0.007683992386	0.04721808434	  0.000000000	0.05533599854
  6	   3	  1.008662939    	9.536743164e-07	0.001610040665	0.04731917381	  0.000000000	0.05534291267
  6	   4	  1.009057999    	  0.000000000	0.001269102097	0.04726696014	  0.000000000	0.05534005165
  6	   5	  1.008064985    	  0.000000000	0.002262115479	0.04726505280	  0.000000000	0.05535888672
  6	   6	  1.009119987    	2.861022949e-06	0.001230001450	0.04723405838	  0.000000000	0.05535793304


#RUN	RANK	FAILURE_DETECTED	COMM_REVOKED	COMM_SHRINKED	COMM_SPAWNED	ROLLBACK_DONE	COMM_MERGED
  5	   0	  1.003288984    	1.287460327e-05	0.01047515869	0.04824495316	0.01552796364	0.02556204796
  5	   1	  1.003303051    	1.287460327e-05	0.01034617424	0.04835796356	  0.000000000	0.04109191895
  5	   2	  1.006102085    	9.536743164e-07	0.007775068283	0.04814100266	  0.000000000	0.04107594490
  5	   3	  1.011814833    	1.192092896e-06	0.001751899719	0.04845213890	9.536743164e-07	0.04108285904
  5	   4	  1.012529135    	  0.000000000	0.001097917557	0.04839801788	9.536743164e-07	0.04106712341
  5	   5	  1.007782936    	9.536743164e-07	0.006050109863	0.04818797112	  0.000000000	0.04108095169
  5	   6	  1.007775068    	1.907348633e-06	0.005873203278	0.04836297035	9.536743164e-07	0.04108500481


#RUN	RANK	FAILURE_DETECTED	COMM_REVOKED	COMM_SHRINKED	COMM_SPAWNED	ROLLBACK_DONE	COMM_MERGED
  4	   0	  1.003397942    	1.502037048e-05	0.006486177444	0.04687285423	0.02552199364	0.02705907822
  4	   1	  1.006778955    	9.536743164e-07	0.003168106079	0.04682397842	  0.000000000	0.05257797241
  4	   2	  1.008615971    	  0.000000000	0.001327991486	0.04682493210	  0.000000000	0.05256700516
  4	   3	  1.007380962    	  0.000000000	0.002480030060	0.04691600800	  0.000000000	0.05256295204
  4	   4	  1.008226871    	  0.000000000	0.001682996750	0.04685497284	  0.000000000	0.05256700516
  4	   5	  1.006173849    	9.536743164e-07	0.003736019135	0.04685902596	  0.000000000	0.05256295204
  4	   6	  1.008654833    	2.145767212e-06	0.001278877258	0.04682803154	  0.000000000	0.05258202553


#RUN	RANK	FAILURE_DETECTED	COMM_REVOKED	COMM_SHRINKED	COMM_SPAWNED	ROLLBACK_DONE	COMM_MERGED
  3	   0	  1.009734154    	  0.000000000	0.001181840897	0.04805016518	0.01567888260	0.02753400803
  3	   1	  1.007474184    	  0.000000000	0.003500938416	0.04799103737	  0.000000000	0.04323101044
  3	   2	  1.004203081    	9.536743164e-07	0.006762981415	0.04799485207	  0.000000000	0.04324316978
  3	   3	  1.004788876    	  0.000000000	0.006088972092	0.04808712006	  0.000000000	0.04322791100
  3	   4	  1.006259918    	  0.000000000	0.004671096802	0.04803204536	9.536743164e-07	0.04322504997
  3	   5	  1.003583908    	1.406669617e-05	0.007338047028	0.04803085327	1.192092896e-06	0.04321980476
  3	   6	  1.006248951    	3.099441528e-06	0.004713058472	0.04799294472	  0.000000000	0.04324007034


#RUN	RANK	FAILURE_DETECTED	COMM_REVOKED	COMM_SHRINKED	COMM_SPAWNED	ROLLBACK_DONE	COMM_MERGED
  2	   0	  1.012083054    	  0.000000000	0.001221895218	0.04620099068	0.01556301117	0.02328014374
  2	   1	  1.007143021    	  0.000000000	0.006218910217	0.04614710808	9.536743164e-07	0.03884196281
  2	   2	  1.007395983    	9.536743164e-07	0.005959033966	0.04614782333	  0.000000000	0.03885006905
  2	   3	  1.003616095    	1.287460327e-05	0.009643077850	0.04623484612	  0.000000000	0.03888297081
  2	   4	  1.006946802    	  0.000000000	0.006375074387	0.04618000984	1.907348633e-06	0.03884816170
  2	   5	  1.006323099    	  0.000000000	0.006999969482	0.04618191719	  0.000000000	0.03885197639
  2	   6	  1.007465839    	3.099441528e-06	0.005879878998	0.04615020752	9.536743164e-07	0.03885102272


#RUN	RANK	FAILURE_DETECTED	COMM_REVOKED	COMM_SHRINKED	COMM_SPAWNED	ROLLBACK_DONE	COMM_MERGED
  1	   0	  1.006150961    	1.597404480e-05	0.005805015564	0.04571509361	0.01545596123	0.02301502228
  1	   1	  1.011126995    	  0.000000000	0.0008950233459	0.04566884041	  0.000000000	0.03847622871
  1	   2	  1.009627104    	9.536743164e-07	0.002387046814	0.04566907883	  0.000000000	0.03848004341
  1	   3	  1.009178877    	1.192092896e-06	0.002751827240	0.04575610161	9.536743164e-07	0.03849697113
  1	   4	  1.008537054    	  0.000000000	0.003446102142	0.04569983482	  0.000000000	0.03850102425
  1	   5	  1.007646084    	  0.000000000	0.004337072372	0.04570198059	  0.000000000	0.03849101067
  1	   6	  1.009658098    	3.099441528e-06	0.002351999283	0.04611396790	  0.000000000	0.03803396225


