#RUN	RANK	FAILURE_DETECTED	COMM_REVOKED	COMM_SHRINKED	COMM_SPAWNED	ROLLBACK_DONE	COMM_MERGED
 10	   0	  1.005352020    	0.002668857574	 0.1449961662	0.05815601349	0.01556897163	0.07927203178
 10	   1	  1.022310972    	0.008687019348	 0.1221380234	0.05804300308	9.536743164e-07	0.09484314919
 10	   2	  1.022718906    	2.145767212e-06	 0.1304059029	0.05803108215	9.536743164e-07	0.09487199783
 10	   3	  1.011697054    	0.004758119583	 0.1368019581	0.05792403221	9.536743164e-07	0.09483790398
 10	   4	  1.051461935    	4.053115845e-06	 0.1016669273	0.05803704262	  0.000000000	0.09486699104
 10	   5	  1.011753082    	0.01130199432	 0.1301820278	0.05792999268	9.536743164e-07	0.09483790398
 10	   6	  1.003347158    	0.01273179054	 0.1371572018	0.05792880058	  0.000000000	0.09486413002
 10	   7	  1.063004971    	4.053115845e-06	0.09001994133	0.05779910088	9.536743164e-07	0.09487485886
 10	   8	  1.005730867    	0.02561020851	 0.1214368343	0.05802011490	9.536743164e-07	0.09488606453
 10	   9	  1.021896124    	0.02729582787	 0.1036911011	0.05791902542	1.907348633e-06	0.09488797188
 10	  10	  1.013005018    	0.03619289398	 0.1036930084	0.05791306496	  0.000000000	0.09488892555
 10	  11	  1.012817860    	0.01835513115	 0.1218328476	0.05780315399	  0.000000000	0.09488296509
 10	  12	  1.008399010    	0.03428387642	 0.1102061272	0.05791401863	  0.000000000	0.09489107132
 10	  13	  1.008821964    	0.02276802063	 0.1214110851	0.05780792236	  0.000000000	0.09488701820
 10	  14	  1.068393946    	4.053115845e-06	0.08460307121	0.05780482292	1.192092896e-06	0.09489202499
 10	  15	  1.009050131    	2.384185791e-05	 0.1435999870	0.05823016167	9.536743164e-07	0.09489583969
 10	  16	  1.088217020    	2.861022949e-06	0.06454110146	0.05810689926	  0.000000000	0.09490609169
 10	  17	  1.003378153    	0.02114892006	 0.1282579899	0.05809903145	  0.000000000	0.09490704536
 10	  18	  1.085202932    	5.006790161e-06	0.06769013405	0.05798387527	  0.000000000	0.09490609169
 10	  19	  1.005990028    	0.01811599731	 0.1286799908	0.05810689926	  0.000000000	0.09490299225
 10	  20	  1.086469173    	4.768371582e-06	0.06641411781	0.05799293518	9.536743164e-07	0.09490799904
 10	  21	  1.084027052    	5.006790161e-06	0.06884694099	0.05799198151	  0.000000000	0.09490203857
 10	  22	  1.087169886    	4.053115845e-06	0.06581497192	0.05787801743	9.536743164e-07	0.09490203857
 10	  23	  1.065989017    	4.053115845e-06	0.08688378334	0.05811810493	  0.000000000	0.09490489960
 10	  24	  1.005621910    	0.03611302376	 0.1112399101	0.05800008774	9.536743164e-07	0.09491991997
 10	  25	  1.083701849    	5.006790161e-06	0.06927895546	0.05799508095	9.536743164e-07	0.09491610527
 10	  26	  1.088996887    	4.053115845e-06	0.06409215927	0.05788588524	  0.000000000	0.09491395950
 10	  27	  1.076319218    	9.775161743e-06	0.07665514946	0.05800199509	  0.000000000	0.09491086006
 10	  28	  1.006247044    	0.04077386856	 0.1060640812	0.05788898468	9.536743164e-07	0.09491491318
 10	  29	  1.006675005    	0.02651405334	 0.1199049950	0.05788898468	  0.000000000	0.09491300583
 10	  30	  1.082457066    	2.861022949e-06	0.07070207596	0.05781292915	1.192092896e-06	0.09491395950


#RUN	RANK	FAILURE_DETECTED	COMM_REVOKED	COMM_SHRINKED	COMM_SPAWNED	ROLLBACK_DONE	COMM_MERGED
  9	   0	  1.003970861    	1.192092896e-06	0.07139301300	0.05256581306	0.01556205750	0.07902002335
  9	   1	  1.003413916    	9.536743164e-07	0.07204794884	0.05295205116	  0.000000000	0.09409999847
  9	   2	  1.006519079    	9.536743164e-07	0.06896090508	0.05244898796	1.192092896e-06	0.09461092949
  9	   3	  1.005824089    	  0.000000000	0.06975793839	0.05283617973	  0.000000000	0.09411978722
  9	   4	  1.004567146    	9.536743164e-07	0.07089900970	0.05246090889	9.536743164e-07	0.09458613396
  9	   5	  1.005303144    	9.536743164e-07	0.07026696205	0.05284309387	9.536743164e-07	0.09411883354
  9	   6	  1.007362843    	  0.000000000	0.06790995598	0.05232715607	9.536743164e-07	0.09455490112
  9	   7	  1.006911039    	9.536743164e-07	0.06846594810	0.05271315575	  0.000000000	0.09413290024
  9	   8	  1.009853125    	  0.000000000	0.06531095505	0.05243206024	9.536743164e-07	0.09462308884
  9	   9	  1.009366989    	  0.000000000	0.06587600708	0.05283713341	  0.000000000	0.09414696693
  9	  10	  1.008370161    	9.536743164e-07	0.06690597534	0.05232095718	  0.000000000	0.09462404251
  9	  11	  1.007912874    	1.192092896e-06	0.06745791435	0.05271601677	  0.000000000	0.09414196014
  9	  12	  1.008985043    	9.536743164e-07	0.06627917290	0.05233001709	  0.000000000	0.09462594986
  9	  13	  1.010379076    	  0.000000000	0.06497597694	0.05272698402	  0.000000000	0.09414005280
  9	  14	  1.012717009    	  0.000000000	0.06274199486	0.05221104622	  0.000000000	0.09463000298
  9	  15	  1.010866165    	9.536743164e-07	0.06416988373	0.05312204361	  0.000000000	0.09415102005
  9	  16	  1.004108191    	9.536743164e-07	0.07101583481	0.05253911018	  0.000000000	0.09464502335
  9	  17	  1.011347055    	  0.000000000	0.06381487846	0.05298519135	9.536743164e-07	0.09415888786
  9	  18	  1.011801004    	1.192092896e-06	0.06344294548	0.05241894722	9.536743164e-07	0.09464097023
  9	  19	  1.004532099    	9.536743164e-07	0.07062005997	0.05299901962	9.536743164e-07	0.09415698051
  9	  20	  1.005401134    	  0.000000000	0.06983685493	0.05242419243	  0.000000000	0.09464287758
  9	  21	  1.005021095    	9.536743164e-07	0.07024288177	0.05288314819	  0.000000000	0.09416389465
  9	  22	  1.002949953    	2.312660217e-05	0.07247090340	0.05231094360	9.536743164e-07	0.09464621544
  9	  23	  1.003200054    	  0.000000000	0.07204198837	0.05300498009	  0.000000000	0.09416699409
  9	  24	  1.003681898    	  0.000000000	0.07162690163	0.05244302750	9.536743164e-07	0.09465312958
  9	  25	  1.008033037    	  0.000000000	0.06732106209	0.05288100243	9.536743164e-07	0.09417295456
  9	  26	  1.003067970    	  0.000000000	0.07237195969	0.05231404305	9.536743164e-07	0.09465217590
  9	  27	  1.007537127    	  0.000000000	0.06780505180	0.05289983749	  0.000000000	0.09417200089
  9	  28	  1.003100157    	  0.000000000	0.07232594490	0.05232501030	  0.000000000	0.09466099739
  9	  29	  1.003211021    	9.536743164e-07	0.07224607468	0.05277991295	  0.000000000	0.09416913986
  9	  30	  1.008409977    	3.099441528e-06	0.06725382805	0.05273008347	  0.000000000	0.09419202805


#RUN	RANK	FAILURE_DETECTED	COMM_REVOKED	COMM_SHRINKED	COMM_SPAWNED	ROLLBACK_DONE	COMM_MERGED
  8	   0	  1.009635925    	  0.000000000	0.05905199051	0.05729603767	0.01556491852	0.07666802406
  8	   1	  1.009071112    	  0.000000000	0.05971598625	0.05719494820	  0.000000000	0.09225201607
  8	   2	  1.007033825    	1.192092896e-06	0.06176900864	0.05717682838	9.536743164e-07	0.09223604202
  8	   3	  1.003875017    	9.536743164e-07	0.06502509117	0.05708503723	  0.000000000	0.09224796295
  8	   4	  1.004256964    	9.536743164e-07	0.06453609467	0.05718493462	9.536743164e-07	0.09225606918
  8	   5	  1.002327919    	1.811981201e-05	0.06623983383	0.05706214905	  0.000000000	0.09220480919
  8	   6	  1.002797842    	9.536743164e-07	0.06580018997	0.05705094337	  0.000000000	0.09220290184
  8	   7	  1.007350922    	1.192092896e-06	0.06133985519	0.05696702003	  0.000000000	0.09220600128
  8	   8	  1.008143902    	  0.000000000	0.06032395363	0.05717611313	  0.000000000	0.09221196175
  8	   9	  1.007678986    	9.536743164e-07	0.06088614464	0.05708193779	  0.000000000	0.09221100807
  8	  10	  1.008625984    	9.536743164e-07	0.05995392799	0.05706691742	  0.000000000	0.09221005440
  8	  11	  1.009114027    	9.536743164e-07	0.05957508087	0.05696296692	  0.000000000	0.09220886230
  8	  12	  1.009582043    	  0.000000000	0.05899286270	0.05707406998	9.536743164e-07	0.09220695496
  8	  13	  1.011028051    	  0.000000000	0.05773496628	0.05695390701	  0.000000000	0.09222197533
  8	  14	  1.010540962    	  0.000000000	0.05822896957	0.05694699287	  0.000000000	0.09221911430
  8	  15	  1.010200024    	9.536743164e-07	0.05815005302	0.05737495422	  0.000000000	0.09222102165
  8	  16	  1.003504038    	  0.000000000	0.06495308876	0.05725193024	  0.000000000	0.09223604202
  8	  17	  1.002959013    	  0.000000000	0.06551790237	0.05723690987	  0.000000000	0.09222507477
  8	  18	  1.011975050    	  0.000000000	0.05659198761	0.05714511871	9.536743164e-07	0.09222793579
  8	  19	  1.012465954    	  0.000000000	0.05599808693	0.05725288391	  0.000000000	0.09222507477
  8	  20	  1.004354000    	9.536743164e-07	0.06422305107	0.05713415146	  0.000000000	0.09222793579
  8	  21	  1.002521992    	  0.000000000	0.06614613533	0.05713200569	9.536743164e-07	0.09223484993
  8	  22	  1.006846905    	9.536743164e-07	0.06190609932	0.05704593658	9.536743164e-07	0.09223222733
  8	  23	  1.004934072    	  0.000000000	0.06361484528	0.05726504326	  0.000000000	0.09223413467
  8	  24	  1.006458044    	  0.000000000	0.06217098236	0.05716896057	9.536743164e-07	0.09224414825
  8	  25	  1.002610207    	  0.000000000	0.06605792046	0.05713200569	  0.000000000	0.09223794937
  8	  26	  1.005915880    	9.536743164e-07	0.06283903122	0.05704593658	1.192092896e-06	0.09223794937
  8	  27	  1.002665043    	9.536743164e-07	0.06598901749	0.05715012550	9.536743164e-07	0.09223508835
  8	  28	  1.002758980    	  0.000000000	0.06600308418	0.05703592300	  0.000000000	0.09223914146
  8	  29	  1.008031130    	  0.000000000	0.06090688705	0.05703592300	  0.000000000	0.09225821495
  8	  30	  1.006108999    	2.861022949e-06	0.06085395813	0.05699205399	9.536743164e-07	0.09225511551


#RUN	RANK	FAILURE_DETECTED	COMM_REVOKED	COMM_SHRINKED	COMM_SPAWNED	ROLLBACK_DONE	COMM_MERGED
  7	   0	  1.010856867    	  0.000000000	0.05789303780	0.05844497681	0.01553797722	0.07951807976
  7	   1	  1.011701822    	  0.000000000	0.05715417862	0.05833578110	  0.000000000	0.09507703781
  7	   2	  1.003790855    	9.536743164e-07	0.06505918503	0.05834388733	  0.000000000	0.09507298470
  7	   3	  1.003301144    	9.536743164e-07	0.06567502022	0.05821800232	  0.000000000	0.09507393837
  7	   4	  1.011764050    	9.536743164e-07	0.05676603317	0.05833411217	9.536743164e-07	0.09503102303
  7	   5	  1.012206078    	  0.000000000	0.05645298958	0.05820488930	  0.000000000	0.09503507614
  7	   6	  1.005993128    	  0.000000000	0.06265306473	0.05821895599	  0.000000000	0.09503102303
  7	   7	  1.003962994    	  0.000000000	0.06480407715	0.05810284615	  0.000000000	0.09503006935
  7	   8	  1.004425049    	9.536743164e-07	0.06410121918	0.05833387375	  0.000000000	0.09503793716
  7	   9	  1.005419016    	  0.000000000	0.06325101852	0.05819010735	  0.000000000	0.09503293037
  7	  10	  1.004908085    	  0.000000000	0.06375312805	0.05820393562	9.536743164e-07	0.09503102303
  7	  11	  1.006301880    	  0.000000000	0.06245994568	0.05810618401	  0.000000000	0.09503602982
  7	  12	  1.007321119    	9.536743164e-07	0.06140089035	0.05820417404	  0.000000000	0.09504795074
  7	  13	  1.006821871    	  0.000000000	0.06200599670	0.05810213089	9.536743164e-07	0.09503698349
  7	  14	  1.010401964    	  0.000000000	0.05841898918	0.05810904503	  0.000000000	0.09503889084
  7	  15	  1.009810925    	  0.000000000	0.05861306190	0.05851507187	9.536743164e-07	0.09504199028
  7	  16	  1.012259007    	  0.000000000	0.05627512932	0.05839300156	  0.000000000	0.09505200386
  7	  17	  1.012696981    	  0.000000000	0.05583000183	0.05840015411	  0.000000000	0.09505295753
  7	  18	  1.003158092    	9.536743164e-07	0.06548213959	0.05828380585	  0.000000000	0.09505510330
  7	  19	  1.011779070    	  0.000000000	0.05674695969	0.05840897560	  0.000000000	0.09504914284
  7	  20	  1.002940178    	2.193450928e-05	0.06576704979	0.05828595161	  0.000000000	0.09505796432
  7	  21	  1.011399031    	  0.000000000	0.05732703209	0.05829501152	  0.000000000	0.09505081177
  7	  22	  1.005170107    	  0.000000000	0.06365895271	0.05818605423	9.536743164e-07	0.09505510330
  7	  23	  1.005614042    	  0.000000000	0.06299495697	0.05841398239	9.536743164e-07	0.09505414963
  7	  24	  1.003056049    	  0.000000000	0.06567215919	0.05828785896	  0.000000000	0.09506201744
  7	  25	  1.006107092    	  0.000000000	0.06261992455	0.05828714371	  0.000000000	0.09506201744
  7	  26	  1.003232002    	  0.000000000	0.06560516357	0.05817699432	  0.000000000	0.09506082535
  7	  27	  1.003103018    	  0.000000000	0.06561779976	0.05830216408	9.536743164e-07	0.09505605698
  7	  28	  1.007632971    	  0.000000000	0.06136989594	0.05818700790	  0.000000000	0.09508609772
  7	  29	  1.006942987    	1.192092896e-06	0.06204390526	0.05820202827	1.907348633e-06	0.09509301186
  7	  30	  1.007701874    	2.145767212e-06	0.06134986877	0.05812501907	  0.000000000	0.09507513046


#RUN	RANK	FAILURE_DETECTED	COMM_REVOKED	COMM_SHRINKED	COMM_SPAWNED	ROLLBACK_DONE	COMM_MERGED
  6	   0	  1.010137081    	9.536743164e-07	0.06662893295	0.07021117210	0.01557588577	0.08755397797
  6	   1	  1.009477854    	9.536743164e-07	0.06739807129	0.07010507584	  0.000000000	 0.1031458378
  6	   2	  1.010968924    	9.536743164e-07	0.06591796875	0.07008910179	9.536743164e-07	 0.1031301022
  6	   3	  1.012175083    	  0.000000000	0.06449794769	0.06997799873	  0.000000000	 0.1030950546
  6	   4	  1.011165142    	  0.000000000	0.06541299820	0.07006788254	  0.000000000	 0.1031019688
  6	   5	  1.011598825    	  0.000000000	0.06507420540	0.06997084618	  0.000000000	 0.1030991077
  6	   6	  1.004411936    	  0.000000000	0.07227110863	0.06995892525	9.536743164e-07	 0.1031031609
  6	   7	  1.013042927    	  0.000000000	0.06374716759	0.06986093521	  0.000000000	 0.1030969620
  6	   8	  1.012547016    	  0.000000000	0.06418204308	0.06991696358	  0.000000000	 0.1031050682
  6	   9	  1.013510942    	9.536743164e-07	0.06316304207	0.06996798515	  0.000000000	 0.1031041145
  6	  10	  1.003941059    	  0.000000000	0.07273292542	0.06996202469	  0.000000000	 0.1031041145
  6	  11	  1.008953094    	9.536743164e-07	0.06789398193	0.06986403465	  0.000000000	 0.1031079292
  6	  12	  1.007964849    	1.192092896e-06	0.06879591942	0.06994891167	  0.000000000	 0.1031119823
  6	  13	  1.008403063    	  0.000000000	0.06846594810	0.06984210014	  0.000000000	 0.1031169891
  6	  14	  1.006963015    	9.536743164e-07	0.06989598274	0.06984806061	  0.000000000	 0.1031129360
  6	  15	  1.007518053    	9.536743164e-07	0.06892204285	0.07027912140	  0.000000000	 0.1031119823
  6	  16	  1.011207819    	  0.000000000	0.06534099579	0.07015705109	  0.000000000	 0.1031260490
  6	  17	  1.011654854    	  0.000000000	0.06490015984	0.07014989853	  0.000000000	 0.1031270027
  6	  18	  1.010710955    	1.192092896e-06	0.06593990326	0.07004904747	  0.000000000	 0.1031219959
  6	  19	  1.003826141    	1.788139343e-05	0.07280206680	0.07015395164	  0.000000000	 0.1031310558
  6	  20	  1.010294914    	  0.000000000	0.06645298004	0.07005310059	9.536743164e-07	 0.1031260490
  6	  21	  1.009870052    	  0.000000000	0.06688904762	0.07003903389	9.536743164e-07	 0.1031310558
  6	  22	  1.004788876    	9.536743164e-07	0.07206916809	0.06993699074	  0.000000000	 0.1031389236
  6	  23	  1.003928900    	  0.000000000	0.07287693024	0.06999921799	  0.000000000	 0.1031279564
  6	  24	  1.004430056    	  0.000000000	0.07230186462	0.07007002831	9.536743164e-07	 0.1031270027
  6	  25	  1.003965855    	  0.000000000	0.07278203964	0.07004904747	  0.000000000	 0.1031320095
  6	  26	  1.003987074    	9.536743164e-07	0.07286190987	0.06993913651	9.536743164e-07	 0.1031310558
  6	  27	  1.014016151    	  0.000000000	0.06289792061	0.07006287575	1.192092896e-06	 0.1031517982
  6	  28	  1.007396936    	9.536743164e-07	0.06964397430	0.06993198395	  0.000000000	 0.1031751633
  6	  29	  1.005661964    	1.192092896e-06	0.07137084007	0.06994199753	  0.000000000	 0.1031529903
  6	  30	  1.007397890    	2.145767212e-06	0.06963086128	0.06989002228	  0.000000000	 0.1031520367


#RUN	RANK	FAILURE_DETECTED	COMM_REVOKED	COMM_SHRINKED	COMM_SPAWNED	ROLLBACK_DONE	COMM_MERGED
  5	   0	  1.011744976    	  0.000000000	0.06342506409	0.05460500717	0.01560401917	0.08446788788
  5	   1	  1.012475014    	  0.000000000	0.06280303001	0.05449700356	  0.000000000	 0.1000940800
  5	   2	  1.012802124    	  0.000000000	0.06214785576	0.05449104309	  0.000000000	 0.1000449657
  5	   3	  1.004378080    	  0.000000000	0.07071185112	0.05436110497	9.536743164e-07	 0.1000471115
  5	   4	  1.013252020    	  0.000000000	0.06171298027	0.05447196960	1.192092896e-06	 0.1000568867
  5	   5	  1.013783932    	  0.000000000	0.06129407883	0.05436491966	  0.000000000	 0.1000459194
  5	   6	  1.010710955    	  0.000000000	0.06436491013	0.05436611176	  0.000000000	 0.1000549793
  5	   7	  1.006629944    	9.536743164e-07	0.06856012344	0.05426001549	  0.000000000	 0.1000509262
  5	   8	  1.006139040    	9.536743164e-07	0.06882095337	0.05447602272	  0.000000000	 0.1000521183
  5	   9	  1.005676985    	9.536743164e-07	0.06939911842	0.05436587334	  0.000000000	 0.1000571251
  5	  10	  1.004745007    	9.536743164e-07	0.07038116455	0.05438089371	  0.000000000	 0.1000659466
  5	  11	  1.005304098    	9.536743164e-07	0.06994700432	0.05426192284	  0.000000000	 0.1000611782
  5	  12	  1.012191057    	  0.000000000	0.06294798851	0.05436301231	  0.000000000	 0.1000669003
  5	  13	  1.012645960    	9.536743164e-07	0.06259489059	0.05426406860	9.536743164e-07	 0.1000611782
  5	  14	  1.013121843    	  0.000000000	0.06212401390	0.05426001549	9.536743164e-07	 0.1000599861
  5	  15	  1.011713982    	  0.000000000	0.06312704086	0.05467891693	  0.000000000	 0.1000559330
  5	  16	  1.004563093    	9.536743164e-07	0.07038903236	0.05454707146	  0.000000000	 0.1000769138
  5	  17	  1.013601065    	  0.000000000	0.06134295464	0.05455803871	9.536743164e-07	 0.1000730991
  5	  18	  1.004029989    	2.002716064e-05	0.07109689713	0.05444502831	  0.000000000	 0.1000809669
  5	  19	  1.005568981    	9.536743164e-07	0.06948494911	0.05454611778	9.536743164e-07	 0.1000750065
  5	  20	  1.006063938    	1.192092896e-06	0.06907391548	0.05444908142	  0.000000000	 0.1000828743
  5	  21	  1.005103111    	9.536743164e-07	0.07003402710	0.05445504189	9.536743164e-07	 0.1000750065
  5	  22	  1.004150152    	  0.000000000	0.07110691071	0.05433607101	  0.000000000	 0.1000740528
  5	  23	  1.007495880    	9.536743164e-07	0.06754302979	0.05456089973	  0.000000000	 0.1000781059
  5	  24	  1.004168987    	  0.000000000	0.07097196579	0.05444598198	9.536743164e-07	 0.1000840664
  5	  25	  1.004602909    	1.192092896e-06	0.07053184509	0.05445599556	9.536743164e-07	 0.1000761986
  5	  26	  1.011114120    	9.536743164e-07	0.06430196762	0.05435013771	  0.000000000	 0.1000969410
  5	  27	  1.008195877    	9.536743164e-07	0.06712412834	0.05445599556	1.907348633e-06	 0.1000890732
  5	  28	  1.011527777    	  0.000000000	0.06384420395	0.05435299873	  0.000000000	 0.1000969410
  5	  29	  1.004788160    	  0.000000000	0.07062792778	0.05435109138	9.536743164e-07	 0.1000900269
  5	  30	  1.004863977    	1.907348633e-06	0.07061910629	0.05427789688	9.536743164e-07	 0.1001172066


#RUN	RANK	FAILURE_DETECTED	COMM_REVOKED	COMM_SHRINKED	COMM_SPAWNED	ROLLBACK_DONE	COMM_MERGED
  4	   0	  1.006890059    	  0.000000000	0.06036782265	0.05494213104	0.01555109024	0.09411478043
  4	   1	  1.006041050    	9.536743164e-07	0.06101012230	0.05482196808	  0.000000000	 0.1096358299
  4	   2	  1.009237051    	  0.000000000	0.05781698227	0.05481696129	1.192092896e-06	 0.1096379757
  4	   3	  1.008544922    	1.192092896e-06	0.05860900879	0.05472183228	  0.000000000	 0.1096341610
  4	   4	  1.008166075    	9.536743164e-07	0.05902695656	0.05467605591	  0.000000000	 0.1096408367
  4	   5	  1.007687807    	  0.000000000	0.05946016312	0.05472588539	  0.000000000	 0.1096351147
  4	   6	  1.008646011    	  0.000000000	0.05850911140	0.05471491814	9.536743164e-07	 0.1096470356
  4	   7	  1.009607077    	9.536743164e-07	0.05765604973	0.05461597443	9.536743164e-07	 0.1096398830
  4	   8	  1.012027979    	9.536743164e-07	0.05500912666	0.05483198166	  0.000000000	 0.1097078323
  4	   9	  1.002587080    	9.536743164e-07	0.06462597847	0.05472207069	  0.000000000	 0.1097168922
  4	  10	  1.003540993    	  0.000000000	0.06369209290	0.05469989777	  0.000000000	 0.1097211838
  4	  11	  1.003201008    	1.192092896e-06	0.06413793564	0.05460000038	  0.000000000	 0.1097230911
  4	  12	  1.005478144    	  0.000000000	0.06188797951	0.05456900597	  0.000000000	 0.1097218990
  4	  13	  1.005967140    	  0.000000000	0.06133699417	0.05463194847	  0.000000000	 0.1097300053
  4	  14	  1.004533052    	  0.000000000	0.06297683716	0.05442714691	  0.000000000	 0.1097190380
  4	  15	  1.005054951    	  0.000000000	0.06185603142	0.05502986908	  0.000000000	 0.1097171307
  4	  16	  1.006526947    	  0.000000000	0.06049489975	0.05491113663	9.536743164e-07	 0.1097350121
  4	  17	  1.002293825    	2.408027649e-05	0.06480288506	0.05489897728	1.192092896e-06	 0.1097309589
  4	  18	  1.008940935    	9.536743164e-07	0.05827999115	0.05480003357	  0.000000000	 0.1097300053
  4	  19	  1.008628130    	  0.000000000	0.05863690376	0.05475902557	  0.000000000	 0.1097340584
  4	  20	  1.009582996    	  0.000000000	0.05762910843	0.05480599403	  0.000000000	 0.1097438335
  4	  21	  1.002386093    	  0.000000000	0.06484889984	0.05478596687	9.536743164e-07	 0.1097381115
  4	  22	  1.007498026    	9.536743164e-07	0.05983114243	0.05468797684	  0.000000000	 0.1097400188
  4	  23	  1.002450943    	1.192092896e-06	0.06465697289	0.05491900444	  0.000000000	 0.1097319126
  4	  24	  1.002588034    	  0.000000000	0.06462907791	0.05479884148	9.536743164e-07	 0.1097481251
  4	  25	  1.011854887    	  0.000000000	0.05553197861	0.05480718613	  0.000000000	 0.1097609997
  4	  26	  1.010622978    	  0.000000000	0.05687904358	0.05469012260	9.536743164e-07	 0.1097748280
  4	  27	  1.011212111    	9.536743164e-07	0.05632209778	0.05466294289	  0.000000000	 0.1097600460
  4	  28	  1.003479004    	9.536743164e-07	0.06222319603	0.05471491814	  0.000000000	 0.1097619534
  4	  29	  1.004565954    	9.536743164e-07	0.06311607361	0.05451202393	  0.000000000	 0.1097569466
  4	  30	  1.005295038    	2.145767212e-06	0.06225299835	0.05464100838	  0.000000000	 0.1097550392


#RUN	RANK	FAILURE_DETECTED	COMM_REVOKED	COMM_SHRINKED	COMM_SPAWNED	ROLLBACK_DONE	COMM_MERGED
  3	   0	  1.009634972    	  0.000000000	0.05049681664	0.06087708473	0.01589107513	0.09267187119
  3	   1	  1.010108948    	  0.000000000	0.05337095261	0.05753803253	  0.000000000	 0.1085598469
  3	   2	  1.011549950    	  0.000000000	0.04869294167	0.06076502800	9.536743164e-07	 0.1085691452
  3	   3	  1.008342981    	  0.000000000	0.05218291283	0.06048917770	9.536743164e-07	 0.1085598469
  3	   4	  1.007623196    	  0.000000000	0.05261778831	0.06076312065	  0.000000000	 0.1085729599
  3	   5	  1.008125067    	9.536743164e-07	0.05240607262	0.06048393250	  0.000000000	 0.1085569859
  3	   6	  1.011961937    	  0.000000000	0.04840803146	0.06064486504	  0.000000000	 0.1085610390
  3	   7	  1.002949953    	9.536743164e-07	0.05769610405	0.06037092209	  0.000000000	 0.1085641384
  3	   8	  1.005180120    	9.536743164e-07	0.05511093140	0.06077218056	  0.000000000	 0.1086418629
  3	   9	  1.003862858    	  0.000000000	0.05669999123	0.06051111221	9.536743164e-07	 0.1086308956
  3	  10	  1.004208088    	  0.000000000	0.05619502068	0.06067705154	  0.000000000	 0.1086289883
  3	  11	  1.002942801    	  0.000000000	0.05774497986	0.06038999557	1.192092896e-06	 0.1086299419
  3	  12	  1.003304958    	9.536743164e-07	0.05709409714	0.06066894531	9.536743164e-07	 0.1086449623
  3	  13	  1.008545876    	  0.000000000	0.05212306976	0.06041407585	  0.000000000	 0.1086289883
  3	  14	  1.006278992    	9.536743164e-07	0.05424499512	0.06055808067	9.536743164e-07	 0.1086230278
  3	  15	  1.006785154    	  0.000000000	0.05333089828	0.06097507477	9.536743164e-07	 0.1086318493
  3	  16	  1.002699137    	2.098083496e-05	0.05773997307	0.06068992615	  0.000000000	 0.1086590290
  3	  17	  1.005965948    	  0.000000000	0.05434203148	0.06085205078	  0.000000000	 0.1086490154
  3	  18	  1.005663157    	  0.000000000	0.05491685867	0.06058001518	9.536743164e-07	 0.1086499691
  3	  19	  1.009060144    	  0.000000000	0.05124592781	0.06085300446	  0.000000000	 0.1086521149
  3	  20	  1.002846003    	  0.000000000	0.05772781372	0.06058502197	1.192092896e-06	 0.1086487770
  3	  21	  1.009529114    	  0.000000000	0.05089402199	0.06073999405	9.536743164e-07	 0.1086480618
  3	  22	  1.002862930    	1.192092896e-06	0.05781984329	0.06047797203	  0.000000000	 0.1086449623
  3	  23	  1.002894163    	9.536743164e-07	0.05741810799	0.06085085869	  0.000000000	 0.1086480618
  3	  24	  1.012211800    	  0.000000000	0.04853010178	0.06058192253	  0.000000000	 0.1086821556
  3	  25	  1.003362894    	1.192092896e-06	0.05721688271	0.06075310707	  0.000000000	 0.1086659431
  3	  26	  1.003316879    	9.536743164e-07	0.05754899979	0.06046819687	  0.000000000	 0.1086900234
  3	  27	  1.011393070    	  0.000000000	0.04917502403	0.06076598167	  0.000000000	 0.1086709499
  3	  28	  1.010838985    	  0.000000000	0.04999613762	0.06049299240	  0.000000000	 0.1087059975
  3	  29	  1.010089874    	9.536743164e-07	0.05055904388	0.06064391136	  0.000000000	 0.1086721420
  3	  30	  1.003365040    	4.053115845e-06	0.05753588676	0.06042814255	9.536743164e-07	 0.1086831093


#RUN	RANK	FAILURE_DETECTED	COMM_REVOKED	COMM_SHRINKED	COMM_SPAWNED	ROLLBACK_DONE	COMM_MERGED
  2	   0	  1.049175978    	9.536743164e-07	0.06034398079	0.07637095451	0.01559615135	0.08806180954
  2	   1	  1.049680948    	9.536743164e-07	0.05994606018	0.07626700401	9.536743164e-07	 0.1036329269
  2	   2	  1.050172091    	  0.000000000	0.05945777893	0.07625102997	  0.000000000	 0.1036741734
  2	   3	  1.050647020    	9.536743164e-07	0.05909585953	0.07615113258	  0.000000000	 0.1036419868
  2	   4	  1.049998999    	  0.000000000	0.05962586403	0.07625603676	1.192092896e-06	 0.1036419868
  2	   5	  1.049579144    	  0.000000000	0.06017088890	0.07613205910	9.536743164e-07	 0.1036360264
  2	   6	  1.051145077    	9.536743164e-07	0.05861806870	0.07611799240	  0.000000000	 0.1036539078
  2	   7	  1.050976992    	  0.000000000	0.05893802643	0.07604789734	9.536743164e-07	 0.1036450863
  2	   8	  1.051338911    	1.192092896e-06	0.05833697319	0.07626795769	  0.000000000	 0.1037230492
  2	   9	  1.052297115    	  0.000000000	0.05748891830	0.07615900040	  0.000000000	 0.1037180424
  2	  10	  1.051970005    	9.536743164e-07	0.05782008171	0.07615280151	1.192092896e-06	 0.1037199497
  2	  11	  1.050577164    	  0.000000000	0.05931496620	0.07605695724	  0.000000000	 0.1037189960
  2	  12	  1.047205925    	9.536743164e-07	0.06258392334	0.07615518570	  0.000000000	 0.1037228107
  2	  13	  1.054801941    	  0.000000000	0.05510997772	0.07603502274	  0.000000000	 0.1037170887
  2	  14	  1.053977013    	9.536743164e-07	0.05594515800	0.07602381706	  0.000000000	 0.1037180424
  2	  15	  1.045110941    	1.811981201e-05	0.06446409225	0.07646298409	9.536743164e-07	 0.1037259102
  2	  16	  1.053218842    	  0.000000000	0.05647206306	0.07634806633	  0.000000000	 0.1037399769
  2	  17	  1.053743839    	  0.000000000	0.05596399307	0.07633018494	9.536743164e-07	 0.1037390232
  2	  18	  1.046865940    	1.192092896e-06	0.06293892860	0.07625985146	  0.000000000	 0.1037092209
  2	  19	  1.045247078    	  0.000000000	0.06444501877	0.07634878159	1.192092896e-06	 0.1037378311
  2	  20	  1.046530962    	  0.000000000	0.06329917908	0.07621693611	9.536743164e-07	 0.1037280560
  2	  21	  1.045268059    	9.536743164e-07	0.06456398964	0.07620406151	  0.000000000	 0.1037428379
  2	  22	  1.045351028    	9.536743164e-07	0.06455802917	0.07613110542	  0.000000000	 0.1037328243
  2	  23	  1.049626827    	  0.000000000	0.06026315689	0.07634782791	  0.000000000	 0.1037530899
  2	  24	  1.048831940    	  0.000000000	0.06114196777	0.07624697685	  0.000000000	 0.1037590504
  2	  25	  1.052051067    	9.536743164e-07	0.05793190002	0.07623815536	9.536743164e-07	 0.1037530899
  2	  26	  1.050400019    	  0.000000000	0.05967593193	0.07614493370	  0.000000000	 0.1037590504
  2	  27	  1.051289082    	9.536743164e-07	0.05868196487	0.07625412941	9.536743164e-07	 0.1037578583
  2	  28	  1.048027992    	9.536743164e-07	0.06206297874	0.07612895966	  0.000000000	 0.1037590504
  2	  29	  1.052850008    	  0.000000000	0.05725502968	0.07611894608	  0.000000000	 0.1037549973
  2	  30	  1.052867174    	2.861022949e-06	0.05725812912	0.07608795166	9.536743164e-07	 0.1037521362


#RUN	RANK	FAILURE_DETECTED	COMM_REVOKED	COMM_SHRINKED	COMM_SPAWNED	ROLLBACK_DONE	COMM_MERGED
  1	   0	  1.053803205    	  0.000000000	0.04643201828	0.05563998222	0.01557278633	0.08721709251
  1	   1	  1.053251028    	  0.000000000	0.04710102081	0.05552005768	  0.000000000	 0.1028189659
  1	   2	  1.046049118    	  0.000000000	0.05431604385	0.05551099777	9.536743164e-07	 0.1028089523
  1	   3	  1.044750929    	1.192092896e-06	0.05571579933	0.05540919304	  0.000000000	 0.1027867794
  1	   4	  1.045250177    	9.536743164e-07	0.05508399010	0.05553507805	  0.000000000	 0.1028149128
  1	   5	  1.046679974    	9.536743164e-07	0.05393600464	0.05525588989	1.192092896e-06	 0.1027879715
  1	   6	  1.049429178    	9.536743164e-07	0.05109596252	0.05540609360	9.536743164e-07	 0.1027970314
  1	   7	  1.048540831    	1.192092896e-06	0.05210781097	0.05529212952	9.536743164e-07	 0.1027939320
  1	   8	  1.048968077    	9.536743164e-07	0.05142402649	0.05553889275	  0.000000000	 0.1028709412
  1	   9	  1.052456856    	9.536743164e-07	0.04806613922	0.05540895462	  0.000000000	 0.1028690338
  1	  10	  1.050966024    	9.536743164e-07	0.04954600334	0.05541706085	9.536743164e-07	 0.1028699875
  1	  11	  1.051562071    	  0.000000000	0.04907107353	0.05530381203	  0.000000000	 0.1028661728
  1	  12	  1.050394058    	  0.000000000	0.05010604858	0.05542898178	9.536743164e-07	 0.1028680801
  1	  13	  1.052461147    	  0.000000000	0.04836297035	0.05510902405	  0.000000000	 0.1028659344
  1	  14	  1.044385195    	2.098083496e-05	0.05632090569	0.05529594421	  0.000000000	 0.1028771400
  1	  15	  1.053470850    	1.192092896e-06	0.04683494568	0.05572605133	9.536743164e-07	 0.1028859615
  1	  16	  1.045962095    	9.536743164e-07	0.05446600914	0.05559587479	  0.000000000	 0.1028959751
  1	  17	  1.054045916    	  0.000000000	0.04639101028	0.05558395386	9.536743164e-07	 0.1028959751
  1	  18	  1.044547081    	  0.000000000	0.05598807335	0.05548286438	  0.000000000	 0.1028900146
  1	  19	  1.044894218    	  0.000000000	0.05551695824	0.05561399460	  0.000000000	 0.1028909683
  1	  20	  1.044625998    	1.192092896e-06	0.05605792999	0.05533099174	  0.000000000	 0.1028900146
  1	  21	  1.044910192    	  0.000000000	0.05563092232	0.05548000336	  0.000000000	 0.1028919220
  1	  22	  1.046442032    	9.536743164e-07	0.05437803268	0.05537986755	9.536743164e-07	 0.1029021740
  1	  23	  1.047471046    	  0.000000000	0.05310392380	0.05563902855	  0.000000000	 0.1029009819
  1	  24	  1.047918081    	  0.000000000	0.05278801918	0.05549287796	9.536743164e-07	 0.1029131413
  1	  25	  1.046879053    	9.536743164e-07	0.05381488800	0.05550503731	9.536743164e-07	 0.1029071808
  1	  26	  1.050161123    	  0.000000000	0.05064105988	0.05539584160	  0.000000000	 0.1029100418
  1	  27	  1.049548864    	  0.000000000	0.05113506317	0.05552101135	  0.000000000	 0.1029069424
  1	  28	  1.049057007    	  0.000000000	0.05194211006	0.05519700050	  0.000000000	 0.1029150486
  1	  29	  1.048548937    	9.536743164e-07	0.05226588249	0.05538511276	9.536743164e-07	 0.1029059887
  1	  30	  1.050040960    	4.053115845e-06	0.05051207542	0.05530786514	  0.000000000	 0.1028840542


