Warning: Permanently added '[griffon-74.nancy.grid5000.fr]:6667,[172.16.65.74]:6667' (RSA) to the list of known hosts.
Warning: Permanently added '[griffon-70.nancy.grid5000.fr]:6667,[172.16.65.70]:6667' (RSA) to the list of known hosts.
Warning: Permanently added '[griffon-73.nancy.grid5000.fr]:6667,[172.16.65.73]:6667' (RSA) to the list of known hosts.
Warning: Permanently added '[griffon-68.nancy.grid5000.fr]:6667,[172.16.65.68]:6667' (RSA) to the list of known hosts.
Warning: Permanently added '[griffon-72.nancy.grid5000.fr]:6667,[172.16.65.72]:6667' (RSA) to the list of known hosts.
Warning: Permanently added '[griffon-65.nancy.grid5000.fr]:6667,[172.16.65.65]:6667' (RSA) to the list of known hosts.
[[41053,7],0][btl_openib_component.c:3426:handle_wc] from griffon-64.nancy.grid5000.fr to: griffon-64.nancy.grid5000.fr error polling HP CQ with status WORK REQUEST FLUSHED ERROR status number 5 for wr_id 2d83000 opcode 128  vendor error 244 qp_idx 0
--------------------------------------------------------------------------
The OpenFabrics stack has reported a network error event.  Open MPI
will try to continue, but your job may end up failing.

  Local host:        griffon-64.nancy.grid5000.fr
  MPI process PID:   2285
  Error number:      0 (IBV_EVENT_CQ_ERR)

This error may indicate connectivity problems within the fabric;
please contact your system administrator.
--------------------------------------------------------------------------
[griffon-64.nancy.grid5000.fr:02203] 2 more processes have sent help message help-mpi-btl-openib.txt / of error event
[griffon-64.nancy.grid5000.fr:02203] Set MCA parameter "orte_base_help_aggregate" to 0 to see all help / error messages
[[41053,2],0][btl_openib_component.c:3426:handle_wc] from griffon-64.nancy.grid5000.fr to: griffon-64.nancy.grid5000.fr error polling LP CQ with status RETRY EXCEEDED ERROR status number 12 for wr_id 1d43880 opcode 32767  vendor error 129 qp_idx 0
--------------------------------------------------------------------------
The InfiniBand retry count between two MPI processes has been
exceeded.  "Retry count" is defined in the InfiniBand spec 1.2
(section 12.7.38):

    The total number of times that the sender wishes the receiver to
    retry timeout, packet sequence, etc. errors before posting a
    completion error.

This error typically means that there is something awry within the
InfiniBand fabric itself.  You should note the hosts on which this
error has occurred; it has been observed that rebooting or removing a
particular host from the job can sometimes resolve this issue.

Two MCA parameters can be used to control Open MPI's behavior with
respect to the retry count:

* btl_openib_ib_retry_count - The number of times the sender will
  attempt to retry (defaulted to 7, the maximum value).
* btl_openib_ib_timeout - The local ACK timeout parameter (defaulted
  to 20).  The actual timeout value used is calculated as:

     4.096 microseconds * (2^btl_openib_ib_timeout)

  See the InfiniBand spec 1.2 (section 12.7.34) for more details.

Below is some information about the host that raised the error and the
peer to which it was connected:

  Local host:   griffon-64.nancy.grid5000.fr
  Local device: mlx4_0
  Peer host:    griffon-64.nancy.grid5000.fr

You may need to consult with your system administrator to get this
problem fixed.
--------------------------------------------------------------------------
[[41053,2],0][btl_openib_component.c:3426:handle_wc] from griffon-64.nancy.grid5000.fr to: griffon-64.nancy.grid5000.fr error polling HP CQ with status WORK REQUEST FLUSHED ERROR status number 5 for wr_id 105f300 opcode 32728  vendor error 244 qp_idx 0
[[41053,1],49][btl_openib_component.c:3426:handle_wc] from griffon-73.nancy.grid5000.fr to: griffon-64 error polling LP CQ with status RETRY EXCEEDED ERROR status number 12 for wr_id 10ed000 opcode 32767  vendor error 129 qp_idx 0
[[41053,1],49][btl_openib_component.c:3426:handle_wc] from griffon-73.nancy.grid5000.fr to: griffon-64 error polling HP CQ with status WORK REQUEST FLUSHED ERROR status number 5 for wr_id 131af00 opcode 32767  vendor error 244 qp_idx 0
[[41053,1],32][btl_openib_component.c:3426:handle_wc] from griffon-70.nancy.grid5000.fr to: griffon-64 error polling LP CQ with status RETRY EXCEEDED ERROR status number 12 for wr_id 20a4800 opcode 32767  vendor error 129 qp_idx 0
[[41053,1],33][btl_openib_component.c:3426:handle_wc] from griffon-70.nancy.grid5000.fr to: griffon-64 error polling LP CQ with status RETRY EXCEEDED ERROR status number 12 for wr_id 11dba00 opcode 32767  vendor error 129 qp_idx 0
[[41053,1],34][btl_openib_component.c:3426:handle_wc] from griffon-70.nancy.grid5000.fr to: griffon-64 error polling LP CQ with status RETRY EXCEEDED ERROR status number 12 for wr_id 24f0800 opcode 32767  vendor error 129 qp_idx 0
[[41053,1],32][btl_openib_component.c:3426:handle_wc] from griffon-70.nancy.grid5000.fr to: griffon-64 error polling HP CQ with status WORK REQUEST FLUSHED ERROR status number 5 for wr_id 2066100 opcode 32599  vendor error 244 qp_idx 0
[[41053,1],33][btl_openib_component.c:3426:handle_wc] from griffon-70.nancy.grid5000.fr to: griffon-64 error polling HP CQ with status WORK REQUEST FLUSHED ERROR status number 5 for wr_id 12b3480 opcode 32586  vendor error 244 qp_idx 0
[[41053,1],34][btl_openib_component.c:3426:handle_wc] from griffon-70.nancy.grid5000.fr to: griffon-64 error polling HP CQ with status WORK REQUEST FLUSHED ERROR status number 5 for wr_id 25c8300 opcode 32726  vendor error 244 qp_idx 0
[[41053,1],63][btl_openib_component.c:3426:handle_wc] from griffon-74.nancy.grid5000.fr to: griffon-64 error polling LP CQ with status RETRY EXCEEDED ERROR status number 12 for wr_id e73a00 opcode 32767  vendor error 129 qp_idx 0
[[41053,1],62][btl_openib_component.c:3426:handle_wc] from griffon-74.nancy.grid5000.fr [[41053,1],61][btl_openib_component.c:3426:handle_wc] from griffon-74.nancy.grid5000.fr to: griffon-64 error polling LP CQ with status RETRY EXCEEDED ERROR status number 12 for wr_id e4ac00 opcode 32767  vendor error 129 qp_idx 0
[[41053,1],57][btl_openib_component.c:3426:handle_wc] from griffon-74.nancy.grid5000.fr to: griffon-64 error polling LP CQ with status RETRY EXCEEDED ERROR status number 12 for wr_id 17eee00 opcode 32767  vendor error 129 qp_idx 0
[[41053,1],58][btl_openib_component.c:3426:handle_wc] from griffon-74.nancy.grid5000.fr to: griffon-64 error polling LP CQ with status RETRY EXCEEDED ERROR status number 12 for wr_id c0dc00 opcode 32767  vendor error 129 qp_idx 0
to: griffon-64 error polling LP CQ with status RETRY EXCEEDED ERROR status number 12 for wr_id 7fe200 opcode 32767  vendor error 129 qp_idx 0
[[41053,1],57][btl_openib_component.c:3426:handle_wc] from griffon-74.nancy.grid5000.fr to: griffon-64 error polling HP CQ with status WORK REQUEST FLUSHED ERROR status number 5 for wr_id 19ec500 opcode 32767  vendor error 244 qp_idx 0
[[41053,1],61][btl_openib_component.c:3426:handle_wc] from griffon-74.nancy.grid5000.fr to: griffon-64 error polling HP CQ with status WORK REQUEST FLUSHED ERROR status number 5 for wr_id 1017400 opcode 32564  vendor error 244 qp_idx 0
[[41053,1],58][btl_openib_component.c:3426:handle_wc] from griffon-74.nancy.grid5000.fr to: griffon-64 error polling HP CQ with status WORK REQUEST FLUSHED ERROR status number 5 for wr_id e0b280 opcode 32767  vendor error 244 qp_idx 0
[[41053,1],62][btl_openib_component.c:3426:handle_wc] from griffon-74.nancy.grid5000.fr to: griffon-64 error polling HP CQ with status WORK REQUEST FLUSHED ERROR status number 5 for wr_id 9d6d80 opcode 32767  vendor error 244 qp_idx 0
[[41053,1],63][btl_openib_component.c:3426:handle_wc] from griffon-74.nancy.grid5000.fr to: griffon-64 error polling HP CQ with status WORK REQUEST FLUSHED ERROR status number 5 for wr_id 101bf00 opcode 32767  vendor error 244 qp_idx 0
frssj: frssj.c:157: benchmark: Assertion `rc == 0' failed.
[griffon-7:02185] *** Process received signal ***
frssj: frssj.c:157: benchmark: Assertion `rc == 0' failed.
frssj: frssj.c:157: benchmark: Assertion `rc == 0' failed.
[griffon-74:02184] *** Process received signal ***
[griffon-7:02185] Signal: Aborted (6)
[griffon-7:02185] Signal code:  (-6)
[griffon-73:02216] *** Process received signal ***
[griffon-73:02216] Signal: Aborted (6)
[griffon-73:02216] Signal code:  (-6)
[griffon-74:02184] Signal: Aborted (6)
[griffon-74:02184] Signal code:  (-6)
frssj: frssj.c:157: benchmark: Assertion `rc == 0' failed.
[griffon-74:02188] *** Process received signal ***
[griffon-74:02188] Signal: Aborted (6)
[griffon-74:02188] Signal code:  (-6)
frssj: frssj.c:157: benchmark: Assertion `rc == 0' failed.
[griffon-64:02273] *** Process received signal ***
[griffon-64:02273] Signal: Aborted (6)
[griffon-64:02273] Signal code:  (-6)
frssj: frssj.c:157: benchmark: Assertion `rc == 0' failed.
[griffon-7:02186] *** Process received signal ***
[griffon-7:02186] Signal: Aborted (6)
[griffon-7:02186] Signal code:  (-6)
frssj: frssj.c:157: benchmark: Assertion `rc == 0' failed.
[griffon-73:02218] *** Process received signal ***
[griffon-73:02218] Signal: Aborted (6)
[griffon-73:02218] Signal code:  (-6)
frssj: frssj.c:157: benchmark: Assertion `rc == 0' failed.
[griffon-64:02281] *** Process received signal ***
[griffon-64:02281] Signal: Aborted (6)
[griffon-64:02281] Signal code:  (-6)
frssj: frssj.c:157: benchmark: Assertion `rc == 0' failed.
[griffon-68:02187] *** Process received signal ***
[griffon-68:02187] Signal: Aborted (6)
[griffon-68:02187] Signal code:  (-6)
frssj: frssj.c:157: benchmark: Assertion `rc == 0' failed.
[griffon-64:02281] [ 0] /lib/libpthread.so.0(+0xeff0) [0x7f18cab7bff0]
[griffon-64:02281] [ 1] /lib/libc.so.6(gsignal+0x35) [0x7f18ca83d1b5]
[griffon-64:02281] [ 2] /lib/libc.so.6(abort+0x180) [0x7f18ca83ffc0]
[griffon-64:02281] [ 3] /lib/libc.so.6(__assert_fail+0xf1) [0x7f18ca836301]
[griffon-64:02281] [ 4] frssj() [0x40178d]
[griffon-64:02281] [ 5] frssj(main+0x9e) [0x401d1a]
[griffon-64:02281] [ 6] /lib/libc.so.6(__libc_start_main+0xfd) [0x7f18ca829c8d]
[griffon-64:02281] [ 7] frssj() [0x401329]
[griffon-64:02281] *** End of error message ***
[griffon-64:02273] [ 0] /lib/libpthread.so.0(+0xeff0) [0x7ffdf7da7ff0]
[griffon-64:02273] [ 1] /lib/libc.so.6(gsignal+0x35) [0x7ffdf7a691b5]
[griffon-64:02273] [ 2] /lib/libc.so.6(abort+0x180) [0x7ffdf7a6bfc0]
[griffon-64:02273] [ 3] /lib/libc.so.6(__assert_fail+0xf1) [0x7ffdf7a62301]
[griffon-64:02273] [ 4] frssj() [0x40178d]
[griffon-64:02273] [ 5] frssj(main+0x9e) [0x401d1a]
[griffon-64:02273] [ 6] /lib/libc.so.6(__libc_start_main+0xfd) [0x7ffdf7a55c8d]
[griffon-64:02273] [ 7] frssj() [0x401329]
[griffon-64:02273] *** End of error message ***
[griffon-70:02221] *** Process received signal ***
[griffon-70:02221] Signal: Aborted (6)
[griffon-70:02221] Signal code:  (-6)
[griffon-73:02216] [ 0] /lib/libpthread.so.0(+0xeff0) [0x7f7c4086fff0]
[griffon-73:02216] [ 1] /lib/libc.so.6(gsignal+0x35) [0x7f7c405311b5]
[griffon-73:02216] [ 2] /lib/libc.so.6(abort+0x180) [0x7f7c40533fc0]
[griffon-73:02216] [ 3] /lib/libc.so.6(__assert_fail+0xf1) [0x7f7c4052a301]
[griffon-73:02216] [ 4] frssj() [0x40178d]
[griffon-73:02216] [ 5] frssj(main+0x9e) [0x401d1a]
[griffon-73:02216] [ 6] /lib/libc.so.6(__libc_start_main+0xfd) [0x7f7c4051dc8d]
[griffon-73:02216] [ 7] frssj() [0x401329]
[griffon-73:02216] *** End of error message ***
[griffon-73:02218] [ 0] /lib/libpthread.so.0(+0xeff0) [0x7fc8c1aceff0]
[griffon-73:02218] [ 1] /lib/libc.so.6(gsignal+0x35) [0x7fc8c17901b5]
[griffon-73:02218] [ 2] /lib/libc.so.6(abort+0x180) [0x7fc8c1792fc0]
[griffon-73:02218] [ 3] /lib/libc.so.6(__assert_fail+0xf1) [0x7fc8c1789301]
[griffon-73:02218] [ 4] frssj() [0x40178d]
[griffon-73:02218] [ 5] frssj(main+0x9e) [0x401d1a]
[griffon-73:02218] [ 6] /lib/libc.so.6(__libc_start_main+0xfd) [0x7fc8c177cc8d]
[griffon-73:02218] [ 7] frssj() [0x401329]
[griffon-73:02218] *** End of error message ***
[griffon-74:02184] [ 0] /lib/libpthread.so.0(+0xeff0) [0x7fa220392ff0]
[griffon-74:02184] [ 1] /lib/libc.so.6(gsignal+0x35) [0x7fa2200541b5]
[griffon-74:02184] [ 2] /lib/libc.so.6(abort+0x180) [0x7fa220056fc0]
[griffon-74:02184] [ 3] /lib/libc.so.6(__assert_fail+0xf1) [0x7fa22004d301]
[griffon-74:02184] [ 4] frssj() [0x40178d]
[griffon-74:02184] [ 5] frssj(main+0x9e) [0x401d1a]
[griffon-74:02184] [ 6] /lib/libc.so.6(__libc_start_main+0xfd) [0x7fa220040c8d]
[griffon-74:02184] [ 7] frssj() [0x401329]
[griffon-74:02184] *** End of error message ***
[griffon-74:02188] [ 0] /lib/libpthread.so.0(+0xeff0) [0x7f87b8e77ff0]
[griffon-74:02188] [ 1] /lib/libc.so.6(gsignal+0x35) [0x7f87b8b391b5]
[griffon-74:02188] [ 2] /lib/libc.so.6(abort+0x180) [0x7f87b8b3bfc0]
[griffon-74:02188] [ 3] /lib/libc.so.6(__assert_fail+0xf1) [0x7f87b8b32301]
[griffon-74:02188] [ 4] frssj() [0x40178d]
[griffon-74:02188] [ 5] frssj(main+0x9e) [0x401d1a]
[griffon-74:02188] [ 6] /lib/libc.so.6(__libc_start_main+0xfd) [0x7f87b8b25c8d]
[griffon-74:02188] [ 7] frssj() [0x401329]
[griffon-74:02188] *** End of error message ***
frssj: frssj.c:157: benchmark: Assertion `rc == 0' failed.
[griffon-73:02222] *** Process received signal ***
[griffon-73:02222] Signal: Aborted (6)
[griffon-73:02222] Signal code:  (-6)
[griffon-7:02186] [ 0] /lib/libpthread.so.0(+0xeff0) [0x7fdcdd060ff0]
frssj: frssj.c:157: benchmark: Assertion `rc == 0' failed.
[griffon-65:02329] *** Process received signal ***
frssj: frssj.c:157: benchmark: Assertion `rc == 0' failed.
[griffon-65:02329] Signal: Aborted (6)
[griffon-65:02329] Signal code:  (-6)
[griffon-73:02222] [ 0] /lib/libpthread.so.0(+0xeff0) [0x7ff76a34eff0]
[griffon-73:02222] [ 1] /lib/libc.so.6(gsignal+0x35) [0x7ff76a0101b5]
[griffon-73:02222] [ 2] /lib/libc.so.6(abort+0x180) [0x7ff76a012fc0]
[griffon-73:02222] [ 3] /lib/libc.so.6(__assert_fail+0xf1) [0x7ff76a009301]
[griffon-73:02222] [ 4] frssj() [0x40178d]
[griffon-73:02222] [ 5] frssj(main+0x9e) [0x401d1a]
[griffon-73:02222] [ 6] /lib/libc.so.6(__libc_start_main+0xfd) [0x7ff769ffcc8d]
[griffon-73:02222] [ 7] frssj() [0x401329]
[griffon-73:02222] *** End of error message ***
[griffon-73:02220] *** Process received signal ***
[griffon-73:02220] Signal: Aborted (6)
[griffon-73:02220] Signal code:  (-6)
[griffon-7:02185] [ 0] /lib/libpthread.so.0(+0xeff0) [0x7f14dae9cff0]
[griffon-7:02185] [ 1] /lib/libc.so.6(gsignal+0x35) [0x7f14dab5e1b5]
[griffon-7:02185] [ 2] /lib/libc.so.6(abort+0x180) [0x7f14dab60fc0]
[griffon-7:02185] [ 3] /lib/libc.so.6(__assert_fail+0xf1) [0x7f14dab57301]
frssj: frssj.c:157: benchmark: Assertion `rc == 0' failed.
[griffon-73:02223] *** Process received signal ***
[griffon-7:02185] [ 4] frssj() [0x40178d]
[griffon-73:02220] [ 0] /lib/libpthread.so.0(+0xeff0) [0x7f69a36b8ff0]
[griffon-73:02220] [ 1] /lib/libc.so.6(gsignal+0x35) [0x7f69a337a1b5]
[griffon-73:02220] [ 2] /lib/libc.so.6(abort+0x180) [0x7f69a337cfc0]
[griffon-73:02220] [ 3] /lib/libc.so.6(__assert_fail+0xf1) [0x7f69a3373301]
[griffon-73:02220] [ 4] frssj() [0x40178d]
[griffon-73:02220] [ 5] frssj(main+0x9e) [0x401d1a]
[griffon-73:02220] [ 6] /lib/libc.so.6(__libc_start_main+0xfd) [0x7f69a3366c8d]
[griffon-73:02220] [ 7] frssj() [0x401329]
[griffon-73:02220] *** End of error message ***
[griffon-7:02185] [ 5] frssj(main+0x9e) [0x401d1a]
[griffon-7:02185] [ 6] /lib/libc.so.6(__libc_start_main+0xfd) [0x7f14dab4ac8d]
frssj: frssj.c:157: benchmark: Assertion `rc == 0' failed.
[griffon-72:02174] *** Process received signal ***
[griffon-72:02174] Signal: Aborted (6)
[griffon-72:02174] Signal code:  (-6)
[griffon-73:02223] Signal: Aborted (6)
[griffon-73:02223] Signal code:  (-6)
[griffon-7:02185] [ 7] frssj() [0x401329]
frssj: frssj.c:157: benchmark: Assertion `rc == 0' failed.
[griffon-7:02185] *** End of error message ***
[griffon-7:02186] [ 1] /lib/libc.so.6(gsignal+0x35) [0x7fdcdcd221b5]
[griffon-68:02185] *** Process received signal ***
[griffon-68:02185] Signal: Aborted (6)
[griffon-68:02185] Signal code:  (-6)
frssj: frssj.c:157: benchmark: Assertion `rc == 0' failed.
[griffon-70:02224] *** Process received signal ***
[griffon-70:02224] Signal: Aborted (6)
[griffon-70:02224] Signal code:  (-6)
[griffon-70:02221] [ 0] /lib/libpthread.so.0(+0xeff0) [0x7f2c5297eff0]
[griffon-70:02221] [ 1] /lib/libc.so.6(gsignal+0x35) [0x7f2c526401b5]
[griffon-70:02221] [ 2] /lib/libc.so.6(abort+0x180) [0x7f2c52642fc0]
[griffon-70:02221] [ 3] /lib/libc.so.6(__assert_fail+0xf1) [0x7f2c52639301]
[griffon-70:02221] [ 4] frssj() [0x40178d]
[griffon-70:02221] [ 5] frssj(main+0x9e) [0x401d1a]
[griffon-70:02221] [ 6] /lib/libc.so.6(__libc_start_main+0xfd) [0x7f2c5262cc8d]
[griffon-70:02221] [ 7] frssj() [0x401329]
[griffon-70:02221] *** End of error message ***
[griffon-73:02223] [ 0] /lib/libpthread.so.0(+0xeff0) [0x7fe2fb3b8ff0]
[griffon-73:02223] [ 1] /lib/libc.so.6(gsignal+0x35) [0x7fe2fb07a1b5]
[griffon-73:02223] [ 2] /lib/libc.so.6(abort+0x180) [0x7fe2fb07cfc0]
[griffon-73:02223] [ 3] /lib/libc.so.6(__assert_fail+0xf1) [0x7fe2fb073301]
[griffon-73:02223] [ 4] frssj() [0x40178d]
[griffon-73:02223] [ 5] frssj(main+0x9e) [0x401d1a]
[griffon-73:02223] [ 6] /lib/libc.so.6(__libc_start_main+0xfd) [0x7fe2fb066c8d]
[griffon-73:02223] [ 7] frssj() [0x401329]
[griffon-73:02223] *** End of error message ***
frssj: frssj.c:157: benchmark: Assertion `rc == 0' failed.
[griffon-68:02183] *** Process received signal ***
[griffon-68:02183] Signal: Aborted (6)
[griffon-68:02183] Signal code:  (-6)
[griffon-70:02224] [ 0] /lib/libpthread.so.0(+0xeff0) [0x7f84e159bff0]
[griffon-70:02224] [ 1] /lib/libc.so.6(gsignal+0x35) [0x7f84e125d1b5]
[griffon-70:02224] [ 2] /lib/libc.so.6(abort+0x180) [0x7f84e125ffc0]
[griffon-70:02224] [ 3] /lib/libc.so.6(__assert_fail+0xf1) [0x7f84e1256301]
[griffon-70:02224] [ 4] frssj() [0x40178d]
[griffon-70:02224] [ 5] frssj(main+0x9e) [0x401d1a]
[griffon-70:02224] [ 6] /lib/libc.so.6(__libc_start_main+0xfd) [0x7f84e1249c8d]
[griffon-70:02224] [ 7] frssj() [0x401329]
[griffon-70:02224] *** End of error message ***
[griffon-68:02187] [ 0] /lib/libpthread.so.0(+0xeff0) [0x7fc9ab3dbff0]
frssj: frssj.c:157: benchmark: Assertion `rc == 0' failed.
[griffon-68:02185] [ 0] /lib/libpthread.so.0(+0xeff0) [0x7f12043daff0]
[griffon-68:02185] [ 1] /lib/libc.so.6(gsignal+0x35) [0x7f120409c1b5]
[griffon-68:02185] [ 2] /lib/libc.so.6(abort+0x180) [0x7f120409efc0]
[griffon-68:02185] [ 3] /lib/libc.so.6(__assert_fail+0xf1) [0x7f1204095301]
[griffon-68:02185] [ 4] frssj() [0x40178d]
[griffon-68:02185] [ 5] frssj(main+0x9e) [0x401d1a]
[griffon-68:02185] [ 6] /lib/libc.so.6(__libc_start_main+0xfd) [0x7f1204088c8d]
[griffon-68:02185] [ 7] frssj() [0x401329]
[griffon-68:02185] *** End of error message ***
[griffon-65:02330] *** Process received signal ***
[griffon-65:02330] Signal: Aborted (6)
[griffon-65:02330] Signal code:  (-6)
[griffon-68:02187] [ 1] /lib/libc.so.6(gsignal+0x35) [0x7fc9ab09d1b5]
frssj: frssj.c:157: benchmark: Assertion `rc == 0' failed.
[griffon-68:02187] [ 2] /lib/libc.so.6(abort+0x180) [0x7fc9ab09ffc0]
[griffon-70:02225] *** Process received signal ***
[griffon-70:02225] Signal: Aborted (6)
[griffon-70:02225] Signal code:  (-6)
[griffon-68:02187] [ 3] /lib/libc.so.6(__assert_fail+0xf1) [0x7fc9ab096301]
[griffon-68:02187] [ 4] frssj() [0x40178d]
frssj: frssj.c:157: benchmark: Assertion `rc == 0' failed.
[griffon-65:02331] *** Process received signal ***
[griffon-65:02331] Signal: Aborted (6)
[griffon-65:02331] Signal code:  (-6)
[griffon-68:02183] [ 0] /lib/libpthread.so.0(+0xeff0) [0x7fc20260dff0]
[griffon-68:02183] [ 1] /lib/libc.so.6(gsignal+0x35) [0x7fc2022cf1b5]
[griffon-68:02183] [ 2] /lib/libc.so.6(abort+0x180) [0x7fc2022d1fc0]
[griffon-68:02183] [ 3] /lib/libc.so.6(__assert_fail+0xf1) [0x7fc2022c8301]
[griffon-68:02183] [ 4] frssj() [0x40178d]
[griffon-68:02183] [ 5] frssj(main+0x9e) [0x401d1a]
[griffon-68:02183] [ 6] /lib/libc.so.6(__libc_start_main+0xfd) [0x7fc2022bbc8d]
[griffon-68:02183] [ 7] frssj() [0x401329]
[griffon-68:02183] *** End of error message ***
frssj: frssj.c:157: benchmark: Assertion `rc == 0' failed.
[griffon-68:02184] *** Process received signal ***
[griffon-68:02184] Signal: Aborted (6)
[griffon-68:02184] Signal code:  (-6)
[griffon-68:02187] [ 5] frssj(main+0x9e) [0x401d1a]
[griffon-68:02187] [ 6] /lib/libc.so.6(__libc_start_main+0xfd) [0x7fc9ab089c8d]
[griffon-68:02187] [ 7] frssj() [0x401329]
frssj: frssj.c:157: benchmark: Assertion `rc == 0' failed.
[griffon-7:02186] [ 2] /lib/libc.so.6(abort+0x180) [0x7fdcdcd24fc0]
[griffon-68:02187] *** End of error message ***
frssj: frssj.c:157: benchmark: Assertion `rc == 0' failed.
[griffon-7:02186] [ 3] /lib/libc.so.6(__assert_fail+0xf1) [0x7fdcdcd1b301]
[griffon-74:02187] *** Process received signal ***
[griffon-74:02187] Signal: Aborted (6)
[griffon-74:02187] Signal code:  (-6)
[griffon-65:02334] *** Process received signal ***
[griffon-65:02334] Signal: Aborted (6)
[griffon-65:02334] Signal code:  (-6)
[griffon-68:02184] [ 0] /lib/libpthread.so.0(+0xeff0) [0x7fc54797aff0]
[griffon-68:02184] [ 1] /lib/libc.so.6(gsignal+0x35) [0x7fc54763c1b5]
[griffon-68:02184] [ 2] /lib/libc.so.6(abort+0x180) [0x7fc54763efc0]
[griffon-68:02184] [ 3] /lib/libc.so.6(__assert_fail+0xf1) [0x7fc547635301]
[griffon-68:02184] [ 4] frssj() [0x40178d]
[griffon-68:02184] [ 5] frssj(main+0x9e) [0x401d1a]
[griffon-68:02184] [ 6] /lib/libc.so.6(__libc_start_main+0xfd) [0x7fc547628c8d]
[griffon-68:02184] [ 7] frssj() [0x401329]
[griffon-68:02184] *** End of error message ***
[griffon-7:02186] [ 4] frssj() [0x40178d]
[griffon-70:02225] [ 0] /lib/libpthread.so.0(+0xeff0) [0x7fd9fd938ff0]
[griffon-70:02225] [ 1] /lib/libc.so.6(gsignal+0x35) [0x7fd9fd5fa1b5]
[griffon-70:02225] [ 2] /lib/libc.so.6(abort+0x180) [0x7fd9fd5fcfc0]
[griffon-70:02225] [ 3] /lib/libc.so.6(__assert_fail+0xf1) [0x7fd9fd5f3301]
[griffon-70:02225] [ 4] frssj() [0x40178d]
[griffon-70:02225] [ 5] frssj(main+0x9e) [0x401d1a]
[griffon-70:02225] [ 6] /lib/libc.so.6(__libc_start_main+0xfd) [0x7fd9fd5e6c8d]
[griffon-70:02225] [ 7] frssj() [0x401329]
[griffon-70:02225] *** End of error message ***
[griffon-7:02186] [ 5] frssj(main+0x9e) [0x401d1a]
[griffon-7:02186] [ 6] /lib/libc.so.6(__libc_start_main+0xfd) [0x7fdcdcd0ec8d]
frssj: frssj.c:157: benchmark: Assertion `rc == 0' failed.
[griffon-7:02186] [ 7] frssj() [0x401329]
[griffon-70:02222] *** Process received signal ***
[griffon-70:02222] Signal: Aborted (6)
[griffon-70:02222] Signal code:  (-6)
[griffon-65:02330] [ 0] /lib/libpthread.so.0(+0xeff0) [0x7f6555377ff0]
[griffon-65:02330] [ 1] /lib/libc.so.6(gsignal+0x35) [0x7f65550391b5]
[griffon-65:02330] [ 2] /lib/libc.so.6(abort+0x180) [0x7f655503bfc0]
[griffon-65:02330] [ 3] /lib/libc.so.6(__assert_fail+0xf1) [0x7f6555032301]
[griffon-65:02330] [ 4] frssj() [0x40178d]
[griffon-65:02330] [ 5] frssj(main+0x9e) [0x401d1a]
[griffon-65:02330] [ 6] /lib/libc.so.6(__libc_start_main+0xfd) [0x7f6555025c8d]
[griffon-65:02330] [ 7] frssj() [0x401329]
[griffon-65:02330] *** End of error message ***
[griffon-7:02186] *** End of error message ***
[griffon-65:02331] [ 0] /lib/libpthread.so.0(+0xeff0) [0x7f19ea433ff0]
[griffon-65:02331] [ 1] /lib/libc.so.6(gsignal+0x35) [0x7f19ea0f51b5]
[griffon-65:02331] [ 2] /lib/libc.so.6(abort+0x180) [0x7f19ea0f7fc0]
[griffon-65:02331] [ 3] /lib/libc.so.6(__assert_fail+0xf1) [0x7f19ea0ee301]
[griffon-65:02331] [ 4] frssj() [0x40178d]
[griffon-65:02331] [ 5] frssj(main+0x9e) [0x401d1a]
[griffon-65:02331] [ 6] /lib/libc.so.6(__libc_start_main+0xfd) [0x7f19ea0e1c8d]
[griffon-65:02331] [ 7] frssj() [0x401329]
[griffon-65:02331] *** End of error message ***
frssj: frssj.c:157: benchmark: Assertion `rc == 0' failed.
[griffon-68:02189] *** Process received signal ***
[griffon-68:02189] Signal: Aborted (6)
[griffon-68:02189] Signal code:  (-6)
[griffon-74:02187] [ 0] /lib/libpthread.so.0(+0xeff0) [0x7fa285e57ff0]
[griffon-74:02187] [ 1] /lib/libc.so.6(gsignal+0x35) [0x7fa285b191b5]
[griffon-74:02187] [ 2] /lib/libc.so.6(abort+0x180) [0x7fa285b1bfc0]
[griffon-74:02187] [ 3] /lib/libc.so.6(__assert_fail+0xf1) [0x7fa285b12301]
[griffon-74:02187] [ 4] frssj() [0x40178d]
[griffon-74:02187] [ 5] frssj(main+0x9e) [0x401d1a]
[griffon-74:02187] [ 6] /lib/libc.so.6(__libc_start_main+0xfd) [0x7fa285b05c8d]
[griffon-74:02187] [ 7] frssj() [0x401329]
[griffon-74:02187] *** End of error message ***
[griffon-65:02329] [ 0] /lib/libpthread.so.0(+0xeff0) [0x7f6bea607ff0]
[griffon-65:02334] [ 0] /lib/libpthread.so.0(+0xeff0) [0x7f065965bff0]
[griffon-65:02334] [ 1] /lib/libc.so.6(gsignal+0x35) [0x7f065931d1b5]
[griffon-65:02334] [ 2] /lib/libc.so.6(abort+0x180) [0x7f065931ffc0]
[griffon-65:02334] [ 3] /lib/libc.so.6(__assert_fail+0xf1) [0x7f0659316301]
[griffon-65:02334] [ 4] frssj() [0x40178d]
[griffon-65:02334] [ 5] frssj(main+0x9e) [0x401d1a]
[griffon-65:02334] [ 6] /lib/libc.so.6(__libc_start_main+0xfd) [0x7f0659309c8d]
[griffon-65:02334] [ 7] frssj() [0x401329]
[griffon-65:02334] *** End of error message ***
[griffon-65:02329] [ 1] /lib/libc.so.6(gsignal+0x35) [0x7f6bea2c91b5]
[griffon-65:02329] [ 2] /lib/libc.so.6(abort+0x180) [0x7f6bea2cbfc0]
[griffon-65:02329] [ 3] /lib/libc.so.6(__assert_fail+0xf1) [0x7f6bea2c2301]
[griffon-65:02329] [ 4] frssj() [0x40178d]
[griffon-72:02174] [ 0] /lib/libpthread.so.0(+0xeff0) [0x7fad66156ff0]
[griffon-72:02174] [ 1] /lib/libc.so.6(gsignal+0x35) [0x7fad65e181b5]
[griffon-72:02174] [ 2] /lib/libc.so.6(abort+0x180) [0x7fad65e1afc0]
[griffon-72:02174] [ 3] /lib/libc.so.6(__assert_fail+0xf1) [0x7fad65e11301]
[griffon-72:02174] [ 4] frssj() [0x40178d]
[griffon-72:02174] [ 5] frssj(main+0x9e) [0x401d1a]
[griffon-72:02174] [ 6] /lib/libc.so.6(__libc_start_main+0xfd) [0x7fad65e04c8d]
[griffon-72:02174] [ 7] frssj() [0x401329]
[griffon-72:02174] *** End of error message ***
[griffon-70:02222] [ 0] /lib/libpthread.so.0(+0xeff0) [0x7ff262d71ff0]
[griffon-70:02222] [ 1] /lib/libc.so.6(gsignal+0x35) [0x7ff262a331b5]
[griffon-70:02222] [ 2] /lib/libc.so.6(abort+0x180) [0x7ff262a35fc0]
[griffon-70:02222] [ 3] /lib/libc.so.6(__assert_fail+0xf1) [0x7ff262a2c301]
[griffon-70:02222] [ 4] frssj() [0x40178d]
[griffon-70:02222] [ 5] frssj(main+0x9e) [0x401d1a]
[griffon-70:02222] [ 6] /lib/libc.so.6(__libc_start_main+0xfd) [0x7ff262a1fc8d]
[griffon-70:02222] [ 7] frssj() [0x401329]
[griffon-65:02329] [ 5] frssj(main+0x9e) [0x401d1a]
frssj: frssj.c:157: benchmark: Assertion `rc == 0' failed.
[griffon-68:02190] *** Process received signal ***
[griffon-68:02190] Signal: Aborted (6)
[griffon-68:02190] Signal code:  (-6)
[griffon-70:02222] *** End of error message ***
[griffon-65:02329] [ 6] /lib/libc.so.6(__libc_start_main+0xfd) [0x7f6bea2b5c8d]
[griffon-65:02329] [ 7] frssj() [0x401329]
[griffon-65:02329] *** End of error message ***
[griffon-68:02189] [ 0] /lib/libpthread.so.0(+0xeff0) [0x7f224f25dff0]
[griffon-68:02189] [ 1] /lib/libc.so.6(gsignal+0x35) [0x7f224ef1f1b5]
[griffon-68:02189] [ 2] /lib/libc.so.6(abort+0x180) [0x7f224ef21fc0]
[griffon-68:02189] [ 3] /lib/libc.so.6(__assert_fail+0xf1) [0x7f224ef18301]
[griffon-68:02189] [ 4] frssj() [0x40178d]
[griffon-68:02189] [ 5] frssj(main+0x9e) [0x401d1a]
[griffon-68:02189] [ 6] /lib/libc.so.6(__libc_start_main+0xfd) [0x7f224ef0bc8d]
[griffon-68:02189] [ 7] frssj() [0x401329]
[griffon-68:02189] *** End of error message ***
frssj: frssj.c:157: benchmark: Assertion `rc == 0' failed.
frssj: frssj.c:157: benchmark: Assertion `rc == 0' failed.
[griffon-64:02238] *** Process received signal ***
[griffon-64:02238] Signal: Aborted (6)
[griffon-64:02238] Signal code:  (-6)
[griffon-72:02179] *** Process received signal ***
[griffon-72:02179] Signal: Aborted (6)
[griffon-72:02179] Signal code:  (-6)
[griffon-68:02190] [ 0] /lib/libpthread.so.0(+0xeff0) [0x7f7d81c2cff0]
[griffon-68:02190] [ 1] /lib/libc.so.6(gsignal+0x35) [0x7f7d818ee1b5]
[griffon-68:02190] [ 2] /lib/libc.so.6(abort+0x180) [0x7f7d818f0fc0]
[griffon-68:02190] [ 3] /lib/libc.so.6(__assert_fail+0xf1) [0x7f7d818e7301]
[griffon-68:02190] [ 4] frssj() [0x40178d]
[griffon-68:02190] [ 5] frssj(main+0x9e) [0x401d1a]
[griffon-68:02190] [ 6] /lib/libc.so.6(__libc_start_main+0xfd) [0x7f7d818dac8d]
[griffon-68:02190] [ 7] frssj() [0x401329]
[griffon-68:02190] *** End of error message ***
frssj: frssj.c:157: benchmark: Assertion `rc == 0' failed.
[griffon-65:02332] *** Process received signal ***
[griffon-65:02332] Signal: Aborted (6)
[griffon-65:02332] Signal code:  (-6)
frssj: frssj.c:157: benchmark: Assertion `rc == 0' failed.
[griffon-68:02188] *** Process received signal ***
frssj: frssj.c:157: benchmark: Assertion `rc == 0' failed.
[griffon-68:02188] Signal: Aborted (6)
[griffon-68:02188] Signal code:  (-6)
[griffon-65:02332] [ 0] /lib/libpthread.so.0(+0xeff0) [0x7f1d6c35bff0]
[griffon-65:02332] [ 1] /lib/libc.so.6(gsignal+0x35) [0x7f1d6c01d1b5]
[griffon-65:02332] [ 2] /lib/libc.so.6(abort+0x180) [0x7f1d6c01ffc0]
[griffon-65:02332] [ 3] /lib/libc.so.6(__assert_fail+0xf1) [0x7f1d6c016301]
[griffon-65:02332] [ 4] frssj() [0x40178d]
[griffon-65:02332] [ 5] frssj(main+0x9e) [0x401d1a]
[griffon-65:02332] [ 6] /lib/libc.so.6(__libc_start_main+0xfd) [0x7f1d6c009c8d]
[griffon-65:02332] [ 7] frssj() [0x401329]
[griffon-65:02332] *** End of error message ***
[griffon-72:02180] *** Process received signal ***
[griffon-72:02180] Signal: Aborted (6)
[griffon-72:02180] Signal code:  (-6)
frssj: frssj.c:157: benchmark: Assertion `rc == 0' failed.
[griffon-65:02333] *** Process received signal ***
[griffon-65:02333] Signal: Aborted (6)
[griffon-65:02333] Signal code:  (-6)
[griffon-64:02238] [ 0] /lib/libpthread.so.0(+0xeff0) [0x7f82c76efff0]
[griffon-64:02238] [ 1] /lib/libc.so.6(gsignal+0x35) [0x7f82c73b11b5]
[griffon-64:02238] [ 2] /lib/libc.so.6(abort+0x180) [0x7f82c73b3fc0]
[griffon-64:02238] [ 3] /lib/libc.so.6(__assert_fail+0xf1) [0x7f82c73aa301]
[griffon-64:02238] [ 4] frssj() [0x40178d]
[griffon-64:02238] [ 5] frssj(main+0x9e) [0x401d1a]
[griffon-64:02238] [ 6] /lib/libc.so.6(__libc_start_main+0xfd) [0x7f82c739dc8d]
[griffon-64:02238] [ 7] frssj() [0x401329]
[griffon-64:02238] *** End of error message ***
[griffon-72:02179] [ 0] /lib/libpthread.so.0(+0xeff0) [0x7f4c57fb8ff0]
[griffon-72:02179] [ 1] /lib/libc.so.6(gsignal+0x35) [0x7f4c57c7a1b5]
[griffon-72:02179] [ 2] /lib/libc.so.6(abort+0x180) [0x7f4c57c7cfc0]
[griffon-72:02179] [ 3] /lib/libc.so.6(__assert_fail+0xf1) [0x7f4c57c73301]
[griffon-72:02179] [ 4] frssj() [0x40178d]
[griffon-72:02179] [ 5] frssj(main+0x9e) [0x401d1a]
[griffon-72:02179] [ 6] /lib/libc.so.6(__libc_start_main+0xfd) [0x7f4c57c66c8d]
[griffon-72:02179] [ 7] frssj() [0x401329]
[griffon-72:02179] *** End of error message ***
frssj: frssj.c:157: benchmark: Assertion `rc == 0' failed.
[griffon-70:02223] *** Process received signal ***
[griffon-70:02223] Signal: Aborted (6)
[griffon-70:02223] Signal code:  (-6)
frssj: frssj.c:157: benchmark: Assertion `rc == 0' failed.
[griffon-68:02186] *** Process received signal ***
[griffon-68:02186] Signal: Aborted (6)
[griffon-68:02186] Signal code:  (-6)
frssj: frssj.c:157: benchmark: Assertion `rc == 0' failed.
[griffon-7:02181] *** Process received signal ***
[griffon-68:02188] [ 0] /lib/libpthread.so.0(+0xeff0) [0x7f221842fff0]
[griffon-68:02188] [ 1] /lib/libc.so.6(gsignal+0x35) [0x7f22180f11b5]
[griffon-68:02188] [ 2] /lib/libc.so.6(abort+0x180) [0x7f22180f3fc0]
[griffon-68:02188] [ 3] /lib/libc.so.6(__assert_fail+0xf1) [0x7f22180ea301]
[griffon-68:02188] [ 4] frssj() [0x40178d]
[griffon-68:02188] [ 5] frssj(main+0x9e) [0x401d1a]
[griffon-68:02188] [ 6] /lib/libc.so.6(__libc_start_main+0xfd) [0x7f22180ddc8d]
[griffon-68:02188] [ 7] frssj() [0x401329]
[griffon-68:02188] *** End of error message ***
frssj: frssj.c:157: benchmark: Assertion `rc == 0' failed.
[griffon-7:02181] Signal: Aborted (6)
[griffon-7:02181] Signal code:  (-6)
[griffon-72:02175] *** Process received signal ***
[griffon-72:02175] Signal: Aborted (6)
[griffon-72:02175] Signal code:  (-6)
[griffon-65:02333] [ 0] /lib/libpthread.so.0(+0xeff0) [0x7ff347d9eff0]
[griffon-65:02333] [ 1] /lib/libc.so.6(gsignal+0x35) [0x7ff347a601b5]
[griffon-65:02333] [ 2] /lib/libc.so.6(abort+0x180) [0x7ff347a62fc0]
[griffon-65:02333] [ 3] /lib/libc.so.6(__assert_fail+0xf1) [0x7ff347a59301]
[griffon-65:02333] [ 4] frssj() [0x40178d]
[griffon-65:02333] [ 5] frssj(main+0x9e) [0x401d1a]
[griffon-65:02333] [ 6] /lib/libc.so.6(__libc_start_main+0xfd) [0x7ff347a4cc8d]
[griffon-65:02333] [ 7] frssj() [0x401329]
[griffon-65:02333] *** End of error message ***
frssj: frssj.c:157: benchmark: Assertion `rc == 0' failed.
[griffon-65:02335] *** Process received signal ***
[griffon-65:02335] Signal: Aborted (6)
[griffon-65:02335] Signal code:  (-6)
frssj: frssj.c:157: benchmark: Assertion `rc == 0' failed.
[griffon-7:02180] *** Process received signal ***
frssj: frssj.c:157: benchmark: Assertion `rc == 0' failed.
[griffon-65:02336] *** Process received signal ***
[griffon-65:02336] Signal: Aborted (6)
[griffon-65:02336] Signal code:  (-6)
[griffon-7:02180] Signal: Aborted (6)
[griffon-7:02180] Signal code:  (-6)
[griffon-68:02186] [ 0] /lib/libpthread.so.0(+0xeff0) [0x7fb46d83cff0]
[griffon-68:02186] [ 1] /lib/libc.so.6(gsignal+0x35) [0x7fb46d4fe1b5]
[griffon-68:02186] [ 2] /lib/libc.so.6(abort+0x180) [0x7fb46d500fc0]
[griffon-68:02186] [ 3] /lib/libc.so.6(__assert_fail+0xf1) [0x7fb46d4f7301]
[griffon-68:02186] [ 4] frssj() [0x40178d]
[griffon-68:02186] [ 5] frssj(main+0x9e) [0x401d1a]
[griffon-68:02186] [ 6] /lib/libc.so.6(__libc_start_main+0xfd) [0x7fb46d4eac8d]
[griffon-68:02186] [ 7] frssj() [0x401329]
[griffon-68:02186] *** End of error message ***
frssj: frssj.c:157: benchmark: Assertion `rc == 0' failed.
[griffon-72:02176] *** Process received signal ***
[griffon-70:02223] [ 0] /lib/libpthread.so.0(+0xeff0) [0x7fe1e62aeff0]
[griffon-72:02176] Signal: Aborted (6)
[griffon-72:02176] Signal code:  (-6)
[griffon-7:02181] [ 0] /lib/libpthread.so.0(+0xeff0) [0x7f061ce01ff0]
[griffon-7:02181] [ 1] /lib/libc.so.6(gsignal+0x35) [0x7f061cac31b5]
[griffon-7:02181] [ 2] /lib/libc.so.6(abort+0x180) [0x7f061cac5fc0]
[griffon-7:02181] [ 3] /lib/libc.so.6(__assert_fail+0xf1) [0x7f061cabc301]
[griffon-7:02181] [ 4] frssj() [0x40178d]
[griffon-7:02181] [ 5] frssj(main+0x9e) [0x401d1a]
[griffon-7:02181] [ 6] /lib/libc.so.6(__libc_start_main+0xfd) [0x7f061caafc8d]
[griffon-7:02181] [ 7] frssj() [0x401329]
[griffon-70:02223] [ 1] /lib/libc.so.6(gsignal+0x35) [0x7fe1e5f701b5]
[griffon-72:02175] [ 0] /lib/libpthread.so.0(+0xeff0) [0x7f69c1570ff0]
[griffon-72:02175] [ 1] /lib/libc.so.6(gsignal+0x35) [0x7f69c12321b5]
[griffon-72:02175] [ 2] /lib/libc.so.6(abort+0x180) [0x7f69c1234fc0]
[griffon-72:02175] [ 3] /lib/libc.so.6(__assert_fail+0xf1) [0x7f69c122b301]
[griffon-72:02175] [ 4] frssj() [0x40178d]
[griffon-7:02181] *** End of error message ***
[griffon-70:02223] [ 2] /lib/libc.so.6(abort+0x180) [0x7fe1e5f72fc0]
[griffon-72:02175] [ 5] frssj(main+0x9e) [0x401d1a]
[griffon-72:02175] [ 6] /lib/libc.so.6(__libc_start_main+0xfd) [0x7f69c121ec8d]
[griffon-72:02175] [ 7] frssj() [0x401329]
[griffon-72:02175] *** End of error message ***
[griffon-70:02223] [ 3] /lib/libc.so.6(__assert_fail+0xf1) [0x7fe1e5f69301]
[griffon-72:02180] [ 0] /lib/libpthread.so.0(+0xeff0) [0x7fec70468ff0]
frssj: frssj.c:157: benchmark: Assertion `rc == 0' failed.
[griffon-70:02223] [ 4] frssj() [0x40178d]
[griffon-72:02180] [ 1] /lib/libc.so.6(gsignal+0x35) [0x7fec7012a1b5]
[griffon-7:02179] *** Process received signal ***
[griffon-7:02179] Signal: Aborted (6)
[griffon-7:02179] Signal code:  (-6)
[griffon-70:02223] [ 5] frssj(main+0x9e) [0x401d1a]
[griffon-65:02336] [ 0] /lib/libpthread.so.0(+0xeff0) [0x7fba00755ff0]
[griffon-65:02336] [ 1] /lib/libc.so.6(gsignal+0x35) [0x7fba004171b5]
[griffon-65:02336] [ 2] /lib/libc.so.6(abort+0x180) [0x7fba00419fc0]
[griffon-65:02336] [ 3] /lib/libc.so.6(__assert_fail+0xf1) [0x7fba00410301]
[griffon-65:02336] [ 4] frssj() [0x40178d]
[griffon-65:02336] [ 5] frssj(main+0x9e) [0x401d1a]
[griffon-65:02336] [ 6] /lib/libc.so.6(__libc_start_main+0xfd) [0x7fba00403c8d]
frssj: frssj.c:157: benchmark: Assertion `rc == 0' failed.
[griffon-70:02223] [ 6] /lib/libc.so.6(__libc_start_main+0xfd) [0x7fe1e5f5cc8d]
[griffon-65:02335] [ 0] /lib/libpthread.so.0(+0xeff0) [0x7fb9c74daff0]
[griffon-65:02335] [ 1] /lib/libc.so.6(gsignal+0x35) [0x7fb9c719c1b5]
[griffon-65:02335] [ 2] /lib/libc.so.6(abort+0x180) [0x7fb9c719efc0]
[griffon-65:02335] [ 3] /lib/libc.so.6(__assert_fail+0xf1) [0x7fb9c7195301]
[griffon-65:02335] [ 4] frssj() [0x40178d]
[griffon-65:02335] [ 5] frssj(main+0x9e) [0x401d1a]
[griffon-65:02335] [ 6] /lib/libc.so.6(__libc_start_main+0xfd) [0x7fb9c7188c8d]
[griffon-65:02335] [ 7] frssj() [0x401329]
[griffon-65:02335] *** End of error message ***
[griffon-72:02177] *** Process received signal ***
[griffon-72:02177] Signal: Aborted (6)
[griffon-72:02177] Signal code:  (-6)
[griffon-7:02180] [ 0] /lib/libpthread.so.0(+0xeff0) [0x7fc6296d3ff0]
[griffon-7:02180] [ 1] /lib/libc.so.6(gsignal+0x35) [0x7fc6293951b5]
[griffon-7:02180] [ 2] /lib/libc.so.6(abort+0x180) [0x7fc629397fc0]
[griffon-7:02180] [ 3] /lib/libc.so.6(__assert_fail+0xf1) [0x7fc62938e301]
[griffon-7:02180] [ 4] frssj() [0x40178d]
[griffon-7:02180] [ 5] frssj(main+0x9e) [0x401d1a]
[griffon-7:02180] [ 6] /lib/libc.so.6(__libc_start_main+0xfd) [0x7fc629381c8d]
[griffon-7:02180] [ 7] frssj() [0x401329]
frssj: frssj.c:157: benchmark: Assertion `rc == 0' failed.
[griffon-64:02268] *** Process received signal ***
[griffon-64:02268] Signal: Aborted (6)
[griffon-64:02268] Signal code:  (-6)
[griffon-7:02180] *** End of error message ***
frssj: frssj.c:157: benchmark: Assertion `rc == 0' failed.
[griffon-65:02336] [ 7] frssj() [0x401329]
[griffon-65:02336] *** End of error message ***
[griffon-72:02180] [ 2] /lib/libc.so.6(abort+0x180) [0x7fec7012cfc0]
[griffon-70:02223] [ 7] frssj() [0x401329]
[griffon-73:02221] *** Process received signal ***
[griffon-73:02221] Signal: Aborted (6)
[griffon-73:02221] Signal code:  (-6)
[griffon-72:02180] [ 3] /lib/libc.so.6(__assert_fail+0xf1) [0x7fec70123301]
frssj: frssj.c:157: benchmark: Assertion `rc == 0' failed.
[griffon-70:02223] *** End of error message ***
[griffon-72:02180] [ 4] frssj() [0x40178d]
[griffon-7:02184] *** Process received signal ***
[griffon-7:02184] Signal: Aborted (6)
[griffon-7:02184] Signal code:  (-6)
[griffon-72:02176] [ 0] /lib/libpthread.so.0(+0xeff0) [0x7f5fd3a81ff0]
[griffon-72:02176] [ 1] /lib/libc.so.6(gsignal+0x35) [0x7f5fd37431b5]
[griffon-72:02176] [ 2] /lib/libc.so.6(abort+0x180) [0x7f5fd3745fc0]
[griffon-72:02176] [ 3] /lib/libc.so.6(__assert_fail+0xf1) [0x7f5fd373c301]
[griffon-72:02176] [ 4] frssj() [0x40178d]
[griffon-72:02176] [ 5] frssj(main+0x9e) [0x401d1a]
[griffon-72:02176] [ 6] /lib/libc.so.6(__libc_start_main+0xfd) [0x7f5fd372fc8d]
[griffon-72:02176] [ 7] frssj() [0x401329]
[griffon-7:02179] [ 0] /lib/libpthread.so.0(+0xeff0) [0x7f36ae570ff0]
[griffon-7:02179] [ 1] /lib/libc.so.6(gsignal+0x35) [0x7f36ae2321b5]
[griffon-7:02179] [ 2] /lib/libc.so.6(abort+0x180) [0x7f36ae234fc0]
[griffon-7:02179] [ 3] /lib/libc.so.6(__assert_fail+0xf1) [0x7f36ae22b301]
[griffon-7:02179] [ 4] frssj() [0x40178d]
[griffon-7:02179] [ 5] frssj(main+0x9e) [0x401d1a]
[griffon-7:02179] [ 6] /lib/libc.so.6(__libc_start_main+0xfd) [0x7f36ae21ec8d]
[griffon-7:02179] [ 7] frssj() [0x401329]
[griffon-7:02179] *** End of error message ***
[griffon-72:02180] [ 5] frssj(main+0x9e) [0x401d1a]
[griffon-72:02176] *** End of error message ***
[griffon-72:02180] [ 6] /lib/libc.so.6(__libc_start_main+0xfd) [0x7fec70116c8d]
[griffon-72:02180] [ 7] frssj() [0x401329]
[griffon-64:02268] [ 0] /lib/libpthread.so.0(+0xeff0) [0x7f811dbdcff0]
[griffon-64:02268] [ 1] /lib/libc.so.6(gsignal+0x35) [0x7f811d89e1b5]
[griffon-64:02268] [ 2] /lib/libc.so.6(abort+0x180) [0x7f811d8a0fc0]
[griffon-64:02268] [ 3] /lib/libc.so.6(__assert_fail+0xf1) [0x7f811d897301]
[griffon-64:02268] [ 4] frssj() [0x40178d]
[griffon-64:02268] [ 5] frssj(main+0x9e) [0x401d1a]
[griffon-64:02268] [ 6] /lib/libc.so.6(__libc_start_main+0xfd) [0x7f811d88ac8d]
[griffon-64:02268] [ 7] frssj() [0x401329]
[griffon-64:02268] *** End of error message ***
[griffon-72:02180] *** End of error message ***
frssj: frssj.c:157: benchmark: Assertion `rc == 0' failed.
[griffon-7:02182] *** Process received signal ***
[griffon-7:02182] Signal: Aborted (6)
[griffon-7:02182] Signal code:  (-6)
[griffon-73:02221] [ 0] /lib/libpthread.so.0(+0xeff0) [0x7f60a7049ff0]
[griffon-73:02221] [ 1] /lib/libc.so.6(gsignal+0x35) [0x7f60a6d0b1b5]
[griffon-73:02221] [ 2] /lib/libc.so.6(abort+0x180) [0x7f60a6d0dfc0]
[griffon-73:02221] [ 3] /lib/libc.so.6(__assert_fail+0xf1) [0x7f60a6d04301]
[griffon-73:02221] [ 4] frssj() [0x40178d]
[griffon-73:02221] [ 5] frssj(main+0x9e) [0x401d1a]
[griffon-73:02221] [ 6] /lib/libc.so.6(__libc_start_main+0xfd) [0x7f60a6cf7c8d]
[griffon-72:02177] [ 0] /lib/libpthread.so.0(+0xeff0) [0x7f0e5fbc0ff0]
[griffon-72:02177] [ 1] /lib/libc.so.6(gsignal+0x35) [0x7f0e5f8821b5]
[griffon-72:02177] [ 2] /lib/libc.so.6(abort+0x180) [0x7f0e5f884fc0]
[griffon-72:02177] [ 3] /lib/libc.so.6(__assert_fail+0xf1) [0x7f0e5f87b301]
[griffon-72:02177] [ 4] frssj() [0x40178d]
[griffon-72:02177] [ 5] frssj(main+0x9e) [0x401d1a]
[griffon-72:02177] [ 6] /lib/libc.so.6(__libc_start_main+0xfd) [0x7f0e5f86ec8d]
[griffon-72:02177] [ 7] frssj() [0x401329]
[griffon-72:02177] *** End of error message ***
[griffon-7:02184] [ 0] /lib/libpthread.so.0(+0xeff0) [0x7fc4be2b9ff0]
[griffon-7:02184] [ 1] /lib/libc.so.6(gsignal+0x35) [0x7fc4bdf7b1b5]
[griffon-7:02184] [ 2] /lib/libc.so.6(abort+0x180) [0x7fc4bdf7dfc0]
[griffon-7:02184] [ 3] /lib/libc.so.6(__assert_fail+0xf1) [0x7fc4bdf74301]
[griffon-7:02184] [ 4] frssj() [0x40178d]
[griffon-7:02184] [ 5] frssj(main+0x9e) [0x401d1a]
[griffon-7:02184] [ 6] /lib/libc.so.6(__libc_start_main+0xfd) [0x7fc4bdf67c8d]
[griffon-7:02184] [ 7] frssj() [0x401329]
[griffon-7:02184] *** End of error message ***
[griffon-73:02221] [ 7] frssj() [0x401329]
[griffon-73:02221] *** End of error message ***
frssj: frssj.c:157: benchmark: Assertion `rc == 0' failed.
[griffon-72:02178] *** Process received signal ***
[griffon-72:02178] Signal: Aborted (6)
[griffon-72:02178] Signal code:  (-6)
frssj: frssj.c:157: benchmark: Assertion `rc == 0' failed.
[griffon-64:02239] *** Process received signal ***
[griffon-64:02239] Signal: Aborted (6)
[griffon-64:02239] Signal code:  (-6)
[griffon-7:02182] [ 0] /lib/libpthread.so.0(+0xeff0) [0x7f54d1405ff0]
[griffon-7:02182] [ 1] /lib/libc.so.6(gsignal+0x35) [0x7f54d10c71b5]
[griffon-7:02182] [ 2] /lib/libc.so.6(abort+0x180) [0x7f54d10c9fc0]
[griffon-7:02182] [ 3] /lib/libc.so.6(__assert_fail+0xf1) [0x7f54d10c0301]
[griffon-7:02182] [ 4] frssj() [0x40178d]
[griffon-7:02182] [ 5] frssj(main+0x9e) [0x401d1a]
[griffon-7:02182] [ 6] /lib/libc.so.6(__libc_start_main+0xfd) [0x7f54d10b3c8d]
[griffon-7:02182] [ 7] frssj() [0x401329]
[griffon-7:02182] *** End of error message ***
[griffon-72:02178] [ 0] /lib/libpthread.so.0(+0xeff0) [0x7fc0cf978ff0]
[griffon-72:02178] [ 1] /lib/libc.so.6(gsignal+0x35) [0x7fc0cf63a1b5]
[griffon-72:02178] [ 2] /lib/libc.so.6(abort+0x180) [0x7fc0cf63cfc0]
[griffon-72:02178] [ 3] /lib/libc.so.6(__assert_fail+0xf1) [0x7fc0cf633301]
[griffon-72:02178] [ 4] frssj() [0x40178d]
[griffon-72:02178] [ 5] frssj(main+0x9e) [0x401d1a]
[griffon-72:02178] [ 6] /lib/libc.so.6(__libc_start_main+0xfd) [0x7fc0cf626c8d]
[griffon-72:02178] [ 7] frssj() [0x401329]
[griffon-72:02178] *** End of error message ***
frssj: frssj.c:157: benchmark: Assertion `rc == 0' failed.
[griffon-72:02181] *** Process received signal ***
[griffon-72:02181] Signal: Aborted (6)
[griffon-72:02181] Signal code:  (-6)
frssj: frssj.c:157: benchmark: Assertion `rc == 0' failed.
[griffon-7:02183] *** Process received signal ***
frssj: frssj.c:157: benchmark: Assertion `rc == 0' failed.
[griffon-7:02183] Signal: Aborted (6)
[griffon-7:02183] Signal code:  (-6)
[griffon-73:02219] *** Process received signal ***
[griffon-73:02219] Signal: Aborted (6)
[griffon-73:02219] Signal code:  (-6)
frssj: frssj.c:157: benchmark: Assertion `rc == 0' failed.
[griffon-64:02277] *** Process received signal ***
[griffon-64:02277] Signal: Aborted (6)
[griffon-64:02277] Signal code:  (-6)
[griffon-64:02239] [ 0] /lib/libpthread.so.0(+0xeff0) [0x7fb9d9089ff0]
[griffon-64:02239] [ 1] /lib/libc.so.6(gsignal+0x35) [0x7fb9d8d4b1b5]
[griffon-64:02239] [ 2] /lib/libc.so.6(abort+0x180) [0x7fb9d8d4dfc0]
[griffon-64:02239] [ 3] /lib/libc.so.6(__assert_fail+0xf1) [0x7fb9d8d44301]
[griffon-64:02239] [ 4] frssj() [0x40178d]
[griffon-64:02239] [ 5] frssj(main+0x9e) [0x401d1a]
[griffon-64:02239] [ 6] /lib/libc.so.6(__libc_start_main+0xfd) [0x7fb9d8d37c8d]
[griffon-64:02239] [ 7] frssj() [0x401329]
[griffon-64:02239] *** End of error message ***
[griffon-72:02181] [ 0] /lib/libpthread.so.0(+0xeff0) [0x7f58c3dc1ff0]
[griffon-72:02181] [ 1] /lib/libc.so.6(gsignal+0x35) [0x7f58c3a831b5]
[griffon-72:02181] [ 2] /lib/libc.so.6(abort+0x180) [0x7f58c3a85fc0]
[griffon-72:02181] [ 3] /lib/libc.so.6(__assert_fail+0xf1) [0x7f58c3a7c301]
[griffon-72:02181] [ 4] frssj() [0x40178d]
[griffon-72:02181] [ 5] frssj(main+0x9e) [0x401d1a]
[griffon-72:02181] [ 6] /lib/libc.so.6(__libc_start_main+0xfd) [0x7f58c3a6fc8d]
[griffon-72:02181] [ 7] frssj() [0x401329]
[griffon-72:02181] *** End of error message ***
[griffon-7:02183] [ 0] /lib/libpthread.so.0(+0xeff0) [0x7f94ff348ff0]
[griffon-7:02183] [ 1] /lib/libc.so.6(gsignal+0x35) [0x7f94ff00a1b5]
[griffon-7:02183] [ 2] /lib/libc.so.6(abort+0x180) [0x7f94ff00cfc0]
[griffon-7:02183] [ 3] /lib/libc.so.6(__assert_fail+0xf1) [0x7f94ff003301]
[griffon-7:02183] [ 4] frssj() [0x40178d]
[griffon-7:02183] [ 5] frssj(main+0x9e) [0x401d1a]
[griffon-7:02183] [ 6] /lib/libc.so.6(__libc_start_main+0xfd) [0x7f94feff6c8d]
[griffon-7:02183] [ 7] frssj() [0x401329]
[griffon-7:02183] *** End of error message ***
[griffon-73:02219] [ 0] /lib/libpthread.so.0(+0xeff0) [0x7f9180079ff0]
[griffon-73:02219] [ 1] /lib/libc.so.6(gsignal+0x35) [0x7f917fd3b1b5]
[griffon-73:02219] [ 2] /lib/libc.so.6(abort+0x180) [0x7f917fd3dfc0]
[griffon-73:02219] [ 3] /lib/libc.so.6(__assert_fail+0xf1) [0x7f917fd34301]
[griffon-73:02219] [ 4] frssj() [0x40178d]
[griffon-73:02219] [ 5] frssj(main+0x9e) [0x401d1a]
[griffon-73:02219] [ 6] /lib/libc.so.6(__libc_start_main+0xfd) [0x7f917fd27c8d]
[griffon-73:02219] [ 7] frssj() [0x401329]
[griffon-73:02219] *** End of error message ***
[griffon-64:02277] [ 0] /lib/libpthread.so.0(+0xeff0) [0x7f130357eff0]
[griffon-64:02277] [ 1] /lib/libc.so.6(gsignal+0x35) [0x7f13032401b5]
[griffon-64:02277] [ 2] /lib/libc.so.6(abort+0x180) [0x7f1303242fc0]
[griffon-64:02277] [ 3] /lib/libc.so.6(__assert_fail+0xf1) [0x7f1303239301]
[griffon-64:02277] [ 4] frssj() [0x40178d]
[griffon-64:02277] [ 5] frssj(main+0x9e) [0x401d1a]
[griffon-64:02277] [ 6] /lib/libc.so.6(__libc_start_main+0xfd) [0x7f130322cc8d]
[griffon-64:02277] [ 7] frssj() [0x401329]
[griffon-64:02277] *** End of error message ***
[[41053,2],0][btl_openib_component.c:3426:handle_wc] from griffon-64.nancy.grid5000.fr to: griffon-64 error polling LP CQ with status RETRY EXCEEDED ERROR status number 12 for wr_id 1d43c80 opcode 32767  vendor error 129 qp_idx 0
[[41053,2],0][btl_openib_component.c:3426:handle_wc] from griffon-64.nancy.grid5000.fr to: griffon-64 error polling LP CQ with status RETRY EXCEEDED ERROR status number 12 for wr_id 1d43a80 opcode 32728  vendor error 129 qp_idx 0
[griffon-64.nancy.grid5000.fr:02203] 11 more processes have sent help message help-mpi-btl-openib.txt / pp retry exceeded
[[41053,1],61][btl_openib_component.c:3426:handle_wc] from griffon-74.nancy.grid5000.fr to: griffon-64 error polling LP CQ with status RETRY EXCEEDED ERROR status number 12 for wr_id e4b000 opcode 32767  vendor error 129 qp_idx 0
[griffon-64.nancy.grid5000.fr:02203] 1 more process has sent help message help-mpi-btl-openib.txt / pp retry exceeded
