#RUN	RANK	FAILURE_DETECTED	COMM_REVOKED	COMM_SHRINKED	COMM_SPAWNED	ROLLBACK_DONE	COMM_MERGED
 10	   0	  1.017274141    	0.007010936737	0.02439308167	0.06634402275	0.01415491104	0.02628302574
 10	   1	  1.004599094    	0.004626035690	0.03939604759	0.06647992134	9.536743164e-07	0.04018807411
 10	   2	  1.004601002    	0.01267218590	0.03175187111	0.06599211693	  0.000000000	0.04026103020
 10	   3	  1.029297113    	1.907348633e-06	0.01922702789	0.06658911705	  0.000000000	0.04017806053
 10	   4	  1.007034063    	0.01060009003	0.03090882301	0.06657695770	  0.000000000	0.04020500183
 10	   5	  1.032689095    	1.907348633e-06	0.01616716385	0.06628394127	  0.000000000	0.04019284248
 10	   6	  1.002626896    	0.006340026855	0.03963804245	0.06641006470	  0.000000000	0.04034900665


#RUN	RANK	FAILURE_DETECTED	COMM_REVOKED	COMM_SHRINKED	COMM_SPAWNED	ROLLBACK_DONE	COMM_MERGED
  9	   0	  1.011625051    	9.536743164e-07	0.01356005669	0.06457591057	0.01409101486	0.02534008026
  9	   1	  1.009323835    	9.536743164e-07	0.01588606834	0.06474304199	9.536743164e-07	0.03922915459
  9	   2	  1.011623859    	9.536743164e-07	0.01360106468	0.06453990936	  0.000000000	0.03938722610
  9	   3	  1.003289938    	  0.000000000	0.02177906036	0.06490206718	  0.000000000	0.03921103477
  9	   4	  1.002133846    	1.096725464e-05	0.02295112610	0.06479787827	  0.000000000	0.03935313225
  9	   5	  1.002221823    	1.001358032e-05	0.02289104462	0.06484794617	  0.000000000	0.03925108910
  9	   6	  1.008804798    	1.192092896e-06	0.01632380486	0.06479811668	9.536743164e-07	0.03925800323


#RUN	RANK	FAILURE_DETECTED	COMM_REVOKED	COMM_SHRINKED	COMM_SPAWNED	ROLLBACK_DONE	COMM_MERGED
  8	   0	  1.002362013    	9.536743164e-07	0.009938001633	0.06543517113	0.01410293579	0.02730107307
  8	   1	  1.011034966    	  0.000000000	0.001301050186	0.06540489197	  0.000000000	0.04140210152
  8	   2	  1.001736879    	  0.000000000	0.009850978851	0.06551003456	  0.000000000	0.04141902924
  8	   3	  1.002060175    	1.096725464e-05	0.01006388664	0.06558895111	1.192092896e-06	0.04145002365
  8	   4	  1.002054930    	1.096725464e-05	0.01011705399	0.06564998627	  0.000000000	0.04133296013
  8	   5	  1.003863096    	  0.000000000	0.008347988129	0.06560111046	  0.000000000	0.04136180878
  8	   6	  1.003374100    	1.907348633e-06	0.008212089539	0.06552100182	  0.000000000	0.04135894775


#RUN	RANK	FAILURE_DETECTED	COMM_REVOKED	COMM_SHRINKED	COMM_SPAWNED	ROLLBACK_DONE	COMM_MERGED
  7	   0	  1.007800102    	  0.000000000	0.003209829330	0.06598496437	0.01414012909	0.02690386772
  7	   1	  1.009874821    	9.536743164e-07	0.001178026199	0.06593918800	  0.000000000	0.04080080986
  7	   2	  1.001921892    	1.215934753e-05	0.009116888046	0.06594705582	9.536743164e-07	0.04079794884
  7	   3	  1.001955032    	  0.000000000	0.008930921555	0.06619310379	  0.000000000	0.04068493843
  7	   4	  1.008658886    	  0.000000000	0.002312898636	0.06605100632	  0.000000000	0.04081821442
  7	   5	  1.002067089    	  0.000000000	0.008893013000	0.06605291367	  0.000000000	0.04082202911
  7	   6	  1.008807898    	9.536743164e-07	0.002154111862	0.06606698036	9.536743164e-07	0.04076290131


#RUN	RANK	FAILURE_DETECTED	COMM_REVOKED	COMM_SHRINKED	COMM_SPAWNED	ROLLBACK_DONE	COMM_MERGED
  6	   0	  1.007342100    	  0.000000000	0.002601861954	0.06780099869	0.01409316063	0.02623581886
  6	   1	  1.002746820    	1.120567322e-05	0.007154941559	0.06783890724	9.536743164e-07	0.04038000107
  6	   2	  1.002792120    	  0.000000000	0.007019042969	0.06796598434	  0.000000000	0.04030895233
  6	   3	  1.003635168    	  0.000000000	0.006133794785	0.06810402870	1.192092896e-06	0.04026484489
  6	   4	  1.004454136    	9.536743164e-07	0.005357980728	0.06795310974	9.536743164e-07	0.04030489922
  6	   5	  1.008443117    	  0.000000000	0.001369953156	0.06794714928	  0.000000000	0.04031682014
  6	   6	  1.008629084    	1.907348633e-06	0.001219034195	0.06793189049	  0.000000000	0.04028201103


#RUN	RANK	FAILURE_DETECTED	COMM_REVOKED	COMM_SHRINKED	COMM_SPAWNED	ROLLBACK_DONE	COMM_MERGED
  5	   0	  1.002835035    	1.001358032e-05	0.006763935089	0.07310199738	0.01410412788	0.02456593513
  5	   1	  1.002740860    	1.215934753e-05	0.006765842438	0.07331895828	1.192092896e-06	0.03847980499
  5	   2	  1.007568836    	  0.000000000	0.002058982849	0.07304501534	1.192092896e-06	0.03860878944
  5	   3	  1.008159876    	1.192092896e-06	0.001232862473	0.07343506813	  0.000000000	0.03852701187
  5	   4	  1.006913185    	  0.000000000	0.002504825592	0.07327413559	9.536743164e-07	0.03858590126
  5	   5	  1.005608082    	  0.000000000	0.004019975662	0.07321596146	  0.000000000	0.03848099709
  5	   6	  1.008145094    	1.907348633e-06	0.001324176788	0.07320690155	  0.000000000	0.03864908218


#RUN	RANK	FAILURE_DETECTED	COMM_REVOKED	COMM_SHRINKED	COMM_SPAWNED	ROLLBACK_DONE	COMM_MERGED
  4	   0	  1.002958775    	1.120567322e-05	0.008404970169	0.06689691544	0.01413202286	0.02521610260
  4	   1	  1.010036945    	9.536743164e-07	0.001420021057	0.06685304642	9.536743164e-07	0.03938913345
  4	   2	  1.005746126    	  0.000000000	0.005753040314	0.06679797173	  0.000000000	0.03931808472
  4	   3	  1.006647110    	  0.000000000	0.004729032516	0.06695795059	9.536743164e-07	0.03932714462
  4	   4	  1.007514954    	  0.000000000	0.003864049911	0.06695699692	  0.000000000	0.03936791420
  4	   5	  1.006106853    	  0.000000000	0.005359172821	0.06687283516	9.536743164e-07	0.03936004639
  4	   6	  1.007761955    	9.536743164e-07	0.003933191299	0.06668186188	9.536743164e-07	0.03928303719


#RUN	RANK	FAILURE_DETECTED	COMM_REVOKED	COMM_SHRINKED	COMM_SPAWNED	ROLLBACK_DONE	COMM_MERGED
  3	   0	  1.010556936    	  0.000000000	0.001272201538	0.06884694099	0.01413393021	0.02589201927
  3	   1	  1.004484892    	1.096725464e-05	0.007371187210	0.06880998611	  0.000000000	0.04007101059
  3	   2	  1.009262085    	  0.000000000	0.002551078796	0.06884980202	1.192092896e-06	0.04002690315
  3	   3	  1.007040977    	  0.000000000	0.004639863968	0.06904315948	9.536743164e-07	0.04001283646
  3	   4	  1.006897926    	9.536743164e-07	0.004840135574	0.06895589828	  0.000000000	0.04000496864
  3	   5	  1.005749941    	  0.000000000	0.005946159363	0.06904888153	  0.000000000	0.03996896744
  3	   6	  1.007061958    	1.907348633e-06	0.004694223404	0.06892085075	  0.000000000	0.04005002975


#RUN	RANK	FAILURE_DETECTED	COMM_REVOKED	COMM_SHRINKED	COMM_SPAWNED	ROLLBACK_DONE	COMM_MERGED
  2	   0	  1.008529902    	  0.000000000	0.002417087555	0.06442809105	0.01406979561	0.02291607857
  2	   1	  1.009608984    	  0.000000000	0.001429080963	0.06433200836	  0.000000000	0.03698396683
  2	   2	  1.003757000    	1.192092896e-05	0.007277011871	0.06439495087	  0.000000000	0.03699612617
  2	   3	  1.006202936    	  0.000000000	0.004705190659	0.06448578835	  0.000000000	0.03701519966
  2	   4	  1.005539179    	  0.000000000	0.005380868912	0.06444191933	  0.000000000	0.03700613976
  2	   5	  1.004777193    	  0.000000000	0.006198883057	0.06439089775	  0.000000000	0.03695607185
  2	   6	  1.006164074    	1.907348633e-06	0.005083084106	0.06420803070	  0.000000000	0.03692698479


#RUN	RANK	FAILURE_DETECTED	COMM_REVOKED	COMM_SHRINKED	COMM_SPAWNED	ROLLBACK_DONE	COMM_MERGED
  1	   0	  1.011000872    	  0.000000000	0.001569986343	0.06662392616	0.01407313347	0.02262592316
  1	   1	  1.007277966    	1.215934753e-05	0.005336046219	0.06659102440	  0.000000000	0.03674983978
  1	   2	  1.011609077    	  0.000000000	0.0009510517120	0.06669998169	  0.000000000	0.03662705421
  1	   3	  1.008512020    	9.536743164e-07	0.003936052322	0.06683087349	  0.000000000	0.03663206100
  1	   4	  1.009138823    	1.192092896e-06	0.003387928009	0.06668806076	9.536743164e-07	0.03670787811
  1	   5	  1.007761955    	  0.000000000	0.004732847214	0.06670618057	  0.000000000	0.03665494919
  1	   6	  1.009065151    	1.907348633e-06	0.003506898880	0.06698107719	  0.000000000	0.03630208969


