Warning: Permanently added '[griffon-60.nancy.grid5000.fr]:6667,[172.16.65.60]:6667' (RSA) to the list of known hosts.
Warning: Permanently added '[griffon-61.nancy.grid5000.fr]:6667,[172.16.65.61]:6667' (RSA) to the list of known hosts.
Warning: Permanently added '[griffon-56.nancy.grid5000.fr]:6667,[172.16.65.56]:6667' (RSA) to the list of known hosts.
Warning: Permanently added '[griffon-57.nancy.grid5000.fr]:6667,[172.16.65.57]:6667' (RSA) to the list of known hosts.
Warning: Permanently added '[griffon-59.nancy.grid5000.fr]:6667,[172.16.65.59]:6667' (RSA) to the list of known hosts.
Warning: Permanently added '[griffon-6.nancy.grid5000.fr]:6667,[172.16.65.6]:6667' (RSA) to the list of known hosts.
[[60756,7],0][btl_openib_component.c:3426:handle_wc] from griffon-55.nancy.grid5000.fr to: griffon-55.nancy.grid5000.fr error polling HP CQ with status WORK REQUEST FLUSHED ERROR status number 5 for wr_id 2672000 opcode 128  vendor error 244 qp_idx 0
--------------------------------------------------------------------------
The OpenFabrics stack has reported a network error event.  Open MPI
will try to continue, but your job may end up failing.

  Local host:        griffon-55.nancy.grid5000.fr
  MPI process PID:   2541
  Error number:      0 (IBV_EVENT_CQ_ERR)

This error may indicate connectivity problems within the fabric;
please contact your system administrator.
--------------------------------------------------------------------------
[griffon-55.nancy.grid5000.fr:02459] 2 more processes have sent help message help-mpi-btl-openib.txt / of error event
[griffon-55.nancy.grid5000.fr:02459] Set MCA parameter "orte_base_help_aggregate" to 0 to see all help / error messages
[[60756,2],0][btl_openib_component.c:3426:handle_wc] from griffon-55.nancy.grid5000.fr to: griffon-55.nancy.grid5000.fr error polling LP CQ with status RETRY EXCEEDED ERROR status number 12 for wr_id 252ea00 opcode 32767  vendor error 129 qp_idx 0
--------------------------------------------------------------------------
The InfiniBand retry count between two MPI processes has been
exceeded.  "Retry count" is defined in the InfiniBand spec 1.2
(section 12.7.38):

    The total number of times that the sender wishes the receiver to
    retry timeout, packet sequence, etc. errors before posting a
    completion error.

This error typically means that there is something awry within the
InfiniBand fabric itself.  You should note the hosts on which this
error has occurred; it has been observed that rebooting or removing a
particular host from the job can sometimes resolve this issue.

Two MCA parameters can be used to control Open MPI's behavior with
respect to the retry count:

* btl_openib_ib_retry_count - The number of times the sender will
  attempt to retry (defaulted to 7, the maximum value).
* btl_openib_ib_timeout - The local ACK timeout parameter (defaulted
  to 20).  The actual timeout value used is calculated as:

     4.096 microseconds * (2^btl_openib_ib_timeout)

  See the InfiniBand spec 1.2 (section 12.7.34) for more details.

Below is some information about the host that raised the error and the
peer to which it was connected:

  Local host:   griffon-55.nancy.grid5000.fr
  Local device: mlx4_0
  Peer host:    griffon-55.nancy.grid5000.fr

You may need to consult with your system administrator to get this
problem fixed.
--------------------------------------------------------------------------
[[60756,2],0][btl_openib_component.c:3426:handle_wc] from griffon-55.nancy.grid5000.fr to: griffon-55.nancy.grid5000.fr error polling HP CQ with status WORK REQUEST FLUSHED ERROR status number 5 for wr_id 187c300 opcode 32623  vendor error 244 qp_idx 0
[[60756,1],32][btl_openib_component.c:3426:handle_wc] from griffon-59.nancy.grid5000.fr to: griffon-55 error polling LP CQ with status RETRY EXCEEDED ERROR status number 12 for wr_id 7f01b1605c80 opcode 32767  vendor error 129 qp_idx 0
[[60756,1],33][btl_openib_component.c:3426:handle_wc] from griffon-59.nancy.grid5000.fr to: griffon-55 error polling LP CQ with status RETRY EXCEEDED ERROR status number 12 for wr_id 1943a00 opcode 32767  vendor error 129 qp_idx 0
[[60756,1],32][btl_openib_component.c:3426:handle_wc] from griffon-59.nancy.grid5000.fr to: griffon-55 error polling HP CQ with status WORK REQUEST FLUSHED ERROR status number 5 for wr_id 7f01b1607100 opcode 32513  vendor error 244 qp_idx 0
[[60756,1],33][btl_openib_component.c:3426:handle_wc] from griffon-59.nancy.grid5000.fr to: griffon-55 error polling HP CQ with status WORK REQUEST FLUSHED ERROR status number 5 for wr_id 1a1b480 opcode 32532  vendor error 244 qp_idx 0
[[60756,1],49][btl_openib_component.c:3426:handle_wc] from griffon-60.nancy.grid5000.fr to: griffon-55 error polling LP CQ with status RETRY EXCEEDED ERROR status number 12 for wr_id 17a6000 opcode 32767  vendor error 129 qp_idx 0
[[60756,1],50][btl_openib_component.c:3426:handle_wc] from griffon-60.nancy.grid5000.fr to: griffon-55 error polling LP CQ with status RETRY EXCEEDED ERROR status number 12 for wr_id 1efd600 opcode 32767  vendor error 129 qp_idx 0
[[60756,1],50][btl_openib_component.c:3426:handle_wc] from griffon-60.nancy.grid5000.fr to: griffon-55 error polling HP CQ with status WORK REQUEST FLUSHED ERROR status number 5 for wr_id 212c380 opcode 32732  vendor error 244 qp_idx 0
[[60756,1],49][btl_openib_component.c:3426:handle_wc] from griffon-60.nancy.grid5000.fr to: griffon-55 error polling HP CQ with status WORK REQUEST FLUSHED ERROR status number 5 for wr_id 19d3f00 opcode 32761  vendor error 244 qp_idx 0
[[60756,1],62][btl_openib_component.c:3426:handle_wc] from griffon-61.nancy.grid5000.fr to: griffon-55 error polling LP CQ with status RETRY EXCEEDED ERROR status number 12 for wr_id 269a200 opcode 32767  vendor error 129 qp_idx 0
[[60756,1],63][btl_openib_component.c:3426:handle_wc] from griffon-61.nancy.grid5000.fr to: griffon-55 error polling LP CQ with status RETRY EXCEEDED ERROR status number 12 for wr_id da7a00 opcode 32767  vendor error 129 qp_idx 0
[[60756,1],61][btl_openib_component.c:3426:handle_wc] from griffon-61.nancy.grid5000.fr to: griffon-55 error polling LP CQ with status RETRY EXCEEDED ERROR status number 12 for wr_id 147fc00 opcode 32767  vendor error 129 qp_idx 0
[[60756,1],57][btl_openib_component.c:3426:handle_wc] from griffon-61.nancy.grid5000.fr to: griffon-55 error polling LP CQ with status RETRY EXCEEDED ERROR status number 12 for wr_id f60e00 opcode 32767  vendor error 129 qp_idx 0
[[60756,1],59][btl_openib_component.c:3426:handle_wc] from griffon-61.nancy.grid5000.fr to: griffon-55 error polling LP CQ with status RETRY EXCEEDED ERROR status number 12 for wr_id 14d9200 opcode 32767  vendor error 129 qp_idx 0
[[60756,1],58][btl_openib_component.c:3426:handle_wc] from griffon-61.nancy.grid5000.fr to: griffon-55 error polling LP CQ with status RETRY EXCEEDED ERROR status number 12 for wr_id 9a8e00 opcode 32767  vendor error 129 qp_idx 0
[[60756,1],63][btl_openib_component.c:3426:handle_wc] from griffon-61.nancy.grid5000.fr to: griffon-55 error polling HP CQ with status WORK REQUEST FLUSHED ERROR status number 5 for wr_id f4ff00 opcode 32767  vendor error 244 qp_idx 0
[[60756,1],62][btl_openib_component.c:3426:handle_wc] from griffon-61.nancy.grid5000.fr to: griffon-55 error polling HP CQ with status WORK REQUEST FLUSHED ERROR status number 5 for wr_id 2872d80 opcode 32767  vendor error 244 qp_idx 0
[[60756,1],59][btl_openib_component.c:3426:handle_wc] from griffon-61.nancy.grid5000.fr to: griffon-55 error polling HP CQ with status WORK REQUEST FLUSHED ERROR status number 5 for wr_id 16d6500 opcode 32767  vendor error 244 qp_idx 0
[[60756,1],57][btl_openib_component.c:3426:handle_wc] from griffon-61.nancy.grid5000.fr to: griffon-55 error polling HP CQ with status WORK REQUEST FLUSHED ERROR status number 5 for wr_id 115e500 opcode 32569  vendor error 244 qp_idx 0
[[60756,1],58][btl_openib_component.c:3426:handle_wc] from griffon-61.nancy.grid5000.fr to: griffon-55 error polling HP CQ with status WORK REQUEST FLUSHED ERROR status number 5 for wr_id ba6280 opcode 32767  vendor error 244 qp_idx 0
[[60756,1],61][btl_openib_component.c:3426:handle_wc] from griffon-61.nancy.grid5000.fr to: griffon-55 error polling HP CQ with status WORK REQUEST FLUSHED ERROR status number 5 for wr_id 164c400 opcode 32767  vendor error 244 qp_idx 0
[[60756,1],63][btl_openib_component.c:3426:handle_wc] from griffon-61.nancy.grid5000.fr to: griffon-55 error polling LP CQ with status RETRY EXCEEDED ERROR status number 12 for wr_id da7800 opcode 32767  vendor error 129 qp_idx 0
[[60756,5],0][btl_openib_component.c:3426:handle_wc] from griffon-55.nancy.grid5000.fr to: griffon-55.nancy.grid5000.fr error polling LP CQ with status RETRY EXCEEDED ERROR status number 12 for wr_id 1f96400 opcode 32767  vendor error 129 qp_idx 0
[[60756,4],0][btl_openib_component.c:3426:handle_wc] from griffon-55.nancy.grid5000.fr to: griffon-55.nancy.grid5000.fr error polling LP CQ with status RETRY EXCEEDED ERROR status number 12 for wr_id 27e7280 opcode 32767  vendor error 129 qp_idx 0
[[60756,3],0][btl_openib_component.c:3426:handle_wc] from griffon-55.nancy.grid5000.fr to: griffon-55.nancy.grid5000.fr error polling LP CQ with status RETRY EXCEEDED ERROR status number 12 for wr_id 18d2880 opcode 32767  vendor error 129 qp_idx 0
[[60756,2],0][btl_openib_component.c:3426:handle_wc] from griffon-55.nancy.grid5000.fr to: griffon-55 error polling LP CQ with status RETRY EXCEEDED ERROR status number 12 for wr_id 252e800 opcode 32767  vendor error 129 qp_idx 0
[[60756,5],0][btl_openib_component.c:3426:handle_wc] from griffon-55.nancy.grid5000.fr to: griffon-55.nancy.grid5000.fr error polling HP CQ with status WORK REQUEST FLUSHED ERROR status number 5 for wr_id 1252200 opcode 32626  vendor error 244 qp_idx 0
[[60756,3],0][btl_openib_component.c:3426:handle_wc] from griffon-55.nancy.grid5000.fr to: griffon-55.nancy.grid5000.fr error polling HP CQ with status WORK REQUEST FLUSHED ERROR status number 5 for wr_id bed300 opcode 32516  vendor error 244 qp_idx 0
[[60756,4],0][btl_openib_component.c:3426:handle_wc] from griffon-55.nancy.grid5000.fr to: griffon-55.nancy.grid5000.fr error polling HP CQ with status WORK REQUEST FLUSHED ERROR status number 5 for wr_id 1b2a180 opcode 32767  vendor error 244 qp_idx 0
[[60756,3],0][btl_openib_component.c:3426:handle_wc] from griffon-55.nancy.grid5000.fr to: griffon-55 error polling LP CQ with status RETRY EXCEEDED ERROR status number 12 for wr_id 18d3280 opcode 32516  vendor error 129 qp_idx 0
[[60756,2],0][btl_openib_component.c:3426:handle_wc] from griffon-55.nancy.grid5000.fr to: griffon-55 error polling LP CQ with status RETRY EXCEEDED ERROR status number 12 for wr_id 252e200 opcode 32623  vendor error 129 qp_idx 0
[[60756,4],0][btl_openib_component.c:3426:handle_wc] from griffon-55.nancy.grid5000.fr to: griffon-55 error polling LP CQ with status RETRY EXCEEDED ERROR status number 12 for wr_id 27e7c80 opcode 32755  vendor error 129 qp_idx 0
[[60756,1],36][btl_openib_component.c:3426:handle_wc] from griffon-59.nancy.grid5000.fr to: griffon-55 error polling LP CQ with status RETRY EXCEEDED ERROR status number 12 for wr_id 2019800 opcode 32767  vendor error 129 qp_idx 0
[[60756,1],34][btl_openib_component.c:3426:handle_wc] from griffon-59.nancy.grid5000.fr to: griffon-55 error polling LP CQ with status RETRY EXCEEDED ERROR status number 12 for wr_id 1b23200 opcode 32767  vendor error 129 qp_idx 0
[[60756,1],35][btl_openib_component.c:3426:handle_wc] from griffon-59.nancy.grid5000.fr to: griffon-55 error polling LP CQ with status RETRY EXCEEDED ERROR status number 12 for wr_id 1e3de00 opcode 32767  vendor error 129 qp_idx 0
[[60756,1],34][btl_openib_component.c:3426:handle_wc] from griffon-59.nancy.grid5000.fr to: griffon-55 error polling HP CQ with status WORK REQUEST FLUSHED ERROR status number 5 for wr_id 1bfa300 opcode 32592  vendor error 244 qp_idx 0
[[60756,1],35][btl_openib_component.c:3426:handle_wc] from griffon-59.nancy.grid5000.fr to: griffon-55 error polling HP CQ with status WORK REQUEST FLUSHED ERROR status number 5 for wr_id 1f15300 opcode 32599  vendor error 244 qp_idx 0
[[60756,1],36][btl_openib_component.c:3426:handle_wc] from griffon-59.nancy.grid5000.fr to: griffon-55 error polling HP CQ with status WORK REQUEST FLUSHED ERROR status number 5 for wr_id 20f1300 opcode 32767  vendor error 244 qp_idx 0
[griffon-55.nancy.grid5000.fr:02459] 21 more processes have sent help message help-mpi-btl-openib.txt / pp retry exceeded
[[60756,1],52][btl_openib_component.c:3426:handle_wc] from griffon-60.nancy.grid5000.fr to: griffon-55 error polling LP CQ with status RETRY EXCEEDED ERROR status number 12 for wr_id 1639600 opcode 32767  vendor error 129 qp_idx 0
[[60756,1],53][btl_openib_component.c:3426:handle_wc] from griffon-60.nancy.grid5000.fr to: griffon-55 error polling LP CQ with status RETRY EXCEEDED ERROR status number 12 for wr_id 255a200 opcode 32767  vendor error 129 qp_idx 0
[[60756,1],51][btl_openib_component.c:3426:handle_wc] from griffon-60.nancy.grid5000.fr to: griffon-55 error polling LP CQ with status RETRY EXCEEDED ERROR status number 12 for wr_id 2210000 opcode 32767  vendor error 129 qp_idx 0
[[60756,1],52][btl_openib_component.c:3426:handle_wc] from griffon-60.nancy.grid5000.fr to: griffon-55 error polling HP CQ with status WORK REQUEST FLUSHED ERROR status number 5 for wr_id 1868100 opcode 32650  vendor error 244 qp_idx 0
[[60756,1],53][btl_openib_component.c:3426:handle_wc] from griffon-60.nancy.grid5000.fr to: griffon-55 error polling HP CQ with status WORK REQUEST FLUSHED ERROR status number 5 for wr_id 2787f00 opcode 32728  vendor error 244 qp_idx 0
[[60756,1],51][btl_openib_component.c:3426:handle_wc] from griffon-60.nancy.grid5000.fr to: griffon-55 error polling HP CQ with status WORK REQUEST FLUSHED ERROR status number 5 for wr_id 243df00 opcode 32767  vendor error 244 qp_idx 0
[[60756,1],60][btl_openib_component.c:3426:handle_wc] from griffon-61.nancy.grid5000.fr to: griffon-55 error polling LP CQ with status RETRY EXCEEDED ERROR status number 12 for wr_id 1da0600 opcode 32767  vendor error 129 qp_idx 0
[[60756,1],61][btl_openib_component.c:3426:handle_wc] from griffon-61.nancy.grid5000.fr to: griffon-55 error polling LP CQ with status RETRY EXCEEDED ERROR status number 12 for wr_id 147fa00 opcode 32767  vendor error 129 qp_idx 0
[[60756,1],60][btl_openib_component.c:3426:handle_wc] from griffon-61.nancy.grid5000.fr to: griffon-55 error polling HP CQ with status WORK REQUEST FLUSHED ERROR status number 5 for wr_id 1faac00 opcode 32767  vendor error 244 qp_idx 0
[[60756,6],0][btl_openib_component.c:3426:handle_wc] from griffon-55.nancy.grid5000.fr to: griffon-55.nancy.grid5000.fr error polling LP CQ with status RETRY EXCEEDED ERROR status number 12 for wr_id bb4380 opcode 32767  vendor error 129 qp_idx 0
[[60756,3],0][btl_openib_component.c:3426:handle_wc] from griffon-55.nancy.grid5000.fr to: griffon-55 error polling LP CQ with status RETRY EXCEEDED ERROR status number 12 for wr_id 18d2e80 opcode 32767  vendor error 129 qp_idx 0
[[60756,5],0][btl_openib_component.c:3426:handle_wc] from griffon-55.nancy.grid5000.fr to: griffon-55 error polling LP CQ with status RETRY EXCEEDED ERROR status number 12 for wr_id 1f96600 opcode 32767  vendor error 129 qp_idx 0
[[60756,6],0][btl_openib_component.c:3426:handle_wc] from griffon-55.nancy.grid5000.fr to: griffon-55.nancy.grid5000.fr error polling HP CQ with status WORK REQUEST FLUSHED ERROR status number 5 for wr_id 9ec200 opcode 32533  vendor error 244 qp_idx 0
[[60756,1],37][btl_openib_component.c:3426:handle_wc] from griffon-59.nancy.grid5000.fr to: griffon-55 error polling LP CQ with status RETRY EXCEEDED ERROR status number 12 for wr_id 2442200 opcode 32767  vendor error 129 qp_idx 0
[[60756,1],37][btl_openib_component.c:3426:handle_wc] from griffon-59.nancy.grid5000.fr to: griffon-55 error polling HP CQ with status WORK REQUEST FLUSHED ERROR status number 5 for wr_id 2519300 opcode 32767  vendor error 244 qp_idx 0
[griffon-55.nancy.grid5000.fr:02459] 9 more processes have sent help message help-mpi-btl-openib.txt / pp retry exceeded
