Warning: Permanently added '[griffon-44.nancy.grid5000.fr]:6667,[172.16.65.44]:6667' (RSA) to the list of known hosts.
Warning: Permanently added '[griffon-32.nancy.grid5000.fr]:6667,[172.16.65.32]:6667' (RSA) to the list of known hosts.
Warning: Permanently added '[griffon-26.nancy.grid5000.fr]:6667,[172.16.65.26]:6667' (RSA) to the list of known hosts.
Warning: Permanently added '[griffon-29.nancy.grid5000.fr]:6667,[172.16.65.29]:6667' (RSA) to the list of known hosts.
Warning: Permanently added '[griffon-48.nancy.grid5000.fr]:6667,[172.16.65.48]:6667' (RSA) to the list of known hosts.
Warning: Permanently added '[griffon-34.nancy.grid5000.fr]:6667,[172.16.65.34]:6667' (RSA) to the list of known hosts.
Warning: Permanently added '[griffon-40.nancy.grid5000.fr]:6667,[172.16.65.40]:6667' (RSA) to the list of known hosts.
[[55132,6],0][btl_openib_component.c:3426:handle_wc] from griffon-25.nancy.grid5000.fr to: griffon-25.nancy.grid5000.fr error polling HP CQ with status WORK REQUEST FLUSHED ERROR status number 5 for wr_id 15a6300 opcode 128  vendor error 244 qp_idx 0
--------------------------------------------------------------------------
The OpenFabrics stack has reported a network error event.  Open MPI
will try to continue, but your job may end up failing.

  Local host:        griffon-25.nancy.grid5000.fr
  MPI process PID:   3564
  Error number:      0 (IBV_EVENT_CQ_ERR)

This error may indicate connectivity problems within the fabric;
please contact your system administrator.
--------------------------------------------------------------------------
[griffon-25.nancy.grid5000.fr:03486] 2 more processes have sent help message help-mpi-btl-openib.txt / of error event
[griffon-25.nancy.grid5000.fr:03486] Set MCA parameter "orte_base_help_aggregate" to 0 to see all help / error messages
[[55132,2],0][btl_openib_component.c:3426:handle_wc] from griffon-25.nancy.grid5000.fr to: griffon-25.nancy.grid5000.fr error polling LP CQ with status RETRY EXCEEDED ERROR status number 12 for wr_id 3424400 opcode 32767  vendor error 129 qp_idx 0
--------------------------------------------------------------------------
The InfiniBand retry count between two MPI processes has been
exceeded.  "Retry count" is defined in the InfiniBand spec 1.2
(section 12.7.38):

    The total number of times that the sender wishes the receiver to
    retry timeout, packet sequence, etc. errors before posting a
    completion error.

This error typically means that there is something awry within the
InfiniBand fabric itself.  You should note the hosts on which this
error has occurred; it has been observed that rebooting or removing a
particular host from the job can sometimes resolve this issue.

Two MCA parameters can be used to control Open MPI's behavior with
respect to the retry count:

* btl_openib_ib_retry_count - The number of times the sender will
  attempt to retry (defaulted to 7, the maximum value).
* btl_openib_ib_timeout - The local ACK timeout parameter (defaulted
  to 20).  The actual timeout value used is calculated as:

     4.096 microseconds * (2^btl_openib_ib_timeout)

  See the InfiniBand spec 1.2 (section 12.7.34) for more details.

Below is some information about the host that raised the error and the
peer to which it was connected:

  Local host:   griffon-25.nancy.grid5000.fr
  Local device: mlx4_0
  Peer host:    griffon-25.nancy.grid5000.fr

You may need to consult with your system administrator to get this
problem fixed.
--------------------------------------------------------------------------
[[55132,2],0][btl_openib_component.c:3426:handle_wc] from griffon-25.nancy.grid5000.fr to: griffon-25.nancy.grid5000.fr error polling HP CQ with status WORK REQUEST FLUSHED ERROR status number 5 for wr_id 2773300 opcode 32767  vendor error 244 qp_idx 0
[[55132,1],49][btl_openib_component.c:3426:handle_wc] from griffon-44.nancy.grid5000.fr to: griffon-25 error polling LP CQ with status RETRY EXCEEDED ERROR status number 12 for wr_id 23db200 opcode 32767  vendor error 129 qp_idx 0
[[55132,1],50][btl_openib_component.c:3426:handle_wc] from griffon-44.nancy.grid5000.fr to: griffon-25 error polling LP CQ with status RETRY EXCEEDED ERROR status number 12 for wr_id d3be00 opcode 32767  vendor error 129 qp_idx 0
[[55132,1],50][btl_openib_component.c:3426:handle_wc] from griffon-44.nancy.grid5000.fr to: griffon-25 error polling HP CQ with status WORK REQUEST FLUSHED ERROR status number 5 for wr_id f6a380 opcode 32526  vendor error 244 qp_idx 0
[[55132,1],49][btl_openib_component.c:3426:handle_wc] from griffon-44.nancy.grid5000.fr to: griffon-25 error polling HP CQ with status WORK REQUEST FLUSHED ERROR status number 5 for wr_id 2608f00 opcode 32767  vendor error 244 qp_idx 0
[[55132,1],32][btl_openib_component.c:3426:handle_wc] from griffon-34.nancy.grid5000.fr to: griffon-25 error polling LP CQ with status RETRY EXCEEDED ERROR status number 12 for wr_id 1379800 opcode 32767  vendor error 129 qp_idx 0
[[55132,1],34][btl_openib_component.c:3426:handle_wc] from griffon-34.nancy.grid5000.fr to: griffon-25 error polling LP CQ with status RETRY EXCEEDED ERROR status number 12 for wr_id 7f3200 opcode 32767  vendor error 129 qp_idx 0
[[55132,1],33][btl_openib_component.c:3426:handle_wc] from griffon-34.nancy.grid5000.fr to: griffon-25 error polling LP CQ with status RETRY EXCEEDED ERROR status number 12 for wr_id f43c00 opcode 32767  vendor error 129 qp_idx 0
[[55132,1],34][btl_openib_component.c:3426:handle_wc] from griffon-34.nancy.grid5000.fr to: griffon-25 error polling HP CQ with status WORK REQUEST FLUSHED ERROR status number 5 for wr_id 8ca300 opcode 32747  vendor error 244 qp_idx 0
[[55132,1],32][btl_openib_component.c:3426:handle_wc] from griffon-34.nancy.grid5000.fr to: griffon-25 error polling HP CQ with status WORK REQUEST FLUSHED ERROR status number 5 for wr_id 133b100 opcode 32767  vendor error 244 qp_idx 0
[[55132,1],33][btl_openib_component.c:3426:handle_wc] from griffon-34.nancy.grid5000.fr to: griffon-25 error polling HP CQ with status WORK REQUEST FLUSHED ERROR status number 5 for wr_id 101b480 opcode 32636  vendor error 244 qp_idx 0
[[55132,1],63][btl_openib_component.c:3426:handle_wc] from griffon-48.nancy.grid5000.fr to: griffon-25 error polling LP CQ with status RETRY EXCEEDED ERROR status number 12 for wr_id 2368a00 opcode 32767  vendor error 129 qp_idx 0
[[55132,1],58][btl_openib_component.c:3426:handle_wc] from griffon-48.nancy.grid5000.fr to: griffon-25 error polling LP CQ with status RETRY EXCEEDED ERROR status number 12 for wr_id 25fee00 opcode 32767  vendor error 129 qp_idx 0
[[55132,1],57][btl_openib_component.c:3426:handle_wc] from griffon-48.nancy.grid5000.fr to: griffon-25 error polling LP CQ with status RETRY EXCEEDED ERROR status number 12 for wr_id 17f2000 opcode 32767  vendor error 129 qp_idx 0
[[55132,1],61][btl_openib_component.c:3426:handle_wc] from griffon-48.nancy.grid5000.fr to: griffon-25 error polling LP CQ with status RETRY EXCEEDED ERROR status number 12 for wr_id 1fa9e00 opcode 32767  vendor error 129 qp_idx 0
[[55132,1],62][btl_openib_component.c:3426:handle_wc] from griffon-48.nancy.grid5000.fr to: griffon-25 error polling LP CQ with status RETRY EXCEEDED ERROR status number 12 for wr_id 1353800 opcode 32767  vendor error 129 qp_idx 0
[[55132,1],61][btl_openib_component.c:3426:handle_wc] from griffon-48.nancy.grid5000.fr to: griffon-25 error polling HP CQ with status WORK REQUEST FLUSHED ERROR status number 5 for wr_id 2176400 opcode 32739  vendor error 244 qp_idx 0
[[55132,1],58][btl_openib_component.c:3426:handle_wc] from griffon-48.nancy.grid5000.fr to: griffon-25 error polling HP CQ with status WORK REQUEST FLUSHED ERROR status number 5 for wr_id 27fc280 opcode 32707  vendor error 244 qp_idx 0
[[55132,1],63][btl_openib_component.c:3426:handle_wc] from griffon-48.nancy.grid5000.fr to: griffon-25 error polling HP CQ with status WORK REQUEST FLUSHED ERROR status number 5 for wr_id 2510f00 opcode 32767  vendor error 244 qp_idx 0
[[55132,1],57][btl_openib_component.c:3426:handle_wc] from griffon-48.nancy.grid5000.fr to: griffon-25 error polling HP CQ with status WORK REQUEST FLUSHED ERROR status number 5 for wr_id 19ef500 opcode 32626  vendor error 244 qp_idx 0
[[55132,1],62][btl_openib_component.c:3426:handle_wc] from griffon-48.nancy.grid5000.fr to: griffon-25 error polling HP CQ with status WORK REQUEST FLUSHED ERROR status number 5 for wr_id 152cd80 opcode 32767  vendor error 244 qp_idx 0
[[55132,5],0][btl_openib_component.c:3426:handle_wc] from griffon-25.nancy.grid5000.fr to: griffon-25.nancy.grid5000.fr error polling LP CQ with status RETRY EXCEEDED ERROR status number 12 for wr_id 2673080 opcode 32767  vendor error 129 qp_idx 0
[[55132,4],0][btl_openib_component.c:3426:handle_wc] from griffon-25.nancy.grid5000.fr to: griffon-25.nancy.grid5000.fr error polling LP CQ with status RETRY EXCEEDED ERROR status number 12 for wr_id 1e0d580 opcode 32767  vendor error 129 qp_idx 0
[[55132,2],0][btl_openib_component.c:3426:handle_wc] from griffon-25.nancy.grid5000.fr [[55132,3],0][btl_openib_component.c:3426:handle_wc] from griffon-25.nancy.grid5000.fr to: griffon-25.nancy.grid5000.fr error polling LP CQ with status RETRY EXCEEDED ERROR status number 12 for wr_id 31df780 opcode 32767  vendor error 129 qp_idx 0
to: griffon-25 error polling LP CQ with status RETRY EXCEEDED ERROR status number 12 for wr_id 3424800 opcode 32767  vendor error 129 qp_idx 0
[[55132,3],0][btl_openib_component.c:3426:handle_wc] from griffon-25.nancy.grid5000.fr to: griffon-25.nancy.grid5000.fr error polling HP CQ with status WORK REQUEST FLUSHED ERROR status number 5 for wr_id 2527300 opcode 32541  vendor error 244 qp_idx 0
[[55132,4],0][btl_openib_component.c:3426:handle_wc] from griffon-25.nancy.grid5000.fr to: griffon-25.nancy.grid5000.fr error polling HP CQ with status WORK REQUEST FLUSHED ERROR status number 5 for wr_id 1145180 opcode 32767  vendor error 244 qp_idx 0
[[55132,5],0][btl_openib_component.c:3426:handle_wc] from griffon-25.nancy.grid5000.fr to: griffon-25.nancy.grid5000.fr error polling HP CQ with status WORK REQUEST FLUSHED ERROR status number 5 for wr_id 19c4200 opcode 32767  vendor error 244 qp_idx 0
[[55132,4],0][btl_openib_component.c:3426:handle_wc] from griffon-25.nancy.grid5000.fr to: griffon-25 error polling LP CQ with status RETRY EXCEEDED ERROR status number 12 for wr_id 1e0d180 opcode 32656  vendor error 129 qp_idx 0
[[55132,3],0][btl_openib_component.c:3426:handle_wc] from griffon-25.nancy.grid5000.fr to: griffon-25 error polling LP CQ with status RETRY EXCEEDED ERROR status number 12 for wr_id 31d8e00 opcode 32541  vendor error 129 qp_idx 0
[[55132,2],0][btl_openib_component.c:3426:handle_wc] from griffon-25.nancy.grid5000.fr to: griffon-25 error polling LP CQ with status RETRY EXCEEDED ERROR status number 12 for wr_id 2f85780 opcode 32641  vendor error 129 qp_idx 0
[[55132,1],51][btl_openib_component.c:3426:handle_wc] from griffon-44.nancy.grid5000.fr to: griffon-25 error polling LP CQ with status RETRY EXCEEDED ERROR status number 12 for wr_id 188fc00 opcode 32767  vendor error 129 qp_idx 0
[[55132,1],52][btl_openib_component.c:3426:handle_wc] from griffon-44.nancy.grid5000.fr to: griffon-25 error polling LP CQ with status RETRY EXCEEDED ERROR status number 12 for wr_id 7fed7f705f00 opcode 32767  vendor error 129 qp_idx 0
[[55132,1],51][btl_openib_component.c:3426:handle_wc] from griffon-44.nancy.grid5000.fr to: griffon-25 error polling HP CQ with status WORK REQUEST FLUSHED ERROR status number 5 for wr_id 1abdf00 opcode 32687  vendor error 244 qp_idx 0
[[55132,1],52][btl_openib_component.c:3426:handle_wc] from griffon-44.nancy.grid5000.fr to: griffon-25 error polling HP CQ with status WORK REQUEST FLUSHED ERROR status number 5 for wr_id 1b1c100 opcode 32749  vendor error 244 qp_idx 0
[[55132,1],35][btl_openib_component.c:3426:handle_wc] from griffon-34.nancy.grid5000.fr to: griffon-25 error polling LP CQ with status RETRY EXCEEDED ERROR status number 12 for wr_id b88a00 opcode 32767  vendor error 129 qp_idx 0
[[55132,1],36][btl_openib_component.c:3426:handle_wc] from griffon-34.nancy.grid5000.fr to: griffon-25 error polling LP CQ with status RETRY EXCEEDED ERROR status number 12 for wr_id cfa000 opcode 32767  vendor error 129 qp_idx 0
[[55132,1],36][btl_openib_component.c:3426:handle_wc] from griffon-34.nancy.grid5000.fr to: griffon-25 error polling HP CQ with status WORK REQUEST FLUSHED ERROR status number 5 for wr_id dd1300 opcode 32628  vendor error 244 qp_idx 0
[[55132,1],35][btl_openib_component.c:3426:handle_wc] from griffon-34.nancy.grid5000.fr to: griffon-25 error polling HP CQ with status WORK REQUEST FLUSHED ERROR status number 5 for wr_id c60300 opcode 32767  vendor error 244 qp_idx 0
[griffon-25.nancy.grid5000.fr:03486] 21 more processes have sent help message help-mpi-btl-openib.txt / pp retry exceeded
[[55132,1],63][btl_openib_component.c:3426:handle_wc] from griffon-48.nancy.grid5000.fr to: griffon-25 error polling LP CQ with status RETRY EXCEEDED ERROR status number 12 for wr_id 2368c00 opcode 32767  vendor error 129 qp_idx 0
[[55132,1],60][btl_openib_component.c:3426:handle_wc] from griffon-48.nancy.grid5000.fr to: griffon-25 error polling LP CQ with status RETRY EXCEEDED ERROR status number 12 for wr_id 2331c00 opcode 32767  vendor error 129 qp_idx 0
[[55132,1],59][btl_openib_component.c:3426:handle_wc] from griffon-48.nancy.grid5000.fr to: griffon-25 error polling LP CQ with status RETRY EXCEEDED ERROR status number 12 for wr_id 1308800 opcode 32767  vendor error 129 qp_idx 0
[[55132,1],59][btl_openib_component.c:3426:handle_wc] from griffon-48.nancy.grid5000.fr to: griffon-25 error polling HP CQ with status WORK REQUEST FLUSHED ERROR status number 5 for wr_id 1506500 opcode 32554  vendor error 244 qp_idx 0
[[55132,1],60][btl_openib_component.c:3426:handle_wc] from griffon-48.nancy.grid5000.fr to: griffon-25 error polling HP CQ with status WORK REQUEST FLUSHED ERROR status number 5 for wr_id 253bc00 opcode 32767  vendor error 244 qp_idx 0
[[55132,5],0][btl_openib_component.c:3426:handle_wc] from griffon-25.nancy.grid5000.fr to: griffon-25.nancy.grid5000.fr error polling LP CQ with status RETRY EXCEEDED ERROR status number 12 for wr_id 18d4e00 opcode 32767  vendor error 129 qp_idx 0
[[55132,5],0][btl_openib_component.c:3426:handle_wc] from griffon-25.nancy.grid5000.fr to: griffon-25.nancy.grid5000.fr error polling LP CQ with status WORK REQUEST FLUSHED ERROR status number 5 for wr_id 2677e00 opcode 32718  vendor error 249 qp_idx 0
[griffon-25.nancy.grid5000.fr:03486] 4 more processes have sent help message help-mpi-btl-openib.txt / pp retry exceeded
