#RUN	RANK	FAILURE_DETECTED	COMM_REVOKED	COMM_SHRINKED	COMM_SPAWNED	ROLLBACK_DONE	COMM_MERGED
 10	   0	  1.008678913    	0.004647016525	0.07785701752	0.06831002235	0.01407289505	0.04365205765
 10	   1	  1.011878967    	0.008687973022	0.07079195976	0.06812500954	9.536743164e-07	0.05774521828
 10	   2	  1.011911154    	0.01480293274	0.06453704834	0.06831288338	  0.000000000	0.05765104294
 10	   3	  1.011683941    	0.006920099258	0.07283496857	0.06804990768	1.192092896e-06	0.05779194832
 10	   4	  1.009419918    	0.01746511459	0.06476402283	0.06791186333	  0.000000000	0.05765008926
 10	   5	  1.026955843    	2.145767212e-06	0.06439089775	0.06810498238	  0.000000000	0.05782008171
 10	   6	  1.003494978    	0.004687070847	0.08317995071	0.06821393967	  0.000000000	0.05769610405
 10	   7	  1.058767080    	1.907348633e-06	0.03236818314	0.06843185425	  0.000000000	0.05764913559
 10	   8	  1.003544092    	0.02525186539	0.06240797043	0.06829500198	9.536743164e-07	0.05771517754
 10	   9	  1.007099867    	0.01123118401	0.07286190987	0.06830191612	  0.000000000	0.05771017075
 10	  10	  1.003175020    	0.02818989754	0.06002593040	0.06817102432	  0.000000000	0.05765318871
 10	  11	  1.009280920    	0.008930921555	0.07308912277	0.06819105148	9.536743164e-07	0.05768489838
 10	  12	  1.062012911    	2.145767212e-06	0.02931404114	0.06824278831	  0.000000000	0.05771207809
 10	  13	  1.003561974    	0.01603698730	0.07163906097	0.06825900078	  0.000000000	0.05775904655
 10	  14	  1.030292988    	1.907348633e-06	0.06112098694	0.06815409660	  0.000000000	0.05764484406


#RUN	RANK	FAILURE_DETECTED	COMM_REVOKED	COMM_SHRINKED	COMM_SPAWNED	ROLLBACK_DONE	COMM_MERGED
  9	   0	  1.005082130    	  0.000000000	0.03987598419	0.06794500351	0.01408195496	0.04249596596
  9	   1	  1.006335020    	  0.000000000	0.03866910934	0.06803584099	  0.000000000	0.05647110939
  9	   2	  1.005939960    	  0.000000000	0.03916811943	0.06784796715	  0.000000000	0.05661511421
  9	   3	  1.008707047    	9.536743164e-07	0.03646397591	0.06791615486	  0.000000000	0.05648803711
  9	   4	  1.008810043    	  0.000000000	0.03637194633	0.06768608093	  0.000000000	0.05657696724
  9	   5	  1.007339954    	  0.000000000	0.03802490234	0.06767606735	9.536743164e-07	0.05644512177
  9	   6	  1.008749962    	  0.000000000	0.03643107414	0.06777405739	9.536743164e-07	0.05661296844
  9	   7	  1.011395931    	1.192092896e-06	0.03351497650	0.06819486618	  0.000000000	0.05637001991
  9	   8	  1.012284040    	  0.000000000	0.03269004822	0.06792593002	1.192092896e-06	0.05661487579
  9	   9	  1.010030985    	  0.000000000	0.03496813774	0.06805086136	  0.000000000	0.05638504028
  9	  10	  1.002613068    	1.287460327e-05	0.04239606857	0.06794190407	  0.000000000	0.05651402473
  9	  11	  1.010684013    	  0.000000000	0.03443098068	0.06798195839	  0.000000000	0.05646610260
  9	  12	  1.002571106    	1.406669617e-05	0.04260587692	0.06771802902	  0.000000000	0.05656099319
  9	  13	  1.002599001    	1.287460327e-05	0.04245805740	0.06798195839	  0.000000000	0.05638408661
  9	  14	  1.011957169    	1.907348633e-06	0.03309988976	0.06819820404	  0.000000000	0.05617284775


#RUN	RANK	FAILURE_DETECTED	COMM_REVOKED	COMM_SHRINKED	COMM_SPAWNED	ROLLBACK_DONE	COMM_MERGED
  8	   0	  1.005986929    	  0.000000000	0.02884101868	0.06911301613	0.01412487030	0.04577207565
  8	   1	  1.005234003    	  0.000000000	0.02979493141	0.06902813911	  0.000000000	0.05983400345
  8	   2	  1.008032084    	9.536743164e-07	0.02687191963	0.06903815269	  0.000000000	0.05989289284
  8	   3	  1.007345200    	  0.000000000	0.02783393860	0.06891894341	  0.000000000	0.05976700783
  8	   4	  1.008315802    	  0.000000000	0.02657914162	0.06912589073	  0.000000000	0.05992698669
  8	   5	  1.008883953    	  0.000000000	0.02621412277	0.06895780563	  0.000000000	0.05976605415
  8	   6	  1.007066965    	  0.000000000	0.02789998055	0.06897997856	9.536743164e-07	0.05988717079
  8	   7	  1.009755135    	  0.000000000	0.02504396439	0.06931686401	  0.000000000	0.05978703499
  8	   8	  1.010922909    	9.536743164e-07	0.02405714989	0.06896996498	  0.000000000	0.05992603302
  8	   9	  1.003126860    	1.406669617e-05	0.03168988228	0.06922912598	  0.000000000	0.05975890160
  8	  10	  1.010600090    	9.536743164e-07	0.02449512482	0.06886982918	1.192092896e-06	0.05990386009
  8	  11	  1.003283978    	1.311302185e-05	0.03158092499	0.06922888756	  0.000000000	0.05976009369
  8	  12	  1.003157854    	1.311302185e-05	0.03186893463	0.06897997856	  0.000000000	0.05984210968
  8	  13	  1.003504992    	  0.000000000	0.03048682213	0.06917810440	9.536743164e-07	0.05979204178
  8	  14	  1.004516125    	1.907348633e-06	0.03062200546	0.06881690025	  0.000000000	0.05991196632


#RUN	RANK	FAILURE_DETECTED	COMM_REVOKED	COMM_SHRINKED	COMM_SPAWNED	ROLLBACK_DONE	COMM_MERGED
  7	   0	  1.003192902    	  0.000000000	0.03872895241	0.06835103035	0.01410698891	0.04517316818
  7	   1	  1.011936903    	9.536743164e-07	0.03046703339	0.06803989410	  0.000000000	0.05915021896
  7	   2	  1.002444029    	1.502037048e-05	0.03966307640	0.06822991371	  0.000000000	0.05924391747
  7	   3	  1.005076885    	  0.000000000	0.03710317612	0.06821298599	9.536743164e-07	0.05914807320
  7	   4	  1.005374908    	  0.000000000	0.03662514687	0.06826901436	  0.000000000	0.05927801132
  7	   5	  1.004584789    	1.192092896e-06	0.03758883476	0.06826996803	  0.000000000	0.05914402008
  7	   6	  1.004827976    	  0.000000000	0.03736305237	0.06815791130	  0.000000000	0.05923318863
  7	   7	  1.007448196    	9.536743164e-07	0.03447294235	0.06853795052	  0.000000000	0.05935406685
  7	   8	  1.002421141    	1.406669617e-05	0.03957581520	0.06826710701	  0.000000000	0.05938887596
  7	   9	  1.007840872    	  0.000000000	0.03427600861	0.06831908226	9.536743164e-07	0.05914688110
  7	  10	  1.002521038    	1.215934753e-05	0.03954887390	0.06828713417	  0.000000000	0.05917191505
  7	  11	  1.002438068    	1.192092896e-05	0.03947901726	0.06847405434	  0.000000000	0.05917000771
  7	  12	  1.002655983    	  0.000000000	0.03941392899	0.06819701195	  0.000000000	0.05937504768
  7	  13	  1.007359028    	  0.000000000	0.03479480743	0.06827020645	  0.000000000	0.05924487114
  7	  14	  1.007533789    	2.145767212e-06	0.03471803665	0.06809782982	1.192092896e-06	0.05922198296


#RUN	RANK	FAILURE_DETECTED	COMM_REVOKED	COMM_SHRINKED	COMM_SPAWNED	ROLLBACK_DONE	COMM_MERGED
  6	   0	  1.004091978    	9.536743164e-07	0.03572416306	0.07016301155	0.01410794258	0.04357290268
  6	   1	  1.007388115    	9.536743164e-07	0.03252291679	0.07017111778	9.536743164e-07	0.05748295784
  6	   2	  1.005111933    	  0.000000000	0.03495597839	0.06990695000	1.192092896e-06	0.05756282806
  6	   3	  1.005944967    	9.536743164e-07	0.03404593468	0.07009911537	  0.000000000	0.05747890472
  6	   4	  1.006387949    	  0.000000000	0.03363108635	0.06995797157	9.536743164e-07	0.05765795708
  6	   5	  1.008105993    	1.192092896e-06	0.03197979927	0.07001900673	  0.000000000	0.05749797821
  6	   6	  1.007414103    	  0.000000000	0.03258895874	0.06998300552	9.536743164e-07	0.05754494667
  6	   7	  1.001702070    	1.311302185e-05	0.03807592392	0.07031702995	  0.000000000	0.05750799179
  6	   8	  1.008748055    	  0.000000000	0.03108978271	0.07016611099	  0.000000000	0.05753397942
  6	   9	  1.001606941    	1.406669617e-05	0.03828883171	0.07017612457	  0.000000000	0.05751395226
  6	  10	  1.001640081    	1.192092896e-05	0.03825592995	0.07008504868	  0.000000000	0.05753993988
  6	  11	  1.006544828    	  0.000000000	0.03331112862	0.07023692131	9.536743164e-07	0.05746912956
  6	  12	  1.009879112    	9.536743164e-07	0.03008198738	0.07002592087	  0.000000000	0.05756402016
  6	  13	  1.008884907    	9.536743164e-07	0.03109502792	0.07013511658	  0.000000000	0.05749201775
  6	  14	  1.006597042    	2.145767212e-06	0.03341293335	0.07006907463	  0.000000000	0.05749487877


#RUN	RANK	FAILURE_DETECTED	COMM_REVOKED	COMM_SHRINKED	COMM_SPAWNED	ROLLBACK_DONE	COMM_MERGED
  5	   0	  1.006597042    	9.536743164e-07	0.03277516365	0.06828689575	0.01409196854	0.04597306252
  5	   1	  1.003118038    	9.536743164e-07	0.03648710251	0.06810283661	1.192092896e-06	0.06005191803
  5	   2	  1.011790991    	1.192092896e-06	0.02774000168	0.06812381744	  0.000000000	0.06005311012
  5	   3	  1.008401871    	  0.000000000	0.03122997284	0.06811499596	9.536743164e-07	0.06000804901
  5	   4	  1.009383917    	  0.000000000	0.03003501892	0.06825494766	  0.000000000	0.06002807617
  5	   5	  1.009747028    	9.536743164e-07	0.02980709076	0.06816101074	9.536743164e-07	0.06004405022
  5	   6	  1.002576113    	1.406669617e-05	0.03717589378	0.06788897514	  0.000000000	0.06009507179
  5	   7	  1.008770943    	9.536743164e-07	0.03059697151	0.06838107109	  0.000000000	0.06005501747
  5	   8	  1.002613068    	1.287460327e-05	0.03676199913	0.06829118729	  0.000000000	0.06007599831
  5	   9	  1.002657890    	1.311302185e-05	0.03684186935	0.06823515892	  0.000000000	0.06008791924
  5	  10	  1.002588034    	1.382827759e-05	0.03684902191	0.06827116013	  0.000000000	0.05998897552
  5	  11	  1.007297993    	  0.000000000	0.03209185600	0.06833600998	  0.000000000	0.06004595757
  5	  12	  1.011532068    	9.536743164e-07	0.02790808678	0.06823182106	1.192092896e-06	0.06010389328
  5	  13	  1.010872841    	  0.000000000	0.02900004387	0.06794404984	9.536743164e-07	0.06006002426
  5	  14	  1.007168055    	2.145767212e-06	0.03231787682	0.06817007065	9.536743164e-07	0.06009101868


#RUN	RANK	FAILURE_DETECTED	COMM_REVOKED	COMM_SHRINKED	COMM_SPAWNED	ROLLBACK_DONE	COMM_MERGED
  4	   0	  1.007220030    	  0.000000000	0.01997613907	0.07002496719	0.01409888268	0.04469108582
  4	   1	  1.008404970    	  0.000000000	0.01885890961	0.06995916367	  0.000000000	0.05867481232
  4	   2	  1.008796215    	9.536743164e-07	0.01858901978	0.06983089447	  0.000000000	0.05868291855
  4	   3	  1.009953976    	  0.000000000	0.01738595963	0.06989717484	  0.000000000	0.05870890617
  4	   4	  1.006129026    	9.536743164e-07	0.02113485336	0.06995701790	  0.000000000	0.05867695808
  4	   5	  1.002416849    	1.311302185e-05	0.02503705025	0.06977486610	  0.000000000	0.05869412422
  4	   6	  1.005570173    	9.536743164e-07	0.02202796936	0.06963992119	  0.000000000	0.05869507790
  4	   7	  1.002439976    	1.311302185e-05	0.02467393875	0.07010388374	  0.000000000	0.05866503716
  4	   8	  1.002875090    	  0.000000000	0.02432084084	0.07003116608	  0.000000000	0.05871081352
  4	   9	  1.007176161    	9.536743164e-07	0.01927804947	0.06989979744	  0.000000000	0.05867099762
  4	  10	  1.006404877    	  0.000000000	0.02086806297	0.06995511055	  0.000000000	0.05871391296
  4	  11	  1.007946968    	9.536743164e-07	0.01923012733	0.07008194923	  0.000000000	0.05861687660
  4	  12	  1.008708000    	  0.000000000	0.01869702339	0.06991195679	  0.000000000	0.05856895447
  4	  13	  1.005811930    	9.536743164e-07	0.02087998390	0.06969809532	  0.000000000	0.05869507790
  4	  14	  1.006594896    	2.145767212e-06	0.02076888084	0.06987190247	  0.000000000	0.05869913101


#RUN	RANK	FAILURE_DETECTED	COMM_REVOKED	COMM_SHRINKED	COMM_SPAWNED	ROLLBACK_DONE	COMM_MERGED
  3	   0	  1.009729862    	1.192092896e-06	0.02076482773	0.07119798660	0.01433610916	0.04617190361
  3	   1	  1.009335041    	  0.000000000	0.02123188972	0.07112717628	  0.000000000	0.06040000916
  3	   2	  1.010086060    	  0.000000000	0.02061891556	0.07100796700	  0.000000000	0.06037116051
  3	   3	  1.007575035    	  0.000000000	0.02305889130	0.07106304169	9.536743164e-07	0.06044101715
  3	   4	  1.002452850    	1.406669617e-05	0.02828192711	0.07106018066	9.536743164e-07	0.06032204628
  3	   5	  1.008314133    	  0.000000000	0.02244400978	0.07095980644	  0.000000000	0.06037020683
  3	   6	  1.002942801    	  0.000000000	0.02783012390	0.07093787193	  0.000000000	0.06041598320
  3	   7	  1.002721071    	  0.000000000	0.02772593498	0.07129001617	9.536743164e-07	0.06035304070
  3	   8	  1.007085085    	  0.000000000	0.02343201637	0.07119703293	  0.000000000	0.06038689613
  3	   9	  1.008866072    	9.536743164e-07	0.02176403999	0.07105088234	1.192092896e-06	0.06044793129
  3	  10	  1.010025024    	  0.000000000	0.02052187920	0.07115602493	  0.000000000	0.06042289734
  3	  11	  1.009445190    	9.536743164e-07	0.02106785774	0.07119417191	  0.000000000	0.06039190292
  3	  12	  1.010818958    	  0.000000000	0.02002000809	0.07094717026	  0.000000000	0.06027388573
  3	  13	  1.008188963    	  0.000000000	0.02251911163	0.07101702690	9.536743164e-07	0.06041789055
  3	  14	  1.010761023    	1.907348633e-06	0.01982307434	0.07110905647	  0.000000000	0.06042194366


#RUN	RANK	FAILURE_DETECTED	COMM_REVOKED	COMM_SHRINKED	COMM_SPAWNED	ROLLBACK_DONE	COMM_MERGED
  2	   0	  1.034795046    	9.536743164e-07	0.01953005791	0.07064580917	0.01418304443	0.05096006393
  2	   1	  1.030004025    	9.536743164e-07	0.02446103096	0.07050085068	1.192092896e-06	0.06516480446
  2	   2	  1.029011965    	9.536743164e-07	0.02536296844	0.07056999207	9.536743164e-07	0.06525015831
  2	   3	  1.026299000    	  0.000000000	0.02744603157	0.07038497925	  0.000000000	0.06510710716
  2	   4	  1.027116060    	9.536743164e-07	0.02727913857	0.07064604759	9.536743164e-07	0.06506896019
  2	   5	  1.026746035    	1.502037048e-05	0.02779293060	0.07050991058	  0.000000000	0.06508207321
  2	   6	  1.026981831    	  0.000000000	0.02746200562	0.07050514221	9.536743164e-07	0.06518697739
  2	   7	  1.028190851    	  0.000000000	0.02608513832	0.07073688507	  0.000000000	0.06510114670
  2	   8	  1.027091980    	9.536743164e-07	0.02731800079	0.07056403160	9.536743164e-07	0.06513118744
  2	   9	  1.034466028    	  0.000000000	0.01983189583	0.07065916061	9.536743164e-07	0.06511092186
  2	  10	  1.030955076    	9.536743164e-07	0.02358102798	0.07040596008	9.536743164e-07	0.06518507004
  2	  11	  1.029327869    	  0.000000000	0.02414298058	0.07066011429	  0.000000000	0.06514906883
  2	  12	  1.029105902    	9.536743164e-07	0.02537918091	0.07055282593	  0.000000000	0.06511616707
  2	  13	  1.028328896    	1.192092896e-06	0.02605485916	0.07067608833	9.536743164e-07	0.06501197815
  2	  14	  1.034366131    	1.907348633e-06	0.02020096779	0.07037496567	  0.000000000	0.06517601013


#RUN	RANK	FAILURE_DETECTED	COMM_REVOKED	COMM_SHRINKED	COMM_SPAWNED	ROLLBACK_DONE	COMM_MERGED
  1	   0	  1.032207012    	9.536743164e-07	0.01734304428	0.07150197029	0.01423287392	0.05134606361
  1	   1	  1.032120943    	  0.000000000	0.01767802238	0.07137393951	  0.000000000	0.06519913673
  1	   2	  1.027507067    	1.406669617e-05	0.02211093903	0.07145905495	  0.000000000	0.06519699097
  1	   3	  1.031481028    	  0.000000000	0.01833891869	0.07137203217	  0.000000000	0.06536698341
  1	   4	  1.027535915    	1.406669617e-05	0.02220797539	0.07125306129	  0.000000000	0.06527805328
  1	   5	  1.027810097    	  0.000000000	0.02184796333	0.07152199745	  0.000000000	0.06511807442
  1	   6	  1.033270836    	  0.000000000	0.01647901535	0.07134509087	  0.000000000	0.06518197060
  1	   7	  1.034047842    	1.192092896e-06	0.01545095444	0.07171201706	  0.000000000	0.06512093544
  1	   8	  1.033860922    	9.536743164e-07	0.01569795609	0.07149410248	9.536743164e-07	0.06526803970
  1	   9	  1.032352924    	  0.000000000	0.01727199554	0.07155919075	  0.000000000	0.06517481804
  1	  10	  1.032754898    	  0.000000000	0.01682806015	0.07151603699	  0.000000000	0.06521701813
  1	  11	  1.036776781    	  0.000000000	0.01292300224	0.07150101662	  0.000000000	0.06517314911
  1	  12	  1.028411865    	  0.000000000	0.02117300034	0.07142996788	  0.000000000	0.06526613235
  1	  13	  1.027673960    	  0.000000000	0.02205395699	0.07146501541	  0.000000000	0.06514596939
  1	  14	  1.029052973    	9.536743164e-07	0.02057313919	0.07147693634	9.536743164e-07	0.06523203850


