#RUN	RANK	FAILURE_DETECTED	COMM_REVOKED	COMM_SHRINKED	COMM_SPAWNED	ROLLBACK_DONE	COMM_MERGED
 10	   0	  1.003793955    	0.001552104950	0.08914685249	0.06771898270	0.01406121254	0.04435086250
 10	   1	  1.019360065    	0.009054899216	0.06625604630	0.06757807732	9.536743164e-07	0.05837202072
 10	   2	  1.019569159    	9.536743164e-07	0.07497286797	0.06765198708	1.192092896e-06	0.05849695206
 10	   3	  1.010290146    	0.007073879242	0.07738399506	0.06754899025	  0.000000000	0.05830717087
 10	   4	  1.039096117    	1.907348633e-06	0.05570816994	0.06737899780	  0.000000000	0.05850696564
 10	   5	  1.009912968    	0.01392793655	0.07084918022	0.06755399704	  0.000000000	0.05836892128
 10	   6	  1.005594015    	0.02220797539	0.06692409515	0.06751394272	9.536743164e-07	0.05841803551
 10	   7	  1.009356976    	1.788139343e-05	0.08507108688	0.06789588928	  0.000000000	0.05828213692
 10	   8	  1.062760115    	1.907348633e-06	0.03175592422	0.06772112846	  0.000000000	0.05841994286
 10	   9	  1.007224083    	0.01686310768	0.07042288780	0.06774306297	  0.000000000	0.05836296082
 10	  10	  1.064110041    	2.145767212e-06	0.03060197830	0.06749296188	  0.000000000	0.05840206146
 10	  11	  1.009212017    	0.007418870926	0.07797694206	0.06770110130	  0.000000000	0.05826807022
 10	  12	  1.064570904    	1.907348633e-06	0.03004598618	0.06757307053	9.536743164e-07	0.05843806267
 10	  13	  1.058357954    	1.907348633e-06	0.03621697426	0.06766700745	9.536743164e-07	0.05838704109
 10	  14	  1.006697178    	0.02713394165	0.06089210510	0.06752800941	  0.000000000	0.05842185020


#RUN	RANK	FAILURE_DETECTED	COMM_REVOKED	COMM_SHRINKED	COMM_SPAWNED	ROLLBACK_DONE	COMM_MERGED
  9	   0	  1.005244970    	9.536743164e-07	0.04187798500	0.06777596474	0.01407599449	0.04267001152
  9	   1	  1.006182909    	  0.000000000	0.04119491577	0.06798601151	1.192092896e-06	0.05639696121
  9	   2	  1.004612923    	9.536743164e-07	0.04257798195	0.06777715683	  0.000000000	0.05676984787
  9	   3	  1.008707047    	  0.000000000	0.03880596161	0.06801295280	  0.000000000	0.05615997314
  9	   4	  1.008578062    	  0.000000000	0.03862404823	0.06769180298	1.192092896e-06	0.05674386024
  9	   5	  1.007535934    	9.536743164e-07	0.03983712196	0.06798100471	  0.000000000	0.05637001991
  9	   6	  1.008102179    	  0.000000000	0.03921890259	0.06764602661	  0.000000000	0.05666804314
  9	   7	  1.009616137    	9.536743164e-07	0.03749799728	0.06844186783	  0.000000000	0.05613017082
  9	   8	  1.010395050    	  0.000000000	0.03676295280	0.06775093079	9.536743164e-07	0.05677413940
  9	   9	  1.010110140    	9.536743164e-07	0.03708004951	0.06817889214	  0.000000000	0.05631613731
  9	  10	  1.002546072    	1.287460327e-05	0.04472208023	0.06769800186	  0.000000000	0.05665898323
  9	  11	  1.003699064    	9.536743164e-07	0.04348111153	0.06836080551	1.192092896e-06	0.05617189407
  9	  12	  1.002576113    	1.192092896e-05	0.04469513893	0.06762886047	9.536743164e-07	0.05677103996
  9	  13	  1.002620935    	1.192092896e-05	0.04467105865	0.06805610657	  0.000000000	0.05639696121
  9	  14	  1.003498077    	1.907348633e-06	0.04381513596	0.06796789169	1.192092896e-06	0.05639290810


#RUN	RANK	FAILURE_DETECTED	COMM_REVOKED	COMM_SHRINKED	COMM_SPAWNED	ROLLBACK_DONE	COMM_MERGED
  8	   0	  1.005497932    	1.192092896e-06	0.02851796150	0.06774091721	0.01413297653	0.04470801353
  8	   1	  1.008454084    	  0.000000000	0.02566099167	0.06777095795	  0.000000000	0.05875492096
  8	   2	  1.005342960    	1.192092896e-06	0.02874398232	0.06766796112	9.536743164e-07	0.05883693695
  8	   3	  1.007533073    	  0.000000000	0.02673792839	0.06761312485	  0.000000000	0.05880308151
  8	   4	  1.008504152    	  0.000000000	0.02559185028	0.06765699387	1.192092896e-06	0.05888700485
  8	   5	  1.007624865    	  0.000000000	0.02663993835	0.06761312485	  0.000000000	0.05875086784
  8	   6	  1.007710934    	  0.000000000	0.02669310570	0.06735301018	  0.000000000	0.05883193016
  8	   7	  1.010101080    	  0.000000000	0.02390384674	0.06790208817	  0.000000000	0.05877208710
  8	   8	  1.010462999    	  0.000000000	0.02356696129	0.06771993637	9.536743164e-07	0.05884504318
  8	   9	  1.002541065    	1.406669617e-05	0.03153491020	0.06782007217	  0.000000000	0.05876898766
  8	  10	  1.010787010    	  0.000000000	0.02338004112	0.06762003899	  0.000000000	0.05883979797
  8	  11	  1.002645016    	1.311302185e-05	0.03142499924	0.06780886650	  0.000000000	0.05878400803
  8	  12	  1.002516985    	1.311302185e-05	0.03163385391	0.06759905815	  0.000000000	0.05882000923
  8	  13	  1.004829884    	  0.000000000	0.02967500687	0.06739902496	9.536743164e-07	0.05885601044
  8	  14	  1.004791021    	9.536743164e-07	0.02941513062	0.06755685806	  0.000000000	0.05886197090


#RUN	RANK	FAILURE_DETECTED	COMM_REVOKED	COMM_SHRINKED	COMM_SPAWNED	ROLLBACK_DONE	COMM_MERGED
  7	   0	  1.006062031    	9.536743164e-07	0.03864789009	0.06816601753	0.01411318779	0.04462194443
  7	   1	  1.005733967    	  0.000000000	0.03904914856	0.06809377670	  0.000000000	0.05873417854
  7	   2	  1.005071163    	  0.000000000	0.03996491432	0.06796002388	  0.000000000	0.05867791176
  7	   3	  1.008386135    	9.536743164e-07	0.03652191162	0.06799316406	  0.000000000	0.05875802040
  7	   4	  1.007093906    	9.536743164e-07	0.03768610954	0.06808805466	9.536743164e-07	0.05873394012
  7	   5	  1.007493019    	  0.000000000	0.03746819496	0.06792283058	  0.000000000	0.05876016617
  7	   6	  1.006433964    	9.536743164e-07	0.03853106499	0.06802582741	  0.000000000	0.05865001678
  7	   7	  1.009593010    	  0.000000000	0.03507399559	0.06825399399	9.536743164e-07	0.05884313583
  7	   8	  1.004179955    	  0.000000000	0.04053592682	0.06817197800	  0.000000000	0.05870914459
  7	   9	  1.010548830    	  0.000000000	0.03429818153	0.06802082062	  0.000000000	0.05877304077
  7	  10	  1.004032135    	1.382827759e-05	0.04074096680	0.06819820404	  0.000000000	0.05860996246
  7	  11	  1.004053116    	1.192092896e-05	0.04066300392	0.06817293167	  0.000000000	0.05870413780
  7	  12	  1.004409075    	  0.000000000	0.04036402702	0.06806683540	1.192092896e-06	0.05873703957
  7	  13	  1.013923883    	  0.000000000	0.03099513054	0.06797003746	  0.000000000	0.05875682831
  7	  14	  1.004394054    	1.907348633e-06	0.04041695595	0.06815695763	1.192092896e-06	0.05870079994


#RUN	RANK	FAILURE_DETECTED	COMM_REVOKED	COMM_SHRINKED	COMM_SPAWNED	ROLLBACK_DONE	COMM_MERGED
  6	   0	  1.004387856    	1.192092896e-06	0.03573083878	0.06831812859	0.01411700249	0.04352498055
  6	   1	  1.004962921    	  0.000000000	0.03532719612	0.06810998917	  0.000000000	0.05763792992
  6	   2	  1.007313013    	  0.000000000	0.03318309784	0.06800603867	9.536743164e-07	0.05763506889
  6	   3	  1.007452011    	  0.000000000	0.03288197517	0.06813001633	  0.000000000	0.05761003494
  6	   4	  1.008198977    	9.536743164e-07	0.03196692467	0.06826400757	  0.000000000	0.05763602257
  6	   5	  1.008775949    	9.536743164e-07	0.03148198128	0.06814002991	9.536743164e-07	0.05763816833
  6	   6	  1.007040977    	  0.000000000	0.03321719170	0.06829285622	9.536743164e-07	0.05761313438
  6	   7	  1.002842903    	1.406669617e-05	0.03721213341	0.06839179993	  0.000000000	0.05765509605
  6	   8	  1.009229898    	  0.000000000	0.03091406822	0.06829810143	  0.000000000	0.05768299103
  6	   9	  1.002837181    	1.382827759e-05	0.03724813461	0.06831097603	  0.000000000	0.05767107010
  6	  10	  1.002836943    	1.287460327e-05	0.03737211227	0.06828403473	  0.000000000	0.05750799179
  6	  11	  1.009953976    	1.192092896e-06	0.03016901016	0.06834602356	9.536743164e-07	0.05760502815
  6	  12	  1.010806084    	  0.000000000	0.02943801880	0.06819391251	9.536743164e-07	0.05769300461
  6	  13	  1.009423018    	9.536743164e-07	0.03074717522	0.06823992729	  0.000000000	0.05766487122
  6	  14	  1.010709047    	1.907348633e-06	0.02957510948	0.06824302673	9.536743164e-07	0.05755496025


#RUN	RANK	FAILURE_DETECTED	COMM_REVOKED	COMM_SHRINKED	COMM_SPAWNED	ROLLBACK_DONE	COMM_MERGED
  5	   0	  1.006518841    	  0.000000000	0.03254508972	0.06953096390	0.01412296295	0.05063414574
  5	   1	  1.011425018    	9.536743164e-07	0.02780890465	0.06944513321	9.536743164e-07	0.06469702721
  5	   2	  1.011411190    	9.536743164e-07	0.02786707878	0.06931281090	1.192092896e-06	0.06475090981
  5	   3	  1.008583069    	9.536743164e-07	0.03065800667	0.06948590279	  0.000000000	0.06461906433
  5	   4	  1.009552956    	9.536743164e-07	0.02957105637	0.06945800781	9.536743164e-07	0.06479501724
  5	   5	  1.009335995    	9.536743164e-07	0.02989602089	0.06944704056	  0.000000000	0.06462383270
  5	   6	  1.002607107    	1.287460327e-05	0.03676795959	0.06922101974	  0.000000000	0.06472611427
  5	   7	  1.007639170    	9.536743164e-07	0.03137397766	0.06973099709	  0.000000000	0.06464385986
  5	   8	  1.002640009    	1.406669617e-05	0.03643202782	0.06951594353	9.536743164e-07	0.06478190422
  5	   9	  1.002686024    	1.406669617e-05	0.03648090363	0.06950497627	  0.000000000	0.06470513344
  5	  10	  1.011955976    	1.192092896e-06	0.02733492851	0.06937003136	  0.000000000	0.06468391418
  5	  11	  1.010628939    	  0.000000000	0.02840304375	0.06965994835	9.536743164e-07	0.06460809708
  5	  12	  1.011079073    	9.536743164e-07	0.02809906006	0.06939291954	1.192092896e-06	0.06485700607
  5	  13	  1.010019064    	  0.000000000	0.02927803993	0.06938695908	  0.000000000	0.06466293335
  5	  14	  1.011914968    	2.145767212e-06	0.02725601196	0.06941986084	  0.000000000	0.06476306915


#RUN	RANK	FAILURE_DETECTED	COMM_REVOKED	COMM_SHRINKED	COMM_SPAWNED	ROLLBACK_DONE	COMM_MERGED
  4	   0	  1.002984047    	1.406669617e-05	0.02985906601	0.06901097298	0.01408791542	0.04638910294
  4	   1	  1.004024982    	9.536743164e-07	0.02895593643	0.06892800331	  0.000000000	0.06047201157
  4	   2	  1.004450083    	  0.000000000	0.02872395515	0.06869387627	  0.000000000	0.06047296524
  4	   3	  1.005807161    	  0.000000000	0.02730393410	0.06882405281	9.536743164e-07	0.06048607826
  4	   4	  1.011262178    	  0.000000000	0.02171778679	0.06888818741	  0.000000000	0.06045889854
  4	   5	  1.003114939    	1.311302185e-05	0.02991700172	0.06886291504	  0.000000000	0.06047391891
  4	   6	  1.011759996    	  0.000000000	0.02152395248	0.06858706474	  0.000000000	0.06049394608
  4	   7	  1.003134012    	1.192092896e-05	0.02969717979	0.06908702850	9.536743164e-07	0.06048989296
  4	   8	  1.003064156    	  0.000000000	0.02982091904	0.06900405884	  0.000000000	0.06049585342
  4	   9	  1.006225824    	  0.000000000	0.02683711052	0.06886196136	9.536743164e-07	0.06050515175
  4	  10	  1.009965897    	9.536743164e-07	0.02304697037	0.06886315346	9.536743164e-07	0.06056094170
  4	  11	  1.009946108    	  0.000000000	0.02296686172	0.06902313232	9.536743164e-07	0.06044006348
  4	  12	  1.012913942    	  0.000000000	0.02001500130	0.06899118423	  0.000000000	0.06045603752
  4	  13	  1.012368917    	  0.000000000	0.02093005180	0.06861305237	9.536743164e-07	0.06053900719
  4	  14	  1.006186962    	9.536743164e-07	0.02708220482	0.06868386269	  0.000000000	0.06036400795


#RUN	RANK	FAILURE_DETECTED	COMM_REVOKED	COMM_SHRINKED	COMM_SPAWNED	ROLLBACK_DONE	COMM_MERGED
  3	   0	  1.007952929    	1.192092896e-06	0.02144193649	0.07111096382	0.01445293427	0.05249404907
  3	   1	  1.009343147    	9.536743164e-07	0.02011203766	0.07105088234	  0.000000000	0.06694507599
  3	   2	  1.008723021    	  0.000000000	0.02093577385	0.07096314430	9.536743164e-07	0.06688213348
  3	   3	  1.006392002    	9.536743164e-07	0.02313899994	0.07098102570	  0.000000000	0.06694793701
  3	   4	  1.001863003    	1.382827759e-05	0.02757596970	0.07105612755	9.536743164e-07	0.06694507599
  3	   5	  1.006986856    	9.536743164e-07	0.02256011963	0.07097792625	9.536743164e-07	0.06696105003
  3	   6	  1.001891136    	1.287460327e-05	0.02776098251	0.07095503807	  0.000000000	0.06686997414
  3	   7	  1.001912117    	1.287460327e-05	0.02741813660	0.07118487358	  0.000000000	0.06696796417
  3	   8	  1.006354809    	  0.000000000	0.02306914330	0.07109189034	9.536743164e-07	0.06694602966
  3	   9	  1.008257866    	  0.000000000	0.02128505707	0.07097601891	  0.000000000	0.06693387032
  3	  10	  1.009711981    	9.536743164e-07	0.01973414421	0.07117295265	  0.000000000	0.06685996056
  3	  11	  1.008759975    	1.192092896e-06	0.02064585686	0.07112503052	9.536743164e-07	0.06693410873
  3	  12	  1.008398056    	  0.000000000	0.02105188370	0.07109093666	  0.000000000	0.06702208519
  3	  13	  1.007053137    	9.536743164e-07	0.02270293236	0.07076406479	9.536743164e-07	0.06695199013
  3	  14	  1.009618998    	1.907348633e-06	0.01994204521	0.07105994225	  0.000000000	0.06687998772


#RUN	RANK	FAILURE_DETECTED	COMM_REVOKED	COMM_SHRINKED	COMM_SPAWNED	ROLLBACK_DONE	COMM_MERGED
  2	   0	  1.029819965    	9.536743164e-07	0.02959108353	0.07178997993	0.01426696777	0.05133199692
  2	   1	  1.031087160    	  0.000000000	0.02834796906	0.07172489166	  0.000000000	0.06564593315
  2	   2	  1.027906895    	  0.000000000	0.03170394897	0.07166600227	9.536743164e-07	0.06562614441
  2	   3	  1.027293921    	1.502037048e-05	0.03224611282	0.07165884972	  0.000000000	0.06558704376
  2	   4	  1.031888008    	  0.000000000	0.02768588066	0.07165122032	9.536743164e-07	0.06556582451
  2	   5	  1.027292967    	  0.000000000	0.03233408928	0.07164502144	9.536743164e-07	0.06554007530
  2	   6	  1.027354956    	  0.000000000	0.03232288361	0.07159709930	9.536743164e-07	0.06556105614
  2	   7	  1.032828093    	  0.000000000	0.02653384209	0.07186412811	  0.000000000	0.06557393074
  2	   8	  1.032153845    	9.536743164e-07	0.02727413177	0.07179188728	  0.000000000	0.06557512283
  2	   9	  1.033989906    	  0.000000000	0.02552890778	0.07164406776	  0.000000000	0.06563305855
  2	  10	  1.036028147    	9.536743164e-07	0.02347087860	0.07177519798	  0.000000000	0.06551885605
  2	  11	  1.034992933    	  0.000000000	0.02444410324	0.07177305222	  0.000000000	0.06562900543
  2	  12	  1.035338879    	9.536743164e-07	0.02444815636	0.07143902779	  0.000000000	0.06556081772
  2	  13	  1.033308983    	  0.000000000	0.02627801895	0.07168197632	  0.000000000	0.06551504135
  2	  14	  1.036129951    	1.907348633e-06	0.02339315414	0.07174491882	9.536743164e-07	0.06555008888


#RUN	RANK	FAILURE_DETECTED	COMM_REVOKED	COMM_SHRINKED	COMM_SPAWNED	ROLLBACK_DONE	COMM_MERGED
  1	   0	  1.032236099    	  0.000000000	0.01790690422	0.07135295868	0.01426815987	0.04838085175
  1	   1	  1.032150030    	9.536743164e-07	0.01824021339	0.07122683525	  0.000000000	0.06258916855
  1	   2	  1.028588057    	  0.000000000	0.02161312103	0.07130002975	9.536743164e-07	0.06269598007
  1	   3	  1.033447981    	  0.000000000	0.01684904099	0.07133412361	  0.000000000	0.06251382828
  1	   4	  1.028351068    	1.382827759e-05	0.02180004120	0.07129001617	  0.000000000	0.06264591217
  1	   5	  1.028261900    	1.502037048e-05	0.02204108238	0.07129096985	  0.000000000	0.06256890297
  1	   6	  1.038202047    	  0.000000000	0.01213312149	0.07117295265	  0.000000000	0.06262803078
  1	   7	  1.037870884    	  0.000000000	0.01221919060	0.07155680656	  0.000000000	0.06258511543
  1	   8	  1.032706976    	9.536743164e-07	0.01744294167	0.07136011124	9.536743164e-07	0.06261706352
  1	   9	  1.033349991    	1.192092896e-06	0.01679086685	0.07148313522	  0.000000000	0.06250190735
  1	  10	  1.033846140    	  0.000000000	0.01637887955	0.07128810883	  0.000000000	0.06266880035
  1	  11	  1.030254841    	  0.000000000	0.01990318298	0.07149386406	9.536743164e-07	0.06252908707
  1	  12	  1.029137850    	9.536743164e-07	0.02110409737	0.07122302055	  0.000000000	0.06267404556
  1	  13	  1.028699875    	  0.000000000	0.02156305313	0.07135391235	  0.000000000	0.06249809265
  1	  14	  1.030670881    	1.907348633e-06	0.01957607269	0.07129907608	9.536743164e-07	0.06280088425


