#RUN	RANK	FAILURE_DETECTED	COMM_REVOKED	COMM_SHRINKED	COMM_SPAWNED	ROLLBACK_DONE	COMM_MERGED
 10	   0	  1.003895998    	0.001929044724	 0.2524368763	0.06127500534	0.01555418968	 0.1692249775
 10	   1	  1.020256996    	0.008546113968	 0.2296590805	0.06107497215	9.536743164e-07	 0.1847989559
 10	   2	  1.021049023    	1.907348633e-06	 0.2373960018	0.06107592583	1.192092896e-06	 0.1847798824
 10	   3	  1.008975029    	0.005425930023	 0.2442710400	0.06086802483	  0.000000000	 0.1847980022
 10	   4	  1.057630062    	4.053115845e-06	 0.2008090019	0.06108403206	9.536743164e-07	 0.1848199368
 10	   5	  1.008996010    	0.01284098625	 0.2368259430	0.06087303162	1.192092896e-06	 0.1847999096
 10	   6	  1.038742065    	3.099441528e-06	 0.2188668251	0.06088304520	  0.000000000	 0.1847960949
 10	   7	  1.007174015    	0.007183074951	 0.2445058823	0.06068611145	9.536743164e-07	 0.1847720146
 10	   8	  1.079509020    	4.053115845e-06	 0.1789288521	0.06108999252	1.192092896e-06	 0.1847908497
 10	   9	  1.004645109    	0.02836585045	 0.2256400585	0.06088495255	  0.000000000	 0.1847920418
 10	  10	  1.004649878    	0.03834009171	 0.2156488895	0.06088805199	  0.000000000	 0.1847960949
 10	  11	  1.007186890    	0.01742506027	 0.2342429161	0.06068611145	  0.000000000	 0.1847910881
 10	  12	  1.080049992    	5.006790161e-06	 0.1785590649	0.06090378761	1.192092896e-06	 0.1847999096
 10	  13	  1.005949020    	0.02704286575	 0.2258429527	0.06069111824	9.536743164e-07	 0.1848011017
 10	  14	  1.083757162    	5.006790161e-06	 0.1750469208	0.06070804596	  0.000000000	 0.1848070621
 10	  15	  1.003916025    	0.009599924088	 0.2455379963	0.06050205231	  0.000000000	 0.1847980022
 10	  16	  1.094812870    	5.006790161e-06	 0.1636331081	0.06108307838	9.536743164e-07	 0.1848158836
 10	  17	  1.086059093    	5.006790161e-06	 0.1725809574	0.06089091301	1.192092896e-06	 0.1848118305
 10	  18	  1.092513084    	2.861022949e-06	 0.1661181450	0.06089687347	1.192092896e-06	 0.1848108768
 10	  19	  1.071691036    	5.006790161e-06	 0.1871569157	0.06068706512	  0.000000000	 0.1848170757
 10	  20	  1.089487791    	3.099441528e-06	 0.1691460609	0.06088685989	1.192092896e-06	 0.1848118305
 10	  21	  1.082635880    	5.006790161e-06	 0.1761782169	0.06069493294	9.536743164e-07	 0.1848170757
 10	  22	  1.089131117    	2.861022949e-06	 0.1696851254	0.06069803238	  0.000000000	 0.1848168373
 10	  23	  1.066893101    	4.053115845e-06	 0.1921479702	0.06050300598	9.536743164e-07	 0.1848120689
 10	  24	  1.091733932    	3.099441528e-06	 0.1668980122	0.06089591980	  0.000000000	 0.1848311424
 10	  25	  1.080143929    	4.053115845e-06	 0.1786720753	0.06070590019	  0.000000000	 0.1848289967
 10	  26	  1.086306095    	2.861022949e-06	 0.1725170612	0.06069707870	9.536743164e-07	 0.1848289967
 10	  27	  1.079568148    	1.597404480e-05	 0.1794559956	0.06049299240	  0.000000000	 0.1848318577
 10	  28	  1.086900949    	5.960464478e-06	 0.1719021797	0.06071090698	9.536743164e-07	 0.1848430634
 10	  29	  1.086196184    	2.861022949e-06	 0.1728081703	0.06051301956	9.536743164e-07	 0.1848459244
 10	  30	  1.087747097    	3.099441528e-06	 0.1712529659	0.06051802635	9.536743164e-07	 0.1848440170
 10	  31	  1.008989096    	3.004074097e-05	 0.2491278648	0.06140899658	  0.000000000	 0.1848440170
 10	  32	  1.108247042    	3.814697266e-06	 0.1500811577	0.06119585037	9.536743164e-07	 0.1848611832
 10	  33	  1.104830980    	4.053115845e-06	 0.1535317898	0.06117105484	9.536743164e-07	 0.1848599911
 10	  34	  1.008271933    	0.04160213470	 0.2086780071	0.06096887589	  0.000000000	 0.1848640442
 10	  35	  1.004967928    	0.02679800987	 0.2265582085	0.06121587753	9.536743164e-07	 0.1848571301
 10	  36	  1.109491110    	5.960464478e-06	 0.1490240097	0.06099891663	  0.000000000	 0.1848680973
 10	  37	  1.104960918    	4.053115845e-06	 0.1535389423	0.06100916862	  0.000000000	 0.1848649979
 10	  38	  1.004162073    	0.04612612724	 0.2084209919	0.06080889702	9.536743164e-07	 0.1848630905
 10	  39	  1.006232977    	0.01790595055	 0.2341990471	0.06121802330	  0.000000000	 0.1848618984
 10	  40	  1.113404036    	4.053115845e-06	 0.1451208591	0.06100797653	  0.000000000	 0.1848690510
 10	  41	  1.107751131    	4.768371582e-06	 0.1507651806	0.06101489067	9.536743164e-07	 0.1848671436
 10	  42	  1.005563974    	0.04757714272	 0.2055819035	0.06080508232	  0.000000000	 0.1848700047
 10	  43	  1.006186008    	0.02747106552	 0.2248539925	0.06102895737	  0.000000000	 0.1848628521
 10	  44	  1.004817009    	0.04823207855	 0.2056670189	0.06080889702	9.536743164e-07	 0.1848700047
 10	  45	  1.108004093    	4.053115845e-06	 0.1506838799	0.06083703041	  0.000000000	 0.1848709583
 10	  46	  1.111095190    	3.814697266e-06	 0.1478040218	0.06062316895	  0.000000000	 0.1848728657
 10	  47	  1.018712997    	4.053115845e-06	 0.2396430969	0.06121587753	  0.000000000	 0.1848621368
 10	  48	  1.004864931    	0.04005599022	 0.2136211395	0.06101298332	9.536743164e-07	 0.1848800182
 10	  49	  1.008797884    	0.03628110886	 0.2134559155	0.06101989746	  0.000000000	 0.1848821640
 10	  50	  1.005307913    	0.03969597816	 0.2137379646	0.06081318855	  0.000000000	 0.1848809719
 10	  51	  1.090898991    	3.814697266e-06	 0.1676390171	0.06102108955	  0.000000000	 0.1848828793
 10	  52	  1.005307913    	0.04072093964	 0.2127020359	0.06081891060	1.192092896e-06	 0.1848897934
 10	  53	  1.061475039    	5.006790161e-06	 0.1972360611	0.06083202362	9.536743164e-07	 0.1848809719
 10	  54	  1.011211157    	0.04335689545	 0.2043540478	0.06062698364	  0.000000000	 0.1848809719
 10	  55	  1.004917145    	0.01806688309	 0.2355251312	0.06103491783	  0.000000000	 0.1848790646
 10	  56	  1.108427048    	2.861022949e-06	 0.1502730846	0.06082510948	9.536743164e-07	 0.1848888397
 10	  57	  1.004579067    	0.03667593002	 0.2174479961	0.06082987785	1.192092896e-06	 0.1848897934
 10	  58	  1.004496098    	0.04499006271	 0.2094118595	0.06062197685	  0.000000000	 0.1848950386
 10	  59	  1.089498997    	5.006790161e-06	 0.1691939831	0.06083989143	  0.000000000	 0.1847641468
 10	  60	  1.108884096    	3.814697266e-06	 0.1499950886	0.06063508987	9.536743164e-07	 0.1848888397
 10	  61	  1.003768921    	0.03827810287	 0.2168228626	0.06064701080	  0.000000000	 0.1848890781
 10	  62	  1.102829933    	4.053115845e-06	 0.1561770439	0.06050586700	  0.000000000	 0.1848840714


#RUN	RANK	FAILURE_DETECTED	COMM_REVOKED	COMM_SHRINKED	COMM_SPAWNED	ROLLBACK_DONE	COMM_MERGED
  9	   0	  1.010532141    	9.536743164e-07	 0.1340169907	0.06127500534	0.01553106308	 0.1509108543
  9	   1	  1.009757996    	  0.000000000	 0.1349639893	0.06130099297	  0.000000000	 0.1662559509
  9	   2	  1.004778147    	9.536743164e-07	 0.1399710178	0.06106996536	  0.000000000	 0.1664390564
  9	   3	  1.011171103    	  0.000000000	 0.1337459087	0.06111192703	  0.000000000	 0.1662220955
  9	   4	  1.010009050    	  0.000000000	 0.1347229481	0.06108593941	1.192092896e-06	 0.1664538383
  9	   5	  1.010476112    	  0.000000000	 0.1344630718	0.06108093262	9.536743164e-07	 0.1662549973
  9	   6	  1.011056900    	9.536743164e-07	 0.1338970661	0.06086397171	  0.000000000	 0.1664259434
  9	   7	  1.011977196    	  0.000000000	 0.1331598759	0.06089711189	9.536743164e-07	 0.1662299633
  9	   8	  1.011538982    	  0.000000000	 0.1332039833	0.06107616425	  0.000000000	 0.1664369106
  9	   9	  1.012840033    	9.536743164e-07	 0.1321082115	0.06107091904	  0.000000000	 0.1662459373
  9	  10	  1.013241053    	  0.000000000	 0.1317009926	0.06087493896	9.536743164e-07	 0.1664481163
  9	  11	  1.012463093    	  0.000000000	 0.1326649189	0.06090211868	  0.000000000	 0.1662380695
  9	  12	  1.013834953    	  0.000000000	 0.1311259270	0.06086111069	  0.000000000	 0.1664519310
  9	  13	  1.014158010    	  0.000000000	 0.1309850216	0.06087517738	9.536743164e-07	 0.1662490368
  9	  14	  1.005524874    	  0.000000000	 0.1396260262	0.06066703796	  0.000000000	 0.1664490700
  9	  15	  1.004638910    	1.192092896e-06	 0.1406710148	0.06072497368	9.536743164e-07	 0.1662459373
  9	  16	  1.006798983    	  0.000000000	 0.1379449368	0.06107807159	9.536743164e-07	 0.1664600372
  9	  17	  1.005908966    	9.536743164e-07	 0.1389949322	0.06111502647	  0.000000000	 0.1662590504
  9	  18	  1.005233049    	  0.000000000	 0.1397140026	0.06086897850	  0.000000000	 0.1664581299
  9	  19	  1.006372929    	9.536743164e-07	 0.1387410164	0.06091403961	  0.000000000	 0.1662518978
  9	  20	  1.007189035    	  0.000000000	 0.1377170086	0.06091094017	  0.000000000	 0.1664600372
  9	  21	  1.007627964    	  0.000000000	 0.1374762058	0.06090998650	  0.000000000	 0.1662588120
  9	  22	  1.009024143    	  0.000000000	 0.1361169815	0.06067705154	  0.000000000	 0.1664578915
  9	  23	  1.008058786    	1.192092896e-06	 0.1372559071	0.06071591377	1.192092896e-06	 0.1662559509
  9	  24	  1.008675814    	1.192092896e-06	 0.1362760067	0.06086802483	  0.000000000	 0.1664688587
  9	  25	  1.010993004    	  0.000000000	 0.1341190338	0.06090712547	9.536743164e-07	 0.1662619114
  9	  26	  1.011415005    	  0.000000000	 0.1336991787	0.06070494652	  0.000000000	 0.1664650440
  9	  27	  1.011963844    	  0.000000000	 0.1333451271	0.06071901321	  0.000000000	 0.1662578583
  9	  28	  1.010029078    	9.536743164e-07	 0.1350920200	0.06069684029	  0.000000000	 0.1664671898
  9	  29	  1.010504961    	1.192092896e-06	 0.1348099709	0.06070184708	  0.000000000	 0.1662621498
  9	  30	  1.009545803    	  0.000000000	 0.1357910633	0.06048202515	9.536743164e-07	 0.1664669514
  9	  31	  1.013942957    	1.192092896e-06	 0.1304779053	0.06161499023	  0.000000000	 0.1662569046
  9	  32	  1.014350891    	  0.000000000	 0.1302480698	0.06121993065	  0.000000000	 0.1664791107
  9	  33	  1.012498856    	  0.000000000	 0.1321170330	0.06139993668	  0.000000000	 0.1662850380
  9	  34	  1.013072014    	9.536743164e-07	 0.1317360401	0.06100487709	  0.000000000	 0.1664860249
  9	  35	  1.013363838    	9.536743164e-07	 0.1312570572	0.06140303612	9.536743164e-07	 0.1662740707
  9	  36	  1.004981041    	  0.000000000	 0.1398229599	0.06101012230	  0.000000000	 0.1664879322
  9	  37	  1.005300999    	1.192092896e-06	 0.1395218372	0.06119012833	  0.000000000	 0.1662869453
  9	  38	  1.006693125    	  0.000000000	 0.1383178234	0.06081318855	  0.000000000	 0.1664869785
  9	  39	  1.005712986    	  0.000000000	 0.1389360428	0.06139111519	9.536743164e-07	 0.1662938595
  9	  40	  1.007691860    	1.192092896e-06	 0.1371128559	0.06102013588	  0.000000000	 0.1665058136
  9	  41	  1.006207943    	9.536743164e-07	 0.1386260986	0.06118607521	9.536743164e-07	 0.1663088799
  9	  42	  1.008141041    	  0.000000000	 0.1368460655	0.06083607674	  0.000000000	 0.1665079594
  9	  43	  1.008708000    	9.536743164e-07	 0.1361041069	0.06121897697	  0.000000000	 0.1663029194
  9	  44	  1.009105921    	  0.000000000	 0.1358950138	0.06082201004	  0.000000000	 0.1665091515
  9	  45	  1.009593964    	9.536743164e-07	 0.1354231834	0.06100487709	9.536743164e-07	 0.1663110256
  9	  46	  1.004361868    	2.598762512e-05	 0.1408030987	0.06064796448	9.536743164e-07	 0.1665110588
  9	  47	  1.010538101    	9.536743164e-07	 0.1341059208	0.06141304970	  0.000000000	 0.1663069725
  9	  48	  1.012876034    	  0.000000000	 0.1319301128	0.06103682518	  0.000000000	 0.1665220261
  9	  49	  1.012061834    	  0.000000000	 0.1327970028	0.06118297577	  0.000000000	 0.1663219929
  9	  50	  1.010927916    	  0.000000000	 0.1340889931	0.06081700325	  0.000000000	 0.1665139198
  9	  51	  1.011452913    	  0.000000000	 0.1333680153	0.06122994423	  0.000000000	 0.1663160324
  9	  52	  1.012364864    	  0.000000000	 0.1326460838	0.06082606316	  0.000000000	 0.1665239334
  9	  53	  1.013326168    	  0.000000000	 0.1317160130	0.06099295616	  0.000000000	 0.1663129330
  9	  54	  1.004445076    	9.536743164e-07	 0.1407370567	0.06063199043	9.536743164e-07	 0.1665079594
  9	  55	  1.013848066    	9.536743164e-07	 0.1309731007	0.06120800972	  0.000000000	 0.1663038731
  9	  56	  1.006251812    	1.192092896e-06	 0.1387338638	0.06083106995	  0.000000000	 0.1665148735
  9	  57	  1.014346123    	9.536743164e-07	 0.1306459904	0.06102490425	  0.000000000	 0.1663181782
  9	  58	  1.004512072    	9.536743164e-07	 0.1406760216	0.06062698364	  0.000000000	 0.1665101051
  9	  59	  1.007094860    	9.536743164e-07	 0.1379051208	0.06102490425	  0.000000000	 0.1663091183
  9	  60	  1.004573822    	  0.000000000	 0.1406002045	0.06064200401	  0.000000000	 0.1665089130
  9	  61	  1.004590988    	  0.000000000	 0.1406140327	0.06080913544	9.536743164e-07	 0.1663160324
  9	  62	  1.007272959    	3.099441528e-06	 0.1380088329	0.06072807312	  0.000000000	 0.1663000584


#RUN	RANK	FAILURE_DETECTED	COMM_REVOKED	COMM_SHRINKED	COMM_SPAWNED	ROLLBACK_DONE	COMM_MERGED
  8	   0	  1.005164146    	9.536743164e-07	 0.1432058811	0.09377312660	0.01558899879	 0.1502249241
  8	   1	  1.005764961    	9.536743164e-07	 0.1427659988	0.09361219406	  0.000000000	 0.1658020020
  8	   2	  1.007750988    	  0.000000000	 0.1407940388	0.09359693527	  0.000000000	 0.1658139229
  8	   3	  1.007104158    	  0.000000000	 0.1416239738	0.09341788292	  0.000000000	 0.1658000946
  8	   4	  1.008512974    	  0.000000000	 0.1400511265	0.09357500076	9.536743164e-07	 0.1658010483
  8	   5	  1.006445885    	  0.000000000	 0.1422960758	0.09641003609	  0.000000000	 0.1627840996
  8	   6	  1.010565042    	  0.000000000	 0.1381728649	0.09340596199	  0.000000000	 0.1657891273
  8	   7	  1.009043932    	  0.000000000	 0.1398849487	0.09322690964	  0.000000000	 0.1657850742
  8	   8	  1.010048866    	9.536743164e-07	 0.1384971142	0.09359693527	  0.000000000	 0.1657929420
  8	   9	  1.009567022    	9.536743164e-07	 0.1391611099	0.09341597557	  0.000000000	 0.1657900810
  8	  10	  1.012479067    	  0.000000000	 0.1362519264	0.09341192245	  0.000000000	 0.1657969952
  8	  11	  1.014432907    	9.536743164e-07	 0.1345050335	0.09320998192	  0.000000000	 0.1657960415
  8	  12	  1.013929844    	9.536743164e-07	 0.1348280907	0.09338498116	9.536743164e-07	 0.1657960415
  8	  13	  1.011493921    	  0.000000000	 0.1374490261	0.09620308876	9.536743164e-07	 0.1628029346
  8	  14	  1.012048960    	  0.000000000	 0.1368710995	0.09322404861	9.536743164e-07	 0.1657960415
  8	  15	  1.011008024    	9.536743164e-07	 0.1381039619	0.09304308891	  0.000000000	 0.1657989025
  8	  16	  1.005815029    	  0.000000000	 0.1427109241	0.09361290932	  0.000000000	 0.1658051014
  8	  17	  1.006301880    	  0.000000000	 0.1424231529	0.09341883659	  0.000000000	 0.1658041477
  8	  18	  1.005322933    	  0.000000000	 0.1433990002	0.09342312813	  0.000000000	 0.1658008099
  8	  19	  1.004844904    	  0.000000000	 0.1440830231	0.09321999550	  0.000000000	 0.1658010483
  8	  20	  1.006731033    	  0.000000000	 0.1420328617	0.09337401390	1.192092896e-06	 0.1658048630
  8	  21	  1.007725000    	  0.000000000	 0.1412088871	0.09620809555	  0.000000000	 0.1628060341
  8	  22	  1.009036064    	  0.000000000	 0.1398918629	0.09321713448	  0.000000000	 0.1658008099
  8	  23	  1.008383989    	1.192092896e-06	 0.1407430172	0.09302592278	  0.000000000	 0.1658020020
  8	  24	  1.008620977    	  0.000000000	 0.1401340961	0.09338688850	  0.000000000	 0.1658110619
  8	  25	  1.007236004    	  0.000000000	 0.1416640282	0.09324789047	  0.000000000	 0.1658079624
  8	  26	  1.009512901    	  0.000000000	 0.1394190788	0.09321093559	  0.000000000	 0.1658120155
  8	  27	  1.009974957    	9.536743164e-07	 0.1391549110	0.09301805496	9.536743164e-07	 0.1658029556
  8	  28	  1.010385990    	  0.000000000	 0.1385731697	0.09318685532	1.192092896e-06	 0.1658017635
  8	  29	  1.011888981    	9.536743164e-07	 0.1372220516	0.09602999687	  0.000000000	 0.1628088951
  8	  30	  1.011357069    	  0.000000000	 0.1377439499	0.09304594994	  0.000000000	 0.1657960415
  8	  31	  1.010898829    	  0.000000000	 0.1373331547	0.09392285347	  0.000000000	 0.1658020020
  8	  32	  1.012835026    	  0.000000000	 0.1355719566	0.09372997284	  0.000000000	 0.1658170223
  8	  33	  1.013344049    	  0.000000000	 0.1350650787	0.09373188019	  0.000000000	 0.1658141613
  8	  34	  1.014300108    	  0.000000000	 0.1342978477	0.09354114532	  0.000000000	 0.1658179760
  8	  35	  1.012332916    	  0.000000000	 0.1361000538	0.09370899200	  0.000000000	 0.1658120155
  8	  36	  1.013787985    	  0.000000000	 0.1348299980	0.09351897240	  0.000000000	 0.1658260822
  8	  37	  1.007103205    	  0.000000000	 0.1415050030	0.09653782845	9.536743164e-07	 0.1628251076
  8	  38	  1.006693125    	  0.000000000	 0.1421020031	0.09335398674	9.536743164e-07	 0.1658179760
  8	  39	  1.005271912    	1.192092896e-06	 0.1431570053	0.09372878075	  0.000000000	 0.1658191681
  8	  40	  1.007599115    	  0.000000000	 0.1409997940	0.09354615211	9.536743164e-07	 0.1658320427
  8	  41	  1.005789042    	  0.000000000	 0.1428239346	0.09353804588	  0.000000000	 0.1658258438
  8	  42	  1.006227016    	9.536743164e-07	 0.1425909996	0.09332990646	  0.000000000	 0.1658220291
  8	  43	  1.008081913    	1.192092896e-06	 0.1405439377	0.09352898598	  0.000000000	 0.1658229828
  8	  44	  1.008514881    	  0.000000000	 0.1402790546	0.09335207939	  0.000000000	 0.1658298969
  8	  45	  1.004564047    	2.193450928e-05	 0.1442151070	0.09635901451	  0.000000000	 0.1628339291
  8	  46	  1.010043144    	9.536743164e-07	 0.1389589310	0.09316205978	  0.000000000	 0.1658279896
  8	  47	  1.009017944    	  0.000000000	 0.1394181252	0.09373998642	9.536743164e-07	 0.1658279896
  8	  48	  1.009505033    	9.536743164e-07	 0.1391019821	0.09355211258	  0.000000000	 0.1658389568
  8	  49	  1.011435032    	9.536743164e-07	 0.1371798515	0.09354996681	  0.000000000	 0.1658391953
  8	  50	  1.012843847    	1.192092896e-06	 0.1359770298	0.09333896637	  0.000000000	 0.1658339500
  8	  51	  1.011921167    	  0.000000000	 0.1367378235	0.09350919724	  0.000000000	 0.1658298969
  8	  52	  1.012402058    	  0.000000000	 0.1364090443	0.09334683418	9.536743164e-07	 0.1658391953
  8	  53	  1.004643202    	  0.000000000	 0.1441528797	0.09634113312	9.536743164e-07	 0.1628398895
  8	  54	  1.010890007    	  0.000000000	 0.1380941868	0.09315800667	9.536743164e-07	 0.1658380032
  8	  55	  1.014291048    	  0.000000000	 0.1343500614	0.09350991249	  0.000000000	 0.1658298969
  8	  56	  1.004786015    	  0.000000000	 0.1439769268	0.09337592125	  0.000000000	 0.1658351421
  8	  57	  1.004709959    	  0.000000000	 0.1440880299	0.09334397316	  0.000000000	 0.1658411026
  8	  58	  1.005219936    	  0.000000000	 0.1437680721	0.09315299988	  0.000000000	 0.1658329964
  8	  59	  1.004748106    	9.536743164e-07	 0.1440880299	0.09330987930	  0.000000000	 0.1658301353
  8	  60	  1.004893064    	  0.000000000	 0.1440749168	0.09316992760	  0.000000000	 0.1658341885
  8	  61	  1.006436110    	9.536743164e-07	 0.1425280571	0.09617185593	  0.000000000	 0.1628379822
  8	  62	  1.006595850    	3.099441528e-06	 0.1424779892	0.09304904938	9.536743164e-07	 0.1658549309


#RUN	RANK	FAILURE_DETECTED	COMM_REVOKED	COMM_SHRINKED	COMM_SPAWNED	ROLLBACK_DONE	COMM_MERGED
  7	   0	  1.004839182    	  0.000000000	 0.1408219337	 0.1367249489	0.01555895805	 0.1519570351
  7	   1	  1.004086971    	3.004074097e-05	 0.1417319775	 0.1365330219	9.536743164e-07	 0.1675190926
  7	   2	  1.007658005    	  0.000000000	 0.1381709576	 0.1365461349	  0.000000000	 0.1675379276
  7	   3	  1.006968975    	  0.000000000	 0.1390528679	 0.1363589764	9.536743164e-07	 0.1675391197
  7	   4	  1.008304834    	9.536743164e-07	 0.1375172138	 0.1365540028	9.536743164e-07	 0.1675109863
  7	   5	  1.005427837    	  0.000000000	 0.1405971050	 0.1363530159	  0.000000000	 0.1674978733
  7	   6	  1.009586096    	  0.000000000	 0.1364297867	 0.1363601685	  0.000000000	 0.1675078869
  7	   7	  1.008913994    	  0.000000000	 0.1372828484	 0.1361889839	  0.000000000	 0.1675081253
  7	   8	  1.010643005    	  0.000000000	 0.1351830959	 0.1365458965	1.192092896e-06	 0.1675138474
  7	   9	  1.009842873    	9.536743164e-07	 0.1362121105	 0.1363189220	  0.000000000	 0.1675181389
  7	  10	  1.010228872    	  0.000000000	 0.1357870102	 0.1363589764	  0.000000000	 0.1675190926
  7	  11	  1.013084888    	9.536743164e-07	 0.1331350803	 0.1361589432	9.536743164e-07	 0.1675109863
  7	  12	  1.012675047    	  0.000000000	 0.1333518028	 0.1363511086	  0.000000000	 0.1675200462
  7	  13	  1.012102842    	  0.000000000	 0.1341161728	 0.1361629963	  0.000000000	 0.1675100327
  7	  14	  1.011618853    	  0.000000000	 0.1345961094	 0.1361629963	  0.000000000	 0.1675229073
  7	  15	  1.011121988    	  0.000000000	 0.1352448463	 0.1360270977	9.536743164e-07	 0.1675179005
  7	  16	  1.004519939    	  0.000000000	 0.1413030624	 0.1365499496	  0.000000000	 0.1675369740
  7	  17	  1.005025864    	  0.000000000	 0.1410050392	 0.1363461018	  0.000000000	 0.1675360203
  7	  18	  1.005522966    	  0.000000000	 0.1405179501	 0.1363360882	9.536743164e-07	 0.1675310135
  7	  19	  1.005985975    	  0.000000000	 0.1402189732	 0.1361770630	  0.000000000	 0.1675279140
  7	  20	  1.004082203    	9.536743164e-07	 0.1419599056	 0.1363360882	  0.000000000	 0.1675350666
  7	  21	  1.013534069    	  0.000000000	 0.1326780319	 0.1361720562	  0.000000000	 0.1675300598
  7	  22	  1.008733988    	  0.000000000	 0.1374728680	 0.1361751556	  0.000000000	 0.1675269604
  7	  23	  1.009198189    	  0.000000000	 0.1371829510	 0.1360089779	  0.000000000	 0.1675229073
  7	  24	  1.006900072    	9.536743164e-07	 0.1391251087	 0.1363470554	9.536743164e-07	 0.1675400734
  7	  25	  1.007458210    	  0.000000000	 0.1387739182	 0.1361448765	  0.000000000	 0.1675341129
  7	  26	  1.007789850    	  0.000000000	 0.1384370327	 0.1361510754	  0.000000000	 0.1675379276
  7	  27	  1.008263111    	  0.000000000	 0.1381530762	 0.1359689236	  0.000000000	 0.1675269604
  7	  28	  1.006469011    	  0.000000000	 0.1397550106	 0.1361529827	9.536743164e-07	 0.1675350666
  7	  29	  1.010644197    	9.536743164e-07	 0.1357619762	 0.1359770298	9.536743164e-07	 0.1675269604
  7	  30	  1.009757996    	  0.000000000	 0.1366260052	 0.1359949112	  0.000000000	 0.1675360203
  7	  31	  1.010190010    	1.192092896e-06	 0.1353189945	 0.1368849277	  0.000000000	 0.1675319672
  7	  32	  1.011058092    	  0.000000000	 0.1346578598	 0.1366591454	  0.000000000	 0.1675508022
  7	  33	  1.012537956    	  0.000000000	 0.1331660748	 0.1366729736	  0.000000000	 0.1675469875
  7	  34	  1.012963057    	  0.000000000	 0.1329128742	 0.1364960670	9.536743164e-07	 0.1675519943
  7	  35	  1.013477087    	  0.000000000	 0.1322250366	 0.1366779804	9.536743164e-07	 0.1675479412
  7	  36	  1.013880968    	  0.000000000	 0.1320149899	 0.1364939213	1.192092896e-06	 0.1675488949
  7	  37	  1.011535883    	9.536743164e-07	 0.1343500614	 0.1365029812	  0.000000000	 0.1675531864
  7	  38	  1.012086153    	  0.000000000	 0.1339647770	 0.1363420486	9.536743164e-07	 0.1675481796
  7	  39	  1.005336046    	  0.000000000	 0.1403808594	 0.1366779804	  0.000000000	 0.1675570011
  7	  40	  1.004846811    	  0.000000000	 0.1410741806	 0.1364579201	9.536743164e-07	 0.1675660610
  7	  41	  1.005833864    	1.192092896e-06	 0.1400649548	 0.1364860535	  0.000000000	 0.1675679684
  7	  42	  1.006330013    	9.536743164e-07	 0.1397509575	 0.1363070011	  0.000000000	 0.1675710678
  7	  43	  1.006825924    	  0.000000000	 0.1390719414	 0.1364929676	  0.000000000	 0.1675691605
  7	  44	  1.003970146    	2.193450928e-05	 0.1421210766	 0.1362860203	  0.000000000	 0.1675798893
  7	  45	  1.008262873    	9.536743164e-07	 0.1378290653	 0.1363101006	  0.000000000	 0.1675708294
  7	  46	  1.009196997    	9.536743164e-07	 0.1370549202	 0.1361470222	  0.000000000	 0.1675741673
  7	  47	  1.007824898    	9.536743164e-07	 0.1378920078	 0.1366989613	1.192092896e-06	 0.1675729752
  7	  48	  1.008734941    	  0.000000000	 0.1371800900	 0.1364798546	  0.000000000	 0.1675829887
  7	  49	  1.009742975    	  0.000000000	 0.1361801624	 0.1364748478	  0.000000000	 0.1675829887
  7	  50	  1.010632992    	  0.000000000	 0.1354670525	 0.1362988949	1.192092896e-06	 0.1675817966
  7	  51	  1.010128975    	  0.000000000	 0.1357879639	 0.1364860535	  0.000000000	 0.1675751209
  7	  52	  1.003963947    	1.907348633e-05	 0.1421039104	 0.1362910271	  0.000000000	 0.1675741673
  7	  53	  1.011060953    	9.536743164e-07	 0.1350109577	 0.1363110542	  0.000000000	 0.1675701141
  7	  54	  1.011956215    	  0.000000000	 0.1343038082	 0.1361210346	  0.000000000	 0.1675710678
  7	  55	  1.011641026    	  0.000000000	 0.1342608929	 0.1364860535	9.536743164e-07	 0.1675682068
  7	  56	  1.004092932    	  0.000000000	 0.1419961452	 0.1362838745	  0.000000000	 0.1675860882
  7	  57	  1.004552841    	  0.000000000	 0.1415421963	 0.1362798214	9.536743164e-07	 0.1675801277
  7	  58	  1.004128933    	  0.000000000	 0.1421411037	 0.1361088753	  0.000000000	 0.1675810814
  7	  59	  1.004138947    	  0.000000000	 0.1419341564	 0.1363108158	  0.000000000	 0.1675691605
  7	  60	  1.005378008    	  0.000000000	 0.1408529282	 0.1361041069	9.536743164e-07	 0.1675779819
  7	  61	  1.013849974    	  0.000000000	 0.1323509216	 0.1361260414	  0.000000000	 0.1675779819
  7	  62	  1.005452156    	2.861022949e-06	 0.1408939362	 0.1360189915	1.192092896e-06	 0.1675698757


