#RUN	RANK	FAILURE_DETECTED	COMM_REVOKED	COMM_SHRINKED	COMM_SPAWNED	ROLLBACK_DONE	COMM_MERGED
 10	   0	  1.006407022    	0.006544828415	0.08234405518	0.06672501564	0.01404500008	0.04390311241
 10	   1	  1.009072065    	0.007451057434	0.07883381844	0.06665301323	1.192092896e-06	0.05794596672
 10	   2	  1.008913040    	0.01485204697	0.07171010971	0.06657981873	1.192092896e-06	0.05799484253
 10	   3	  1.010753155    	0.006139993668	0.07863998413	0.06647086143	  0.000000000	0.05794215202
 10	   4	  1.008356094    	0.02265310287	0.06462383270	0.06645011902	  0.000000000	0.05796790123
 10	   5	  1.010946035    	0.01530694962	0.06917619705	0.06661200523	  0.000000000	0.05800294876
 10	   6	  1.004611015    	0.01741290092	0.07372212410	0.06639385223	  0.000000000	0.05784606934
 10	   7	  1.056676149    	1.907348633e-06	0.03857302666	0.06679701805	9.536743164e-07	0.05792307854
 10	   8	  1.011826992    	0.02710390091	0.05638289452	0.06671810150	  0.000000000	0.05793309212
 10	   9	  1.006822824    	0.01665306091	0.07182312012	0.06676101685	  0.000000000	0.05788993835
 10	  10	  1.063044071    	1.907348633e-06	0.03240203857	0.06664109230	  0.000000000	0.05789279938
 10	  11	  1.009280920    	0.009036064148	0.07724785805	0.06647205353	  0.000000000	0.05790495872
 10	  12	  1.008845091    	0.02695608139	0.05956983566	0.06672215462	  0.000000000	0.05793094635
 10	  13	  1.058056116    	1.907348633e-06	0.03736805916	0.06661009789	9.536743164e-07	0.05804300308
 10	  14	  1.005743027    	0.02705693245	0.06267905235	0.06664991379	  0.000000000	0.05784606934


#RUN	RANK	FAILURE_DETECTED	COMM_REVOKED	COMM_SHRINKED	COMM_SPAWNED	ROLLBACK_DONE	COMM_MERGED
  9	   0	  1.006694794    	  0.000000000	0.03210115433	0.06811189651	0.01408004761	0.04008913040
  9	   1	  1.005730867    	  0.000000000	0.03331613541	0.06832695007	9.536743164e-07	0.05374312401
  9	   2	  1.005005121    	  0.000000000	0.03423190117	0.06773710251	9.536743164e-07	0.05414605141
  9	   3	  1.008771896    	9.536743164e-07	0.03032517433	0.06843900681	  0.000000000	0.05358290672
  9	   4	  1.008033037    	  0.000000000	0.03083300591	0.06803083420	9.536743164e-07	0.05427122116
  9	   5	  1.008474112    	  0.000000000	0.03062796593	0.06823706627	  0.000000000	0.05389785767
  9	   6	  1.007650852    	  0.000000000	0.03142213821	0.06789708138	  0.000000000	0.05409383774
  9	   7	  1.010314941    	  0.000000000	0.02848005295	0.06876087189	  0.000000000	0.05356693268
  9	   8	  1.011659145    	9.536743164e-07	0.02716302872	0.06808900833	  0.000000000	0.05420589447
  9	   9	  1.010110855    	  0.000000000	0.02888798714	0.06839609146	  0.000000000	0.05372405052
  9	  10	  1.002178907    	1.406669617e-05	0.03670191765	0.06808805466	  0.000000000	0.05417799950
  9	  11	  1.004251003    	  0.000000000	0.03460121155	0.06870198250	  0.000000000	0.05360698700
  9	  12	  1.002249002    	1.287460327e-05	0.03674697876	0.06789207458	  0.000000000	0.05415987968
  9	  13	  1.002222061    	1.215934753e-05	0.03679680824	0.06831502914	  0.000000000	0.05381512642
  9	  14	  1.003865957    	1.907348633e-06	0.03505897522	0.06836104393	  0.000000000	0.05381703377


#RUN	RANK	FAILURE_DETECTED	COMM_REVOKED	COMM_SHRINKED	COMM_SPAWNED	ROLLBACK_DONE	COMM_MERGED
  8	   0	  1.008643866    	  0.000000000	0.02855014801	0.06728792191	0.01410889626	0.04386901855
  8	   1	  1.009634972    	  0.000000000	0.02759289742	0.06722092628	  0.000000000	0.05797600746
  8	   2	  1.008392096    	9.536743164e-07	0.02925705910	0.06695389748	9.536743164e-07	0.05792212486
  8	   3	  1.001961946    	1.502037048e-05	0.03538513184	0.06714701653	9.536743164e-07	0.05799603462
  8	   4	  1.010653019    	1.192092896e-06	0.02660679817	0.06721615791	9.536743164e-07	0.05802392960
  8	   5	  1.010568857    	  0.000000000	0.02688813210	0.06702089310	  0.000000000	0.05797195435
  8	   6	  1.011353016    	9.536743164e-07	0.02609610558	0.06714797020	  0.000000000	0.05785012245
  8	   7	  1.003035069    	  0.000000000	0.03410482407	0.06737112999	  0.000000000	0.05799007416
  8	   8	  1.003786087    	9.536743164e-07	0.03342199326	0.06729006767	  0.000000000	0.05795884132
  8	   9	  1.001928091    	1.287460327e-05	0.03536510468	0.06714606285	  0.000000000	0.05796384811
  8	  10	  1.004268169    	9.536743164e-07	0.03299903870	0.06733894348	  0.000000000	0.05788302422
  8	  11	  1.002094984    	  0.000000000	0.03511905670	0.06730699539	  0.000000000	0.05797696114
  8	  12	  1.002002001    	1.192092896e-05	0.03538107872	0.06709289551	  0.000000000	0.05803799629
  8	  13	  1.007709026    	  0.000000000	0.02968311310	0.06715297699	9.536743164e-07	0.05790805817
  8	  14	  1.007775068    	1.907348633e-06	0.02957892418	0.06724905968	  0.000000000	0.05788588524


#RUN	RANK	FAILURE_DETECTED	COMM_REVOKED	COMM_SHRINKED	COMM_SPAWNED	ROLLBACK_DONE	COMM_MERGED
  7	   0	  1.006466866    	  0.000000000	0.02524209023	0.06867599487	0.01419591904	0.04446291924
  7	   1	  1.004821777    	  0.000000000	0.02703404427	0.06849503517	  0.000000000	0.05864906311
  7	   2	  1.005388021    	  0.000000000	0.02656483650	0.06844115257	9.536743164e-07	0.05860400200
  7	   3	  1.008388996    	  0.000000000	0.02365088463	0.06850409508	9.536743164e-07	0.05853915215
  7	   4	  1.007696152    	9.536743164e-07	0.02408099174	0.06860399246	9.536743164e-07	0.05864715576
  7	   5	  1.007323027    	  0.000000000	0.02455306053	0.06848001480	  0.000000000	0.05863785744
  7	   6	  1.006716967    	  0.000000000	0.02518391609	0.06851601601	  0.000000000	0.05860304832
  7	   7	  1.009495974    	  0.000000000	0.02216315269	0.06888604164	  0.000000000	0.05870699883
  7	   8	  1.002064943    	1.502037048e-05	0.02963495255	0.06866002083	9.536743164e-07	0.05869603157
  7	   9	  1.010021925    	  0.000000000	0.02173900604	0.06861400604	9.536743164e-07	0.05865812302
  7	  10	  1.002236128    	  0.000000000	0.02960395813	0.06857800484	9.536743164e-07	0.05860090256
  7	  11	  1.002145052    	1.311302185e-05	0.02955389023	0.06882190704	1.192092896e-06	0.05853199959
  7	  12	  1.004737139    	9.536743164e-07	0.02704095840	0.06862497330	  0.000000000	0.05876302719
  7	  13	  1.005601168    	9.536743164e-07	0.02622103691	0.06852483749	  0.000000000	0.05868911743
  7	  14	  1.005733013    	9.536743164e-07	0.02616810799	0.06857895851	9.536743164e-07	0.05860090256


#RUN	RANK	FAILURE_DETECTED	COMM_REVOKED	COMM_SHRINKED	COMM_SPAWNED	ROLLBACK_DONE	COMM_MERGED
  6	   0	  1.004154205    	9.536743164e-07	0.03572893143	0.06872105598	0.01410102844	0.04462099075
  6	   1	  1.005376816    	1.192092896e-06	0.03470087051	0.06852698326	9.536743164e-07	0.05871915817
  6	   2	  1.007505178    	9.536743164e-07	0.03282189369	0.06839799881	  0.000000000	0.05866408348
  6	   3	  1.006912947    	  0.000000000	0.03316998482	0.06852602959	  0.000000000	0.05871510506
  6	   4	  1.007919073    	  0.000000000	0.03202986717	0.06865000725	9.536743164e-07	0.05872416496
  6	   5	  1.008908033    	  0.000000000	0.03122401237	0.06848597527	9.536743164e-07	0.05875492096
  6	   6	  1.008627892    	  0.000000000	0.03143501282	0.06864595413	  0.000000000	0.05859613419
  6	   7	  1.003500938    	  0.000000000	0.03632211685	0.06880092621	  0.000000000	0.05873799324
  6	   8	  1.009443045    	  0.000000000	0.03044700623	0.06874084473	  0.000000000	0.05872511864
  6	   9	  1.003397942    	1.311302185e-05	0.03647685051	0.06872510910	  0.000000000	0.05871200562
  6	  10	  1.003308058    	1.406669617e-05	0.03669977188	0.06872010231	  0.000000000	0.05866312981
  6	  11	  1.010451078    	  0.000000000	0.02942299843	0.06872701645	  0.000000000	0.05875110626
  6	  12	  1.009826899    	1.192092896e-06	0.02928781509	0.06865715981	9.536743164e-07	0.05870103836
  6	  13	  1.009525061    	9.536743164e-07	0.03047299385	0.06860303879	9.536743164e-07	0.05878400803
  6	  14	  1.010625124    	1.907348633e-06	0.02941107750	0.06865787506	  0.000000000	0.05864119530


#RUN	RANK	FAILURE_DETECTED	COMM_REVOKED	COMM_SHRINKED	COMM_SPAWNED	ROLLBACK_DONE	COMM_MERGED
  5	   0	  1.005599976    	1.192092896e-06	0.03289484978	0.06872606277	0.01409792900	0.04788303375
  5	   1	  1.010672092    	9.536743164e-07	0.02772998810	0.06877899170	9.536743164e-07	0.06198096275
  5	   2	  1.010501862    	  0.000000000	0.02794003487	0.06876897812	9.536743164e-07	0.06198310852
  5	   3	  1.007009983    	9.536743164e-07	0.03149294853	0.06871199608	9.536743164e-07	0.06197619438
  5	   4	  1.007508993    	  0.000000000	0.03096580505	0.06875419617	  0.000000000	0.06196689606
  5	   5	  1.008185863    	  0.000000000	0.03050708771	0.06849193573	  0.000000000	0.06201696396
  5	   6	  1.003467083    	  0.000000000	0.03514003754	0.06863093376	  0.000000000	0.06195211411
  5	   7	  1.007945061    	  0.000000000	0.03036093712	0.06894207001	  0.000000000	0.06199502945
  5	   8	  1.003277063    	1.502037048e-05	0.03507280350	0.06886601448	1.192092896e-06	0.06204676628
  5	   9	  1.003262997    	1.406669617e-05	0.03506994247	0.06888294220	  0.000000000	0.06197404861
  5	  10	  1.009893179    	  0.000000000	0.02855777740	0.06878519058	  0.000000000	0.06206083298
  5	  11	  1.010679007    	9.536743164e-07	0.02768492699	0.06895303726	  0.000000000	0.06191396713
  5	  12	  1.011251211    	  0.000000000	0.02732396126	0.06864500046	  0.000000000	0.06197500229
  5	  13	  1.009431124    	9.536743164e-07	0.02909302711	0.06867289543	  0.000000000	0.06211495399
  5	  14	  1.011018991    	1.192092896e-06	0.02745795250	0.06879591942	9.536743164e-07	0.06195902824


#RUN	RANK	FAILURE_DETECTED	COMM_REVOKED	COMM_SHRINKED	COMM_SPAWNED	ROLLBACK_DONE	COMM_MERGED
  4	   0	  1.006064892    	  0.000000000	0.01999521255	0.06861400604	0.01407790184	0.04542803764
  4	   1	  1.007074118    	  0.000000000	0.01905989647	0.06854605675	  0.000000000	0.05949592590
  4	   2	  1.008116961    	  0.000000000	0.01814103127	0.06839799881	  0.000000000	0.05950093269
  4	   3	  1.009289026    	9.536743164e-07	0.01694893837	0.06845998764	  0.000000000	0.05951809883
  4	   4	  1.005531073    	  0.000000000	0.02059507370	0.06853795052	  0.000000000	0.05950188637
  4	   5	  1.002571106    	1.382827759e-05	0.02374410629	0.06835508347	9.536743164e-07	0.05948901176
  4	   6	  1.004190922    	  0.000000000	0.02245807648	0.06802892685	  0.000000000	0.05951404572
  4	   7	  1.002514124    	1.287460327e-05	0.02347993851	0.06869006157	9.536743164e-07	0.05952095985
  4	   8	  1.002472878    	1.406669617e-05	0.02358198166	0.06861591339	1.192092896e-06	0.05952501297
  4	   9	  1.004831791    	1.192092896e-06	0.02137994766	0.06846404076	9.536743164e-07	0.05953907967
  4	  10	  1.005467892    	  0.000000000	0.02066016197	0.06854391098	  0.000000000	0.05948209763
  4	  11	  1.006716967    	  0.000000000	0.01935791969	0.06866097450	9.536743164e-07	0.05953001976
  4	  12	  1.006250143    	  0.000000000	0.02001690865	0.06840205193	  0.000000000	0.05949497223
  4	  13	  1.005604029    	  0.000000000	0.02187800407	0.06729698181	9.536743164e-07	0.05943417549
  4	  14	  1.005592108    	1.907348633e-06	0.02070212364	0.06837606430	  0.000000000	0.05951380730


#RUN	RANK	FAILURE_DETECTED	COMM_REVOKED	COMM_SHRINKED	COMM_SPAWNED	ROLLBACK_DONE	COMM_MERGED
  3	   0	  1.009172916    	  0.000000000	0.02036499977	0.07124209404	0.01432204247	0.04851889610
  3	   1	  1.009398222    	9.536743164e-07	0.02020502090	0.07118296623	  0.000000000	0.06283998489
  3	   2	  1.009747028    	  0.000000000	0.01985716820	0.07117080688	1.192092896e-06	0.06283998489
  3	   3	  1.007439852    	  0.000000000	0.02229404449	0.07107901573	  0.000000000	0.06281399727
  3	   4	  1.001885176    	1.382827759e-05	0.02769517899	0.07117390633	  0.000000000	0.06294107437
  3	   5	  1.007856846    	  0.000000000	0.02192711830	0.07111001015	9.536743164e-07	0.06276488304
  3	   6	  1.001824141    	1.287460327e-05	0.02787113190	0.07108879089	  0.000000000	0.06286120415
  3	   7	  1.001808882    	1.406669617e-05	0.02767205238	0.07131791115	  0.000000000	0.06285905838
  3	   8	  1.007245064    	9.536743164e-07	0.02228689194	0.07124114037	9.536743164e-07	0.06284308434
  3	   9	  1.009840965    	9.536743164e-07	0.01970291138	0.07128310204	  0.000000000	0.06284904480
  3	  10	  1.010280848    	  0.000000000	0.01937699318	0.07112097740	  0.000000000	0.06283116341
  3	  11	  1.009780169    	  0.000000000	0.01973795891	0.07127785683	  0.000000000	0.06285905838
  3	  12	  1.008544922    	  0.000000000	0.02111005783	0.07116198540	  0.000000000	0.06283712387
  3	  13	  1.008039951    	1.192092896e-06	0.02156591415	0.07129406929	9.536743164e-07	0.06272101402
  3	  14	  1.010271072    	1.907348633e-06	0.01943397522	0.07108211517	9.536743164e-07	0.06287288666


#RUN	RANK	FAILURE_DETECTED	COMM_REVOKED	COMM_SHRINKED	COMM_SPAWNED	ROLLBACK_DONE	COMM_MERGED
  2	   0	  1.037717819    	1.192092896e-06	0.01992487907	0.06944894791	0.01428008080	0.05273294449
  2	   1	  1.037311077    	  0.000000000	0.02046608925	0.06937289238	  0.000000000	0.06695294380
  2	   2	  1.037013054    	  0.000000000	0.02069807053	0.06938195229	9.536743164e-07	0.06707096100
  2	   3	  1.028393030    	1.406669617e-05	0.02943778038	0.06935811043	9.536743164e-07	0.06693601608
  2	   4	  1.034455061    	  0.000000000	0.02338504791	0.06923794746	9.536743164e-07	0.06701493263
  2	   5	  1.028398037    	1.311302185e-05	0.02952790260	0.06928396225	9.536743164e-07	0.06691503525
  2	   6	  1.028692961    	  0.000000000	0.02918696404	0.06923317909	  0.000000000	0.06703400612
  2	   7	  1.035545111    	9.536743164e-07	0.02204489708	0.06964612007	  0.000000000	0.06686282158
  2	   8	  1.035480022    	  0.000000000	0.02224302292	0.06937503815	  0.000000000	0.06704092026
  2	   9	  1.037227154    	  0.000000000	0.02043700218	0.06948089600	  0.000000000	0.06695103645
  2	  10	  1.035108805    	  0.000000000	0.02268600464	0.06929397583	  0.000000000	0.06701207161
  2	  11	  1.038309097    	  0.000000000	0.01946902275	0.06942009926	  0.000000000	0.06688380241
  2	  12	  1.037257910    	  0.000000000	0.02060413361	0.06921601295	  0.000000000	0.06709599495
  2	  13	  1.035835028    	  0.000000000	0.02186703682	0.06951594353	9.536743164e-07	0.06688618660
  2	  14	  1.034986019    	1.907348633e-06	0.02290701866	0.06921005249	9.536743164e-07	0.06702685356


#RUN	RANK	FAILURE_DETECTED	COMM_REVOKED	COMM_SHRINKED	COMM_SPAWNED	ROLLBACK_DONE	COMM_MERGED
  1	   0	  1.029000044    	  0.000000000	0.02734088898	0.07217502594	0.01429009438	0.05095100403
  1	   1	  1.028544903    	  0.000000000	0.02793598175	0.07203602791	1.192092896e-06	0.06523799896
  1	   2	  1.027051926    	1.287460327e-05	0.02949810028	0.07204198837	  0.000000000	0.06518697739
  1	   3	  1.032485008    	  0.000000000	0.02417016029	0.07188987732	9.536743164e-07	0.06543612480
  1	   4	  1.027088881    	1.406669617e-05	0.02926301956	0.07218194008	  0.000000000	0.06516814232
  1	   5	  1.027037144    	1.502037048e-05	0.02948999405	0.07196593285	  0.000000000	0.06528902054
  1	   6	  1.032407999    	  0.000000000	0.02430486679	0.07189297676	  0.000000000	0.06510996819
  1	   7	  1.036650896    	  0.000000000	0.01963806152	0.07226490974	1.192092896e-06	0.06519603729
  1	   8	  1.036780119    	  0.000000000	0.01963806152	0.07210397720	9.536743164e-07	0.06526494026
  1	   9	  1.031839132    	  0.000000000	0.02452301979	0.07216691971	  0.000000000	0.06522107124
  1	  10	  1.036758184    	  0.000000000	0.01970076561	0.07215118408	  0.000000000	0.06510186195
  1	  11	  1.028328180    	  0.000000000	0.02802205086	0.07220482826	  0.000000000	0.06523394585
  1	  12	  1.028807878    	  0.000000000	0.02764010429	0.07210087776	  0.000000000	0.06519603729
  1	  13	  1.027266026    	1.192092896e-06	0.02921795845	0.07204389572	  0.000000000	0.06529903412
  1	  14	  1.029438019    	2.145767212e-06	0.02711200714	0.07205891609	  0.000000000	0.06514096260


