Warning: Permanently added '[graphene-65.nancy.grid5000.fr]:6667,[172.16.64.65]:6667' (RSA) to the list of known hosts.
Warning: Permanently added '[graphene-74.nancy.grid5000.fr]:6667,[172.16.64.74]:6667' (RSA) to the list of known hosts.
Warning: Permanently added '[graphene-66.nancy.grid5000.fr]:6667,[172.16.64.66]:6667' (RSA) to the list of known hosts.
Warning: Permanently added '[griffon-12.nancy.grid5000.fr]:6667,[172.16.65.12]:6667' (RSA) to the list of known hosts.
Warning: Permanently added '[graphene-77.nancy.grid5000.fr]:6667,[172.16.64.77]:6667' (RSA) to the list of known hosts.
Warning: Permanently added '[graphene-72.nancy.grid5000.fr]:6667,[172.16.64.72]:6667' (RSA) to the list of known hosts.
Warning: Permanently added '[graphene-55.nancy.grid5000.fr]:6667,[172.16.64.55]:6667' (RSA) to the list of known hosts.
Warning: Permanently added '[graphene-54.nancy.grid5000.fr]:6667,[172.16.64.54]:6667' (RSA) to the list of known hosts.
Warning: Permanently added '[graphene-62.nancy.grid5000.fr]:6667,[172.16.64.62]:6667' (RSA) to the list of known hosts.
Warning: Permanently added '[graphene-67.nancy.grid5000.fr]:6667,[172.16.64.67]:6667' (RSA) to the list of known hosts.
Warning: Permanently added '[graphene-61.nancy.grid5000.fr]:6667,[172.16.64.61]:6667' (RSA) to the list of known hosts.
Warning: Permanently added '[graphene-6.nancy.grid5000.fr]:6667,[172.16.64.6]:6667' (RSA) to the list of known hosts.
Warning: Permanently added '[graphene-71.nancy.grid5000.fr]:6667,[172.16.64.71]:6667' (RSA) to the list of known hosts.
Warning: Permanently added '[graphene-64.nancy.grid5000.fr]:6667,[172.16.64.64]:6667' (RSA) to the list of known hosts.
Warning: Permanently added '[graphene-58.nancy.grid5000.fr]:6667,[172.16.64.58]:6667' (RSA) to the list of known hosts.
Warning: Permanently added '[graphene-70.nancy.grid5000.fr]:6667,[172.16.64.70]:6667' (RSA) to the list of known hosts.
Warning: Permanently added '[graphene-69.nancy.grid5000.fr]:6667,[172.16.64.69]:6667' (RSA) to the list of known hosts.
Warning: Permanently added '[graphene-56.nancy.grid5000.fr]:6667,[172.16.64.56]:6667' (RSA) to the list of known hosts.
Warning: Permanently added '[griffon-51.nancy.grid5000.fr]:6667,[172.16.65.51]:6667' (RSA) to the list of known hosts.
Warning: Permanently added '[graphene-60.nancy.grid5000.fr]:6667,[172.16.64.60]:6667' (RSA) to the list of known hosts.
Warning: Permanently added '[graphene-59.nancy.grid5000.fr]:6667,[172.16.64.59]:6667' (RSA) to the list of known hosts.
Warning: Permanently added '[graphene-57.nancy.grid5000.fr]:6667,[172.16.64.57]:6667' (RSA) to the list of known hosts.
Warning: Permanently added '[graphene-75.nancy.grid5000.fr]:6667,[172.16.64.75]:6667' (RSA) to the list of known hosts.
--------------------------------------------------------------------------
The OpenFabrics stack has reported a network error event.  Open MPI
will try to continue, but your job may end up failing.

  Local host:        graphene-54.nancy.grid5000.fr
  MPI process PID:   2386
  Error number:      0 (IBV_EVENT_CQ_ERR)

This error may indicate connectivity problems within the fabric;
please contact your system administrator.
--------------------------------------------------------------------------
[[53105,11],0][btl_openib_component.c:3426:handle_wc] from graphene-54.nancy.grid5000.fr to: graphene-55 error polling HP CQ with status WORK REQUEST FLUSHED ERROR status number 5 for wr_id cd4580 opcode 128  vendor error 244 qp_idx 0
[graphene-53.nancy.grid5000.fr:02526] 611 more processes have sent help message help-mpi-btl-openib.txt / of error event
[graphene-53.nancy.grid5000.fr:02526] Set MCA parameter "orte_base_help_aggregate" to 0 to see all help / error messages
[[53105,1],128][btl_openib_component.c:3426:handle_wc] from graphene-69.nancy.grid5000.fr [[53105,1],129][btl_openib_component.c:3426:handle_wc] from graphene-69.nancy.grid5000.fr to: graphene-53 error polling LP CQ with status RETRY EXCEEDED ERROR status number 12 for wr_id 1542600 opcode 32767  vendor error 129 qp_idx 0
to: graphene-53 error polling LP CQ with status RETRY EXCEEDED ERROR status number 12 for wr_id 1fb4400 opcode 32767  vendor error 129 qp_idx 0
--------------------------------------------------------------------------
The InfiniBand retry count between two MPI processes has been
exceeded.  "Retry count" is defined in the InfiniBand spec 1.2
(section 12.7.38):

    The total number of times that the sender wishes the receiver to
    retry timeout, packet sequence, etc. errors before posting a
    completion error.

This error typically means that there is something awry within the
InfiniBand fabric itself.  You should note the hosts on which this
error has occurred; it has been observed that rebooting or removing a
particular host from the job can sometimes resolve this issue.

Two MCA parameters can be used to control Open MPI's behavior with
respect to the retry count:

* btl_openib_ib_retry_count - The number of times the sender will
  attempt to retry (defaulted to 7, the maximum value).
* btl_openib_ib_timeout - The local ACK timeout parameter (defaulted
  to 20).  The actual timeout value used is calculated as:

     4.096 microseconds * (2^btl_openib_ib_timeout)

  See the InfiniBand spec 1.2 (section 12.7.34) for more details.

Below is some information about the host that raised the error and the
peer to which it was connected:

  Local host:   graphene-69.nancy.grid5000.fr
  Local device: mlx4_0
  Peer host:    graphene-53

You may need to consult with your system administrator to get this
problem fixed.
--------------------------------------------------------------------------
[[53105,1],129][btl_openib_component.c:3426:handle_wc] from graphene-69.nancy.grid5000.fr to: graphene-53 error polling HP CQ with status WORK REQUEST FLUSHED ERROR status number 5 for wr_id 1756480 opcode 32579  vendor error 244 qp_idx 0
[[53105,1],128][btl_openib_component.c:3426:handle_wc] from graphene-69.nancy.grid5000.fr to: graphene-53 error polling HP CQ with status WORK REQUEST FLUSHED ERROR status number 5 for wr_id 1f7f100 opcode 32655  vendor error 244 qp_idx 0
[[53105,1],253][btl_openib_component.c:3426:handle_wc] from griffon-51.nancy.grid5000.fr to: graphene-53 error polling LP CQ with status RETRY EXCEEDED ERROR status number 12 for wr_id da8a00 opcode 32767  vendor error 129 qp_idx 0
[[53105,1],255][btl_openib_component.c:3426:handle_wc] from griffon-51.nancy.grid5000.fr [[53105,1],249][btl_openib_component.c:3426:handle_wc] from griffon-51.nancy.grid5000.fr to: graphene-53 error polling LP CQ with status RETRY EXCEEDED ERROR status number 12 for wr_id 1c0cc00 opcode 32767  vendor error 129 qp_idx 0
to: graphene-53 error polling LP CQ with status RETRY EXCEEDED ERROR status number 12 for wr_id 1d2ac00 opcode 32767  vendor error 129 qp_idx 0
[[53105,1],193][btl_openib_component.c:3426:handle_wc] from griffon-12.nancy.grid5000.fr to: graphene-53 error polling LP CQ with status RETRY EXCEEDED ERROR status number 12 for wr_id 24df000 opcode 32767  vendor error 129 qp_idx 0
[[53105,1],255][btl_openib_component.c:3426:handle_wc] from griffon-51.nancy.grid5000.fr [[53105,1],249][btl_openib_component.c:3426:handle_wc] from griffon-51.nancy.grid5000.fr to: graphene-53 error polling HP CQ with status WORK REQUEST FLUSHED ERROR status number 5 for wr_id 1f5f500 opcode 32767  vendor error 244 qp_idx 0
to: graphene-53 error polling HP CQ with status WORK REQUEST FLUSHED ERROR status number 5 for wr_id 2027f00 opcode 32767  vendor error 244 qp_idx 0
[[53105,1],253][btl_openib_component.c:3426:handle_wc] from griffon-51.nancy.grid5000.fr to: graphene-53 error polling HP CQ with status WORK REQUEST FLUSHED ERROR status number 5 for wr_id 10ca400 opcode 32744  vendor error 244 qp_idx 0
[[53105,1],193][btl_openib_component.c:3426:handle_wc] from griffon-12.nancy.grid5000.fr to: graphene-53 error polling HP CQ with status WORK REQUEST FLUSHED ERROR status number 5 for wr_id 28c5300 opcode 32767  vendor error 244 qp_idx 0
[[53105,2],0][btl_openib_component.c:3426:handle_wc] from graphene-53.nancy.grid5000.fr to: graphene-53.nancy.grid5000.fr error polling LP CQ with status RETRY EXCEEDED ERROR status number 12 for wr_id 4662600 opcode 32767  vendor error 129 qp_idx 0
[[53105,2],0][btl_openib_component.c:3426:handle_wc] from graphene-53.nancy.grid5000.fr to: graphene-53.nancy.grid5000.fr error polling HP CQ with status WORK REQUEST FLUSHED ERROR status number 5 for wr_id 1372300 opcode 32548  vendor error 244 qp_idx 0
[[53105,1],242][btl_openib_component.c:3426:handle_wc] from griffon-39.nancy.grid5000.fr to: graphene-53 error polling LP CQ with status RETRY EXCEEDED ERROR status number 12 for wr_id a6fc00 opcode 32767  vendor error 129 qp_idx 0
[[53105,1],241][btl_openib_component.c:3426:handle_wc] from griffon-39.nancy.grid5000.fr to: graphene-53 error polling LP CQ with status RETRY EXCEEDED ERROR status number 12 for wr_id 207fe00 opcode 32767  vendor error 129 qp_idx 0
[[53105,1],242][btl_openib_component.c:3426:handle_wc] from griffon-39.nancy.grid5000.fr to: graphene-53 error polling HP CQ with status WORK REQUEST FLUSHED ERROR status number 5 for wr_id df3380 opcode 32704  vendor error 244 qp_idx 0
[[53105,1],241][btl_openib_component.c:3426:handle_wc] from griffon-39.nancy.grid5000.fr to: graphene-53 error polling HP CQ with status WORK REQUEST FLUSHED ERROR status number 5 for wr_id 2402f00 opcode 32767  vendor error 244 qp_idx 0
[[53105,1],226][btl_openib_component.c:3426:handle_wc] from griffon-24.nancy.grid5000.fr [[53105,1],225][btl_openib_component.c:3426:handle_wc] from griffon-24.nancy.grid5000.fr to: graphene-53 error polling LP CQ with status RETRY EXCEEDED ERROR status number 12 for wr_id 1735e00 opcode 32767  vendor error 129 qp_idx 0
to: graphene-53 error polling LP CQ with status RETRY EXCEEDED ERROR status number 12 for wr_id 1e4e800 opcode 32767  vendor error 129 qp_idx 0
[[53105,1],226][btl_openib_component.c:3426:handle_wc] from griffon-24.nancy.grid5000.fr to: graphene-53 error polling HP CQ with status WORK REQUEST FLUSHED ERROR status number 5 for wr_id 2204e00 opcode 32585  vendor error 244 qp_idx 0
[[53105,1],225][btl_openib_component.c:3426:handle_wc] from griffon-24.nancy.grid5000.fr to: graphene-53 error polling HP CQ with status WORK REQUEST FLUSHED ERROR status number 5 for wr_id 1aeb980 opcode 32549  vendor error 244 qp_idx 0
[[53105,1],130][btl_openib_component.c:3426:handle_wc] from graphene-69.nancy.grid5000.fr to: graphene-53 error polling LP CQ with status RETRY EXCEEDED ERROR status number 12 for wr_id 1339000 opcode 32767  vendor error 129 qp_idx 0
[[53105,1],131][btl_openib_component.c:3426:handle_wc] from graphene-69.nancy.grid5000.fr to: graphene-53 error polling LP CQ with status RETRY EXCEEDED ERROR status number 12 for wr_id fb2600 opcode 32767  vendor error 129 qp_idx 0
[[53105,1],130][btl_openib_component.c:3426:handle_wc] from graphene-69.nancy.grid5000.fr to: graphene-53 error polling HP CQ with status WORK REQUEST FLUSHED ERROR status number 5 for wr_id 154c300 opcode 32704  vendor error 244 qp_idx 0
[[53105,1],131][btl_openib_component.c:3426:handle_wc] from graphene-69.nancy.grid5000.fr to: graphene-53 error polling HP CQ with status WORK REQUEST FLUSHED ERROR status number 5 for wr_id 11c6300 opcode 32691  vendor error 244 qp_idx 0
[graphene-53.nancy.grid5000.fr:02526] 12 more processes have sent help message help-mpi-btl-openib.txt / pp retry exceeded
[[53105,1],254][btl_openib_component.c:3426:handle_wc] from griffon-51.nancy.grid5000.fr [[53105,1],255][btl_openib_component.c:3426:handle_wc] from griffon-51.nancy.grid5000.fr to: graphene-53 error polling LP CQ with status RETRY EXCEEDED ERROR status number 12 for wr_id 1d2a800 opcode 32767  vendor error 129 qp_idx 0
[[53105,1],250][btl_openib_component.c:3426:handle_wc] from griffon-51.nancy.grid5000.fr to: graphene-53 error polling LP CQ with status RETRY EXCEEDED ERROR status number 12 for wr_id 1e6aa00 opcode 32767  vendor error 129 qp_idx 0
[[53105,1],251][btl_openib_component.c:3426:handle_wc] from griffon-51.nancy.grid5000.fr to: graphene-53 error polling LP CQ with status RETRY EXCEEDED ERROR status number 12 for wr_id 24e2980 opcode 32767  vendor error 129 qp_idx 0
to: graphene-53 error polling LP CQ with status RETRY EXCEEDED ERROR status number 12 for wr_id 10f8400 opcode 32767  vendor error 129 qp_idx 0
[[53105,1],250][btl_openib_component.c:3426:handle_wc] from griffon-51.nancy.grid5000.fr to: graphene-53 error polling HP CQ with status WORK REQUEST FLUSHED ERROR status number 5 for wr_id 21bd280 opcode 32715  vendor error 244 qp_idx 0
[[53105,1],194][btl_openib_component.c:3426:handle_wc] from griffon-12.nancy.grid5000.fr [[53105,1],195][btl_openib_component.c:3426:handle_wc] from griffon-12.nancy.grid5000.fr to: graphene-53 error polling LP CQ with status RETRY EXCEEDED ERROR status number 12 for wr_id 829c00 opcode 32767  vendor error 129 qp_idx 0
to: graphene-53 error polling LP CQ with status RETRY EXCEEDED ERROR status number 12 for wr_id 2498980 opcode 32767  vendor error 129 qp_idx 0[[53105,1],251][btl_openib_component.c:3426:handle_wc] from griffon-51.nancy.grid5000.fr to: graphene-53 error polling HP CQ with status WORK REQUEST FLUSHED ERROR status number 5 for wr_id 22b5500 opcode 32644  vendor error 244 qp_idx 0

[[53105,1],195][btl_openib_component.c:3426:handle_wc] from griffon-12.nancy.grid5000.fr to: graphene-53 error polling HP CQ with status WORK REQUEST FLUSHED ERROR status number 5 for wr_id c10300 opcode 32517  vendor error 244 qp_idx 0
[[53105,1],194][btl_openib_component.c:3426:handle_wc] from griffon-12.nancy.grid5000.fr to: graphene-53 error polling HP CQ with status WORK REQUEST FLUSHED ERROR status number 5 for wr_id 22ff780 opcode 32767  vendor error 244 qp_idx 0
[[53105,1],254][btl_openib_component.c:3426:handle_wc] from griffon-51.nancy.grid5000.fr to: graphene-53 error polling HP CQ with status WORK REQUEST FLUSHED ERROR status number 5 for wr_id 1426d80 opcode 32767  vendor error 244 qp_idx 0
[[53105,3],0][btl_openib_component.c:3426:handle_wc] from graphene-53.nancy.grid5000.fr to: graphene-53.nancy.grid5000.fr error polling LP CQ with status RETRY EXCEEDED ERROR status number 12 for wr_id 1d81180 opcode 32767  vendor error 129 qp_idx 0
[[53105,4],0][btl_openib_component.c:3426:handle_wc] from graphene-53.nancy.grid5000.fr [[53105,2],0][btl_openib_component.c:3426:handle_wc] from graphene-53.nancy.grid5000.fr to: graphene-53 error polling LP CQ with status RETRY EXCEEDED ERROR status number 12 for wr_id 4659a80 opcode 32767  vendor error 129 qp_idx 0
to: graphene-53.nancy.grid5000.fr error polling LP CQ with status RETRY EXCEEDED ERROR status number 12 for wr_id 43f6080 opcode 32767  vendor error 129 qp_idx 0
[[53105,4],0][btl_openib_component.c:3426:handle_wc] from graphene-53.nancy.grid5000.fr to: graphene-53.nancy.grid5000.fr error polling HP CQ with status WORK REQUEST FLUSHED ERROR status number 5 for wr_id 110c200 opcode 32767  vendor error 244 qp_idx 0
[[53105,3],0][btl_openib_component.c:3426:handle_wc] from graphene-53.nancy.grid5000.fr to: graphene-53.nancy.grid5000.fr error polling HP CQ with status WORK REQUEST FLUSHED ERROR status number 5 for wr_id 1bba300 opcode 32767  vendor error 244 qp_idx 0
[[53105,3],0][btl_openib_component.c:3426:handle_wc] from graphene-53.nancy.grid5000.fr to: graphene-53 error polling LP CQ with status RETRY EXCEEDED ERROR status number 12 for wr_id 4ea8000 opcode 32527  vendor error 129 qp_idx 0
[[53105,1],243][btl_openib_component.c:3426:handle_wc] from griffon-39.nancy.grid5000.fr to: graphene-53 error polling LP CQ with status RETRY EXCEEDED ERROR status number 12 for wr_id 1635000 opcode 32767  vendor error 129 qp_idx 0
[[53105,1],244][btl_openib_component.c:3426:handle_wc] from griffon-39.nancy.grid5000.fr to: graphene-53 error polling LP CQ with status RETRY EXCEEDED ERROR status number 12 for wr_id 1d73c00 opcode 32767  vendor error 129 qp_idx 0
[[53105,1],244][btl_openib_component.c:3426:handle_wc] from griffon-39.nancy.grid5000.fr to: graphene-53 error polling HP CQ with status WORK REQUEST FLUSHED ERROR status number 5 for wr_id 20f7100 opcode 32597  vendor error 244 qp_idx 0
[[53105,1],243][btl_openib_component.c:3426:handle_wc] from griffon-39.nancy.grid5000.fr to: graphene-53 error polling HP CQ with status WORK REQUEST FLUSHED ERROR status number 5 for wr_id 19b7f00 opcode 32747  vendor error 244 qp_idx 0
[[53105,1],228][btl_openib_component.c:3426:handle_wc] from griffon-24.nancy.grid5000.fr [[53105,1],227][btl_openib_component.c:3426:handle_wc] from griffon-24.nancy.grid5000.fr to: graphene-53 error polling LP CQ with status RETRY EXCEEDED ERROR status number 12 for wr_id 19f0200 opcode 32767  vendor error 129 qp_idx 0
to: graphene-53 error polling LP CQ with status RETRY EXCEEDED ERROR status number 12 for wr_id f06800 opcode 32767  vendor error 129 qp_idx 0
[[53105,1],227][btl_openib_component.c:3426:handle_wc] from griffon-24.nancy.grid5000.fr to: graphene-53 error polling HP CQ with status WORK REQUEST FLUSHED ERROR status number 5 for wr_id 1da5980 opcode 32765  vendor error 244 qp_idx 0
[[53105,1],228][btl_openib_component.c:3426:handle_wc] from griffon-24.nancy.grid5000.fr to: graphene-53 error polling HP CQ with status WORK REQUEST FLUSHED ERROR status number 5 for wr_id 12bd280 opcode 32740  vendor error 244 qp_idx 0
[[53105,1],132][btl_openib_component.c:3426:handle_wc] from graphene-69.nancy.grid5000.fr [[53105,1],133][btl_openib_component.c:3426:handle_wc] from graphene-69.nancy.grid5000.fr to: graphene-53 error polling LP CQ with status RETRY EXCEEDED ERROR status number 12 for wr_id 11db800 opcode 32767  vendor error 129 qp_idx 0
to: graphene-53 error polling LP CQ with status RETRY EXCEEDED ERROR status number 12 for wr_id 236bc00 opcode 32767  vendor error 129 qp_idx 0
[[53105,1],133][btl_openib_component.c:3426:handle_wc] from graphene-69.nancy.grid5000.fr to: graphene-53 error polling HP CQ with status WORK REQUEST FLUSHED ERROR status number 5 for wr_id 13f0300 opcode 32551  vendor error 244 qp_idx 0
[[53105,1],132][btl_openib_component.c:3426:handle_wc] from graphene-69.nancy.grid5000.fr to: graphene-53 error polling HP CQ with status WORK REQUEST FLUSHED ERROR status number 5 for wr_id 257f300 opcode 32579  vendor error 244 qp_idx 0
[[53105,1],252][btl_openib_component.c:3426:handle_wc] from griffon-51.nancy.grid5000.fr to: graphene-53 error polling LP CQ with status RETRY EXCEEDED ERROR status number 12 for wr_id 1fad000 opcode 32767  vendor error 129 qp_idx 0
[[53105,1],253][btl_openib_component.c:3426:handle_wc] from griffon-51.nancy.grid5000.fr to: graphene-53 [[53105,1],245][btl_openib_component.c:3426:handle_wc] from griffon-51.nancy.grid5000.fr to: graphene-53 error polling LP CQ with status RETRY EXCEEDED ERROR status number 12 for wr_id bdec00 opcode 32767  vendor error 129 qp_idx 0
error polling LP CQ with status RETRY EXCEEDED ERROR status number 12 for wr_id da8400 opcode 32767  vendor error 129 qp_idx 0
[[53105,1],252][btl_openib_component.c:3426:handle_wc] from griffon-51.nancy.grid5000.fr to: graphene-53 error polling HP CQ with status WORK REQUEST FLUSHED ERROR status number 5 for wr_id 230bc00 opcode 32767  vendor error 244 qp_idx 0
[[53105,1],196][btl_openib_component.c:3426:handle_wc] from griffon-12.nancy.grid5000.fr to: graphene-53 error polling LP CQ with status RETRY EXCEEDED ERROR status number 12 for wr_id eea400 opcode 32767  vendor error 129 qp_idx 0
[[53105,1],197][btl_openib_component.c:3426:handle_wc] from griffon-12.nancy.grid5000.fr [[53105,1],245][btl_openib_component.c:3426:handle_wc] from griffon-51.nancy.grid5000.fr to: graphene-53 error polling HP CQ with status WORK REQUEST FLUSHED ERROR status number 5 for wr_id f61f00 opcode 32729  vendor error 244 qp_idx 0
to: graphene-53 error polling LP CQ with status RETRY EXCEEDED ERROR status number 12 for wr_id 14f2980 opcode 32767  vendor error 129 qp_idx 0
[[53105,1],196][btl_openib_component.c:3426:handle_wc] from griffon-12.nancy.grid5000.fr to: graphene-53 error polling HP CQ with status WORK REQUEST FLUSHED ERROR status number 5 for wr_id 12d1c00 opcode 32682  vendor error 244 qp_idx 0
[[53105,1],197][btl_openib_component.c:3426:handle_wc] from griffon-12.nancy.grid5000.fr to: graphene-53 error polling HP CQ with status WORK REQUEST FLUSHED ERROR status number 5 for wr_id 1359300 opcode 32767  vendor error 244 qp_idx 0
[[53105,5],0][btl_openib_component.c:3426:handle_wc] from graphene-53.nancy.grid5000.fr to: graphene-53.nancy.grid5000.fr error polling LP CQ with status RETRY EXCEEDED ERROR status number 12 for wr_id 4396400 opcode 32767  vendor error 129 qp_idx 0
[[53105,2],0][btl_openib_component.c:3426:handle_wc] from graphene-53.nancy.grid5000.fr to: graphene-53 error polling LP CQ with status RETRY EXCEEDED ERROR status number 12 for wr_id 4659880 opcode 32767  vendor error 129 qp_idx 0
[[53105,4],0][btl_openib_component.c:3426:handle_wc] from graphene-53.nancy.grid5000.fr to: graphene-53 error polling LP CQ with status RETRY EXCEEDED ERROR status number 12 for wr_id 43f6a80 opcode 32767  vendor error 129 qp_idx 0
[[53105,3],0][btl_openib_component.c:3426:handle_wc] from graphene-53.nancy.grid5000.fr to: graphene-53 error polling LP CQ with status RETRY EXCEEDED ERROR status number 12 for wr_id 4eb1580 opcode 32767  vendor error 129 qp_idx 0[[53105,6],0][btl_openib_component.c:3426:handle_wc] from graphene-53.nancy.grid5000.fr to: graphene-53.nancy.grid5000.fr error polling LP CQ with status RETRY EXCEEDED ERROR status number 12 for wr_id 385cb80 opcode 32767  vendor error 129 qp_idx 0

[[53105,5],0][btl_openib_component.c:3426:handle_wc] from graphene-53.nancy.grid5000.fr to: graphene-53.nancy.grid5000.fr error polling HP CQ with status WORK REQUEST FLUSHED ERROR status number 5 for wr_id 10b7200 opcode 32640  vendor error 244 qp_idx 0
[[53105,6],0][btl_openib_component.c:3426:handle_wc] from graphene-53.nancy.grid5000.fr to: graphene-53.nancy.grid5000.fr error polling HP CQ with status WORK REQUEST FLUSHED ERROR status number 5 for wr_id 1700300 opcode 32767  vendor error 244 qp_idx 0
[[53105,5],0][btl_openib_component.c:3426:handle_wc] from graphene-53.nancy.grid5000.fr to: graphene-53 error polling LP CQ with status RETRY EXCEEDED ERROR status number 12 for wr_id 4396800 opcode 32640  vendor error 129 qp_idx 0
[graphene-53.nancy.grid5000.fr:02526] 27 more processes have sent help message help-mpi-btl-openib.txt / pp retry exceeded
[[53105,1],134][btl_openib_component.c:3426:handle_wc] from graphene-7.nancy.grid5000.fr to: graphene-53 error polling LP CQ with status RETRY EXCEEDED ERROR status number 12 for wr_id bbc800 opcode 32767  vendor error 129 qp_idx 0
[[53105,1],134][btl_openib_component.c:3426:handle_wc] from graphene-7.nancy.grid5000.fr to: graphene-53 error polling HP CQ with status WORK REQUEST FLUSHED ERROR status number 5 for wr_id dd0300 opcode 32560  vendor error 244 qp_idx 0
[[53105,1],230][btl_openib_component.c:3426:handle_wc] from griffon-24.nancy.grid5000.fr [[53105,1],229][btl_openib_component.c:3426:handle_wc] from griffon-24.nancy.grid5000.fr to: graphene-53 error polling LP CQ with status RETRY EXCEEDED ERROR status number 12 for wr_id 1017c00 opcode 32767  vendor error 129 qp_idx 0
to: graphene-53 error polling LP CQ with status RETRY EXCEEDED ERROR status number 12 for wr_id 1bdfa00 opcode 32767  vendor error 129 qp_idx 0
[[53105,1],230][btl_openib_component.c:3426:handle_wc] from griffon-24.nancy.grid5000.fr to: graphene-53 error polling HP CQ with status WORK REQUEST FLUSHED ERROR status number 5 for wr_id 13cde00 opcode 32615  vendor error 244 qp_idx 0
[[53105,1],229][btl_openib_component.c:3426:handle_wc] from griffon-24.nancy.grid5000.fr to: graphene-53 error polling HP CQ with status WORK REQUEST FLUSHED ERROR status number 5 for wr_id 1f95980 opcode 32767  vendor error 244 qp_idx 0
[[53105,1],246][btl_openib_component.c:3426:handle_wc] from griffon-51.nancy.grid5000.fr [[53105,1],247][btl_openib_component.c:3426:handle_wc] from griffon-51.nancy.grid5000.fr to: graphene-53 error polling LP CQ with status RETRY EXCEEDED ERROR status number 12 for wr_id 80a000 opcode 32767  vendor error 129 qp_idx 0
[[53105,1],254][btl_openib_component.c:3426:handle_wc] from griffon-51.nancy.grid5000.fr to: graphene-53 error polling LP CQ with status RETRY EXCEEDED ERROR status number 12 for wr_id 16cc480 opcode 32767  vendor error 129 qp_idx 0
to: graphene-53 error polling LP CQ with status RETRY EXCEEDED ERROR status number 12 for wr_id 1828e00 opcode 32767  vendor error 129 qp_idx 0
[[53105,1],255][btl_openib_component.c:3426:handle_wc] from griffon-51.nancy.grid5000.fr to: graphene-53 error polling LP CQ with status RETRY EXCEEDED ERROR status number 12 for wr_id 1d2a600 opcode 32767  vendor error 129 qp_idx 0[[53105,1],247][btl_openib_component.c:3426:handle_wc] from griffon-51.nancy.grid5000.fr to: graphene-53 error polling HP CQ with status WORK REQUEST FLUSHED ERROR status number 5 for wr_id b8cf00 opcode 32712  vendor error 244 qp_idx 0
[[53105,1],246][btl_openib_component.c:3426:handle_wc] from griffon-51.nancy.grid5000.fr to: graphene-53 error polling HP CQ with status WORK REQUEST FLUSHED ERROR status number 5 for wr_id 1bac380 opcode 32653  vendor error 244 qp_idx 0
[[53105,1],198][btl_openib_component.c:3426:handle_wc] from griffon-12.nancy.grid5000.fr to: graphene-53 error polling LP CQ with status RETRY EXCEEDED ERROR status number 12 for wr_id 885e00 opcode 32767  vendor error 129 qp_idx 0
[[53105,1],199][btl_openib_component.c:3426:handle_wc] from griffon-12.nancy.grid5000.fr to: graphene-53 error polling LP CQ with status RETRY EXCEEDED ERROR status number 12 for wr_id a8fc00 opcode 32767  vendor error 129 qp_idx 0
[[53105,1],198][btl_openib_component.c:3426:handle_wc] from griffon-12.nancy.grid5000.fr to: graphene-53 error polling HP CQ with status WORK REQUEST FLUSHED ERROR status number 5 for wr_id c6c780 opcode 32762  vendor error 244 qp_idx 0
[[53105,1],199][btl_openib_component.c:3426:handle_wc] from griffon-12.nancy.grid5000.fr to: graphene-53 error polling HP CQ with status WORK REQUEST FLUSHED ERROR status number 5 for wr_id e76300 opcode 32691  vendor error 244 qp_idx 0

[[53105,7],0][btl_openib_component.c:3426:handle_wc] from graphene-53.nancy.grid5000.fr to: graphene-53.nancy.grid5000.fr error polling LP CQ with status RETRY EXCEEDED ERROR status number 12 for wr_id 43a5080 opcode 32767  vendor error 129 qp_idx 0
[[53105,5],0][btl_openib_component.c:3426:handle_wc] from graphene-53.nancy.grid5000.fr to: graphene-53 error polling LP CQ with status RETRY EXCEEDED ERROR status number 12 for wr_id 4396e00 opcode 32767  vendor error 129 qp_idx 0
[[53105,8],0][btl_openib_component.c:3426:handle_wc] from graphene-53.nancy.grid5000.fr to: graphene-53.nancy.grid5000.fr error polling LP CQ with status RETRY EXCEEDED ERROR status number 12 for wr_id 3ec4780 opcode 32767  vendor error 129 qp_idx 0
[[53105,4],0][btl_openib_component.c:3426:handle_wc] from graphene-53.nancy.grid5000.fr to: graphene-53 error polling LP CQ with status RETRY EXCEEDED ERROR status number 12 for wr_id 43f6e80 opcode 32767  vendor error 129 qp_idx 0
[[53105,6],0][btl_openib_component.c:3426:handle_wc] from graphene-53.nancy.grid5000.fr to: graphene-53 error polling LP CQ with status RETRY EXCEEDED ERROR status number 12 for wr_id 385dd80 opcode 32767  vendor error 129 qp_idx 0
[[53105,7],0][btl_openib_component.c:3426:handle_wc] from graphene-53.nancy.grid5000.fr to: graphene-53.nancy.grid5000.fr error polling HP CQ with status WORK REQUEST FLUSHED ERROR status number 5 for wr_id 288f180 opcode 32575  vendor error 244 qp_idx 0
[[53105,8],0][btl_openib_component.c:3426:handle_wc] from graphene-53.nancy.grid5000.fr to: graphene-53.nancy.grid5000.fr error polling HP CQ with status WORK REQUEST FLUSHED ERROR status number 5 for wr_id 170a180 opcode 32540  vendor error 244 qp_idx 0
[[53105,7],0][btl_openib_component.c:3426:handle_wc] from graphene-53.nancy.grid5000.fr to: graphene-53 error polling LP CQ with status RETRY EXCEEDED ERROR status number 12 for wr_id 5b7c080 opcode 32575  vendor error 129 qp_idx 0
[[53105,1],135][btl_openib_component.c:3426:handle_wc] from graphene-7.nancy.grid5000.fr to: graphene-53 error polling LP CQ with status RETRY EXCEEDED ERROR status number 12 for wr_id 1371a00 opcode 32767  vendor error 129 qp_idx 0
[[53105,1],135][btl_openib_component.c:3426:handle_wc] from graphene-7.nancy.grid5000.fr to: graphene-53 error polling HP CQ with status WORK REQUEST FLUSHED ERROR status number 5 for wr_id 1586300 opcode 32639  vendor error 244 qp_idx 0
[[53105,1],231][btl_openib_component.c:3426:handle_wc] from griffon-24.nancy.grid5000.fr to: graphene-53 error polling LP CQ with status RETRY EXCEEDED ERROR status number 12 for wr_id 1a4d600 opcode 32767  vendor error 129 qp_idx 0
[[53105,1],231][btl_openib_component.c:3426:handle_wc] from griffon-24.nancy.grid5000.fr to: graphene-53 error polling HP CQ with status WORK REQUEST FLUSHED ERROR status number 5 for wr_id 1e03980 opcode 32667  vendor error 244 qp_idx 0
[graphene-53.nancy.grid5000.fr:02526] 17 more processes have sent help message help-mpi-btl-openib.txt / pp retry exceeded
[[53105,1],248][btl_openib_component.c:3426:handle_wc] from griffon-51.nancy.grid5000.fr to: graphene-54 error polling LP CQ with status RETRY EXCEEDED ERROR status number 12 for wr_id 1f99800 opcode 32767  vendor error 129 qp_idx 0
[[53105,1],248][btl_openib_component.c:3426:handle_wc] from griffon-51.nancy.grid5000.fr [[53105,1],200][btl_openib_component.c:3426:handle_wc] from griffon-12.nancy.grid5000.fr to: graphene-54 to: graphene-54 error polling HP CQ with status WORK REQUEST FLUSHED ERROR status number 5 for wr_id 232aa80 opcode 32767  vendor error 244 qp_idx 0error polling LP CQ with status RETRY EXCEEDED ERROR status number 12 for wr_id 24f7400 opcode 32767  vendor error 129 qp_idx 0

[[53105,1],200][btl_openib_component.c:3426:handle_wc] from griffon-12.nancy.grid5000.fr to: graphene-54 error polling HP CQ with status WORK REQUEST FLUSHED ERROR status number 5 for wr_id 28e0080 opcode 32621  vendor error 244 qp_idx 0
[[53105,8],0][btl_openib_component.c:3426:handle_wc] from graphene-53.nancy.grid5000.fr to: graphene-54 error polling LP CQ with status RETRY EXCEEDED ERROR status number 12 for wr_id 49f6a80 opcode 32767  vendor error 129 qp_idx 0
[[53105,9],0][btl_openib_component.c:3426:handle_wc] from graphene-53.nancy.grid5000.fr to: graphene-54.nancy.grid5000.fr error polling LP CQ with status RETRY EXCEEDED ERROR status number 12 for wr_id 471bb80 opcode 32767  vendor error 129 qp_idx 0
[[53105,6],0][btl_openib_component.c:3426:handle_wc] from graphene-53.nancy.grid5000.fr to: graphene-54 [[53105,2],0][btl_openib_component.c:3426:handle_wc] from graphene-53.nancy.grid5000.fr to: graphene-54 error polling LP CQ with status RETRY EXCEEDED ERROR status number 12 for wr_id 4662c00 opcode 32767  vendor error 129 qp_idx 0
error polling LP CQ with status RETRY EXCEEDED ERROR status number 12 for wr_id 385db80 opcode 32767  vendor error 129 qp_idx 0
[[53105,9],0][btl_openib_component.c:3426:handle_wc] from graphene-53.nancy.grid5000.fr to: graphene-54.nancy.grid5000.fr error polling HP CQ with status WORK REQUEST FLUSHED ERROR status number 5 for wr_id 13bc200 opcode 32760  vendor error 244 qp_idx 0
[[53105,1],136][btl_openib_component.c:3426:handle_wc] from graphene-7.nancy.grid5000.fr [[53105,1],137][btl_openib_component.c:3426:handle_wc] from graphene-7.nancy.grid5000.fr to: graphene-54 error polling LP CQ with status RETRY EXCEEDED ERROR status number 12 for wr_id c59200 opcode 32767  vendor error 129 qp_idx 0
to: graphene-54 error polling LP CQ with status RETRY EXCEEDED ERROR status number 12 for wr_id 10b7c00 opcode 32767  vendor error 129 qp_idx 0
[[53105,1],137][btl_openib_component.c:3426:handle_wc] from graphene-7.nancy.grid5000.fr to: graphene-54 error polling HP CQ with status WORK REQUEST FLUSHED ERROR status number 5 for wr_id e6d300 opcode 32586  vendor error 244 qp_idx 0
[[53105,1],136][btl_openib_component.c:3426:handle_wc] from graphene-7.nancy.grid5000.fr to: graphene-54 error polling HP CQ with status WORK REQUEST FLUSHED ERROR status number 5 for wr_id 12cb300 opcode 32621  vendor error 244 qp_idx 0
[[53105,1],232][btl_openib_component.c:3426:handle_wc] from griffon-24.nancy.grid5000.fr to: graphene-54 error polling LP CQ with status RETRY EXCEEDED ERROR status number 12 for wr_id 2540200 opcode 32767  vendor error 129 qp_idx 0
[[53105,1],233][btl_openib_component.c:3426:handle_wc] from griffon-24.nancy.grid5000.fr to: graphene-54 error polling LP CQ with status RETRY EXCEEDED ERROR status number 12 for wr_id 848c00 opcode 32767  vendor error 129 qp_idx 0
[[53105,1],233][btl_openib_component.c:3426:handle_wc] from griffon-24.nancy.grid5000.fr to: graphene-54 error polling HP CQ with status WORK REQUEST FLUSHED ERROR status number 5 for wr_id bfe980 opcode 32686  vendor error 244 qp_idx 0
[[53105,1],232][btl_openib_component.c:3426:handle_wc] from griffon-24.nancy.grid5000.fr to: graphene-54 error polling HP CQ with status WORK REQUEST FLUSHED ERROR status number 5 for wr_id 28f7080 opcode 32644  vendor error 244 qp_idx 0
[[53105,1],201][btl_openib_component.c:3426:handle_wc] from griffon-20.nancy.grid5000.fr to: graphene-54 error polling LP CQ with status RETRY EXCEEDED ERROR status number 12 for wr_id f36000 opcode 32767  vendor error 129 qp_idx 0
[[53105,1],201][btl_openib_component.c:3426:handle_wc] from griffon-20.nancy.grid5000.fr to: graphene-54 error polling HP CQ with status WORK REQUEST FLUSHED ERROR status number 5 for wr_id 131c300 opcode 32611  vendor error 244 qp_idx 0
[[53105,10],0][btl_openib_component.c:3426:handle_wc] from graphene-54.nancy.grid5000.fr to: graphene-54.nancy.grid5000.fr error polling LP CQ with status RETRY EXCEEDED ERROR status number 12 for wr_id 3a23d80 opcode 32767  vendor error 129 qp_idx 0
[[53105,10],0][btl_openib_component.c:3426:handle_wc] from graphene-54.nancy.grid5000.fr to: graphene-54.nancy.grid5000.fr error polling HP CQ with status WORK REQUEST FLUSHED ERROR status number 5 for wr_id 18c7180 opcode 32669  vendor error 244 qp_idx 0
[[53105,1],249][btl_openib_component.c:3426:handle_wc] from griffon-51.nancy.grid5000.fr to: graphene-54 error polling LP CQ with status RETRY EXCEEDED ERROR status number 12 for wr_id 1c0d000 opcode 32767  vendor error 129 qp_idx 0
[[53105,9],0][btl_openib_component.c:3426:handle_wc] from graphene-53.nancy.grid5000.fr to: graphene-54 error polling LP CQ with status RETRY EXCEEDED ERROR status number 12 for wr_id 471c780 opcode 32767  vendor error 129 qp_idx 0
[[53105,7],0][btl_openib_component.c:3426:handle_wc] from graphene-53.nancy.grid5000.fr to: graphene-54 error polling LP CQ with status RETRY EXCEEDED ERROR status number 12 for wr_id 5b7b880 opcode 32767  vendor error 129 qp_idx 0
[[53105,3],0][btl_openib_component.c:3426:handle_wc] from graphene-53.nancy.grid5000.fr to: graphene-54 error polling LP CQ with status RETRY EXCEEDED ERROR status number 12 for wr_id 1d81980 opcode 32767  vendor error 129 qp_idx 0
[graphene-53.nancy.grid5000.fr:02526] 16 more processes have sent help message help-mpi-btl-openib.txt / pp retry exceeded
