#RUN	RANK	FAILURE_DETECTED	COMM_REVOKED	COMM_SHRINKED	COMM_SPAWNED	ROLLBACK_DONE	COMM_MERGED
 10	   0	  1.005631924    	0.001846075058	0.08409285545	0.05088710785	0.01550793648	0.05081701279
 10	   1	  1.027495146    	0.005277872086	0.05887818336	0.05080389977	9.536743164e-07	0.06634593010
 10	   2	  1.024739027    	3.099441528e-06	0.06689000130	0.05080699921	  0.000000000	0.06632494926
 10	   3	  1.011469841    	0.004873037338	0.07537889481	0.05073618889	9.536743164e-07	0.06633687019
 10	   4	  1.042994976    	1.907348633e-06	0.04864811897	0.05080795288	9.536743164e-07	0.06633496284
 10	   5	  1.011472940    	0.01297998428	0.06726908684	0.05073213577	  0.000000000	0.06633281708
 10	   6	  1.009457827    	0.02266001701	0.05958700180	0.05074000359	1.192092896e-06	0.06633591652
 10	   7	  1.009687901    	2.598762512e-05	0.08163905144	0.05093812943	  0.000000000	0.06631588936
 10	   8	  1.003282070    	0.01420807838	0.07393884659	0.05085110664	9.536743164e-07	0.06632399559
 10	   9	  1.032366037    	4.053115845e-06	0.05905795097	0.05086112022	9.536743164e-07	0.06631398201
 10	  10	  1.049448013    	2.145767212e-06	0.04205179214	0.05077719688	9.536743164e-07	0.06632184982
 10	  11	  1.009717941    	0.007849931717	0.07386207581	0.05086612701	9.536743164e-07	0.06631898880
 10	  12	  1.062865973    	4.053115845e-06	0.02863001823	0.05078101158	  0.000000000	0.06632900238
 10	  13	  1.004961967    	0.01246690750	0.07406401634	0.05079293251	1.192092896e-06	0.06631684303
 10	  14	  1.039795876    	9.059906006e-06	0.05174207687	0.05073094368	  0.000000000	0.06632494926


#RUN	RANK	FAILURE_DETECTED	COMM_REVOKED	COMM_SHRINKED	COMM_SPAWNED	ROLLBACK_DONE	COMM_MERGED
  9	   0	  1.008156061    	9.536743164e-07	0.02781796455	0.04959893227	0.01555395126	0.04026103020
  9	   1	  1.007416010    	1.192092896e-06	0.02862477303	0.04973101616	  0.000000000	0.05562710762
  9	   2	  1.008692980    	  0.000000000	0.02734804153	0.04952597618	  0.000000000	0.05581808090
  9	   3	  1.012055159    	  0.000000000	0.02407002449	0.04964900017	9.536743164e-07	0.05564284325
  9	   4	  1.002893209    	9.536743164e-07	0.03310585022	0.04952001572	1.192092896e-06	0.05582284927
  9	   5	  1.010285139    	  0.000000000	0.02584099770	0.04964184761	9.536743164e-07	0.05564498901
  9	   6	  1.010066986    	  0.000000000	0.02589011192	0.04944705963	  0.000000000	0.05580878258
  9	   7	  1.009512186    	9.536743164e-07	0.02625203133	0.04984903336	  0.000000000	0.05561900139
  9	   8	  1.007259130    	  0.000000000	0.02857398987	0.04956889153	  0.000000000	0.05582118034
  9	   9	  1.006772041    	  0.000000000	0.02906799316	0.04976105690	  0.000000000	0.05562186241
  9	  10	  1.002556086    	1.811981201e-05	0.03333497047	0.04949188232	9.536743164e-07	0.05581998825
  9	  11	  1.008872032    	9.536743164e-07	0.02697110176	0.04976606369	  0.000000000	0.05561995506
  9	  12	  1.002563000    	  0.000000000	0.03329896927	0.04949307442	  0.000000000	0.05582213402
  9	  13	  1.002652884    	  0.000000000	0.03325891495	0.04969120026	  0.000000000	0.05562591553
  9	  14	  1.007477045    	1.907348633e-06	0.02731919289	0.04965901375	  0.000000000	0.05562496185


#RUN	RANK	FAILURE_DETECTED	COMM_REVOKED	COMM_SHRINKED	COMM_SPAWNED	ROLLBACK_DONE	COMM_MERGED
  8	   0	  1.010138035    	  0.000000000	0.02504682541	0.05078315735	0.01559185982	0.04148101807
  8	   1	  1.010609865    	  0.000000000	0.02466011047	0.05069804192	9.536743164e-07	0.05709195137
  8	   2	  1.012339115    	9.536743164e-07	0.02292609215	0.05069994926	9.536743164e-07	0.05707502365
  8	   3	  1.011739969    	  0.000000000	0.02360200882	0.05063009262	9.536743164e-07	0.05707597733
  8	   4	  1.003021002    	9.536743164e-07	0.03224110603	0.05070400238	  0.000000000	0.05710101128
  8	   5	  1.011339903    	  0.000000000	0.02384209633	0.05062389374	  0.000000000	0.05706906319
  8	   6	  1.005295992    	  0.000000000	0.02989292145	0.05061411858	9.536743164e-07	0.05707001686
  8	   7	  1.005855083    	  0.000000000	0.02911806107	0.05083489418	  0.000000000	0.05707812309
  8	   8	  1.006373882    	  0.000000000	0.02867412567	0.05075192451	  0.000000000	0.05708408356
  8	   9	  1.002743006    	1.788139343e-05	0.03228807449	0.05075311661	  0.000000000	0.05707693100
  8	  10	  1.008635044    	  0.000000000	0.02648901939	0.05067396164	  0.000000000	0.05708193779
  8	  11	  1.002820969    	9.536743164e-07	0.03222608566	0.05075693130	  0.000000000	0.05708003044
  8	  12	  1.002944946    	  0.000000000	0.03217387199	0.05068016052	9.536743164e-07	0.05708503723
  8	  13	  1.007728100    	  0.000000000	0.02756190300	0.05067706108	  0.000000000	0.05709004402
  8	  14	  1.008543968    	1.907348633e-06	0.02673101425	0.05063605309	  0.000000000	0.05708813667


#RUN	RANK	FAILURE_DETECTED	COMM_REVOKED	COMM_SHRINKED	COMM_SPAWNED	ROLLBACK_DONE	COMM_MERGED
  7	   0	  1.009271860    	1.192092896e-06	0.02474784851	0.05095815659	0.01555085182	0.04277706146
  7	   1	  1.009885073    	  0.000000000	0.02421283722	0.05088305473	  0.000000000	0.05832004547
  7	   2	  1.012112141    	  0.000000000	0.02196788788	0.05089807510	  0.000000000	0.05832004547
  7	   3	  1.011530876    	1.192092896e-06	0.02262783051	0.05082297325	  0.000000000	0.05832004547
  7	   4	  1.011073112    	  0.000000000	0.02285909653	0.05088090897	9.536743164e-07	0.05831909180
  7	   5	  1.011373043    	9.536743164e-07	0.02264404297	0.05080413818	  0.000000000	0.05831098557
  7	   6	  1.007445812    	  0.000000000	0.02655911446	0.05081295967	  0.000000000	0.05830812454
  7	   7	  1.003961802    	  0.000000000	0.02986097336	0.05100011826	  0.000000000	0.05831503868
  7	   8	  1.002506018    	1.382827759e-05	0.03136205673	0.05092811584	  0.000000000	0.05832481384
  7	   9	  1.005988836    	1.192092896e-06	0.02789187431	0.05093312263	  0.000000000	0.05831789970
  7	  10	  1.002572060    	  0.000000000	0.03138399124	0.05085611343	  0.000000000	0.05831885338
  7	  11	  1.002604961    	  0.000000000	0.03128290176	0.05093002319	  0.000000000	0.05831813812
  7	  12	  1.008425951    	9.536743164e-07	0.02568602562	0.05086088181	  0.000000000	0.05835103989
  7	  13	  1.007781982    	  0.000000000	0.02628612518	0.05086994171	9.536743164e-07	0.05834603310
  7	  14	  1.008492947    	3.099441528e-06	0.02565002441	0.05082488060	  0.000000000	0.05832600594


#RUN	RANK	FAILURE_DETECTED	COMM_REVOKED	COMM_SHRINKED	COMM_SPAWNED	ROLLBACK_DONE	COMM_MERGED
  6	   0	  1.006427050    	  0.000000000	0.03264999390	0.05087304115	0.01557302475	0.04708790779
  6	   1	  1.007124901    	  0.000000000	0.03203606606	0.05078887939	9.536743164e-07	0.06268000603
  6	   2	  1.007822990    	  0.000000000	0.03133106232	0.05079293251	9.536743164e-07	0.06268191338
  6	   3	  1.004909992    	  0.000000000	0.03416609764	0.05071306229	  0.000000000	0.06265902519
  6	   4	  1.011678934    	  0.000000000	0.02730798721	0.05079698563	  0.000000000	0.06265902519
  6	   5	  1.011193991    	  0.000000000	0.02788090706	0.05071210861	  0.000000000	0.06265807152
  6	   6	  1.006881952    	  0.000000000	0.03218317032	0.05072093010	  0.000000000	0.06265807152
  6	   7	  1.003578186    	1.382827759e-05	0.03528499603	0.05091214180	9.536743164e-07	0.06265592575
  6	   8	  1.007287979    	  0.000000000	0.03166294098	0.05083107948	  0.000000000	0.06267499924
  6	   9	  1.003653049    	  0.000000000	0.03528785706	0.05084204674	  0.000000000	0.06266713142
  6	  10	  1.003674984    	  0.000000000	0.03534317017	0.05076479912	  0.000000000	0.06266713142
  6	  11	  1.006139040    	9.536743164e-07	0.03295016289	0.05085992813	  0.000000000	0.06268692017
  6	  12	  1.008157015    	1.192092896e-06	0.03101778030	0.05077004433	9.536743164e-07	0.06268906593
  6	  13	  1.007628918    	  0.000000000	0.03153705597	0.05078101158	  0.000000000	0.06267189980
  6	  14	  1.008232117    	2.861022949e-06	0.03098201752	0.05072903633	9.536743164e-07	0.06267404556


#RUN	RANK	FAILURE_DETECTED	COMM_REVOKED	COMM_SHRINKED	COMM_SPAWNED	ROLLBACK_DONE	COMM_MERGED
  5	   0	  1.005975008    	  0.000000000	0.03024792671	0.04957413673	0.01547694206	0.04666996002
  5	   1	  1.002984047    	9.536743164e-07	0.03331589699	0.04949903488	  0.000000000	0.06215190887
  5	   2	  1.010248899    	9.536743164e-07	0.02589011192	0.04949307442	9.536743164e-07	0.06212091446
  5	   3	  1.006721020    	9.536743164e-07	0.02948617935	0.04943203926	  0.000000000	0.06211996078
  5	   4	  1.007659912    	1.192092896e-06	0.02847695351	0.04949283600	  0.000000000	0.06212615967
  5	   5	  1.011741877    	9.536743164e-07	0.02448010445	0.04941797256	  0.000000000	0.06212306023
  5	   6	  1.002554178    	1.502037048e-05	0.03364396095	0.04941892624	  0.000000000	0.06213808060
  5	   7	  1.012307167    	  0.000000000	0.02370691299	0.04962611198	9.536743164e-07	0.06212997437
  5	   8	  1.002639055    	9.536743164e-07	0.03344583511	0.04954409599	  0.000000000	0.06213402748
  5	   9	  1.002655029    	  0.000000000	0.03343200684	0.04954695702	  0.000000000	0.06213188171
  5	  10	  1.003206015    	9.536743164e-07	0.03310108185	0.04948401451	  0.000000000	0.06214308739
  5	  11	  1.012565851    	  0.000000000	0.02367210388	0.04956102371	9.536743164e-07	0.06214094162
  5	  12	  1.004414082    	  0.000000000	0.03185701370	0.04948186874	1.192092896e-06	0.06214284897
  5	  13	  1.003891945    	1.192092896e-06	0.03242182732	0.04947996140	1.192092896e-06	0.06214880943
  5	  14	  1.004508018    	2.145767212e-06	0.03202390671	0.04925489426	  0.000000000	0.06214404106


#RUN	RANK	FAILURE_DETECTED	COMM_REVOKED	COMM_SHRINKED	COMM_SPAWNED	ROLLBACK_DONE	COMM_MERGED
  4	   0	  1.006216049    	9.536743164e-07	0.01790118217	0.05376386642	0.01550507545	0.04560804367
  4	   1	  1.005975962    	  0.000000000	0.01806712151	0.05367898941	  0.000000000	0.06110692024
  4	   2	  1.010523081    	  0.000000000	0.01368188858	0.05351519585	  0.000000000	0.06110501289
  4	   3	  1.008030891    	  0.000000000	0.01610517502	0.05358982086	1.192092896e-06	0.06111192703
  4	   4	  1.010009050    	  0.000000000	0.01404190063	0.05366802216	9.536743164e-07	0.06111812592
  4	   5	  1.003038168    	2.002716064e-05	0.02105784416	0.05360507965	9.536743164e-07	0.06111311913
  4	   6	  1.009361029    	  0.000000000	0.01508402824	0.05327296257	  0.000000000	0.06111192703
  4	   7	  1.003083944    	9.536743164e-07	0.02083301544	0.05381011963	  0.000000000	0.06111407280
  4	   8	  1.003509045    	  0.000000000	0.02048802376	0.05371809006	9.536743164e-07	0.06112098694
  4	   9	  1.011222124    	9.536743164e-07	0.01308107376	0.05357789993	9.536743164e-07	0.06114196777
  4	  10	  1.004852057    	9.536743164e-07	0.01937794685	0.05364608765	  0.000000000	0.06112885475
  4	  11	  1.004130125    	  0.000000000	0.02001690865	0.05373811722	  0.000000000	0.06113886833
  4	  12	  1.005607843    	9.536743164e-07	0.01860404015	0.05366516113	  0.000000000	0.06112694740
  4	  13	  1.006302118    	  0.000000000	0.01824784279	0.05332994461	1.192092896e-06	0.06112289429
  4	  14	  1.006314039    	3.099441528e-06	0.01795601845	0.05360198021	9.536743164e-07	0.06112599373


#RUN	RANK	FAILURE_DETECTED	COMM_REVOKED	COMM_SHRINKED	COMM_SPAWNED	ROLLBACK_DONE	COMM_MERGED
  3	   0	  1.005794048    	  0.000000000	0.02830696106	0.05420303345	0.01574707031	0.04688787460
  3	   1	  1.006061077    	  0.000000000	0.02810907364	0.05413389206	  0.000000000	0.06264495850
  3	   2	  1.008949995    	  0.000000000	0.02521085739	0.05414009094	9.536743164e-07	0.06263589859
  3	   3	  1.008032084    	  0.000000000	0.02620697021	0.05407309532	  0.000000000	0.06263184547
  3	   4	  1.003345966    	9.536743164e-07	0.03082513809	0.05417704582	  0.000000000	0.06259894371
  3	   5	  1.008419991    	  0.000000000	0.02582406998	0.05405998230	  0.000000000	0.06263589859
  3	   6	  1.002822161    	2.002716064e-05	0.03138995171	0.05406904221	  0.000000000	0.06263780594
  3	   7	  1.002835035    	1.502037048e-05	0.03119206429	0.05426502228	  0.000000000	0.06263685226
  3	   8	  1.010273933    	9.536743164e-07	0.02399206161	0.05419301987	  0.000000000	0.06268501282
  3	   9	  1.010977030    	9.536743164e-07	0.02328395844	0.05420207977	9.536743164e-07	0.06265997887
  3	  10	  1.003240108    	1.907348633e-06	0.03109598160	0.05412316322	  0.000000000	0.06265783310
  3	  11	  1.012382030    	  0.000000000	0.02188301086	0.05420184135	  0.000000000	0.06265616417
  3	  12	  1.011538982    	  0.000000000	0.02280211449	0.05416703224	  0.000000000	0.06260991096
  3	  13	  1.003755093    	  0.000000000	0.03057909012	0.05413198471	9.536743164e-07	0.06265592575
  3	  14	  1.003763914    	2.861022949e-06	0.03060507774	0.05408692360	  0.000000000	0.06265306473


#RUN	RANK	FAILURE_DETECTED	COMM_REVOKED	COMM_SHRINKED	COMM_SPAWNED	ROLLBACK_DONE	COMM_MERGED
  2	   0	  1.035650969    	  0.000000000	0.01866507530	0.06463885307	0.01552414894	0.04974889755
  2	   1	  1.036019087    	  0.000000000	0.01836991310	0.06456589699	1.192092896e-06	0.06527090073
  2	   2	  1.029273987    	9.536743164e-07	0.02511191368	0.06456613541	  0.000000000	0.06525897980
  2	   3	  1.028433084    	1.883506775e-05	0.02601003647	0.06449604034	  0.000000000	0.06526899338
  2	   4	  1.037892818    	  0.000000000	0.01649308205	0.06457090378	  0.000000000	0.06524920464
  2	   5	  1.028486967    	9.536743164e-07	0.02596902847	0.06449985504	  0.000000000	0.06524920464
  2	   6	  1.028492212    	  0.000000000	0.02597093582	0.06449103355	9.536743164e-07	0.06525206566
  2	   7	  1.032536983    	9.536743164e-07	0.02188897133	0.06469917297	9.536743164e-07	0.06526899338
  2	   8	  1.029597044    	  0.000000000	0.02490186691	0.06461715698	  0.000000000	0.06527090073
  2	   9	  1.031067848    	1.192092896e-06	0.02343297005	0.06461882591	  0.000000000	0.06527400017
  2	  10	  1.031883001    	1.192092896e-06	0.02268791199	0.06454610825	  0.000000000	0.06527090073
  2	  11	  1.030325890    	  0.000000000	0.02417111397	0.06462693214	  0.000000000	0.06526398659
  2	  12	  1.033224821    	  0.000000000	0.02133417130	0.06455802917	  0.000000000	0.06527996063
  2	  13	  1.033837080    	  0.000000000	0.02073192596	0.06455302238	  0.000000000	0.06527018547
  2	  14	  1.033928156    	1.907348633e-06	0.02067589760	0.06450819969	9.536743164e-07	0.06526589394


#RUN	RANK	FAILURE_DETECTED	COMM_REVOKED	COMM_SHRINKED	COMM_SPAWNED	ROLLBACK_DONE	COMM_MERGED
  1	   0	  1.033614159    	  0.000000000	0.01620888710	0.04911303520	0.01568508148	0.05274987221
  1	   1	  1.032686949    	  0.000000000	0.01720499992	0.04904508591	1.907348633e-06	0.06845498085
  1	   2	  1.028487921    	1.907348633e-05	0.02138590813	0.04904103279	  0.000000000	0.06845712662
  1	   3	  1.037163973    	  0.000000000	0.01280403137	0.04897284508	  0.000000000	0.06843709946
  1	   4	  1.028537989    	  0.000000000	0.02135205269	0.04904294014	  0.000000000	0.06844711304
  1	   5	  1.028595209    	  0.000000000	0.02137494087	0.04896402359	  0.000000000	0.06846284866
  1	   6	  1.029904127    	  0.000000000	0.02020382881	0.04898905754	  0.000000000	0.06845307350
  1	   7	  1.029696941    	1.192092896e-06	0.02023386955	0.04917097092	  0.000000000	0.06845211983
  1	   8	  1.029539824    	  0.000000000	0.02045798302	0.04909610748	  0.000000000	0.06845903397
  1	   9	  1.030611038    	  0.000000000	0.01938486099	0.04909992218	  0.000000000	0.06845808029
  1	  10	  1.031317949    	1.192092896e-06	0.01874589920	0.04903292656	  0.000000000	0.06845498085
  1	  11	  1.031785965    	9.536743164e-07	0.01820588112	0.04910898209	  0.000000000	0.06845521927
  1	  12	  1.032272100    	9.536743164e-07	0.01779794693	0.04902315140	  0.000000000	0.06846094131
  1	  13	  1.030446053    	  0.000000000	0.01961207390	0.04903793335	  0.000000000	0.06845998764
  1	  14	  1.032727003    	2.861022949e-06	0.01717495918	0.04897999763	9.536743164e-07	0.06844305992


