#RUN	RANK	FAILURE_DETECTED	COMM_REVOKED	COMM_SHRINKED	COMM_SPAWNED	ROLLBACK_DONE	COMM_MERGED
 10	   0	  1.009886026    	0.005540132523	 0.1363348961	0.05105400085	0.01547598839	0.07904100418
 10	   1	  1.007769108    	0.005264043808	 0.1388559341	0.05094003677	9.536743164e-07	0.09449505806
 10	   2	  1.007800102    	0.01340794563	 0.1306669712	0.05094003677	9.536743164e-07	0.09452009201
 10	   3	  1.004263878    	0.008255004883	 0.1394519806	0.05083799362	  0.000000000	0.09449315071
 10	   4	  1.039800882    	4.053115845e-06	 0.1120700836	0.05093884468	9.536743164e-07	0.09452009201
 10	   5	  1.004264832    	0.01703000069	 0.1306810379	0.05083894730	1.192092896e-06	0.09449577332
 10	   6	  1.039856911    	3.099441528e-06	 0.1121358871	0.05082201958	9.536743164e-07	0.09449911118
 10	   7	  1.008858919    	0.008589029312	 0.1342680454	0.05070996284	  0.000000000	0.09445595741
 10	   8	  1.003289938    	0.02349185944	 0.1247160435	0.05091500282	  0.000000000	0.09452509880
 10	   9	  1.042105913    	4.053115845e-06	 0.1094908714	0.05081820488	9.536743164e-07	0.09452295303
 10	  10	  1.068199158    	5.006790161e-06	0.08339381218	0.05081009865	  0.000000000	0.09453105927
 10	  11	  1.008829117    	0.01802897453	 0.1248650551	0.05069899559	9.536743164e-07	0.09452605247
 10	  12	  1.008573055    	0.03727483749	 0.1057281494	0.05082702637	9.536743164e-07	0.09453392029
 10	  13	  1.068507910    	4.053115845e-06	0.08319211006	0.05071592331	  0.000000000	0.09453010559
 10	  14	  1.008523941    	0.03789591789	 0.1052911282	0.05069994926	  0.000000000	0.09452700615
 10	  15	  1.008985043    	2.598762512e-05	 0.1423449516	0.05112099648	  0.000000000	0.09454011917
 10	  16	  1.094856977    	2.861022949e-06	0.05660104752	0.05100202560	9.536743164e-07	0.09454512596
 10	  17	  1.084522009    	4.053115845e-06	0.06694102287	0.05099987984	9.536743164e-07	0.09454703331
 10	  18	  1.006895065    	0.03657889366	 0.1080980301	0.05088901520	9.536743164e-07	0.09454798698
 10	  19	  1.005707979    	0.01785397530	 0.1278989315	0.05100893974	  0.000000000	0.09454607964
 10	  20	  1.089599848    	4.053115845e-06	0.06196498871	0.05089402199	  0.000000000	0.09454703331
 10	  21	  1.005563974    	0.02776980400	 0.1182460785	0.05088710785	  0.000000000	0.09453988075
 10	  22	  1.088643074    	5.006790161e-06	0.06302905083	0.05078482628	1.192092896e-06	0.09454488754
 10	  23	  1.066393852    	4.053115845e-06	0.08516502380	0.05100512505	9.536743164e-07	0.09454703331
 10	  24	  1.089143038    	4.053115845e-06	0.06251001358	0.05089592934	9.536743164e-07	0.09455919266
 10	  25	  1.003334999    	0.02192687988	 0.1264030933	0.05089592934	  0.000000000	0.09455418587
 10	  26	  1.084892035    	5.006790161e-06	0.06687498093	0.05078101158	9.536743164e-07	0.09455585480
 10	  27	  1.005886078    	0.01934790611	 0.1264300346	0.05089688301	1.192092896e-06	0.09455680847
 10	  28	  1.084469080    	4.053115845e-06	0.06729006767	0.05078983307	1.192092896e-06	0.09455680847
 10	  29	  1.080923080    	1.907348633e-06	0.07085108757	0.05078506470	  0.000000000	0.09455490112
 10	  30	  1.080591917    	5.006790161e-06	0.07123708725	0.05072307587	  0.000000000	0.09455204010


#RUN	RANK	FAILURE_DETECTED	COMM_REVOKED	COMM_SHRINKED	COMM_SPAWNED	ROLLBACK_DONE	COMM_MERGED
  9	   0	  1.012701988    	  0.000000000	0.06132006645	0.05186486244	0.01562094688	0.07928204536
  9	   1	  1.011991978    	9.536743164e-07	0.06215190887	0.05196499825	  0.000000000	0.09470415115
  9	   2	  1.005979061    	  0.000000000	0.06816005707	0.05174589157	1.192092896e-06	0.09492278099
  9	   3	  1.004462957    	9.536743164e-07	0.06979894638	0.05184698105	  0.000000000	0.09470295906
  9	   4	  1.006567001    	9.536743164e-07	0.06755805016	0.05175900459	9.536743164e-07	0.09490513802
  9	   5	  1.005164146    	  0.000000000	0.06908583641	0.05185604095	  0.000000000	0.09468698502
  9	   6	  1.006743908    	9.536743164e-07	0.06713700294	0.05162000656	  0.000000000	0.09487295151
  9	   7	  1.007225037    	  0.000000000	0.06677007675	0.05173802376	9.536743164e-07	0.09471297264
  9	   8	  1.007694006    	  0.000000000	0.06605911255	0.05174684525	9.536743164e-07	0.09495019913
  9	   9	  1.008681059    	  0.000000000	0.06519985199	0.05184412003	  0.000000000	0.09472203255
  9	  10	  1.010112047    	9.536743164e-07	0.06376791000	0.05162096024	  0.000000000	0.09494709969
  9	  11	  1.008177996    	  0.000000000	0.06580805779	0.05174183846	  0.000000000	0.09472417831
  9	  12	  1.009183884    	1.192092896e-06	0.06468892097	0.05162692070	  0.000000000	0.09494495392
  9	  13	  1.009633064    	  0.000000000	0.06436395645	0.05173015594	  0.000000000	0.09472298622
  9	  14	  1.011711121    	  0.000000000	0.06231689453	0.05152010918	9.536743164e-07	0.09494590759
  9	  15	  1.011101007    	  0.000000000	0.06252908707	0.05214977264	1.192092896e-06	0.09472703934
  9	  16	  1.012093067    	9.536743164e-07	0.06164693832	0.05180406570	  0.000000000	0.09495806694
  9	  17	  1.003544092    	  0.000000000	0.07018995285	0.05203294754	  0.000000000	0.09474205971
  9	  18	  1.003160954    	9.536743164e-07	0.07068514824	0.05169892311	9.536743164e-07	0.09496307373
  9	  19	  1.012516975    	  0.000000000	0.06121897697	0.05203509331	  0.000000000	0.09474301338
  9	  20	  1.003973961    	9.536743164e-07	0.06988000870	0.05169296265	  0.000000000	0.09496402740
  9	  21	  1.004410982    	  0.000000000	0.06942796707	0.05192995071	  0.000000000	0.09474396706
  9	  22	  1.002837896    	2.217292786e-05	0.07118391991	0.05159091949	9.536743164e-07	0.09497213364
  9	  23	  1.004976034    	9.536743164e-07	0.06884813309	0.05204105377	  0.000000000	0.09475493431
  9	  24	  1.006057978    	  0.000000000	0.06788110733	0.05169391632	  0.000000000	0.09498500824
  9	  25	  1.005619049    	  0.000000000	0.06831002235	0.05192804337	9.536743164e-07	0.09476089478
  9	  26	  1.002954960    	9.536743164e-07	0.07106804848	0.05161094666	  0.000000000	0.09497499466
  9	  27	  1.008006096    	9.536743164e-07	0.06592392921	0.05192995071	  0.000000000	0.09475398064
  9	  28	  1.002978086    	  0.000000000	0.07106494904	0.05158996582	  0.000000000	0.09498310089
  9	  29	  1.003012896    	  0.000000000	0.07101798058	0.05182695389	  0.000000000	0.09476017952
  9	  30	  1.008390903    	3.099441528e-06	0.06588888168	0.05174112320	  0.000000000	0.09479880333


#RUN	RANK	FAILURE_DETECTED	COMM_REVOKED	COMM_SHRINKED	COMM_SPAWNED	ROLLBACK_DONE	COMM_MERGED
  8	   0	  1.012153149    	9.536743164e-07	0.06233596802	0.07061290741	0.01560711861	0.08389091492
  8	   1	  1.009293079    	9.536743164e-07	0.06530213356	0.07050585747	9.536743164e-07	0.09948110580
  8	   2	  1.005867958    	  0.000000000	0.06873703003	0.07049393654	9.536743164e-07	0.09949707985
  8	   3	  1.003937960    	9.536743164e-07	0.07077097893	0.07039690018	  0.000000000	0.09947800636
  8	   4	  1.006533861    	1.192092896e-06	0.06805801392	0.07050490379	  0.000000000	0.09950494766
  8	   5	  1.003139973    	9.536743164e-07	0.07120418549	0.07036995888	9.536743164e-07	0.09944510460
  8	   6	  1.006727934    	  0.000000000	0.06761693954	0.07036900520	  0.000000000	0.09944605827
  8	   7	  1.007256031    	  0.000000000	0.06720590591	0.07025790215	  0.000000000	0.09944009781
  8	   8	  1.008193970    	1.192092896e-06	0.06602692604	0.07049202919	9.536743164e-07	0.09944891930
  8	   9	  1.007771969    	1.192092896e-06	0.06656885147	0.07037305832	  0.000000000	0.09944796562
  8	  10	  1.010080814    	  0.000000000	0.06427502632	0.07035899162	  0.000000000	0.09944820404
  8	  11	  1.010577202    	9.536743164e-07	0.06387090683	0.07026600838	9.536743164e-07	0.09945106506
  8	  12	  1.011044025    	  0.000000000	0.06330394745	0.07036495209	  0.000000000	0.09945106506
  8	  13	  1.009616137    	  0.000000000	0.06488394737	0.07026290894	  0.000000000	0.09945011139
  8	  14	  1.009167194    	9.536743164e-07	0.06532788277	0.07026505470	  0.000000000	0.09945297241
  8	  15	  1.008683920    	9.536743164e-07	0.06540703773	0.07067298889	  0.000000000	0.09945893288
  8	  16	  1.003011942    	  0.000000000	0.07118391991	0.07055807114	  0.000000000	0.09946608543
  8	  17	  1.012023926    	1.192092896e-06	0.06218290329	0.07055211067	  0.000000000	0.09946489334
  8	  18	  1.003990173    	  0.000000000	0.07031798363	0.07045006752	9.536743164e-07	0.09946393967
  8	  19	  1.012531996    	9.536743164e-07	0.06167507172	0.07055211067	  0.000000000	0.09945988655
  8	  20	  1.003484011    	  0.000000000	0.07083082199	0.07044100761	  0.000000000	0.09946298599
  8	  21	  1.002779007    	2.193450928e-05	0.07159709930	0.07044982910	  0.000000000	0.09947013855
  8	  22	  1.005499840    	  0.000000000	0.06901001930	0.07033395767	1.192092896e-06	0.09947395325
  8	  23	  1.005959034    	  0.000000000	0.06832003593	0.07057595253	  0.000000000	0.09946703911
  8	  24	  1.006969929    	  0.000000000	0.06742000580	0.07045292854	  0.000000000	0.09948205948
  8	  25	  1.002889872    	  0.000000000	0.07150816917	0.07044982910	1.192092896e-06	0.09947681427
  8	  26	  1.004983187    	9.536743164e-07	0.06951284409	0.07035207748	  0.000000000	0.09947204590
  8	  27	  1.002927065    	  0.000000000	0.07147288322	0.07044911385	  0.000000000	0.09947395325
  8	  28	  1.002943039    	  0.000000000	0.07155585289	0.07034993172	  0.000000000	0.09947204590
  8	  29	  1.008175135    	9.536743164e-07	0.06656289101	0.07036209106	9.536743164e-07	0.09950494766
  8	  30	  1.008158922    	3.099441528e-06	0.06659507751	0.07028603554	9.536743164e-07	0.09950184822


#RUN	RANK	FAILURE_DETECTED	COMM_REVOKED	COMM_SHRINKED	COMM_SPAWNED	ROLLBACK_DONE	COMM_MERGED
  7	   0	  1.012610197    	9.536743164e-07	0.05963993073	0.06868195534	0.01564693451	0.07877516747
  7	   1	  1.003252983    	2.312660217e-05	0.06907606125	0.06858086586	  0.000000000	0.09442996979
  7	   2	  1.005603075    	  0.000000000	0.06675100327	0.06857299805	  0.000000000	0.09444499016
  7	   3	  1.004945993    	9.536743164e-07	0.06751704216	0.06847286224	1.192092896e-06	0.09443688393
  7	   4	  1.003560066    	  0.000000000	0.06843495369	0.06854915619	  0.000000000	0.09440088272
  7	   5	  1.004018068    	9.536743164e-07	0.06809997559	0.06843304634	  0.000000000	0.09439110756
  7	   6	  1.005943060    	9.536743164e-07	0.06615900993	0.06844496727	9.536743164e-07	0.09439516068
  7	   7	  1.006908894    	  0.000000000	0.06531596184	0.06833410263	  0.000000000	0.09439086914
  7	   8	  1.008841991    	  0.000000000	0.06315994263	0.06854319572	  0.000000000	0.09440493584
  7	   9	  1.007393122    	9.536743164e-07	0.06472110748	0.06843495369	9.536743164e-07	0.09439396858
  7	  10	  1.008307934    	  0.000000000	0.06380701065	0.06843113899	  0.000000000	0.09439897537
  7	  11	  1.007872820    	  0.000000000	0.06434607506	0.06833696365	9.536743164e-07	0.09439301491
  7	  12	  1.006426096    	  0.000000000	0.06572794914	0.06843614578	  0.000000000	0.09440898895
  7	  13	  1.009785891    	9.536743164e-07	0.06248116493	0.06832981110	  0.000000000	0.09439706802
  7	  14	  1.010259151    	  0.000000000	0.06200194359	0.06833505630	  0.000000000	0.09439682961
  7	  15	  1.010725021    	9.536743164e-07	0.06112694740	0.06875705719	  0.000000000	0.09439086914
  7	  16	  1.011388063    	9.536743164e-07	0.06057095528	0.06863093376	  0.000000000	0.09440898895
  7	  17	  1.011691093    	  0.000000000	0.06027388573	0.06862998009	9.536743164e-07	0.09440398216
  7	  18	  1.012605906    	9.536743164e-07	0.05946397781	0.06851720810	  0.000000000	0.09440994263
  7	  19	  1.012120008    	  0.000000000	0.05984306335	0.06863903999	  0.000000000	0.09439992905
  7	  20	  1.003038883    	3.790855408e-05	0.06908106804	0.06852507591	9.536743164e-07	0.09441399574
  7	  21	  1.003782034    	9.536743164e-07	0.06837797165	0.06852698326	9.536743164e-07	0.09441113472
  7	  22	  1.003164053    	  0.000000000	0.06910085678	0.06842303276	  0.000000000	0.09441018105
  7	  23	  1.004127026    	  0.000000000	0.06791591644	0.06865501404	  0.000000000	0.09440612793
  7	  24	  1.003163815    	1.192092896e-06	0.06900286674	0.06851911545	9.536743164e-07	0.09441399574
  7	  25	  1.006091833    	  0.000000000	0.06607699394	0.06851506233	  0.000000000	0.09441900253
  7	  26	  1.003204107    	9.536743164e-07	0.06905794144	0.06842207909	9.536743164e-07	0.09441494942
  7	  27	  1.003206015    	9.536743164e-07	0.06894803047	0.06853508949	  0.000000000	0.09441280365
  7	  28	  1.007587910    	9.536743164e-07	0.06492209435	0.06841993332	1.192092896e-06	0.09446978569
  7	  29	  1.007016182    	  0.000000000	0.06548285484	0.06843805313	9.536743164e-07	0.09446096420
  7	  30	  1.007645130    	2.861022949e-06	0.06491804123	0.06836295128	  0.000000000	0.09444308281


#RUN	RANK	FAILURE_DETECTED	COMM_REVOKED	COMM_SHRINKED	COMM_SPAWNED	ROLLBACK_DONE	COMM_MERGED
  6	   0	  1.010106087    	  0.000000000	0.06589293480	0.06325387955	0.01556015015	0.07961988449
  6	   1	  1.010831833    	1.192092896e-06	0.06527090073	0.06315493584	  0.000000000	0.09519600868
  6	   2	  1.011590004    	9.536743164e-07	0.06450915337	0.06315493584	  0.000000000	0.09520006180
  6	   3	  1.011830091    	  0.000000000	0.06402587891	0.06302213669	  0.000000000	0.09513998032
  6	   4	  1.012760878    	1.192092896e-06	0.06299781799	0.06311202049	  0.000000000	0.09514713287
  6	   5	  1.012290001    	9.536743164e-07	0.06358003616	0.06299996376	  0.000000000	0.09515309334
  6	   6	  1.004345179    	  0.000000000	0.07151794434	0.06300687790	  0.000000000	0.09514713287
  6	   7	  1.004684925    	  0.000000000	0.07129907608	0.06289291382	9.536743164e-07	0.09514307976
  6	   8	  1.013763905    	  0.000000000	0.06215190887	0.06295204163	  0.000000000	0.09515714645
  6	   9	  1.013267040    	9.536743164e-07	0.06259107590	0.06301093102	  0.000000000	0.09514904022
  6	  10	  1.005221128    	9.536743164e-07	0.07063412666	0.06301379204	  0.000000000	0.09515023232
  6	  11	  1.009759188    	  0.000000000	0.06625485420	0.06290006638	  0.000000000	0.09515595436
  6	  12	  1.007627010    	  0.000000000	0.06829309464	0.06299400330	  0.000000000	0.09515595436
  6	  13	  1.008724213    	9.536743164e-07	0.06730198860	0.06288790703	  0.000000000	0.09516215324
  6	  14	  1.008207083    	  0.000000000	0.06781387329	0.06289196014	  0.000000000	0.09516501427
  6	  15	  1.009215117    	  0.000000000	0.06639194489	0.06331586838	  0.000000000	0.09516406059
  6	  16	  1.011590004    	9.536743164e-07	0.06411910057	0.06319999695	  0.000000000	0.09517693520
  6	  17	  1.012557983    	9.536743164e-07	0.06315803528	0.06319808960	9.536743164e-07	0.09516501427
  6	  18	  1.012066126    	  0.000000000	0.06375193596	0.06309008598	9.536743164e-07	0.09517192841
  6	  19	  1.003967047    	2.193450928e-05	0.07182192802	0.06319212914	  0.000000000	0.09517097473
  6	  20	  1.010745049    	9.536743164e-07	0.06518197060	0.06307506561	9.536743164e-07	0.09517097473
  6	  21	  1.011270046    	  0.000000000	0.06464099884	0.06309390068	  0.000000000	0.09517908096
  6	  22	  1.005790949    	9.536743164e-07	0.07024407387	0.06296396255	  0.000000000	0.09517788887
  6	  23	  1.004088879    	1.192092896e-06	0.07187795639	0.06303882599	  0.000000000	0.09517717361
  6	  24	  1.005327940    	1.192092896e-06	0.07057785988	0.06309700012	  0.000000000	0.09517192841
  6	  25	  1.004107952    	  0.000000000	0.07180213928	0.06309103966	  0.000000000	0.09518694878
  6	  26	  1.004124880    	  0.000000000	0.07189798355	0.06297516823	  0.000000000	0.09518694878
  6	  27	  1.004929066    	9.536743164e-07	0.07122898102	0.06308913231	  0.000000000	0.09520101547
  6	  28	  1.007410049    	  0.000000000	0.06887102127	0.06296491623	  0.000000000	0.09520411491
  6	  29	  1.006667137    	9.536743164e-07	0.06954503059	0.06298899651	  0.000000000	0.09520196915
  6	  30	  1.007483959    	3.099441528e-06	0.06884002686	0.06292080879	9.536743164e-07	0.09520220757


#RUN	RANK	FAILURE_DETECTED	COMM_REVOKED	COMM_SHRINKED	COMM_SPAWNED	ROLLBACK_DONE	COMM_MERGED
  5	   0	  1.009943962    	  0.000000000	0.06280612946	0.05336904526	0.01549983025	0.08706402779
  5	   1	  1.010430098    	  0.000000000	0.06242299080	0.05326700211	  0.000000000	 0.1025700569
  5	   2	  1.010574818    	  0.000000000	0.06192803383	0.05324316025	  0.000000000	 0.1025228500
  5	   3	  1.011065006    	  0.000000000	0.06156015396	0.05312085152	  0.000000000	 0.1025331020
  5	   4	  1.012099981    	  0.000000000	0.06041097641	0.05322790146	1.192092896e-06	 0.1025359631
  5	   5	  1.011545897    	  0.000000000	0.06106209755	0.05313396454	  0.000000000	 0.1025340557
  5	   6	  1.004386902    	  0.000000000	0.06822991371	0.05312108994	  0.000000000	 0.1025400162
  5	   7	  1.003428936    	1.192092896e-06	0.06929898262	0.05302095413	  0.000000000	 0.1025331020
  5	   8	  1.003916025    	  0.000000000	0.06858205795	0.05324101448	  0.000000000	 0.1025469303
  5	   9	  1.004810095    	9.536743164e-07	0.06780099869	0.05312705040	  0.000000000	 0.1025331020
  5	  10	  1.012936115    	  0.000000000	0.05972099304	0.05311989784	  0.000000000	 0.1025431156
  5	  11	  1.012458801    	  0.000000000	0.06030011177	0.05302786827	  0.000000000	 0.1025440693
  5	  12	  1.008163214    	  0.000000000	0.06448888779	0.05312705040	  0.000000000	 0.1025509834
  5	  13	  1.008563042    	  0.000000000	0.06418013573	0.05303788185	  0.000000000	 0.1025381088
  5	  14	  1.007582903    	  0.000000000	0.06517601013	0.05301809311	9.536743164e-07	 0.1025421619
  5	  15	  1.006793976    	9.536743164e-07	0.06556391716	0.05343413353	  0.000000000	 0.1025378704
  5	  16	  1.008643866    	9.536743164e-07	0.06381702423	0.05331492424	1.192092896e-06	 0.1025528908
  5	  17	  1.009131908    	  0.000000000	0.06334686279	0.05330109596	  0.000000000	 0.1025540829
  5	  18	  1.003147840    	2.098083496e-05	0.06948804855	0.05320811272	  0.000000000	 0.1025559902
  5	  19	  1.011167049    	9.536743164e-07	0.06138300896	0.05331802368	9.536743164e-07	 0.1025521755
  5	  20	  1.010197878    	  0.000000000	0.06245613098	0.05321002007	  0.000000000	 0.1025648117
  5	  21	  1.010675907    	  0.000000000	0.06199598312	0.05319595337	  0.000000000	 0.1025571823
  5	  22	  1.003287792    	  0.000000000	0.06947803497	0.05309796333	  0.000000000	 0.1025559902
  5	  23	  1.012618065    	  0.000000000	0.05994200706	0.05331492424	9.536743164e-07	 0.1025569439
  5	  24	  1.003310919    	9.536743164e-07	0.06934714317	0.05320501328	9.536743164e-07	 0.1025679111
  5	  25	  1.003766060    	  0.000000000	0.06889486313	0.05320811272	9.536743164e-07	 0.1025600433
  5	  26	  1.004865170    	9.536743164e-07	0.06808900833	0.05311489105	9.536743164e-07	 0.1026020050
  5	  27	  1.013324976    	  0.000000000	0.05956792831	0.05322813988	  0.000000000	 0.1026008129
  5	  28	  1.004040003    	9.536743164e-07	0.06893420219	0.05313491821	  0.000000000	 0.1025950909
  5	  29	  1.005590916    	9.536743164e-07	0.06736612320	0.05310392380	  0.000000000	 0.1025819778
  5	  30	  1.005707026    	2.861022949e-06	0.06752395630	0.05287003517	9.536743164e-07	 0.1025891304


#RUN	RANK	FAILURE_DETECTED	COMM_REVOKED	COMM_SHRINKED	COMM_SPAWNED	ROLLBACK_DONE	COMM_MERGED
  4	   0	  1.006776094    	  0.000000000	0.06094884872	0.05515217781	0.01552987099	0.08167099953
  4	   1	  1.005804062    	  0.000000000	0.06164693832	0.05505108833	  0.000000000	0.09716892242
  4	   2	  1.009814978    	9.536743164e-07	0.05765295029	0.05502820015	  0.000000000	0.09717297554
  4	   3	  1.010799885    	1.192092896e-06	0.05677795410	0.05492687225	  0.000000000	0.09717202187
  4	   4	  1.009202003    	  0.000000000	0.05841588974	0.05487298965	  0.000000000	0.09717917442
  4	   5	  1.010391951    	  0.000000000	0.05718207359	0.05492401123	9.536743164e-07	0.09717297554
  4	   6	  1.006896973    	  0.000000000	0.06068611145	0.05490803719	9.536743164e-07	0.09717798233
  4	   7	  1.011484146    	  0.000000000	0.05620288849	0.05482101440	  0.000000000	0.09717488289
  4	   8	  1.011757851    	  0.000000000	0.05572319031	0.05501198769	9.536743164e-07	0.09723782539
  4	   9	  1.012171030    	9.536743164e-07	0.05545115471	0.05491280556	  0.000000000	0.09725117683
  4	  10	  1.013256073    	  0.000000000	0.05435395241	0.05492186546	  0.000000000	0.09725403786
  4	  11	  1.012700081    	  0.000000000	0.05502390862	0.05481791496	  0.000000000	0.09724617004
  4	  12	  1.005509138    	  0.000000000	0.06226801872	0.05475187302	9.536743164e-07	0.09725213051
  4	  13	  1.004626036    	  0.000000000	0.06310510635	0.05480194092	  0.000000000	0.09725594521
  4	  14	  1.004114866    	  0.000000000	0.06380915642	0.05460596085	  0.000000000	0.09725093842
  4	  15	  1.005380154    	  0.000000000	0.06194186211	0.05522799492	  0.000000000	0.09725308418
  4	  16	  1.006042004    	  0.000000000	0.06138706207	0.05510783195	  0.000000000	0.09726119041
  4	  17	  1.003376007    	2.002716064e-05	0.06411695480	0.05510711670	  0.000000000	0.09727406502
  4	  18	  1.007447958    	  0.000000000	0.06016898155	0.05500411987	  0.000000000	0.09726500511
  4	  19	  1.008455992    	  0.000000000	0.05921888351	0.05495119095	  0.000000000	0.09727191925
  4	  20	  1.007012129    	  0.000000000	0.06060504913	0.05499696732	  0.000000000	0.09726786613
  4	  21	  1.003502131    	9.536743164e-07	0.06413793564	0.05497813225	  0.000000000	0.09727692604
  4	  22	  1.007955074    	  0.000000000	0.05976486206	0.05489516258	  0.000000000	0.09727191925
  4	  23	  1.003719807    	1.192092896e-06	0.06380796432	0.05509591103	  0.000000000	0.09727001190
  4	  24	  1.003560066    	9.536743164e-07	0.06405806541	0.05499601364	  0.000000000	0.09728097916
  4	  25	  1.010120869    	9.536743164e-07	0.05579805374	0.05501198769	1.192092896e-06	0.09728884697
  4	  26	  1.011512041    	  0.000000000	0.05644106865	0.05491089821	  0.000000000	0.09729313850
  4	  27	  1.010783195    	  0.000000000	0.05724000931	0.05484986305	  0.000000000	0.09729003906
  4	  28	  1.013446093    	9.536743164e-07	0.05453705788	0.05487680435	  0.000000000	0.09729504585
  4	  29	  1.012871981    	  0.000000000	0.05529689789	0.05469703674	1.907348633e-06	0.09728908539
  4	  30	  1.013490915    	2.145767212e-06	0.05453705788	0.05482888222	  0.000000000	0.09731006622


#RUN	RANK	FAILURE_DETECTED	COMM_REVOKED	COMM_SHRINKED	COMM_SPAWNED	ROLLBACK_DONE	COMM_MERGED
  3	   0	  1.012531042    	  0.000000000	0.05345296860	0.06008005142	0.01587700844	0.08548498154
  3	   1	  1.012139082    	  0.000000000	0.05414891243	0.05977511406	9.536743164e-07	 0.1013669968
  3	   2	  1.011466026    	  0.000000000	0.05463886261	0.05995512009	9.536743164e-07	 0.1013689041
  3	   3	  1.006457090    	  0.000000000	0.05995392799	0.05965900421	  0.000000000	 0.1013619900
  3	   4	  1.010960102    	9.536743164e-07	0.05514383316	0.05995321274	  0.000000000	 0.1013720036
  3	   5	  1.009768963    	  0.000000000	0.05662107468	0.05967593193	  0.000000000	 0.1013600826
  3	   6	  1.010643959    	  0.000000000	0.05556917191	0.05984783173	  0.000000000	 0.1013681889
  3	   7	  1.011924982    	  0.000000000	0.05460119247	0.05954194069	9.536743164e-07	 0.1013641357
  3	   8	  1.004851103    	  0.000000000	0.06129384041	0.05995512009	  0.000000000	 0.1014349461
  3	   9	  1.003059864    	2.503395081e-05	0.06335306168	0.05966806412	  0.000000000	 0.1014308929
  3	  10	  1.003969193    	  0.000000000	0.06228184700	0.05984997749	9.536743164e-07	 0.1014261246
  3	  11	  1.012531996    	  0.000000000	0.05402994156	0.05954408646	9.536743164e-07	 0.1014289856
  3	  12	  1.003559828    	9.536743164e-07	0.06269121170	0.05984187126	  0.000000000	 0.1014349461
  3	  13	  1.008133173    	  0.000000000	0.05840301514	0.05956697464	9.536743164e-07	 0.1014289856
  3	  14	  1.006234884    	  0.000000000	0.06012892723	0.05973505974	  0.000000000	 0.1014330387
  3	  15	  1.006777048    	9.536743164e-07	0.05917811394	0.06015801430	  0.000000000	 0.1014249325
  3	  16	  1.003179789    	2.598762512e-05	0.06313014030	0.05984902382	  0.000000000	 0.1014509201
  3	  17	  1.005748987    	  0.000000000	0.06040787697	0.06003212929	  0.000000000	 0.1014509201
  3	  18	  1.005879879    	  0.000000000	0.06056404114	0.05973887444	  0.000000000	 0.1014471054
  3	  19	  1.009239912    	  0.000000000	0.05692696571	0.06002902985	  0.000000000	 0.1014440060
  3	  20	  1.003333807    	1.192092896e-06	0.06310796738	0.05974102020	  0.000000000	 0.1014578342
  3	  21	  1.009565830    	9.536743164e-07	0.05668807030	0.05993795395	  0.000000000	 0.1014401913
  3	  22	  1.003348827    	9.536743164e-07	0.06320309639	0.05963301659	  0.000000000	 0.1014568806
  3	  23	  1.003363848    	  0.000000000	0.06280207634	0.06002807617	9.536743164e-07	 0.1014459133
  3	  24	  1.011861086    	  0.000000000	0.05485391617	0.05971693993	9.536743164e-07	 0.1015040874
  3	  25	  1.012507915    	  0.000000000	0.05399894714	0.05993103981	  0.000000000	 0.1014780998
  3	  26	  1.003736973    	9.536743164e-07	0.06306505203	0.05962705612	  0.000000000	 0.1014790535
  3	  27	  1.003882885    	  0.000000000	0.06261515617	0.05994296074	  0.000000000	 0.1014740467
  3	  28	  1.011257887    	  0.000000000	0.05551195145	0.05965709686	  0.000000000	 0.1015000343
  3	  29	  1.011135101    	1.907348633e-06	0.05546116829	0.05983996391	  0.000000000	 0.1014740467
  3	  30	  1.003950119    	3.099441528e-06	0.06289792061	0.05957698822	9.536743164e-07	 0.1014931202


#RUN	RANK	FAILURE_DETECTED	COMM_REVOKED	COMM_SHRINKED	COMM_SPAWNED	ROLLBACK_DONE	COMM_MERGED
  2	   0	  1.046745062    	9.536743164e-07	0.06582593918	0.05926513672	0.01565885544	0.09346914291
  2	   1	  1.046318054    	9.536743164e-07	0.06633114815	0.05918788910	  0.000000000	 0.1091461182
  2	   2	  1.047752857    	1.192092896e-06	0.06491494179	0.05916190147	1.192092896e-06	 0.1091308594
  2	   3	  1.048238993    	  0.000000000	0.06454896927	0.05904889107	  0.000000000	 0.1091461182
  2	   4	  1.047217846    	1.192092896e-06	0.06544494629	0.05916905403	9.536743164e-07	 0.1091678143
  2	   5	  1.049727917    	  0.000000000	0.06304812431	0.05905890465	  0.000000000	 0.1091289520
  2	   6	  1.050214052    	9.536743164e-07	0.06256604195	0.05905294418	9.536743164e-07	 0.1091289520
  2	   7	  1.050693035    	  0.000000000	0.06224799156	0.05893993378	  0.000000000	 0.1091370583
  2	   8	  1.053248167    	  0.000000000	0.05944299698	0.05918192863	9.536743164e-07	 0.1092031002
  2	   9	  1.051203966    	9.536743164e-07	0.06159591675	0.05907297134	1.192092896e-06	 0.1092138290
  2	  10	  1.052261114    	9.536743164e-07	0.06054496765	0.05906009674	9.536743164e-07	 0.1092150211
  2	  11	  1.051714897    	1.192092896e-06	0.06120991707	0.05894494057	9.536743164e-07	 0.1092121601
  2	  12	  1.054666996    	  0.000000000	0.05813097954	0.05907106400	  0.000000000	 0.1092150211
  2	  13	  1.046187878    	9.536743164e-07	0.06673002243	0.05894994736	1.192092896e-06	 0.1092100143
  2	  14	  1.045558929    	9.536743164e-07	0.06735301018	0.05895590782	1.192092896e-06	 0.1092069149
  2	  15	  1.045476913    	9.536743164e-07	0.06712913513	0.05936694145	  0.000000000	 0.1092150211
  2	  16	  1.054257870    	  0.000000000	0.05845499039	0.05925297737	  0.000000000	 0.1092271805
  2	  17	  1.053754807    	  0.000000000	0.05895709991	0.05925297737	  0.000000000	 0.1092309952
  2	  18	  1.048286915    	  0.000000000	0.06455111504	0.05912089348	  0.000000000	 0.1092281342
  2	  19	  1.045280933    	2.598762512e-05	0.06740498543	0.05925107002	  0.000000000	 0.1092200279
  2	  20	  1.047729015    	9.536743164e-07	0.06508588791	0.05914497375	  0.000000000	 0.1092250347
  2	  21	  1.045361042    	  0.000000000	0.06746006012	0.05913996696	  0.000000000	 0.1092219353
  2	  22	  1.045416832    	  0.000000000	0.06750011444	0.05904197693	  0.000000000	 0.1092269421
  2	  23	  1.052917957    	9.536743164e-07	0.06003308296	0.05927705765	  0.000000000	 0.1092488766
  2	  24	  1.052165031    	  0.000000000	0.06089806557	0.05915784836	  0.000000000	 0.1092550755
  2	  25	  1.050592899    	  0.000000000	0.06246805191	0.05916190147	  0.000000000	 0.1092510223
  2	  26	  1.049885035    	  0.000000000	0.06329703331	0.05903387070	1.192092896e-06	 0.1092607975
  2	  27	  1.051512957    	9.536743164e-07	0.06154108047	0.05916404724	  0.000000000	 0.1092548370
  2	  28	  1.049057961    	  0.000000000	0.06411790848	0.05904197693	  0.000000000	 0.1092569828
  2	  29	  1.053682804    	1.192092896e-06	0.05948281288	0.05904912949	  0.000000000	 0.1092538834
  2	  30	  1.053754091    	2.861022949e-06	0.05945611000	0.05900001526	  0.000000000	 0.1092550755


#RUN	RANK	FAILURE_DETECTED	COMM_REVOKED	COMM_SHRINKED	COMM_SPAWNED	ROLLBACK_DONE	COMM_MERGED
  1	   0	  1.047870874    	  0.000000000	0.05717206001	0.05726099014	0.01561212540	0.08964800835
  1	   1	  1.046985865    	  0.000000000	0.05815410614	0.05716204643	  0.000000000	 0.1052830219
  1	   2	  1.045981884    	9.536743164e-07	0.05918502808	0.05713510513	  0.000000000	 0.1052570343
  1	   3	  1.045349121    	2.098083496e-05	0.05988693237	0.05704689026	1.192092896e-06	 0.1052849293
  1	   4	  1.048969984    	  0.000000000	0.05617189407	0.05715513229	  0.000000000	 0.1052839756
  1	   5	  1.048408031    	9.536743164e-07	0.05699419975	0.05689883232	  0.000000000	 0.1052901745
  1	   6	  1.047194004    	  0.000000000	0.05810308456	0.05703806877	  0.000000000	 0.1052639484
  1	   7	  1.046658993    	1.192092896e-06	0.05873298645	0.05695581436	  0.000000000	 0.1052629948
  1	   8	  1.047679186    	9.536743164e-07	0.05749201775	0.05716395378	9.536743164e-07	 0.1053340435
  1	   9	  1.049637079    	  0.000000000	0.05566501617	0.05703878403	  0.000000000	 0.1053380966
  1	  10	  1.050098181    	  0.000000000	0.05520081520	0.05703401566	1.192092896e-06	 0.1053338051
  1	  11	  1.048657894    	  0.000000000	0.05672907829	0.05695486069	  0.000000000	 0.1053299904
  1	  12	  1.049303055    	9.536743164e-07	0.05598711967	0.05704188347	1.192092896e-06	 0.1053369045
  1	  13	  1.050565004    	  0.000000000	0.05497002602	0.05680203438	  0.000000000	 0.1053340435
  1	  14	  1.045385122    	3.290176392e-05	0.06006789207	0.05693721771	  0.000000000	 0.1053388119
  1	  15	  1.051843882    	  0.000000000	0.05324506760	0.05735397339	  0.000000000	 0.1053378582
  1	  16	  1.052568913    	  0.000000000	0.05261087418	0.05724716187	9.536743164e-07	 0.1053478718
  1	  17	  1.053069830    	  0.000000000	0.05214214325	0.05721497536	9.536743164e-07	 0.1053578854
  1	  18	  1.045526981    	9.536743164e-07	0.05975890160	0.05713605881	  0.000000000	 0.1053590775
  1	  19	  1.053495884    	1.192092896e-06	0.05170989037	0.05722093582	1.192092896e-06	 0.1053519249
  1	  20	  1.045573950    	9.536743164e-07	0.05986905098	0.05697894096	  0.000000000	 0.1053528786
  1	  21	  1.045889854    	9.536743164e-07	0.05942010880	0.05711507797	  0.000000000	 0.1053509712
  1	  22	  1.054693937    	  0.000000000	0.05094504356	0.05703806877	9.536743164e-07	 0.1053750515
  1	  23	  1.055676937    	  0.000000000	0.04975509644	0.05725908279	9.536743164e-07	 0.1053729057
  1	  24	  1.046180010    	  0.000000000	0.05935502052	0.05714201927	  0.000000000	 0.1053850651
  1	  25	  1.055131912    	9.536743164e-07	0.05041909218	0.05713295937	  0.000000000	 0.1053791046
  1	  26	  1.048341990    	  0.000000000	0.05729103088	0.05704402924	  0.000000000	 0.1053810120
  1	  27	  1.047753096    	  0.000000000	0.05779504776	0.05713486671	  0.000000000	 0.1053800583
  1	  28	  1.047249079    	  0.000000000	0.05853891373	0.05688714981	9.536743164e-07	 0.1053819656
  1	  29	  1.046705008    	  0.000000000	0.05895090103	0.05702519417	  0.000000000	 0.1053798199
  1	  30	  1.048576832    	2.145767212e-06	0.05670595169	0.05695700645	9.536743164e-07	 0.1053531170


