#RUN	RANK	FAILURE_DETECTED	COMM_REVOKED	COMM_SHRINKED	COMM_SPAWNED	ROLLBACK_DONE	COMM_MERGED
 10	   0	  1.011510134    	0.003010988235	0.03343296051	0.06161308289	0.01415801048	0.02498579025
 10	   1	  1.002797842    	0.003657102585	0.04171395302	0.06136107445	9.536743164e-07	0.03902196884
 10	   2	  1.002736807    	0.01574802399	0.02938508987	0.06182599068	  0.000000000	0.03892898560
 10	   3	  1.032572031    	1.907348633e-06	0.01519608498	0.06198883057	  0.000000000	0.03882503510
 10	   4	  1.006882906    	0.01642298698	0.02486705780	0.06157493591	9.536743164e-07	0.03888106346
 10	   5	  1.031846046    	2.145767212e-06	0.01593899727	0.06178498268	  0.000000000	0.03897786140
 10	   6	  1.002599955    	0.01177597046	0.03379201889	0.06148791313	9.536743164e-07	0.03892016411


#RUN	RANK	FAILURE_DETECTED	COMM_REVOKED	COMM_SHRINKED	COMM_SPAWNED	ROLLBACK_DONE	COMM_MERGED
  9	   0	  1.010637045    	9.536743164e-07	0.01333308220	0.06592106819	0.01410984993	0.02595114708
  9	   1	  1.012767076    	  0.000000000	0.01134586334	0.06615519524	  0.000000000	0.03957200050
  9	   2	  1.011266947    	9.536743164e-07	0.01275110245	0.06587481499	  0.000000000	0.03995609283
  9	   3	  1.004701853    	  0.000000000	0.01923012733	0.06640291214	  0.000000000	0.03952002525
  9	   4	  1.003176928    	1.001358032e-05	0.02081084251	0.06586408615	  0.000000000	0.03999495506
  9	   5	  1.003062010    	1.001358032e-05	0.02085304260	0.06635594368	9.536743164e-07	0.03951406479
  9	   6	  1.004665852    	1.192092896e-06	0.01941394806	0.06594300270	  0.000000000	0.03983092308


#RUN	RANK	FAILURE_DETECTED	COMM_REVOKED	COMM_SHRINKED	COMM_SPAWNED	ROLLBACK_DONE	COMM_MERGED
  8	   0	  1.009866953    	9.536743164e-07	0.001096963882	0.06697607040	0.01412105560	0.02694702148
  8	   1	  1.009325981    	  0.000000000	0.001768827438	0.06687498093	1.192092896e-06	0.04103088379
  8	   2	  1.000952959    	9.536743164e-07	0.009416103363	0.06692099571	  0.000000000	0.04103088379
  8	   3	  1.001291037    	1.192092896e-05	0.009651184082	0.06703591347	9.536743164e-07	0.04105496407
  8	   4	  1.001302958    	  0.000000000	0.009669065475	0.06704092026	  0.000000000	0.04095602036
  8	   5	  1.003212929    	1.192092896e-06	0.007763862610	0.06698203087	  0.000000000	0.04104995728
  8	   6	  1.002579927    	1.192092896e-06	0.007918834686	0.06690597534	1.192092896e-06	0.04106378555


#RUN	RANK	FAILURE_DETECTED	COMM_REVOKED	COMM_SHRINKED	COMM_SPAWNED	ROLLBACK_DONE	COMM_MERGED
  7	   0	  1.008266926    	1.192092896e-06	0.003966808319	0.06600117683	0.01414799690	0.02586793900
  7	   1	  1.010927916    	9.536743164e-07	0.001338958740	0.06596899033	  0.000000000	0.04006004333
  7	   2	  1.000836849    	1.215934753e-05	0.01065397263	0.06607699394	  0.000000000	0.03998398781
  7	   3	  1.001604080    	  0.000000000	0.01049780846	0.06614613533	9.536743164e-07	0.04000306129
  7	   4	  1.003167152    	  0.000000000	0.009038925171	0.06604599953	  0.000000000	0.04009604454
  7	   5	  1.006214142    	  0.000000000	0.005916833878	0.06620717049	  0.000000000	0.03994894028
  7	   6	  1.002462864    	9.536743164e-07	0.009080171585	0.06607198715	9.536743164e-07	0.03997397423


#RUN	RANK	FAILURE_DETECTED	COMM_REVOKED	COMM_SHRINKED	COMM_SPAWNED	ROLLBACK_DONE	COMM_MERGED
  6	   0	  1.008694172    	  0.000000000	0.001122951508	0.06593084335	0.01412701607	0.02503204346
  6	   1	  1.002973080    	1.192092896e-05	0.006737947464	0.06614112854	  0.000000000	0.03909301758
  6	   2	  1.002992868    	1.096725464e-05	0.006761074066	0.06597995758	9.536743164e-07	0.03915905952
  6	   3	  1.004575968    	9.536743164e-07	0.005043983459	0.06625008583	  0.000000000	0.03903579712
  6	   4	  1.005199909    	  0.000000000	0.004434108734	0.06609201431	9.536743164e-07	0.03918600082
  6	   5	  1.008275986    	  0.000000000	0.001381158829	0.06620597839	  0.000000000	0.03905797005
  6	   6	  1.008397818    	2.145767212e-06	0.001349925995	0.06599998474	9.536743164e-07	0.03919005394


#RUN	RANK	FAILURE_DETECTED	COMM_REVOKED	COMM_SHRINKED	COMM_SPAWNED	ROLLBACK_DONE	COMM_MERGED
  5	   0	  1.002869129    	1.096725464e-05	0.007066011429	0.06671595573	0.01416301727	0.02670693398
  5	   1	  1.003003120    	1.192092896e-05	0.006881952286	0.06693601608	1.192092896e-06	0.04079890251
  5	   2	  1.008346081    	  0.000000000	0.001661062241	0.06665182114	1.192092896e-06	0.04086780548
  5	   3	  1.007302999    	1.192092896e-06	0.002449035645	0.06709694862	  0.000000000	0.04077005386
  5	   4	  1.008516073    	  0.000000000	0.001296997070	0.06685781479	  0.000000000	0.04094219208
  5	   5	  1.006664991    	  0.000000000	0.003293037415	0.06688213348	  0.000000000	0.04077291489
  5	   6	  1.008404970    	1.907348633e-06	0.001420974731	0.06688809395	9.536743164e-07	0.04079890251


#RUN	RANK	FAILURE_DETECTED	COMM_REVOKED	COMM_SHRINKED	COMM_SPAWNED	ROLLBACK_DONE	COMM_MERGED
  4	   0	  1.001684904    	1.096725464e-05	0.007987976074	0.06976199150	0.01412010193	0.02509808540
  4	   1	  1.006512165    	9.536743164e-07	0.003154039383	0.06989479065	  0.000000000	0.03918409348
  4	   2	  1.008322001    	9.536743164e-07	0.001387119293	0.06972885132	1.192092896e-06	0.03921699524
  4	   3	  1.005063057    	  0.000000000	0.004513025284	0.06999206543	9.536743164e-07	0.03922009468
  4	   4	  1.005844116    	  0.000000000	0.003751039505	0.06996893883	  0.000000000	0.03914093971
  4	   5	  1.007140875    	9.536743164e-07	0.002542018890	0.06990003586	  0.000000000	0.03911900520
  4	   6	  1.007128954    	2.145767212e-06	0.002481937408	0.06984090805	1.192092896e-06	0.03927493095


#RUN	RANK	FAILURE_DETECTED	COMM_REVOKED	COMM_SHRINKED	COMM_SPAWNED	ROLLBACK_DONE	COMM_MERGED
  3	   0	  1.005474091    	  0.000000000	0.005393981934	0.07250404358	0.01435399055	0.02628302574
  3	   1	  1.009717941    	9.536743164e-07	0.001260042191	0.07240509987	9.536743164e-07	0.04060006142
  3	   2	  1.003947020    	1.192092896e-05	0.006951093674	0.07245397568	  0.000000000	0.04059910774
  3	   3	  1.007076025    	  0.000000000	0.003758907318	0.07256317139	  0.000000000	0.04067397118
  3	   4	  1.007624865    	9.536743164e-07	0.003246068954	0.07251906395	9.536743164e-07	0.04061889648
  3	   5	  1.005978823    	9.536743164e-07	0.004917144775	0.07250785828	  0.000000000	0.04064607620
  3	   6	  1.007731199    	1.907348633e-06	0.003208875656	0.07242512703	  0.000000000	0.04058504105


#RUN	RANK	FAILURE_DETECTED	COMM_REVOKED	COMM_SHRINKED	COMM_SPAWNED	ROLLBACK_DONE	COMM_MERGED
  2	   0	  1.008409023    	  0.000000000	0.003489971161	0.06657886505	0.01409196854	0.02223706245
  2	   1	  1.010402918    	9.536743164e-07	0.001486063004	0.06658601761	  0.000000000	0.03640389442
  2	   2	  1.003381968    	1.215934753e-05	0.008582830429	0.06647109985	  0.000000000	0.03645586967
  2	   3	  1.004425049    	  0.000000000	0.007378101349	0.06678891182	9.536743164e-07	0.03629112244
  2	   4	  1.005485058    	  0.000000000	0.006376981735	0.06662607193	  0.000000000	0.03631806374
  2	   5	  1.004585028    	9.536743164e-07	0.006677150726	0.06653094292	  0.000000000	0.03635096550
  2	   6	  1.005603075    	9.536743164e-07	0.006247997284	0.06660604477	9.536743164e-07	0.03631711006


#RUN	RANK	FAILURE_DETECTED	COMM_REVOKED	COMM_SHRINKED	COMM_SPAWNED	ROLLBACK_DONE	COMM_MERGED
  1	   0	  1.011868954    	  0.000000000	0.001027107239	0.06510186195	0.01414203644	0.02338194847
  1	   1	  1.003027201    	1.192092896e-05	0.009905099869	0.06507492065	  0.000000000	0.03751587868
  1	   2	  1.006964207    	  0.000000000	0.005867958069	0.06514883041	  0.000000000	0.03758001328
  1	   3	  1.008297920    	9.536743164e-07	0.004482984543	0.06526207924	  0.000000000	0.03749608994
  1	   4	  1.009268999    	  0.000000000	0.003521919250	0.06525301933	  0.000000000	0.03757095337
  1	   5	  1.009387970    	  0.000000000	0.003432035446	0.06532192230	  0.000000000	0.03739595413
  1	   6	  1.009392977    	1.192092896e-06	0.003415822983	0.06532502174	  0.000000000	0.03740310669


