#RUN	RANK	FAILURE_DETECTED	COMM_REVOKED	COMM_SHRINKED	COMM_SPAWNED	ROLLBACK_DONE	COMM_MERGED
 10	   0	  1.010930061    	0.007668018341	 0.2445909977	0.06583404541	0.01552891731	 0.1512689590
 10	   1	  1.004635811    	0.003834009171	 0.2549409866	0.06561613083	9.536743164e-07	 0.1668269634
 10	   2	  1.004624844    	0.01228499413	 0.2464811802	0.06562995911	9.536743164e-07	 0.1668300629
 10	   3	  1.053632021    	5.006790161e-06	 0.2099678516	0.06542420387	9.536743164e-07	 0.1668159962
 10	   4	  1.006405115    	0.01925992966	 0.2377181053	0.06563591957	9.536743164e-07	 0.1668291092
 10	   5	  1.055837870    	3.099441528e-06	 0.2077729702	0.06541085243	1.192092896e-06	 0.1668188572
 10	   6	  1.048864126    	4.053115845e-06	 0.2146959305	0.06545209885	9.536743164e-07	 0.1668229103
 10	   7	  1.005754948    	0.009819984436	 0.2482628822	0.06524515152	9.536743164e-07	 0.1668710709
 10	   8	  1.084412098    	3.814697266e-06	 0.1789991856	0.06564784050	  0.000000000	 0.1668820381
 10	   9	  1.070346832    	1.001358032e-05	 0.1932611465	0.06545400620	9.536743164e-07	 0.1668708324
 10	  10	  1.079591990    	1.907348633e-06	 0.1840190887	0.06544804573	  0.000000000	 0.1668770313
 10	  11	  1.024681091    	5.006790161e-06	 0.2391519547	0.06523799896	9.536743164e-07	 0.1668720245
 10	  12	  1.080247164    	5.006790161e-06	 0.1833429337	0.06546998024	9.536743164e-07	 0.1668701172
 10	  13	  1.070929050    	2.861022949e-06	 0.1928980350	0.06523609161	9.536743164e-07	 0.1668729782
 10	  14	  1.080132008    	5.006790161e-06	 0.1836621761	0.06526303291	  0.000000000	 0.1668798923
 10	  15	  1.009566784    	0.006660223007	 0.2480208874	0.06508088112	  0.000000000	 0.1668992043
 10	  16	  1.096574068    	1.907348633e-06	 0.1670429707	0.06567311287	9.536743164e-07	 0.1669180393
 10	  17	  1.003927946    	0.03140997887	 0.2285110950	0.06545591354	  0.000000000	 0.1669130325
 10	  18	  1.093549013    	3.099441528e-06	 0.1702880859	0.06545782089	  0.000000000	 0.1669189930
 10	  19	  1.006653070    	0.02855205536	 0.2288579941	0.06525301933	  0.000000000	 0.1669108868
 10	  20	  1.091336012    	4.053115845e-06	 0.1724967957	0.06546521187	9.536743164e-07	 0.1669189930
 10	  21	  1.085980892    	4.053115845e-06	 0.1780481339	0.06527090073	  0.000000000	 0.1669139862
 10	  22	  1.088340998    	3.814697266e-06	 0.1756629944	0.06528615952	  0.000000000	 0.1669149399
 10	  23	  1.069872856    	4.053115845e-06	 0.1942899227	0.06507301331	  0.000000000	 0.1669011116
 10	  24	  1.006743908    	0.04681515694	 0.2101809978	0.06548094749	9.536743164e-07	 0.1669111252
 10	  25	  1.009347916    	0.03459596634	 0.2200059891	0.06527209282	9.536743164e-07	 0.1669070721
 10	  26	  1.055140018    	4.053115845e-06	 0.2088038921	0.06526994705	9.536743164e-07	 0.1669111252
 10	  27	  1.083154202    	3.814697266e-06	 0.1810061932	0.06506586075	  0.000000000	 0.1669130325
 10	  28	  1.093541145    	4.053115845e-06	 0.1703879833	0.06528186798	  0.000000000	 0.1669139862
 10	  29	  1.004538059    	0.03072595596	 0.2288920879	0.06506800652	  0.000000000	 0.1669170856
 10	  30	  1.004414797    	0.04093503952	 0.2187850475	0.06508111954	9.536743164e-07	 0.1669108868
 10	  31	  1.085224867    	4.053115845e-06	 0.1780660152	0.06597208977	  0.000000000	 0.1669118404
 10	  32	  1.006353140    	0.03864192963	 0.2184629440	0.06576895714	  0.000000000	 0.1669251919
 10	  33	  1.109869003    	5.006790161e-06	 0.1536018848	0.06573915482	  0.000000000	 0.1669359207
 10	  34	  1.111671925    	4.053115845e-06	 0.1520040035	0.06553602219	  0.000000000	 0.1669359207
 10	  35	  1.013010979    	0.02146506310	 0.2289879322	0.06578016281	9.536743164e-07	 0.1669280529
 10	  36	  1.009135008    	0.05314993858	 0.2013700008	0.06556606293	9.536743164e-07	 0.1669311523
 10	  37	  1.011812925    	0.03227114677	 0.2195498943	0.06559610367	9.536743164e-07	 0.1669220924
 10	  38	  1.010303020    	0.04326510429	 0.2102749348	0.06538105011	  0.000000000	 0.1669230461
 10	  39	  1.006165028    	0.01772785187	 0.2395050526	0.06578207016	9.536743164e-07	 0.1669840813
 10	  40	  1.113431931    	2.145767212e-06	 0.1501500607	0.06557679176	  0.000000000	 0.1669940948
 10	  41	  1.005228043    	0.03907299042	 0.2192890644	0.06557083130	9.536743164e-07	 0.1669921875
 10	  42	  1.109036922    	5.006790161e-06	 0.1547460556	0.06536483765	1.192092896e-06	 0.1669919491
 10	  43	  1.103225946    	5.006790161e-06	 0.1603460312	0.06559181213	  0.000000000	 0.1669881344
 10	  44	  1.111561060    	5.006790161e-06	 0.1522209644	0.06536602974	9.536743164e-07	 0.1669919491
 10	  45	  1.004549026    	0.03832983971	 0.2208909988	0.06539106369	  0.000000000	 0.1669960022
 10	  46	  1.113052130    	4.053115845e-06	 0.1509158611	0.06518602371	9.536743164e-07	 0.1669981480
 10	  47	  1.009388924    	0.005422115326	 0.2486679554	0.06580495834	  0.000000000	 0.1670041084
 10	  48	  1.006716013    	0.04583692551	 0.2111270428	0.06557202339	9.536743164e-07	 0.1670110226
 10	  49	  1.090285063    	4.053115845e-06	 0.1733829975	0.06558799744	  0.000000000	 0.1670200825
 10	  50	  1.005211115    	0.04575681686	 0.2129051685	0.06537890434	  0.000000000	 0.1670229435
 10	  51	  1.004360914    	0.02775001526	 0.2315580845	0.06559991837	9.536743164e-07	 0.1670160294
 10	  52	  1.109037161    	2.861022949e-06	 0.1548240185	0.06538915634	  0.000000000	 0.1670188904
 10	  53	  1.093490839    	4.053115845e-06	 0.1703600883	0.06540894508	  0.000000000	 0.1670279503
 10	  54	  1.108754158    	3.814697266e-06	 0.1553111076	0.06518507004	  0.000000000	 0.1670279503
 10	  55	  1.007627010    	0.01713895798	 0.2387320995	0.06560492516	9.536743164e-07	 0.1669950485
 10	  56	  1.006731987    	0.04702687263	 0.2099280357	0.06539511681	9.536743164e-07	 0.1670088768
 10	  57	  1.103604078    	5.006790161e-06	 0.1600799561	0.06539106369	9.536743164e-07	 0.1670279503
 10	  58	  1.109004021    	4.053115845e-06	 0.1548838615	0.06518197060	9.536743164e-07	 0.1670200825
 10	  59	  1.086399078    	5.006790161e-06	 0.1772780418	0.06540393829	  0.000000000	 0.1670200825
 10	  60	  1.108037949    	2.861022949e-06	 0.1558461189	0.06518602371	9.536743164e-07	 0.1670260429
 10	  61	  1.005421877    	0.03855705261	 0.2198960781	0.06520700455	  0.000000000	 0.1670248508
 10	  62	  1.004487991    	0.03930807114	 0.2202048302	0.06507396698	1.192092896e-06	 0.1670289040


#RUN	RANK	FAILURE_DETECTED	COMM_REVOKED	COMM_SHRINKED	COMM_SPAWNED	ROLLBACK_DONE	COMM_MERGED
  9	   0	  1.006953001    	2.145767212e-06	 0.1444270611	0.06147694588	0.01556992531	 0.1541180611
  9	   1	  1.006314993    	1.192092896e-06	 0.1452538967	0.06150794029	1.192092896e-06	 0.1694967747
  9	   2	  1.007951021    	  0.000000000	 0.1436281204	0.06126904488	9.536743164e-07	 0.1697168350
  9	   3	  1.008504152    	  0.000000000	 0.1432628632	0.06131219864	9.536743164e-07	 0.1694669724
  9	   4	  1.008989096    	9.536743164e-07	 0.1425809860	0.06127500534	  0.000000000	 0.1696949005
  9	   5	  1.009835005    	1.192092896e-06	 0.1419208050	0.06131315231	  0.000000000	 0.1694810390
  9	   6	  1.011669159    	9.536743164e-07	 0.1401419640	0.06107497215	  0.000000000	 0.1696951389
  9	   7	  1.011206865    	1.192092896e-06	 0.1407949924	0.06112384796	9.536743164e-07	 0.1694710255
  9	   8	  1.010745049    	9.536743164e-07	 0.1408419609	0.06129908562	  0.000000000	 0.1697010994
  9	   9	  1.013157129    	  0.000000000	 0.1386427879	0.06130814552	  0.000000000	 0.1694810390
  9	  10	  1.014066935    	  0.000000000	 0.1377458572	0.06107211113	  0.000000000	 0.1696970463
  9	  11	  1.013663054    	  0.000000000	 0.1383619308	0.06108808517	9.536743164e-07	 0.1694750786
  9	  12	  1.012559891    	  0.000000000	 0.1392641068	0.06105995178	  0.000000000	 0.1696970463
  9	  13	  1.004532814    	1.192092896e-06	 0.1474540234	0.06112098694	  0.000000000	 0.1694748402
  9	  14	  1.011858940    	  0.000000000	 0.1403520107	0.06089496613	  0.000000000	 0.1697340012
  9	  15	  1.004904985    	9.536743164e-07	 0.1475179195	0.06092619896	9.536743164e-07	 0.1695120335
  9	  16	  1.005291939    	1.192092896e-06	 0.1465117931	0.06130099297	1.192092896e-06	 0.1697390079
  9	  17	  1.005786896    	  0.000000000	 0.1462099552	0.06133198738	  0.000000000	 0.1695220470
  9	  18	  1.006405115    	9.536743164e-07	 0.1455969810	0.06110191345	9.536743164e-07	 0.1697380543
  9	  19	  1.006796837    	  0.000000000	 0.1454081535	0.06112790108	9.536743164e-07	 0.1695201397
  9	  20	  1.007205009    	1.192092896e-06	 0.1447908878	0.06110692024	  0.000000000	 0.1697411537
  9	  21	  1.007780075    	9.536743164e-07	 0.1443970203	0.06114792824	  0.000000000	 0.1695160866
  9	  22	  1.009109020    	1.192092896e-06	 0.1430180073	0.06090092659	9.536743164e-07	 0.1697299480
  9	  23	  1.008755922    	9.536743164e-07	 0.1435790062	0.06093502045	  0.000000000	 0.1695120335
  9	  24	  1.009536982    	  0.000000000	 0.1423790455	0.06111407280	  0.000000000	 0.1697359085
  9	  25	  1.008158207    	9.536743164e-07	 0.1439380646	0.06115293503	  0.000000000	 0.1695129871
  9	  26	  1.011003017    	  0.000000000	 0.1411240101	0.06090116501	  0.000000000	 0.1697299480
  9	  27	  1.011430025    	  0.000000000	 0.1408998966	0.06092810631	  0.000000000	 0.1695070267
  9	  28	  1.012373924    	1.192092896e-06	 0.1397697926	0.06088113785	9.536743164e-07	 0.1697239876
  9	  29	  1.010529995    	9.536743164e-07	 0.1417748928	0.06094503403	  0.000000000	 0.1695070267
  9	  30	  1.011929989    	9.536743164e-07	 0.1403980255	0.06071901321	9.536743164e-07	 0.1697311401
  9	  31	  1.010051012    	9.536743164e-07	 0.1413869858	0.06184506416	  0.000000000	 0.1695058346
  9	  32	  1.013911009    	  0.000000000	 0.1377060413	0.06142783165	  0.000000000	 0.1697471142
  9	  33	  1.004743814    	1.192092896e-06	 0.1468868256	0.06163716316	  0.000000000	 0.1695258617
  9	  34	  1.013028860    	  0.000000000	 0.1387779713	0.06123900414	  0.000000000	 0.1697440147
  9	  35	  1.014321804    	  0.000000000	 0.1373240948	0.06162691116	  0.000000000	 0.1695210934
  9	  36	  1.013391972    	  0.000000000	 0.1384258270	0.06122708321	9.536743164e-07	 0.1697421074
  9	  37	  1.005207062    	9.536743164e-07	 0.1466279030	0.06143307686	  0.000000000	 0.1695179939
  9	  38	  1.006564856    	1.192092896e-06	 0.1454010010	0.06100583076	  0.000000000	 0.1697270870
  9	  39	  1.006165981    	1.192092896e-06	 0.1454129219	0.06163406372	  0.000000000	 0.1695048809
  9	  40	  1.005758047    	9.536743164e-07	 0.1459879875	0.06122684479	  0.000000000	 0.1697289944
  9	  41	  1.007025003    	  0.000000000	 0.1447298527	0.06144118309	  0.000000000	 0.1695168018
  9	  42	  1.008435965    	  0.000000000	 0.1435210705	0.06101393700	9.536743164e-07	 0.1697330475
  9	  43	  1.008925915    	9.536743164e-07	 0.1428439617	0.06143021584	9.536743164e-07	 0.1695158482
  9	  44	  1.009914160    	  0.000000000	 0.1420228481	0.06103301048	1.192092896e-06	 0.1697289944
  9	  45	  1.009413958    	  0.000000000	 0.1425302029	0.06125092506	  0.000000000	 0.1695098877
  9	  46	  1.004420996    	2.789497375e-05	 0.1477789879	0.06083703041	1.192092896e-06	 0.1697428226
  9	  47	  1.008173943    	  0.000000000	 0.1434729099	0.06166219711	  0.000000000	 0.1695268154
  9	  48	  1.012430191    	  0.000000000	 0.1393878460	0.06124711037	  0.000000000	 0.1697540283
  9	  49	  1.012761116    	  0.000000000	 0.1391038895	0.06142210960	9.536743164e-07	 0.1695380211
  9	  50	  1.013273954    	  0.000000000	 0.1387560368	0.06103515625	  0.000000000	 0.1697487831
  9	  51	  1.010868073    	9.536743164e-07	 0.1409978867	0.06142711639	  0.000000000	 0.1695349216
  9	  52	  1.011413813    	1.192092896e-06	 0.1406159401	0.06103205681	  0.000000000	 0.1697509289
  9	  53	  1.011875153    	  0.000000000	 0.1401808262	0.06123018265	  0.000000000	 0.1695349216
  9	  54	  1.004282951    	2.717971802e-05	 0.1477730274	0.06081581116	  0.000000000	 0.1697261333
  9	  55	  1.014131069    	9.536743164e-07	 0.1375482082	0.06146097183	  0.000000000	 0.1695148945
  9	  56	  1.005676031    	  0.000000000	 0.1461758614	0.06104922295	  0.000000000	 0.1697418690
  9	  57	  1.004605055    	  0.000000000	 0.1472949982	0.06122303009	  0.000000000	 0.1695189476
  9	  58	  1.004404068    	  0.000000000	 0.1476690769	0.06082391739	  0.000000000	 0.1697349548
  9	  59	  1.006650925    	9.536743164e-07	 0.1452631950	0.06121397018	  0.000000000	 0.1695148945
  9	  60	  1.004431963    	9.536743164e-07	 0.1476199627	0.06084299088	  0.000000000	 0.1697399616
  9	  61	  1.004462957    	9.536743164e-07	 0.1475889683	0.06106805801	  0.000000000	 0.1695148945
  9	  62	  1.006912947    	3.099441528e-06	 0.1452100277	0.06091594696	  0.000000000	 0.1695160866


#RUN	RANK	FAILURE_DETECTED	COMM_REVOKED	COMM_SHRINKED	COMM_SPAWNED	ROLLBACK_DONE	COMM_MERGED
  8	   0	  1.012993097    	  0.000000000	 0.1323161125	0.06705498695	0.01557397842	 0.1527218819
  8	   1	  1.012400150    	9.536743164e-07	 0.1330869198	0.06687998772	1.192092896e-06	 0.1683099270
  8	   2	  1.005467892    	  0.000000000	 0.1400041580	0.06688404083	9.536743164e-07	 0.1683089733
  8	   3	  1.014221191    	  0.000000000	 0.1314768791	0.06666994095	1.192092896e-06	 0.1682868004
  8	   4	  1.003225088    	9.536743164e-07	 0.1406071186	0.06685090065	9.536743164e-07	 0.1683020592
  8	   5	  1.013988018    	  0.000000000	 0.1317269802	0.06668496132	  0.000000000	 0.1683030128
  8	   6	  1.007590055    	9.536743164e-07	 0.1381180286	0.06668591499	9.536743164e-07	 0.1682989597
  8	   7	  1.006643057    	9.536743164e-07	 0.1392719746	0.06649518013	  0.000000000	 0.1683650017
  8	   8	  1.007202148    	9.536743164e-07	 0.1383121014	0.06687688828	  0.000000000	 0.1683769226
  8	   9	  1.008042097    	9.536743164e-07	 0.1376831532	0.06667494774	  0.000000000	 0.1683690548
  8	  10	  1.009014845    	  0.000000000	 0.1366901398	0.06669092178	9.536743164e-07	 0.1683712006
  8	  11	  1.013458014    	  0.000000000	 0.1324717999	0.06647920609	9.536743164e-07	 0.1683640480
  8	  12	  1.013928890    	  0.000000000	 0.1317870617	0.06668090820	  0.000000000	 0.1683731079
  8	  13	  1.014315128    	  0.000000000	 0.1318130493	0.06649899483	  0.000000000	 0.1683998108
  8	  14	  1.009349108    	  0.000000000	 0.1367487907	0.06652116776	  0.000000000	 0.1683979034
  8	  15	  1.008286953    	  0.000000000	 0.1380190849	0.06632590294	  0.000000000	 0.1684041023
  8	  16	  1.006036997    	  0.000000000	 0.1396870613	0.06688690186	  0.000000000	 0.1684179306
  8	  17	  1.005146980    	  0.000000000	 0.1407659054	0.06670498848	  0.000000000	 0.1684210300
  8	  18	  1.005601168    	9.536743164e-07	 0.1403260231	0.06668686867	1.192092896e-06	 0.1684138775
  8	  19	  1.014634132    	9.536743164e-07	 0.1315028667	0.06648421288	  0.000000000	 0.1684148312
  8	  20	  1.006506920    	  0.000000000	 0.1394410133	0.06666493416	1.192092896e-06	 0.1684238911
  8	  21	  1.007916927    	  0.000000000	 0.1381340027	0.06649303436	  0.000000000	 0.1684091091
  8	  22	  1.008387804    	1.192092896e-06	 0.1376419067	0.06650805473	  0.000000000	 0.1684069633
  8	  23	  1.008841991    	  0.000000000	 0.1373989582	0.06631803513	  0.000000000	 0.1684019566
  8	  24	  1.009317875    	  0.000000000	 0.1365330219	0.06668090820	1.192092896e-06	 0.1684229374
  8	  25	  1.007050037    	9.536743164e-07	 0.1389820576	0.06651496887	  0.000000000	 0.1684050560
  8	  26	  1.007426977    	  0.000000000	 0.1386029720	0.06651091576	  0.000000000	 0.1684069633
  8	  27	  1.009772062    	  0.000000000	 0.1364629269	0.06630897522	  0.000000000	 0.1684091091
  8	  28	  1.010254145    	9.536743164e-07	 0.1358020306	0.06648397446	9.536743164e-07	 0.1684100628
  8	  29	  1.011759996    	  0.000000000	 0.1344988346	0.06630611420	  0.000000000	 0.1684238911
  8	  30	  1.011225939    	  0.000000000	 0.1350021362	0.06633400917	  0.000000000	 0.1684210300
  8	  31	  1.010844946    	9.536743164e-07	 0.1345160007	0.06721115112	9.536743164e-07	 0.1684169769
  8	  32	  1.012198925    	9.536743164e-07	 0.1333560944	0.06699395180	  0.000000000	 0.1684429646
  8	  33	  1.012684107    	  0.000000000	 0.1328690052	0.06700396538	  0.000000000	 0.1684401035
  8	  34	  1.013189077    	  0.000000000	 0.1325619221	0.06680107117	  0.000000000	 0.1684379578
  8	  35	  1.014145851    	  0.000000000	 0.1314270496	0.06698703766	9.536743164e-07	 0.1684379578
  8	  36	  1.013675928    	  0.000000000	 0.1320819855	0.06679296494	  0.000000000	 0.1684441566
  8	  37	  1.005084991    	9.536743164e-07	 0.1405730247	0.06682896614	  0.000000000	 0.1684191227
  8	  38	  1.007470846    	  0.000000000	 0.1383700371	0.06663703918	  0.000000000	 0.1684191227
  8	  39	  1.005457878    	  0.000000000	 0.1400330067	0.06700515747	  0.000000000	 0.1684789658
  8	  40	  1.005944014    	1.192092896e-06	 0.1397159100	0.06681394577	  0.000000000	 0.1684970856
  8	  41	  1.006400108    	  0.000000000	 0.1392641068	0.06682181358	  0.000000000	 0.1684889793
  8	  42	  1.006891012    	  0.000000000	 0.1389911175	0.06660103798	  0.000000000	 0.1684908867
  8	  43	  1.007996798    	  0.000000000	 0.1376750469	0.06681609154	  0.000000000	 0.1684908867
  8	  44	  1.009295940    	9.536743164e-07	 0.1365680695	0.06661891937	1.192092896e-06	 0.1684968472
  8	  45	  1.004784822    	2.622604370e-05	 0.1411128044	0.06665897369	  0.000000000	 0.1685030460
  8	  46	  1.009276152    	9.536743164e-07	 0.1368639469	0.06643700600	  0.000000000	 0.1685070992
  8	  47	  1.008795977    	  0.000000000	 0.1367840767	0.06701183319	  0.000000000	 0.1685030460
  8	  48	  1.009838820    	  0.000000000	 0.1359009743	0.06683111191	  0.000000000	 0.1685190201
  8	  49	  1.011187077    	  0.000000000	 0.1345760822	0.06681489944	  0.000000000	 0.1685180664
  8	  50	  1.012574911    	  0.000000000	 0.1333889961	0.06660795212	  0.000000000	 0.1685190201
  8	  51	  1.010715961    	  0.000000000	 0.1350669861	0.06679797173	  0.000000000	 0.1685109138
  8	  52	  1.011700153    	9.536743164e-07	 0.1342389584	0.06663298607	  0.000000000	 0.1685199738
  8	  53	  1.004668951    	2.598762512e-05	 0.1410710812	0.06664681435	  0.000000000	 0.1684920788
  8	  54	  1.014544964    	  0.000000000	 0.1314289570	0.06643605232	  0.000000000	 0.1684889793
  8	  55	  1.013550997    	9.536743164e-07	 0.1320531368	0.06681990623	  0.000000000	 0.1684911251
  8	  56	  1.005608082    	  0.000000000	 0.1401698589	0.06662511826	9.536743164e-07	 0.1685009003
  8	  57	  1.004762173    	  0.000000000	 0.1410319805	0.06661987305	9.536743164e-07	 0.1684961319
  8	  58	  1.014054060    	  0.000000000	 0.1319339275	0.06642413139	  0.000000000	 0.1684958935
  8	  59	  1.004820108    	9.536743164e-07	 0.1409859657	0.06660914421	  0.000000000	 0.1684949398
  8	  60	  1.004842997    	9.536743164e-07	 0.1411321163	0.06643486023	  0.000000000	 0.1684999466
  8	  61	  1.006179094    	  0.000000000	 0.1397399902	0.06644010544	9.536743164e-07	 0.1685009003
  8	  62	  1.006322861    	3.099441528e-06	 0.1397020817	0.06631684303	  0.000000000	 0.1684951782


#RUN	RANK	FAILURE_DETECTED	COMM_REVOKED	COMM_SHRINKED	COMM_SPAWNED	ROLLBACK_DONE	COMM_MERGED
  7	   0	  1.011800051    	9.536743164e-07	 0.1316010952	0.07333683968	0.01556706429	 0.1522970200
  7	   1	  1.012533903    	1.192092896e-06	 0.1310679913	0.07313585281	2.145767212e-06	 0.1678559780
  7	   2	  1.013092995    	9.536743164e-07	 0.1304969788	0.07314300537	9.536743164e-07	 0.1678719521
  7	   3	  1.013912916    	  0.000000000	 0.1298780441	0.07294917107	1.907348633e-06	 0.1678650379
  7	   4	  1.004885197    	9.536743164e-07	 0.1387369633	0.07315087318	  0.000000000	 0.1678612232
  7	   5	  1.005324125    	  0.000000000	 0.1384999752	0.07295203209	9.536743164e-07	 0.1678559780
  7	   6	  1.006264925    	  0.000000000	 0.1375601292	0.07294201851	  0.000000000	 0.1678600311
  7	   7	  1.006742001    	  0.000000000	 0.1372520924	0.07279109955	9.536743164e-07	 0.1678600311
  7	   8	  1.005771160    	9.536743164e-07	 0.1378538609	0.07315611839	  0.000000000	 0.1678650379
  7	   9	  1.007415056    	9.536743164e-07	 0.1364350319	0.07292199135	  0.000000000	 0.1678700447
  7	  10	  1.007879972    	  0.000000000	 0.1359410286	0.07295489311	1.192092896e-06	 0.1678578854
  7	  11	  1.008152962    	  0.000000000	 0.1358761787	0.07275080681	1.192092896e-06	 0.1678748131
  7	  12	  1.011029005    	  0.000000000	 0.1329870224	0.07297897339	1.192092896e-06	 0.1679019928
  7	  13	  1.009954929    	  0.000000000	 0.1342768669	0.07276821136	  0.000000000	 0.1678957939
  7	  14	  1.010509968    	  0.000000000	 0.1337139606	0.07276511192	  0.000000000	 0.1678948402
  7	  15	  1.008358002    	  0.000000000	 0.1360559464	0.07259607315	  0.000000000	 0.1679039001
  7	  16	  1.012909174    	9.536743164e-07	 0.1309008598	0.07318019867	9.536743164e-07	 0.1679069996
  7	  17	  1.013401985    	1.192092896e-06	 0.1306159496	0.07297587395	  0.000000000	 0.1679120064
  7	  18	  1.012400866    	9.536743164e-07	 0.1316330433	0.07295894623	1.192092896e-06	 0.1679058075
  7	  19	  1.013838053    	  0.000000000	 0.1303699017	0.07279396057	  0.000000000	 0.1679019928
  7	  20	  1.011863947    	  0.000000000	 0.1320788860	0.07297515869	  0.000000000	 0.1678960323
  7	  21	  1.011348963    	9.536743164e-07	 0.1327989101	0.07277321815	  0.000000000	 0.1679008007
  7	  22	  1.006174088    	  0.000000000	 0.1379718781	0.07276797295	  0.000000000	 0.1678931713
  7	  23	  1.004261971    	2.908706665e-05	 0.1400220394	0.07261586189	9.536743164e-07	 0.1678960323
  7	  24	  1.005314827    	1.192092896e-06	 0.1386239529	0.07298302650	9.536743164e-07	 0.1678969860
  7	  25	  1.004719019    	9.536743164e-07	 0.1394250393	0.07277393341	  0.000000000	 0.1679029465
  7	  26	  1.005690098    	9.536743164e-07	 0.1384620667	0.07276105881	  0.000000000	 0.1679010391
  7	  27	  1.006620884    	  0.000000000	 0.1377270222	0.07257890701	  0.000000000	 0.1678981781
  7	  28	  1.008554935    	  0.000000000	 0.1356060505	0.07277584076	1.192092896e-06	 0.1679008007
  7	  29	  1.008067846    	1.192092896e-06	 0.1362688541	0.07260608673	  0.000000000	 0.1678988934
  7	  30	  1.007091999    	9.536743164e-07	 0.1372940540	0.07254695892	  0.000000000	 0.1678979397
  7	  31	  1.007624149    	  0.000000000	 0.1358358860	0.07349395752	  0.000000000	 0.1678972244
  7	  32	  1.009185076    	  0.000000000	 0.1344759464	0.07327103615	9.536743164e-07	 0.1679170132
  7	  33	  1.010454178    	9.536743164e-07	 0.1331870556	0.07328987122	  0.000000000	 0.1679160595
  7	  34	  1.010964155    	  0.000000000	 0.1328690052	0.07310199738	  0.000000000	 0.1679129601
  7	  35	  1.009518862    	  0.000000000	 0.1341290474	0.07329106331	  0.000000000	 0.1679110527
  7	  36	  1.011382103    	  0.000000000	 0.1323840618	0.07309579849	1.192092896e-06	 0.1679029465
  7	  37	  1.009925127    	  0.000000000	 0.1338570118	0.07308292389	  0.000000000	 0.1679091454
  7	  38	  1.011860847    	1.192092896e-06	 0.1320660114	0.07292699814	  0.000000000	 0.1679098606
  7	  39	  1.013329029    	  0.000000000	 0.1302611828	0.07328391075	  0.000000000	 0.1679060459
  7	  40	  1.013792992    	  0.000000000	 0.1300060749	0.07306504250	  0.000000000	 0.1679139137
  7	  41	  1.012825012    	  0.000000000	 0.1309499741	0.07308602333	9.536743164e-07	 0.1679060459
  7	  42	  1.014230013    	  0.000000000	 0.1297309399	0.07289814949	  0.000000000	 0.1679069996
  7	  43	  1.004769087    	9.536743164e-07	 0.1389980316	0.07310390472	  0.000000000	 0.1679050922
  7	  44	  1.004244089    	2.408027649e-05	 0.1397898197	0.07289814949	  0.000000000	 0.1679220200
  7	  45	  1.005755901    	  0.000000000	 0.1383030415	0.07290005684	9.536743164e-07	 0.1679158211
  7	  46	  1.007706881    	  0.000000000	 0.1365089417	0.07273316383	9.536743164e-07	 0.1679170132
  7	  47	  1.005213022    	9.536743164e-07	 0.1384649277	0.07329201698	  0.000000000	 0.1679151058
  7	  48	  1.007230997    	  0.000000000	 0.1366341114	0.07308697701	9.536743164e-07	 0.1679279804
  7	  49	  1.006707191    	9.536743164e-07	 0.1371529102	0.07309508324	  0.000000000	 0.1679198742
  7	  50	  1.008526802    	1.192092896e-06	 0.1355128288	0.07291507721	  0.000000000	 0.1679239273
  7	  51	  1.008044958    	  0.000000000	 0.1358170509	0.07310199738	  0.000000000	 0.1679167747
  7	  52	  1.004186869    	  0.000000000	 0.1397011280	0.07290196419	  0.000000000	 0.1678938866
  7	  53	  1.009315968    	  0.000000000	 0.1346080303	0.07286882401	1.192092896e-06	 0.1678929329
  7	  54	  1.009892941    	  0.000000000	 0.1341660023	0.07272410393	9.536743164e-07	 0.1678950787
  7	  55	  1.008845806    	1.192092896e-06	 0.1348569393	0.07309389114	  0.000000000	 0.1678931713
  7	  56	  1.004252911    	  0.000000000	 0.1396501064	0.07288599014	  0.000000000	 0.1679000854
  7	  57	  1.011687994    	9.536743164e-07	 0.1322228909	0.07287907600	  0.000000000	 0.1679029465
  7	  58	  1.004295111    	  0.000000000	 0.1398000717	0.07269096375	  0.000000000	 0.1679098606
  7	  59	  1.004317999    	  0.000000000	 0.1395599842	0.07291984558	  0.000000000	 0.1678981781
  7	  60	  1.012333870    	9.536743164e-07	 0.1316821575	0.07271289825	9.536743164e-07	 0.1679041386
  7	  61	  1.013329029    	  0.000000000	 0.1307318211	0.07267212868	  0.000000000	 0.1679139137
  7	  62	  1.013402939    	1.907348633e-06	 0.1307091713	0.07260584831	  0.000000000	 0.1679120064


#RUN	RANK	FAILURE_DETECTED	COMM_REVOKED	COMM_SHRINKED	COMM_SPAWNED	ROLLBACK_DONE	COMM_MERGED
  6	   0	  1.005021095    	9.536743164e-07	 0.1385200024	 0.1311390400	0.01557588577	 0.1611630917
  6	   1	  1.004288912    	1.192092896e-06	 0.1394658089	 0.1309251785	9.536743164e-07	 0.1767609119
  6	   2	  1.005801916    	  0.000000000	 0.1379299164	 0.1309452057	9.536743164e-07	 0.1767489910
  6	   3	  1.006772041    	1.192092896e-06	 0.1372108459	 0.1307470798	  0.000000000	 0.1767489910
  6	   4	  1.007157087    	9.536743164e-07	 0.1366229057	 0.1309411526	9.536743164e-07	 0.1767640114
  6	   5	  1.007681131    	  0.000000000	 0.1362850666	 0.1307578087	  0.000000000	 0.1767621040
  6	   6	  1.008154869    	1.192092896e-06	 0.1358418465	 0.1307201385	9.536743164e-07	 0.1767618656
  6	   7	  1.008646011    	  0.000000000	 0.1355299950	 0.1305580139	  0.000000000	 0.1767628193
  6	   8	  1.009072065    	  0.000000000	 0.1348519325	 0.1307971478	  0.000000000	 0.1767659187
  6	   9	  1.010092974    	  0.000000000	 0.1339089870	 0.1307208538	  0.000000000	 0.1767652035
  6	  10	  1.009554863    	1.192092896e-06	 0.1344008446	 0.1307611465	  0.000000000	 0.1767628193
  6	  11	  1.012696028    	  0.000000000	 0.1316699982	 0.1305918694	  0.000000000	 0.1768009663
  6	  12	  1.011358976    	  0.000000000	 0.1328098774	 0.1307809353	1.192092896e-06	 0.1767959595
  6	  13	  1.011783123    	  0.000000000	 0.1325950623	 0.1305768490	  0.000000000	 0.1768050194
  6	  14	  1.010956764    	1.192092896e-06	 0.1334269047	 0.1305649281	  0.000000000	 0.1767911911
  6	  15	  1.010438919    	9.536743164e-07	 0.1341369152	 0.1303911209	  0.000000000	 0.1767969131
  6	  16	  1.012234926    	  0.000000000	 0.1318860054	 0.1308290958	9.536743164e-07	 0.1768119335
  6	  17	  1.003662825    	  0.000000000	 0.1404972076	 0.1307928562	  0.000000000	 0.1768000126
  6	  18	  1.013169050    	  0.000000000	 0.1310107708	 0.1307690144	1.192092896e-06	 0.1768050194
  6	  19	  1.004087925    	  0.000000000	 0.1401960850	 0.1305940151	  0.000000000	 0.1767899990
  6	  20	  1.005063057    	  0.000000000	 0.1390421391	 0.1307649612	9.536743164e-07	 0.1767859459
  6	  21	  1.004565001    	1.192092896e-06	 0.1397128105	 0.1305940151	  0.000000000	 0.1767849922
  6	  22	  1.005543947    	  0.000000000	 0.1387691498	 0.1305520535	9.536743164e-07	 0.1767950058
  6	  23	  1.006592035    	  0.000000000	 0.1379320621	 0.1303570271	  0.000000000	 0.1767899990
  6	  24	  1.007475853    	  0.000000000	 0.1367721558	 0.1306209564	  0.000000000	 0.1767981052
  6	  25	  1.007964849    	  0.000000000	 0.1363182068	 0.1305899620	  0.000000000	 0.1767928600
  6	  26	  1.006974936    	9.536743164e-07	 0.1372950077	 0.1305921078	  0.000000000	 0.1767909527
  6	  27	  1.005990982    	  0.000000000	 0.1385030746	 0.1304020882	  0.000000000	 0.1767868996
  6	  28	  1.010314941    	  0.000000000	 0.1339840889	 0.1305909157	  0.000000000	 0.1767930984
  6	  29	  1.008869886    	  0.000000000	 0.1356220245	 0.1304020882	  0.000000000	 0.1768059731
  6	  30	  1.009330034    	  0.000000000	 0.1351759434	 0.1303830147	  0.000000000	 0.1767981052
  6	  31	  1.008400202    	  0.000000000	 0.1352128983	 0.1312940121	9.536743164e-07	 0.1768040657
  6	  32	  1.010864019    	  0.000000000	 0.1329369545	 0.1310861111	9.536743164e-07	 0.1768169403
  6	  33	  1.009837151    	  0.000000000	 0.1339590549	 0.1310899258	9.536743164e-07	 0.1768190861
  6	  34	  1.011257172    	  0.000000000	 0.1327359676	 0.1308939457	  0.000000000	 0.1768240929
  6	  35	  1.013128996    	  0.000000000	 0.1306309700	 0.1310579777	  0.000000000	 0.1768031120
  6	  36	  1.004175186    	  0.000000000	 0.1397528648	 0.1308851242	  0.000000000	 0.1768128872
  6	  37	  1.012653112    	9.536743164e-07	 0.1312830448	 0.1308770180	9.536743164e-07	 0.1768100262
  6	  38	  1.011697054    	  0.000000000	 0.1324119568	 0.1306960583	9.536743164e-07	 0.1768050194
  6	  39	  1.012212038    	9.536743164e-07	 0.1316630840	 0.1309459209	  0.000000000	 0.1768040657
  6	  40	  1.005061150    	  0.000000000	 0.1388740540	 0.1308798790	  0.000000000	 0.1768159866
  6	  41	  1.005549192    	9.536743164e-07	 0.1383519173	 0.1309120655	  0.000000000	 0.1768078804
  6	  42	  1.006021023    	9.536743164e-07	 0.1380660534	 0.1307139397	  0.000000000	 0.1768081188
  6	  43	  1.003386021    	2.408027649e-05	 0.1405918598	 0.1309139729	  0.000000000	 0.1768331528
  6	  44	  1.004700899    	  0.000000000	 0.1394839287	 0.1307291985	  0.000000000	 0.1768310070
  6	  45	  1.008913994    	  0.000000000	 0.1352980137	 0.1307008266	  0.000000000	 0.1768310070
  6	  46	  1.008012056    	  0.000000000	 0.1363849640	 0.1305110455	  0.000000000	 0.1768298149
  6	  47	  1.007028103    	9.536743164e-07	 0.1369478703	 0.1309499741	  0.000000000	 0.1768221855
  6	  48	  1.007456064    	  0.000000000	 0.1365559101	 0.1309030056	9.536743164e-07	 0.1768331528
  6	  49	  1.008450985    	  0.000000000	 0.1355650425	 0.1308948994	  0.000000000	 0.1768271923
  6	  50	  1.009324074    	9.536743164e-07	 0.1348559856	 0.1307280064	  0.000000000	 0.1768350601
  6	  51	  1.003271103    	2.694129944e-05	 0.1405501366	 0.1308939457	  0.000000000	 0.1768000126
  6	  52	  1.010133982    	  0.000000000	 0.1339049339	 0.1307010651	  0.000000000	 0.1768000126
  6	  53	  1.010607958    	9.536743164e-07	 0.1334619522	 0.1306660175	1.192092896e-06	 0.1768078804
  6	  54	  1.011085033    	  0.000000000	 0.1331658363	 0.1304781437	  0.000000000	 0.1768138409
  6	  55	  1.003385067    	  0.000000000	 0.1406238079	 0.1307342052	  0.000000000	 0.1768078804
  6	  56	  1.012509108    	  0.000000000	 0.1315350533	 0.1306948662	9.536743164e-07	 0.1768159866
  6	  57	  1.003606081    	9.536743164e-07	 0.1404190063	 0.1307091713	9.536743164e-07	 0.1768159866
  6	  58	  1.003497124    	  0.000000000	 0.1407139301	 0.1305150986	  0.000000000	 0.1768169403
  6	  59	  1.004562140    	  0.000000000	 0.1393640041	 0.1307070255	9.536743164e-07	 0.1767978668
  6	  60	  1.003963232    	9.536743164e-07	 0.1402149200	 0.1304960251	9.536743164e-07	 0.1768090725
  6	  61	  1.013090849    	9.536743164e-07	 0.1310920715	 0.1304941177	  0.000000000	 0.1768238544
  6	  62	  1.004857063    	2.145767212e-06	 0.1394388676	 0.1303720474	  0.000000000	 0.1768229008


#RUN	RANK	FAILURE_DETECTED	COMM_REVOKED	COMM_SHRINKED	COMM_SPAWNED	ROLLBACK_DONE	COMM_MERGED
  5	   0	6.926784999e-310    	7.552753860e-317	  0.000000000	  0.000000000	  0.000000000	  0.000000000
  5	   1	  0.000000000    	  0.000000000	  0.000000000	  0.000000000	  0.000000000	  0.000000000
  5	   2	  0.000000000    	  0.000000000	  0.000000000	  0.000000000	  0.000000000	  0.000000000
  5	   3	  0.000000000    	  0.000000000	  0.000000000	  0.000000000	  0.000000000	  0.000000000
  5	   4	  0.000000000    	  0.000000000	  0.000000000	  0.000000000	  0.000000000	  0.000000000
  5	   5	  0.000000000    	  0.000000000	  0.000000000	  0.000000000	  0.000000000	  0.000000000
  5	   6	  0.000000000    	  0.000000000	  0.000000000	  0.000000000	  0.000000000	  0.000000000
  5	   7	  0.000000000    	  0.000000000	  0.000000000	  0.000000000	  0.000000000	  0.000000000
  5	   8	  0.000000000    	  0.000000000	  0.000000000	  0.000000000	  0.000000000	  0.000000000
  5	   9	  0.000000000    	  0.000000000	  0.000000000	  0.000000000	  0.000000000	  0.000000000
  5	  10	  0.000000000    	  0.000000000	  0.000000000	  0.000000000	  0.000000000	  0.000000000
  5	  11	  0.000000000    	  0.000000000	  0.000000000	  0.000000000	  0.000000000	  0.000000000
  5	  12	  0.000000000    	  0.000000000	  0.000000000	  0.000000000	  0.000000000	  0.000000000
  5	  13	  0.000000000    	  0.000000000	  0.000000000	  0.000000000	  0.000000000	  0.000000000
  5	  14	  0.000000000    	  0.000000000	  0.000000000	  0.000000000	  0.000000000	  0.000000000
  5	  15	  0.000000000    	  0.000000000	  0.000000000	  0.000000000	  0.000000000	  0.000000000
  5	  16	  0.000000000    	  0.000000000	  0.000000000	  0.000000000	  0.000000000	  0.000000000
  5	  17	  0.000000000    	  0.000000000	  0.000000000	  0.000000000	  0.000000000	  0.000000000
  5	  18	  0.000000000    	  0.000000000	  0.000000000	  0.000000000	  0.000000000	  0.000000000
  5	  19	  0.000000000    	  0.000000000	  0.000000000	  0.000000000	  0.000000000	  0.000000000
  5	  20	  0.000000000    	  0.000000000	  0.000000000	  0.000000000	  0.000000000	  0.000000000
  5	  21	  0.000000000    	  0.000000000	  0.000000000	  0.000000000	  0.000000000	  0.000000000
  5	  22	  0.000000000    	  0.000000000	  0.000000000	  0.000000000	  0.000000000	  0.000000000
  5	  23	  0.000000000    	  0.000000000	  0.000000000	  0.000000000	  0.000000000	  0.000000000
  5	  24	  0.000000000    	  0.000000000	  0.000000000	  0.000000000	  0.000000000	  0.000000000
  5	  25	  0.000000000    	  0.000000000	  0.000000000	  0.000000000	  0.000000000	  0.000000000
  5	  26	  0.000000000    	  0.000000000	  0.000000000	  0.000000000	  0.000000000	  0.000000000
  5	  27	  0.000000000    	  0.000000000	  0.000000000	  0.000000000	  0.000000000	  0.000000000
  5	  28	  0.000000000    	  0.000000000	  0.000000000	  0.000000000	  0.000000000	  0.000000000
  5	  29	  0.000000000    	  0.000000000	  0.000000000	  0.000000000	  0.000000000	  0.000000000
  5	  30	  0.000000000    	  0.000000000	  0.000000000	  0.000000000	  0.000000000	  0.000000000
  5	  31	  0.000000000    	  0.000000000	  0.000000000	  0.000000000	  0.000000000	  0.000000000
  5	  32	  0.000000000    	  0.000000000	  0.000000000	  0.000000000	  0.000000000	  0.000000000
  5	  33	  0.000000000    	  0.000000000	  0.000000000	  0.000000000	  0.000000000	  0.000000000
  5	  34	  0.000000000    	  0.000000000	  0.000000000	  0.000000000	  0.000000000	  0.000000000
  5	  35	  0.000000000    	  0.000000000	  0.000000000	  0.000000000	  0.000000000	  0.000000000
  5	  36	  0.000000000    	  0.000000000	  0.000000000	  0.000000000	  0.000000000	  0.000000000
  5	  37	  0.000000000    	  0.000000000	  0.000000000	  0.000000000	  0.000000000	  0.000000000
  5	  38	  0.000000000    	  0.000000000	  0.000000000	  0.000000000	  0.000000000	  0.000000000
  5	  39	  0.000000000    	  0.000000000	  0.000000000	  0.000000000	  0.000000000	  0.000000000
  5	  40	  0.000000000    	  0.000000000	  0.000000000	  0.000000000	  0.000000000	  0.000000000
  5	  41	  0.000000000    	  0.000000000	  0.000000000	  0.000000000	  0.000000000	  0.000000000
  5	  42	  0.000000000    	  0.000000000	  0.000000000	  0.000000000	  0.000000000	  0.000000000
  5	  43	  0.000000000    	  0.000000000	  0.000000000	  0.000000000	  0.000000000	  0.000000000
  5	  44	  0.000000000    	  0.000000000	  0.000000000	  0.000000000	  0.000000000	  0.000000000
  5	  45	  0.000000000    	  0.000000000	  0.000000000	  0.000000000	  0.000000000	  0.000000000
  5	  46	  0.000000000    	  0.000000000	  0.000000000	  0.000000000	  0.000000000	  0.000000000
  5	  47	  0.000000000    	  0.000000000	  0.000000000	  0.000000000	  0.000000000	  0.000000000
  5	  48	  0.000000000    	  0.000000000	  0.000000000	  0.000000000	  0.000000000	  0.000000000
  5	  49	  0.000000000    	  0.000000000	  0.000000000	  0.000000000	  0.000000000	  0.000000000
  5	  50	  0.000000000    	  0.000000000	  0.000000000	  0.000000000	  0.000000000	  0.000000000
  5	  51	  0.000000000    	  0.000000000	  0.000000000	  0.000000000	  0.000000000	  0.000000000
  5	  52	  0.000000000    	  0.000000000	  0.000000000	  0.000000000	  0.000000000	  0.000000000
  5	  53	  0.000000000    	  0.000000000	  0.000000000	  0.000000000	  0.000000000	  0.000000000
  5	  54	  0.000000000    	  0.000000000	  0.000000000	  0.000000000	  0.000000000	  0.000000000
  5	  55	  0.000000000    	  0.000000000	  0.000000000	  0.000000000	  0.000000000	  0.000000000
  5	  56	  0.000000000    	  0.000000000	  0.000000000	  0.000000000	  0.000000000	  0.000000000
  5	  57	  0.000000000    	  0.000000000	  0.000000000	  0.000000000	  0.000000000	  0.000000000
  5	  58	  0.000000000    	  0.000000000	  0.000000000	  0.000000000	  0.000000000	  0.000000000
  5	  59	  0.000000000    	  0.000000000	  0.000000000	  0.000000000	  0.000000000	  0.000000000
  5	  60	  0.000000000    	  0.000000000	  0.000000000	  0.000000000	  0.000000000	  0.000000000
  5	  61	  0.000000000    	  0.000000000	  0.000000000	  0.000000000	  0.000000000	  0.000000000
  5	  62	  0.000000000    	  0.000000000	  0.000000000	  0.000000000	  0.000000000	  0.000000000


