#RUN	RANK	FAILURE_DETECTED	COMM_REVOKED	COMM_SHRINKED	COMM_SPAWNED	ROLLBACK_DONE	COMM_MERGED
 10	   0	  1.005141973    	0.003803014755	  1.497762918	 0.8138589859	0.01417398453	  1.063975096
 10	   1	  1.016278028    	0.002802848816	  1.490234137	 0.8112549782	9.536743164e-07	  1.077491045
 10	   2	  1.018954039    	1.907348633e-06	  1.490797997	 0.8109140396	9.536743164e-07	  1.077341080
 10	   3	  1.006449938    	0.007001161575	  1.498476028	 0.8086090088	9.536743164e-07	  1.077491999
 10	   4	  1.006012917    	0.01305890083	  1.494336128	 0.8071689606	  0.000000000	  1.077470064
 10	   5	  1.029279947    	1.907348633e-06	  1.483047009	 0.8086149693	  0.000000000	  1.077625036
 10	   6	  1.033745050    	9.536743164e-07	  1.483172178	 0.8041899204	  0.000000000	  1.077730894
 10	   7	  1.006965160    	0.009234905243	  1.499114037	 0.8057038784	  0.000000000	  1.077579975
 10	   8	  1.003955126    	0.02609586716	  1.483510017	 0.8073990345	9.536743164e-07	  1.077625990
 10	   9	  1.003633976    	0.01985406876	  1.488812923	 0.8086659908	9.536743164e-07	  1.077641964
 10	  10	  1.047230959    	2.145767212e-06	  1.465154886	 0.8086981773	  0.000000000	  1.077475786
 10	  11	  1.006725073    	0.01179790497	  1.495905161	 0.8060379028	9.536743164e-07	  1.077414036
 10	  12	  1.053285122    	1.907348633e-06	  1.459021091	 0.8081879616	  0.000000000	  1.077372074
 10	  13	  1.042321920    	1.907348633e-06	  1.472759008	 0.8053390980	9.536743164e-07	  1.077459097
 10	  14	  1.005702019    	0.02570486069	  1.487759113	 0.8014240265	  0.000000000	  1.077343941
 10	  15	  1.011195183    	0.007001876831	  1.501410007	 0.8008871078	  0.000000000	  1.077415943
 10	  16	  1.062957048    	1.907348633e-06	  1.450379133	 0.8071060181	9.536743164e-07	  1.077723980
 10	  17	  1.007913828    	0.02876400948	  1.474807978	 0.8085541725	  0.000000000	  1.077328920
 10	  18	  1.075372934    	2.145767212e-06	  1.439111948	 0.8056919575	  0.000000000	  1.077455044
 10	  19	  1.009093046    	0.02081298828	  1.484041929	 0.8061010838	  0.000000000	  1.077286005
 10	  20	  1.072143078    	1.907348633e-06	  1.439301014	 0.8085999489	  0.000000000	  1.077557087
 10	  21	  1.067024946    	3.099441528e-06	  1.447432041	 0.8055448532	1.192092896e-06	  1.077344894
 10	  22	  1.009195805    	0.03354811668	  1.476059914	 0.8014111519	  0.000000000	  1.077140808
 10	  23	  1.058801889    	3.099441528e-06	  1.458547831	 0.8035271168	  0.000000000	  1.077569962
 10	  24	  1.009222031    	0.03322792053	  1.469824076	 0.8085589409	  0.000000000	  1.077657938
 10	  25	  1.065534830    	2.145767212e-06	  1.449302912	 0.8060281277	9.536743164e-07	  1.077564955
 10	  26	  1.005915880    	0.03103113174	  1.480826855	 0.8031880856	9.536743164e-07	  1.077456951
 10	  27	  1.006281137    	0.01966094971	  1.491494894	 0.8034081459	  0.000000000	  1.077572823
 10	  28	  1.066260815    	2.145767212e-06	  1.448499918	 0.8060979843	9.536743164e-07	  1.077794075
 10	  29	  1.006469965    	0.02357101440	  1.488473892	 0.8030140400	  0.000000000	  1.077812195
 10	  30	  1.072118044    	2.861022949e-06	  1.450467110	 0.7990889549	  0.000000000	  1.077682972
 10	  31	  1.009165049    	0.007372856140	  1.506507158	 0.7985317707	1.192092896e-06	  1.078073978
 10	  32	  1.083777905    	2.145767212e-06	  1.426297903	 0.8114480972	9.536743164e-07	  1.077867031
 10	  33	  1.078387976    	2.145767212e-06	  1.434696913	 0.8084409237	1.192092896e-06	  1.077854872
 10	  34	  1.085353851    	2.145767212e-06	  1.428381920	 0.8079290390	  0.000000000	  1.077987909
 10	  35	  1.004576206    	0.02792882919	  1.482537031	 0.8064579964	9.536743164e-07	  1.077864170
 10	  36	  1.004631996    	0.04195690155	  1.465891123	 0.8090620041	9.536743164e-07	  1.077821016
 10	  37	  1.077197075    	2.861022949e-06	  1.438532114	 0.8057808876	  0.000000000	  1.077867985
 10	  38	  1.081620216    	1.907348633e-06	  1.440713882	 0.7993440628	  0.000000000	  1.077709913
 10	  39	  1.008433104    	0.01875090599	  1.490664959	 0.8037371635	  0.000000000	  1.078108788
 10	  40	  1.006726027    	0.03898000717	  1.467035055	 0.8087821007	  0.000000000	  1.077916861
 10	  41	  1.079961061    	2.145767212e-06	  1.434608936	 0.8060309887	  0.000000000	  1.077574015
 10	  42	  1.006996870    	0.03892898560	  1.468700171	 0.8061048985	9.536743164e-07	  1.077430010
 10	  43	  1.003560066    	0.02924585342	  1.484291077	 0.8035149574	  0.000000000	  1.077542067
 10	  44	  1.085978985    	1.907348633e-06	  1.428699017	 0.8059661388	  0.000000000	  1.077496052
 10	  45	  1.073702097    	2.861022949e-06	  1.444149017	 0.8027150631	9.536743164e-07	  1.077618122
 10	  46	  1.079793930    	1.907348633e-06	  1.442089081	 0.7988629341	1.192092896e-06	  1.077460766
 10	  47	  1.008975029    	0.01677894592	  1.496834993	 0.7984049320	  0.000000000	  1.077655077
 10	  48	  1.006649971    	0.03545284271	  1.473994017	 0.8048450947	9.536743164e-07	  1.077708006
 10	  49	  1.008937120    	0.03347682953	  1.472410202	 0.8061339855	  0.000000000	  1.077694893
 10	  50	  1.086136818    	2.145767212e-06	  1.431645870	 0.8033051491	  0.000000000	  1.077556849
 10	  51	  1.075504065    	5.006790161e-06	  1.441725969	 0.8037278652	9.536743164e-07	  1.077681065
 10	  52	  1.005337954    	0.03667902946	  1.472620010	 0.8063180447	  0.000000000	  1.077930927
 10	  53	  1.054343939    	1.907348633e-06	  1.463068008	 0.8032059669	1.192092896e-06	  1.077613831
 10	  54	  1.010154963    	0.03958392143	  1.474410057	 0.7966699600	9.536743164e-07	  1.077419043
 10	  55	  1.004108906    	0.02036619186	  1.495944977	 0.8002669811	  0.000000000	  1.077579021
 10	  56	  1.080837011    	3.099441528e-06	  1.433948040	 0.8058490753	9.536743164e-07	  1.077668905
 10	  57	  1.003736973    	0.03424000740	  1.479222059	 0.8034808636	  0.000000000	  1.077579021
 10	  58	  1.081372023    	9.536743164e-07	  1.436005116	 0.8033869267	9.536743164e-07	  1.077738047
 10	  59	  1.070605993    	1.907348633e-06	  1.449084997	 0.8007330894	9.536743164e-07	  1.077517033
 10	  60	  1.083875895    	2.145767212e-06	  1.433235884	 0.8033349514	  0.000000000	  1.077469110
 10	  61	  1.075185061    	1.907348633e-06	  1.448868036	 0.7963609695	9.536743164e-07	  1.077530146
 10	  62	  1.082713127    	1.907348633e-06	  1.444361925	 0.7934830189	9.536743164e-07	  1.077399015
 10	  63	  1.008332968    	0.008200168610	  1.508275986	 0.7956929207	9.536743164e-07	  1.077765942
 10	  64	  1.007169962    	0.04481291771	  1.457211018	 0.8112149239	1.192092896e-06	  1.077854872
 10	  65	  1.007826090    	0.04176807404	  1.463299036	 0.8083479404	  0.000000000	  1.077853918
 10	  66	  1.104372978    	2.145767212e-06	  1.408241987	 0.8087699413	9.536743164e-07	  1.077702999
 10	  67	  1.094993114    	1.907348633e-06	  1.419836044	 0.8063910007	  0.000000000	  1.078130007
 10	  68	  1.008686066    	0.04875397682	  1.454837084	 0.8089818954	  0.000000000	  1.077802181
 10	  69	  1.100524902    	1.907348633e-06	  1.414777040	 0.8059151173	9.536743164e-07	  1.077863932
 10	  70	  1.102624893    	1.192092896e-06	  1.417023897	 0.8017330170	  0.000000000	  1.077981949
 10	  71	  1.082268953    	3.099441528e-06	  1.435704947	 0.8030250072	9.536743164e-07	  1.077720165
 10	  72	  1.104184151    	9.536743164e-07	  1.408108950	 0.8086428642	1.192092896e-06	  1.077778816
 10	  73	  1.097301006    	9.536743164e-07	  1.417534113	 0.8061120510	9.536743164e-07	  1.077762842
 10	  74	  1.006020069    	0.04356288910	  1.465348959	 0.8061530590	  0.000000000	  1.077615976
 10	  75	  1.004200935    	0.03352904320	  1.480411053	 0.8028218746	  0.000000000	  1.078004122
 10	  76	  1.097647905    	2.145767212e-06	  1.417473078	 0.8058588505	  0.000000000	  1.077952147
 10	  77	  1.092974901    	2.145767212e-06	  1.428535938	 0.7991788387	  0.000000000	  1.077705145
 10	  78	  1.004035234    	0.04834794998	  1.469491005	 0.7989969254	  0.000000000	  1.077554941
 10	  79	  1.005882978    	0.01956987381	  1.497011185	 0.7983129025	9.536743164e-07	  1.077937126
 10	  80	  1.098029137    	1.907348633e-06	  1.414052010	 0.8086459637	1.192092896e-06	  1.077754974
 10	  81	  1.092566013    	3.099441528e-06	  1.422052860	 0.8061521053	9.536743164e-07	  1.077672958
 10	  82	  1.097381830    	2.145767212e-06	  1.417351007	 0.8061339855	  0.000000000	  1.077569962
 10	  83	  1.091108084    	1.907348633e-06	  1.425991058	 0.8036479950	  0.000000000	  1.077677965
 10	  84	  1.101382017    	1.907348633e-06	  1.413220167	 0.8061778545	  0.000000000	  1.077640057
 10	  85	  1.093482971    	2.145767212e-06	  1.424331903	 0.8028900623	  0.000000000	  1.078012943
 10	  86	  1.006211042    	0.04722285271	  1.468433142	 0.7990479469	  0.000000000	  1.077791929
 10	  87	  1.081014156    	2.861022949e-06	  1.439136982	 0.8006191254	9.536743164e-07	  1.077694893
 10	  88	  1.099224806    	2.145767212e-06	  1.415609837	 0.8058981895	  0.000000000	  1.077733040
 10	  89	  1.004685163    	0.04236984253	  1.470436096	 0.8036348820	9.536743164e-07	  1.077768087
 10	  90	  1.106025934    	2.145767212e-06	  1.411597967	 0.8035488129	1.192092896e-06	  1.077695847
 10	  91	  1.087385893    	2.145767212e-06	  1.433226824	 0.8004610538	  0.000000000	  1.077803135
 10	  92	  1.099534035    	1.907348633e-06	  1.418076038	 0.8034799099	  0.000000000	  1.077797174
 10	  93	  1.005812168    	0.04093694687	  1.474458933	 0.7998499870	  0.000000000	  1.077819109
 10	  94	  1.102054834    	2.145767212e-06	  1.422720909	 0.7964260578	9.536743164e-07	  1.077950954
 10	  95	  1.021463156    	1.907348633e-06	  1.503319025	 0.7957351208	  0.000000000	  1.077619791
 10	  96	  1.096760988    	2.145767212e-06	  1.418506861	 0.8051860332	  0.000000000	  1.077675104
 10	  97	  1.093026876    	3.099441528e-06	  1.424420118	 0.8030118942	9.536743164e-07	  1.077662945
 10	  98	  1.094028950    	1.907348633e-06	  1.420408964	 0.8061621189	  0.000000000	  1.077802896
 10	  99	  1.004106045    	0.03034901619	  1.484309912	 0.8016591072	  0.000000000	  1.077952862
 10	 100	  1.096490145    	1.907348633e-06	  1.417886019	 0.8060970306	  0.000000000	  1.077625990
 10	 101	  1.096131086    	1.907348633e-06	  1.421467066	 0.8035750389	  0.000000000	  1.077915907
 10	 102	  1.102054119    	1.907348633e-06	  1.422677040	 0.7966051102	9.536743164e-07	  1.077760935
 10	 103	  1.006951094    	0.02882599831	  1.484778881	 0.8006911278	9.536743164e-07	  1.077873945
 10	 104	  1.097350836    	2.145767212e-06	  1.417753935	 0.8060889244	  0.000000000	  1.077920198
 10	 105	  1.095967770    	3.099441528e-06	  1.421613932	 0.8036031723	  0.000000000	  1.078192949
 10	 106	  1.101761103    	1.907348633e-06	  1.418813944	 0.8007371426	  0.000000000	  1.078034878
 10	 107	  1.090770006    	1.907348633e-06	  1.427844048	 0.8005878925	  0.000000000	  1.077254057
 10	 108	  1.100270987    	2.145767212e-06	  1.415875912	 0.8030900955	  0.000000000	  1.077196836
 10	 109	  1.003345013    	0.03720903397	  1.478685856	 0.7999260426	  0.000000000	  1.077553034
 10	 110	  1.096285820    	2.145767212e-06	  1.427140951	 0.7959079742	9.536743164e-07	  1.077419996
 10	 111	  1.075030088    	2.861022949e-06	  1.448786020	 0.7954251766	  0.000000000	  1.077242851
 10	 112	  1.095422029    	1.907348633e-06	  1.422459126	 0.8013219833	9.536743164e-07	  1.077289104
 10	 113	  1.004620075    	0.03349709511	  1.479498863	 0.8038010597	  0.000000000	  1.077955008
 10	 114	  1.096230984    	2.145767212e-06	  1.424396992	 0.8008718491	1.192092896e-06	  1.077903032
 10	 115	  1.084025145    	2.861022949e-06	  1.436525106	 0.8008699417	9.536743164e-07	  1.077917099
 10	 116	  1.010541916    	0.04654693604	  1.460416079	 0.8038680553	  0.000000000	  1.077958822
 10	 117	  1.049429178    	0.03464794159	  1.436393976	 0.8008770943	9.536743164e-07	  1.078270912
 10	 118	  1.013592958    	0.04474306107	  1.468904018	 0.7943048477	  0.000000000	  1.077811956
 10	 119	  1.062097073    	2.861022949e-06	  1.460406065	 0.7983241081	  0.000000000	  1.077786922
 10	 120	  1.096480131    	1.907348633e-06	  1.425230026	 0.7990641594	9.536743164e-07	  1.077842951
 10	 121	  1.005828142    	0.04218602180	  1.471851826	 0.8009471893	9.536743164e-07	  1.077792883
 10	 122	  1.095231056    	4.053115845e-06	  1.427623034	 0.7980499268	9.536743164e-07	  1.077677011
 10	 123	  1.008061886    	0.03469705582	  1.480185032	 0.7978479862	  0.000000000	  1.078063965
 10	 124	  1.007664919    	0.04666113853	  1.465590000	 0.8009068966	9.536743164e-07	  1.078006983
 10	 125	  1.090042114    	1.907348633e-06	  1.436865091	 0.7938799858	  0.000000000	  1.077818871
 10	 126	  1.099899054    	2.861022949e-06	  1.427238226	 0.7938199043	  0.000000000	  1.077671051
 10	 127	  1.086207151    	2.861022949e-06	  1.443723917	 0.7909510136	1.192092896e-06	  1.078055859
 10	 128	  1.007623911    	0.05219507217	  1.449596882	 0.8113801479	9.536743164e-07	  1.077874899
 10	 129	  1.009258986    	0.04333496094	  1.459425926	 0.8088059425	  0.000000000	  1.077838182
 10	 130	  1.004850149    	0.04759287834	  1.460053921	 0.8084402084	  0.000000000	  1.077991009
 10	 131	  1.089013100    	2.861022949e-06	  1.425573111	 0.8061749935	  0.000000000	  1.077879906
 10	 132	  1.004430056    	0.05350494385	  1.455297947	 0.8075730801	9.536743164e-07	  1.077826023
 10	 133	  1.007241011    	0.04540801048	  1.462435007	 0.8056809902	9.536743164e-07	  1.077883005
 10	 134	  1.005182028    	0.05263686180	  1.461503983	 0.8016090393	9.536743164e-07	  1.077997208
 10	 135	  1.004920006    	0.03260898590	  1.479810953	 0.8034999371	9.536743164e-07	  1.077841997
 10	 136	  1.005027056    	0.05281686783	  1.454277039	 0.8086619377	1.192092896e-06	  1.078158855
 10	 137	  1.110433817    	2.145767212e-06	  1.404247046	 0.8061079979	  0.000000000	  1.077891827
 10	 138	  1.119481802    	2.145767212e-06	  1.395437002	 0.8060040474	  0.000000000	  1.077739000
 10	 139	  1.100687027    	3.814697266e-06	  1.418491125	 0.8016149998	  0.000000000	  1.077857018
 10	 140	  1.114730120    	1.907348633e-06	  1.404041052	 0.8020510674	  0.000000000	  1.077854872
 10	 141	  1.111274958    	3.099441528e-06	  1.406572104	 0.8028948307	9.536743164e-07	  1.077905178
 10	 142	  1.110638857    	2.145767212e-06	  1.411336899	 0.7989530563	  0.000000000	  1.078014851
 10	 143	  1.007696867    	0.02638196945	  1.488301039	 0.7984459400	  0.000000000	  1.077872992
 10	 144	  1.006610155    	0.05341982841	  1.452085018	 0.8086640835	  0.000000000	  1.077929974
 10	 145	  1.104362011    	1.907348633e-06	  1.412972927	 0.8034551144	  0.000000000	  1.078183889
 10	 146	  1.111353874    	2.145767212e-06	  1.403388977	 0.8061909676	9.536743164e-07	  1.077774048
 10	 147	  1.085468054    	2.145767212e-06	  1.432287931	 0.8030469418	9.536743164e-07	  1.078145981
 10	 148	  1.005459070    	0.05426406860	  1.458314896	 0.8027980328	9.536743164e-07	  1.077854156
 10	 149	  1.190462112    	2.861022949e-06	  1.329123020	 0.8012371063	9.536743164e-07	  1.077964067
 10	 150	  1.007149935    	0.09142303467	  1.424531937	 0.7979190350	9.536743164e-07	  1.077780962
 10	 151	  1.005930901    	0.05655598640	  1.457908154	 0.8004939556	9.536743164e-07	  1.077961922
 10	 152	  1.188634872    	3.099441528e-06	  1.326699018	 0.8055069447	9.536743164e-07	  1.077986002
 10	 153	  1.179414034    	5.006790161e-06	  1.338584900	 0.8028781414	9.536743164e-07	  1.078616858
 10	 154	  1.185903788    	5.006790161e-06	  1.332112074	 0.8029561043	  0.000000000	  1.077832937
 10	 155	  1.004333973    	0.07140493393	  1.444782019	 0.8003270626	9.536743164e-07	  1.077965021
 10	 156	  1.199513912    	4.053115845e-06	  1.318358898	 0.8029971123	9.536743164e-07	  1.077918053
 10	 157	  1.195114136    	2.861022949e-06	  1.326049089	 0.7996718884	  0.000000000	  1.078619003
 10	 158	  1.203809023    	2.861022949e-06	  1.321234941	 0.7959520817	9.536743164e-07	  1.077837944
 10	 159	  1.010874033    	0.03168201447	  1.483048916	 0.7951989174	  0.000000000	  1.077934027
 10	 160	  1.005644083    	0.09237885475	  1.414622068	 0.8080959320	1.192092896e-06	  1.078003883
 10	 161	  1.008352995    	0.09004497528	  1.416934967	 0.8054230213	9.536743164e-07	  1.078615189
 10	 162	  1.187845945    	5.006790161e-06	  1.327259064	 0.8057808876	9.536743164e-07	  1.077852011
 10	 163	  1.172759056    	4.053115845e-06	  1.344804049	 0.8031988144	  0.000000000	  1.077957153
 10	 164	  1.196453094    	2.861022949e-06	  1.318512917	 0.8057951927	  0.000000000	  1.077965975
 10	 165	  1.004246950    	0.08336114883	  1.433568954	 0.7995550632	  0.000000000	  1.078001022
 10	 166	  1.192400932    	4.053115845e-06	  1.332357883	 0.7961380482	9.536743164e-07	  1.077846050
 10	 167	  1.004931927    	0.05649399757	  1.458911180	 0.8004658222	9.536743164e-07	  1.078542233
 10	 168	  1.194412947    	3.099441528e-06	  1.320832014	 0.8054788113	2.145767212e-06	  1.078022003
 10	 169	  1.004378080    	0.08179998398	  1.430917025	 0.8028340340	9.536743164e-07	  1.077733040
 10	 170	  1.190534115    	5.960464478e-06	  1.328642845	 0.8008751869	  0.000000000	  1.077598810
 10	 171	  1.189033985    	3.099441528e-06	  1.331130981	 0.7997639179	1.192092896e-06	  1.077713013
 10	 172	  1.201195002    	3.099441528e-06	  1.319319963	 0.7994530201	9.536743164e-07	  1.078253984
 10	 173	  1.181162834    	5.006790161e-06	  1.339252949	 0.7994751930	9.536743164e-07	  1.077748060
 10	 174	  1.180252075    	5.006790161e-06	  1.344136953	 0.7956771851	9.536743164e-07	  1.077608824
 10	 175	  1.009068966    	0.04435491562	  1.471415997	 0.7951650620	  0.000000000	  1.078022003
 10	 176	  1.009209871    	0.09594202042	  1.409376144	 0.8053929806	9.536743164e-07	  1.077777863
 10	 177	  1.178094864    	5.006790161e-06	  1.339003086	 0.8028359413	9.536743164e-07	  1.077765942
 10	 178	  1.007411957    	0.08584117889	  1.424185991	 0.8026249409	  0.000000000	  1.077631950
 10	 179	  1.006805182    	0.07433390617	  1.438726902	 0.8003871441	  0.000000000	  1.077811956
 10	 180	  1.204244137    	2.861022949e-06	  1.312973976	 0.8030099869	1.192092896e-06	  1.077832937
 10	 181	  1.179462910    	5.960464478e-06	  1.340685129	 0.8000528812	9.536743164e-07	  1.077874184
 10	 182	  1.196280003    	4.768371582e-06	  1.330665112	 0.7934548855	  0.000000000	  1.077688217
 10	 183	  1.171087980    	5.006790161e-06	  1.352667093	 0.7965068817	9.536743164e-07	  1.077844143
 10	 184	  1.007087946    	0.09770607948	  1.412731886	 0.8027000427	9.536743164e-07	  1.077891111
 10	 185	  1.195365906    	3.099441528e-06	  1.324762821	 0.8001329899	  0.000000000	  1.078513145
 10	 186	  1.195622921    	4.053115845e-06	  1.324458122	 0.8002579212	  0.000000000	  1.077747107
 10	 187	  1.181583166    	5.960464478e-06	  1.341156960	 0.7974879742	9.536743164e-07	  1.077862024
 10	 188	  1.008228064    	0.09980702400	  1.412456989	 0.7997648716	9.536743164e-07	  1.078488111
 10	 189	  1.193280935    	4.053115845e-06	  1.334108829	 0.7934770584	9.536743164e-07	  1.078063011
 10	 190	  1.008759022    	0.09575796127	  1.423166990	 0.7933180332	9.536743164e-07	  1.077952147
 10	 191	  1.013769150    	0.02160692215	  1.496717930	 0.7888479233	  0.000000000	  1.078069210
 10	 192	  1.006365776    	0.08840012550	  1.417943001	 0.8081429005	1.192092896e-06	  1.078166962
 10	 193	  1.011697054    	0.07802391052	  1.425438166	 0.8056960106	9.536743164e-07	  1.078180075
 10	 194	  1.004953146    	0.08617997169	  1.424733877	 0.8051340580	9.536743164e-07	  1.078036070
 10	 195	  1.161841154    	5.006790161e-06	  1.355865955	 0.8031249046	9.536743164e-07	  1.078758001
 10	 196	  1.013443947    	0.07758712769	  1.424074888	 0.8057699203	7.152557373e-06	  1.078130960
 10	 197	  1.006674051    	0.07471394539	  1.436394930	 0.8030500412	9.536743164e-07	  1.078189135
 10	 198	  1.191880941    	4.053115845e-06	  1.330606937	 0.7985019684	  0.000000000	  1.078365088
 10	 199	  1.006613970    	0.06266093254	  1.451812029	 0.8000819683	1.192092896e-06	  1.078237772
 10	 200	  1.191464901    	5.006790161e-06	  1.324057102	 0.8055648804	9.536743164e-07	  1.078273058
 10	 201	  1.190631866    	4.053115845e-06	  1.327821970	 0.8026590347	9.536743164e-07	  1.078278065
 10	 202	  1.189290047    	2.861022949e-06	  1.328745127	 0.8032140732	  0.000000000	  1.078121901
 10	 203	  1.004621983    	0.07676291466	  1.439120054	 0.8006289005	1.192092896e-06	  1.078869820
 10	 204	  1.192800999    	2.861022949e-06	  1.328712940	 0.7996380329	  0.000000000	  1.078199148
 10	 205	  1.183218002    	5.006790161e-06	  1.341685057	 0.7961690426	9.536743164e-07	  1.078301907
 10	 206	  1.199305058    	2.861022949e-06	  1.325896978	 0.7960519791	9.536743164e-07	  1.078745127
 10	 207	  1.009618998    	0.03902506828	  1.480740070	 0.7918198109	  0.000000000	  1.078234196
 10	 208	  1.005760908    	0.08558320999	  1.424198866	 0.8055620193	9.536743164e-07	  1.078325987
 10	 209	  1.009135008    	0.08667612076	  1.422302008	 0.8032250404	9.536743164e-07	  1.078333855
 10	 210	  1.008573055    	0.09718298912	  1.412617922	 0.8030500412	9.536743164e-07	  1.078233957
 10	 211	  1.168788910    	5.006790161e-06	  1.351750135	 0.8007919788	9.536743164e-07	  1.078300953
 10	 212	  1.200716972    	3.099441528e-06	  1.317765951	 0.8028550148	  0.000000000	  1.078295946
 10	 213	  1.006224155    	0.07754993439	  1.437082052	 0.8004100323	9.536743164e-07	  1.078411818
 10	 214	  1.205849886    	2.145767212e-06	  1.319481850	 0.7961471081	9.536743164e-07	  1.078179121
 10	 215	  1.006520033    	0.06298089027	  1.453901052	 0.7979280949	9.536743164e-07	  1.078369856
 10	 216	  1.201749086    	5.006790161e-06	  1.320113897	 0.7994270325	9.536743164e-07	  1.078397036
 10	 217	  1.195711851    	5.006790161e-06	  1.325098991	 0.8005390167	9.536743164e-07	  1.078986168
 10	 218	  1.191084146    	4.053115845e-06	  1.329751968	 0.8005588055	1.192092896e-06	  1.078315020
 10	 219	  1.190025806    	3.099441528e-06	  1.335052013	 0.7959609032	2.145767212e-06	  1.078280926
 10	 220	  1.190499067    	5.960464478e-06	  1.330041170	 0.8005149364	9.536743164e-07	  1.078254938
 10	 221	  1.189291954    	5.006790161e-06	  1.334988117	 0.7967410088	9.536743164e-07	  1.078321934
 10	 222	  1.195788860    	8.106231689e-06	  1.332006931	 0.7933740616	9.536743164e-07	  1.078187943
 10	 223	  1.012753010    	0.02765512466	  1.487874985	 0.7928168774	  0.000000000	  1.078297138
 10	 224	  1.005690098    	 0.1050369740	  1.404711008	 0.8055839539	9.536743164e-07	  1.078377962
 10	 225	  1.011419058    	0.07377386093	  1.432852983	 0.8029820919	1.907348633e-06	  1.078369141
 10	 226	  1.011281967    	0.08430814743	  1.422387838	 0.8031961918	9.536743164e-07	  1.078570843
 10	 227	  1.005254030    	0.07719993591	  1.440057039	 0.7984991074	9.536743164e-07	  1.078377962
 10	 228	  1.196058035    	2.861022949e-06	  1.321830034	 0.8031461239	9.536743164e-07	  1.078393936
 10	 229	  1.201781034    	4.053115845e-06	  1.318028927	 0.8003170490	9.536743164e-07	  1.078125954
 10	 230	  1.201133966    	2.861022949e-06	  1.325801134	 0.7933650017	  0.000000000	  1.077955961
 10	 231	  1.008512974    	0.06700897217	  1.447316170	 0.7973649502	  0.000000000	  1.078094006
 10	 232	  1.191395998    	3.099441528e-06	  1.326497078	 0.8022568226	1.192092896e-06	  1.078139782
 10	 233	  1.191102982    	5.006790161e-06	  1.328663111	 0.8003809452	9.536743164e-07	  1.078130007
 10	 234	  1.196233988    	3.099441528e-06	  1.327322006	 0.7967159748	9.536743164e-07	  1.078564882
 10	 235	  1.006145954    	0.06719493866	  1.451147079	 0.7956690788	9.536743164e-07	  1.078121901
 10	 236	  1.004521132    	0.09308195114	  1.422368050	 0.8002150059	9.536743164e-07	  1.078726053
 10	 237	  1.181504011    	5.006790161e-06	  1.341691017	 0.7969138622	1.192092896e-06	  1.078175783
 10	 238	  1.191431999    	5.960464478e-06	  1.335692167	 0.7931618690	9.536743164e-07	  1.078026056
 10	 239	  1.011758089    	0.04434680939	  1.471917152	 0.7927360535	  0.000000000	  1.078328848
 10	 240	  1.011771202    	0.09034395218	  1.416062832	 0.8025400639	9.536743164e-07	  1.078374147
 10	 241	  1.005971909    	0.07985806465	  1.437857151	 0.7970798016	1.192092896e-06	  1.078333855
 10	 242	  1.191901922    	1.907348633e-06	  1.328309059	 0.8006379604	  0.000000000	  1.078230143
 10	 243	  1.009665012    	0.07421588898	  1.439207077	 0.7977049351	  0.000000000	  1.078294992
 10	 244	  1.190103054    	4.053115845e-06	  1.329956055	 0.8006718159	9.536743164e-07	  1.078349113
 10	 245	  1.004370928    	0.07572007179	  1.442970037	 0.7976379395	9.536743164e-07	  1.079019070
 10	 246	  1.192610979    	5.006790161e-06	  1.337373972	 0.7909159660	  0.000000000	  1.078826189
 10	 247	  1.163414955    	5.006790161e-06	  1.363273859	 0.7940690517	9.536743164e-07	  1.078360081
 10	 248	  1.011769056    	 0.1026430130	  1.410287857	 0.7960181236	9.536743164e-07	  1.078413963
 10	 249	  1.005675077    	0.08893299103	  1.428173065	 0.7977278233	1.192092896e-06	  1.078279018
 10	 250	  1.190374136    	4.053115845e-06	  1.332436800	 0.7977859974	  0.000000000	  1.078162193
 10	 251	  1.007061958    	0.07299017906	  1.445278883	 0.7951960564	9.536743164e-07	  1.078238010
 10	 252	  1.197776079    	5.006790161e-06	  1.324929953	 0.7977879047	1.192092896e-06	  1.078301907
 10	 253	  1.083573103    	4.053115845e-06	  1.446094990	 0.7907938957	9.536743164e-07	  1.078653097
 10	 254	  1.006986141    	0.08704590797	  1.435904026	 0.7906908989	9.536743164e-07	  1.078184128
 10	 255	  1.007735968    	0.0009779930115	  1.496778965	 0.8150610924	  0.000000000	  1.078302860
 10	 256	  1.210246086    	2.861022949e-06	  1.297756195	 0.8124489784	9.536743164e-07	  1.078397036
 10	 257	  1.004665136    	0.08679699898	  1.416740894	 0.8122749329	  0.000000000	  1.078374147
 10	 258	  1.209887028    	5.006790161e-06	  1.300673008	 0.8100368977	1.192092896e-06	  1.078241825
 10	 259	  1.194643021    	5.006790161e-06	  1.313354969	 0.8125681877	9.536743164e-07	  1.078381062
 10	 260	  1.196391821    	5.960464478e-06	  1.314389229	 0.8098068237	9.536743164e-07	  1.078357220
 10	 261	  1.197757006    	3.099441528e-06	  1.317621946	 0.8051519394	9.536743164e-07	  1.078444004
 10	 262	  1.008031130    	0.08313393593	  1.422160149	 0.8073718548	9.536743164e-07	  1.078294992
 10	 263	  1.184566975    	5.006790161e-06	  1.323593855	 0.8124392033	9.536743164e-07	  1.078426838
 10	 264	  1.200790882    	5.006790161e-06	  1.309992075	 0.8097758293	  0.000000000	  1.078450203
 10	 265	  1.004669905    	0.06698513031	  1.439247847	 0.8096690178	1.192092896e-06	  1.078803778
 10	 266	  1.201949120    	2.861022949e-06	  1.311352968	 0.8073771000	9.536743164e-07	  1.078324080
 10	 267	  1.007302999    	0.06753993034	  1.435898066	 0.8098139763	9.536743164e-07	  1.078431845
 10	 268	  1.196827888    	3.099441528e-06	  1.317363977	 0.8067150116	9.536743164e-07	  1.078485012
 10	 269	  1.006422043    	0.07431507111	  1.437507868	 0.8025979996	1.192092896e-06	  1.078562021
 10	 270	  1.204447985    	3.099441528e-06	  1.314292908	 0.8022630215	9.536743164e-07	  1.078427076
 10	 271	  1.182895899    	4.053115845e-06	  1.325443983	 0.8125610352	9.536743164e-07	  1.078555107
 10	 272	  1.006273031    	0.09068584442	  1.414021969	 0.8098821640	9.536743164e-07	  1.078613997
 10	 273	  1.202610970    	5.006790161e-06	  1.308455944	 0.8098061085	9.536743164e-07	  1.078602076
 10	 274	  1.202373028    	3.099441528e-06	  1.311084032	 0.8075549603	  0.000000000	  1.078463078
 10	 275	  1.195653915    	5.006790161e-06	  1.315277100	 0.8099489212	9.536743164e-07	  1.078571081
 10	 276	  1.201787949    	9.059906006e-06	  1.311862946	 0.8072340488	9.536743164e-07	  1.078829050
 10	 277	  1.006935835    	0.07463097572	  1.436385155	 0.8024928570	1.192092896e-06	  1.078509808
 10	 278	  1.007081032    	0.08322596550	  1.425518036	 0.8048269749	1.192092896e-06	  1.078315973
 10	 279	  1.006167889    	0.05545401573	  1.449208975	 0.8097250462	9.536743164e-07	  1.078447104
 10	 280	  1.005251884    	0.07875204086	  1.429361105	 0.8071029186	9.536743164e-07	  1.078515053
 10	 281	  1.198053122    	1.907348633e-06	  1.315371037	 0.8070850372	9.536743164e-07	  1.078469992
 10	 282	  1.196305037    	5.006790161e-06	  1.319791794	 0.8044941425	9.536743164e-07	  1.078372955
 10	 283	  1.192854166    	1.382827759e-05	  1.320473194	 0.8071389198	9.536743164e-07	  1.078485966
 10	 284	  1.200302124    	2.861022949e-06	  1.316226006	 0.8039650917	9.536743164e-07	  1.078438997
 10	 285	  1.201393127    	5.006790161e-06	  1.319159031	 0.7999308109	  0.000000000	  1.079066038
 10	 286	  1.004716873    	0.08532714844	  1.431695938	 0.7997469902	9.536743164e-07	  1.078647137
 10	 287	  1.151192904    	5.006790161e-06	  1.357578993	 0.8126170635	  0.000000000	  1.078758955
 10	 288	  1.006425142    	0.08364081383	  1.421334028	 0.8099260330	9.536743164e-07	  1.078840971
 10	 289	  1.194342852    	4.053115845e-06	  1.316988945	 0.8100020885	9.536743164e-07	  1.078831911
 10	 290	  1.198410988    	3.099441528e-06	  1.315327883	 0.8077330589	9.536743164e-07	  1.078699112
 10	 291	  1.004761934    	0.06358408928	  1.442831039	 0.8101279736	9.536743164e-07	  1.078845024
 10	 292	  1.200025082    	3.099441528e-06	  1.313946962	 0.8073658943	9.536743164e-07	  1.078866005
 10	 293	  1.194047928    	5.006790161e-06	  1.327036142	 0.8002347946	1.192092896e-06	  1.078862906
 10	 294	  1.199151993    	5.006790161e-06	  1.317372084	 0.8049700260	9.536743164e-07	  1.078707933
 10	 295	  1.008046150    	0.05178999901	  1.452094793	 0.8100841045	  0.000000000	  1.079036951
 10	 296	  1.198026180    	5.006790161e-06	  1.316322803	 0.8076171875	9.536743164e-07	  1.079094887
 10	 297	  1.196276903    	5.006790161e-06	  1.318202019	 0.8074779510	9.536743164e-07	  1.079107046
 10	 298	  1.007668018    	0.08596706390	  1.423376799	 0.8050811291	  0.000000000	  1.078959942
 10	 299	  1.007111073    	0.06307506561	  1.444360018	 0.8074429035	  0.000000000	  1.079069138
 10	 300	  1.197817087    	4.053115845e-06	  1.319872856	 0.8043119907	1.192092896e-06	  1.079051971
 10	 301	  1.006330967    	0.07807898521	  1.437284946	 0.8002319336	  0.000000000	  1.079725981
 10	 302	  1.199867964    	1.907348633e-06	  1.322257996	 0.7999751568	9.536743164e-07	  1.079002857
 10	 303	  1.167055130    	5.006790161e-06	  1.344766855	 0.8101851940	9.536743164e-07	  1.079118013
 10	 304	  1.006465912    	0.07981705666	  1.427167892	 0.8072469234	1.192092896e-06	  1.078778028
 10	 305	  1.077512980    	5.006790161e-06	  1.436001062	 0.8072040081	9.536743164e-07	  1.078763008
 10	 306	  1.201714993    	4.053115845e-06	  1.314100981	 0.8050398827	9.536743164e-07	  1.078621149
 10	 307	  1.195124865    	4.053115845e-06	  1.318212986	 0.8074040413	  0.000000000	  1.078727961
 10	 308	  1.005608082    	0.07952404022	  1.431186914	 0.8043980598	9.536743164e-07	  1.078740120
 10	 309	  1.084583044    	3.814697266e-06	  1.438475132	 0.7976260185	9.536743164e-07	  1.078799963
 10	 310	  1.199419022    	4.053115845e-06	  1.319181919	 0.8022840023	  0.000000000	  1.078613997
 10	 311	  1.004745960    	0.05227208138	  1.456604958	 0.8071260452	9.536743164e-07	  1.078779936
 10	 312	  1.203943968    	3.099441528e-06	  1.312170029	 0.8046309948	  0.000000000	  1.079351902
 10	 313	  1.195968866    	3.099441528e-06	  1.320950031	 0.8040988445	1.192092896e-06	  1.078884840
 10	 314	  1.193669081    	5.006790161e-06	  1.325213909	 0.8022119999	1.192092896e-06	  1.078778982
 10	 315	  1.189735889    	5.006790161e-06	  1.326632023	 0.8046131134	9.536743164e-07	  1.078896046
 10	 316	  1.197957039    	2.861022949e-06	  1.325278997	 0.7977750301	1.192092896e-06	  1.078868866
 10	 317	  1.195132017    	2.861022949e-06	  1.328304052	 0.7975480556	  0.000000000	  1.078922033
 10	 318	  1.193995953    	5.006790161e-06	  1.330022097	 0.7971010208	  0.000000000	  1.078805923
 10	 319	  1.005160093    	0.02224206924	  1.481102943	 0.8125619888	  0.000000000	  1.079210043
 10	 320	  1.194756031    	2.861022949e-06	  1.316316128	 0.8099188805	9.536743164e-07	  1.078983068
 10	 321	  1.187867880    	5.960464478e-06	  1.323356152	 0.8097479343	9.536743164e-07	  1.079005957
 10	 322	  1.202270985    	5.006790161e-06	  1.311193943	 0.8075919151	1.192092896e-06	  1.078840017
 10	 323	  1.174424887    	4.053115845e-06	  1.336429834	 0.8100361824	9.536743164e-07	  1.078994989
 10	 324	  1.202152014    	2.861022949e-06	  1.311421156	 0.8073580265	9.536743164e-07	  1.078963041
 10	 325	  1.202929974    	3.099441528e-06	  1.315248966	 0.8027160168	9.536743164e-07	  1.079024076
 10	 326	  1.191325903    	4.053115845e-06	  1.324866056	 0.8048648834	9.536743164e-07	  1.078893185
 10	 327	  1.185084820    	6.198883057e-06	  1.325980902	 0.8099160194	  0.000000000	  1.078989029
 10	 328	  1.200258970    	3.099441528e-06	  1.313452959	 0.8071949482	9.536743164e-07	  1.079051018
 10	 329	  1.197437048    	5.006790161e-06	  1.316266060	 0.8072090149	1.907348633e-06	  1.079577923
 10	 330	  1.201838017    	1.907348633e-06	  1.314812899	 0.8044171333	  0.000000000	  1.078882933
 10	 331	  1.189994812    	5.006790161e-06	  1.323339224	 0.8072679043	9.536743164e-07	  1.078921080
 10	 332	  1.005323887    	0.08168005943	  1.433246851	 0.8003830910	9.536743164e-07	  1.078883171
 10	 333	  1.194643974    	5.960464478e-06	  1.325906038	 0.8000380993	  0.000000000	  1.078933954
 10	 334	  1.005583048    	0.08242607117	  1.433129072	 0.7995989323	9.536743164e-07	  1.078831911
 10	 335	  1.004502058    	0.04210686684	  1.464179993	 0.8098502159	9.536743164e-07	  1.078955889
 10	 336	  1.199086905    	5.006790161e-06	  1.314231157	 0.8072879314	9.536743164e-07	  1.079009056
 10	 337	  1.190219164    	2.861022949e-06	  1.323152065	 0.8072528839	1.192092896e-06	  1.079555988
 10	 338	  1.198894024    	2.861022949e-06	  1.316919088	 0.8049149513	  0.000000000	  1.078891039
 10	 339	  1.193976164    	5.006790161e-06	  1.319325924	 0.8073039055	  0.000000000	  1.079002142
 10	 340	  1.004563093    	0.08482694626	  1.426784992	 0.8045618534	1.192092896e-06	  1.078999996
 10	 341	  1.183294058    	3.814697266e-06	  1.337416172	 0.7999508381	1.192092896e-06	  1.079091787
 10	 342	  1.202632904    	4.053115845e-06	  1.315866947	 0.8023860455	9.536743164e-07	  1.078872919
 10	 343	  1.182690144    	1.001358032e-05	  1.330899954	 0.8071508408	1.192092896e-06	  1.079051018
 10	 344	  1.203660965    	3.814697266e-06	  1.312367201	 0.8046579361	9.536743164e-07	  1.079124928
 10	 345	  1.203583956    	5.006790161e-06	  1.312551022	 0.8046150208	9.536743164e-07	  1.079374075
 10	 346	  1.205308199    	2.861022949e-06	  1.313326120	 0.8021638393	9.536743164e-07	  1.078999996
 10	 347	  1.193379879    	3.099441528e-06	  1.322751999	 0.8045608997	9.536743164e-07	  1.079107046
 10	 348	  1.201169014    	2.861022949e-06	  1.318588972	 0.8009560108	  0.000000000	  1.079068184
 10	 349	  1.195867062    	3.099441528e-06	  1.327522993	 0.7974958420	9.536743164e-07	  1.079199076
 10	 350	  1.199087143    	5.006790161e-06	  1.324813843	 0.7971310616	  0.000000000	  1.079065084
 10	 351	  1.131188154    	5.006790161e-06	  1.379817009	 0.8099389076	9.536743164e-07	  1.079194069
 10	 352	  1.192409039    	5.006790161e-06	  1.321150064	 0.8073258400	1.192092896e-06	  1.079262972
 10	 353	  1.190635920    	4.053115845e-06	  1.322901964	 0.8073470592	9.536743164e-07	  1.079263926
 10	 354	  1.196743011    	2.861022949e-06	  1.321208000	 0.8030860424	9.536743164e-07	  1.079143047
 10	 355	  1.005426884    	0.06363201141	  1.444453955	 0.8073921204	9.536743164e-07	  1.079777956
 10	 356	  1.197027922    	3.099441528e-06	  1.319103003	 0.8047709465	9.536743164e-07	  1.079246044
 10	 357	  1.195894957    	6.198883057e-06	  1.327390909	 0.7975950241	9.536743164e-07	  1.079289913
 10	 358	  1.201349020    	3.099441528e-06	  1.317447901	 0.8018069267	1.192092896e-06	  1.079018831
 10	 359	  1.181143999    	3.814697266e-06	  1.332282066	 0.8070831299	9.536743164e-07	  1.079151869
 10	 360	  1.204216957    	3.099441528e-06	  1.311602116	 0.8046379089	9.536743164e-07	  1.079209089
 10	 361	  1.197836876    	4.053115845e-06	  1.320040941	 0.8025779724	1.192092896e-06	  1.079787970
 10	 362	  1.204167128    	4.053115845e-06	  1.314138889	 0.8022680283	  0.000000000	  1.079077959
 10	 363	  1.197437048    	5.006790161e-06	  1.318469048	 0.8045539856	9.536743164e-07	  1.079209089
 10	 364	  1.202650070    	1.907348633e-06	  1.316378117	 0.8014669418	9.536743164e-07	  1.079167128
 10	 365	  1.005181074    	0.07562899590	  1.442354918	 0.7972900867	9.536743164e-07	  1.079237938
 10	 366	  1.203112841    	5.006790161e-06	  1.320404053	 0.7971019745	  0.000000000	  1.079102993
 10	 367	  1.158098936    	4.053115845e-06	  1.355223894	 0.8072569370	  0.000000000	  1.079248190
 10	 368	  1.193408012    	3.099441528e-06	  1.322422028	 0.8046939373	9.536743164e-07	  1.079323053
 10	 369	  1.196086884    	4.053115845e-06	  1.319803953	 0.8046791553	9.536743164e-07	  1.079285860
 10	 370	  1.190023899    	5.006790161e-06	  1.328670025	 0.8019680977	  0.000000000	  1.079191923
 10	 371	  1.189429998    	5.006790161e-06	  1.326284885	 0.8048629761	9.536743164e-07	  1.079270124
 10	 372	  1.196902037    	3.099441528e-06	  1.321738005	 0.8018867970	1.192092896e-06	  1.079331875
 10	 373	  1.193572998    	4.053115845e-06	  1.331849813	 0.7950940132	1.192092896e-06	  1.079373837
 10	 374	  1.004945040    	0.08089900017	  1.435252905	 0.7996029854	  0.000000000	  1.079192162
 10	 375	  1.179349899    	3.099441528e-06	  1.340973854	 0.8002469540	1.192092896e-06	  1.079947948
 10	 376	  1.196295977    	4.053115845e-06	  1.322599888	 0.8021450043	1.192092896e-06	  1.080231905
 10	 377	  1.188575029    	2.861022949e-06	  1.330513000	 0.8020091057	9.536743164e-07	  1.080168962
 10	 378	  1.005276918    	0.08179211617	  1.434505939	 0.7996029854	  0.000000000	  1.080070972
 10	 379	  1.188437939    	5.006790161e-06	  1.330506086	 0.8021121025	9.536743164e-07	  1.080188036
 10	 380	  1.194742918    	5.006790161e-06	  1.331068039	 0.7952709198	  0.000000000	  1.080139160
 10	 381	  1.193262100    	5.006790161e-06	  1.332831860	 0.7949461937	9.536743164e-07	  1.080203056
 10	 382	  1.196930170    	2.861022949e-06	  1.329810143	 0.7944698334	  0.000000000	  1.080651999
 10	 383	  1.130348206    	3.814697266e-06	  1.378142118	 0.8126459122	9.536743164e-07	  1.080164194
 10	 384	  1.007813931    	0.07864713669	  1.424551964	 0.8100378513	1.192092896e-06	  1.080252886
 10	 385	  1.007717848    	0.07452917099	  1.428596973	 0.8097829819	  0.000000000	  1.079516888
 10	 386	  1.007056952    	0.08415794373	  1.422085047	 0.8074638844	1.192092896e-06	  1.079415798
 10	 387	  1.195674896    	5.006790161e-06	  1.314963102	 0.8099579811	9.536743164e-07	  1.079575062
 10	 388	  1.202007055    	2.861022949e-06	  1.311469078	 0.8071770668	  0.000000000	  1.079849958
 10	 389	  1.192512989    	5.006790161e-06	  1.325481892	 0.8025991917	9.536743164e-07	  1.079606056
 10	 390	  1.006756067    	0.08325099945	  1.426009893	 0.8047721386	9.536743164e-07	  1.079423904
 10	 391	  1.006509066    	0.05267095566	  1.451656103	 0.8098359108	  0.000000000	  1.079582930
 10	 392	  1.202661991    	4.053115845e-06	  1.310655117	 0.8072960377	9.536743164e-07	  1.079640865
 10	 393	  1.192015886    	4.053115845e-06	  1.321571112	 0.8070318699	2.145767212e-06	  1.079651833
 10	 394	  1.204068184    	2.861022949e-06	  1.314043999	 0.8030350208	  0.000000000	  1.079638958
 10	 395	  1.006486177    	0.06721282005	  1.440140963	 0.8071811199	  0.000000000	  1.079765081
 10	 396	  1.202632904    	5.006790161e-06	  1.314163208	 0.8042478561	9.536743164e-07	  1.079730988
 10	 397	  1.204834938    	5.960464478e-06	  1.316045046	 0.8000869751	1.192092896e-06	  1.079837799
 10	 398	  1.199080944    	5.006790161e-06	  1.322281122	 0.7998139858	  0.000000000	  1.079658985
 10	 399	  1.183504105    	5.006790161e-06	  1.327637911	 0.8099060059	9.536743164e-07	  1.079807997
 10	 400	  1.006289005    	0.08222198486	  1.425246954	 0.8072469234	1.192092896e-06	  1.079880953
 10	 401	  1.204749107    	2.861022949e-06	  1.309044123	 0.8072390556	1.907348633e-06	  1.079862118
 10	 402	  1.204824924    	3.099441528e-06	  1.311323881	 0.8050091267	9.536743164e-07	  1.080389977
 10	 403	  1.005053997    	0.06514406204	  1.442991018	 0.8072738647	9.536743164e-07	  1.079663038
 10	 404	  1.195138216    	2.861022949e-06	  1.322435141	 0.8029189110	9.536743164e-07	  1.079647064
 10	 405	  1.195337057    	5.006790161e-06	  1.325083017	 0.8000228405	  0.000000000	  1.079721212
 10	 406	  1.192970991    	5.006790161e-06	  1.325335979	 0.8023319244	9.536743164e-07	  1.079531193
 10	 407	  1.008137941    	0.05014896393	  1.455092192	 0.8071148396	2.145767212e-06	  1.080025911
 10	 408	  1.193863869    	5.006790161e-06	  1.321935177	 0.8046419621	9.536743164e-07	  1.079773903
 10	 409	  1.006417036    	0.07393789291	  1.435758114	 0.8043708801	9.536743164e-07	  1.079741001
 10	 410	  1.195876837    	3.099441528e-06	  1.322561026	 0.8021378517	9.536743164e-07	  1.079638004
 10	 411	  1.185889959    	4.053115845e-06	  1.330448151	 0.8041059971	9.536743164e-07	  1.079754829
 10	 412	  1.194113970    	5.006790161e-06	  1.325237989	 0.8014991283	9.536743164e-07	  1.079858065
 10	 413	  1.006252050    	0.06997799873	  1.447154045	 0.7974538803	9.536743164e-07	  1.079894066
 10	 414	  1.194264889    	3.099441528e-06	  1.329643965	 0.7970709801	  0.000000000	  1.079792023
 10	 415	  1.139940023    	5.006790161e-06	  1.371078014	 0.8098590374	  0.000000000	  1.079921007
 10	 416	  1.005726099    	0.08778786659	  1.420103073	 0.8071990013	9.536743164e-07	  1.079982996
 10	 417	  1.187700987    	4.053115845e-06	  1.325793982	 0.8073318005	1.192092896e-06	  1.080631018
 10	 418	  1.190187931    	4.053115845e-06	  1.325747013	 0.8050479889	9.536743164e-07	  1.079828024
 10	 419	  1.006004095    	0.06834101677	  1.439064980	 0.8074259758	9.536743164e-07	  1.079956055
 10	 420	  1.194395781    	5.006790161e-06	  1.321678162	 0.8047618866	9.536743164e-07	  1.079956055
 10	 421	  1.191249132    	4.768371582e-06	  1.332298040	 0.7978291512	9.536743164e-07	  1.080194950
 10	 422	  1.005025864    	0.08077502251	  1.433304071	 0.8024439812	9.536743164e-07	  1.080044985
 10	 423	  1.179737091    	4.053115845e-06	  1.334367990	 0.8073408604	9.536743164e-07	  1.080169201
 10	 424	  1.194550991    	2.861022949e-06	  1.321933985	 0.8048901558	1.907348633e-06	  1.080569029
 10	 425	  1.006057978    	0.07422804832	  1.438420057	 0.8027079105	9.536743164e-07	  1.080219984
 10	 426	  1.188724041    	4.053115845e-06	  1.330850124	 0.8019738197	  0.000000000	  1.080065012
 10	 427	  1.008504152    	0.06263899803	  1.445492029	 0.8047659397	9.536743164e-07	  1.080218077
 10	 428	  1.008313894    	0.07873606682	  1.432820082	 0.8015699387	  0.000000000	  1.080176115
 10	 429	  1.189436913    	5.006790161e-06	  1.334348917	 0.7975709438	  0.000000000	  1.080254078
 10	 430	  1.197628975    	3.099441528e-06	  1.326257944	 0.7972149849	  0.000000000	  1.079974890
 10	 431	  1.169696808    	5.006790161e-06	  1.343882084	 0.8074600697	9.536743164e-07	  1.080054998
 10	 432	  1.195494175    	4.768371582e-06	  1.321119070	 0.8043410778	9.536743164e-07	  1.080152035
 10	 433	  1.008517981    	0.07265901566	  1.435201883	 0.8045961857	9.536743164e-07	  1.080142975
 10	 434	  1.008272886    	0.08340501785	  1.426991940	 0.8024320602	  0.000000000	  1.080007076
 10	 435	  1.178354025    	4.053115845e-06	  1.337728977	 0.8049478531	1.192092896e-06	  1.080600977
 10	 436	  1.192738056    	2.861022949e-06	  1.326264143	 0.8019938469	1.192092896e-06	  1.080112934
 10	 437	  1.006819963    	0.07434701920	  1.444621086	 0.7951629162	1.907348633e-06	  1.080171108
 10	 438	  1.190709829    	5.006790161e-06	  1.330590963	 0.7998411655	  0.000000000	  1.079977989
 10	 439	  1.005615950    	0.05691003799	  1.453976870	 0.8046271801	9.536743164e-07	  1.080184937
 10	 440	  1.005393982    	0.08112692833	  1.432564020	 0.8019990921	9.536743164e-07	  1.080239058
 10	 441	  1.188285112    	5.006790161e-06	  1.330796003	 0.8020398617	1.192092896e-06	  1.080196857
 10	 442	  1.186512947    	5.006790161e-06	  1.334976912	 0.7997059822	9.536743164e-07	  1.080090046
 10	 443	  1.182730913    	5.006790161e-06	  1.336694956	 0.8016891479	  0.000000000	  1.080183029
 10	 444	  1.188407898    	4.053115845e-06	  1.337447166	 0.7952649593	9.536743164e-07	  1.080170870
 10	 445	  1.187955141    	5.006790161e-06	  1.338193893	 0.7949380875	  0.000000000	  1.080874920
 10	 446	  1.190578938    	3.099441528e-06	  1.339960814	 0.7907061577	  0.000000000	  1.080101013
 10	 447	  1.006406069    	0.02594280243	  1.478833199	 0.8099918365	9.536743164e-07	  1.080210209
 10	 448	  1.200119019    	5.960464478e-06	  1.313588142	 0.8074629307	9.536743164e-07	  1.080316067
 10	 449	  1.199310064    	5.006790161e-06	  1.314651012	 0.8072299957	  0.000000000	  1.080286026
 10	 450	  1.202571154    	5.006790161e-06	  1.313664913	 0.8050630093	  0.000000000	  1.080190897
 10	 451	  1.193265915    	5.006790161e-06	  1.320343971	 0.8075280190	9.536743164e-07	  1.080331087
 10	 452	  1.203148842    	3.099441528e-06	  1.313139915	 0.8048901558	9.536743164e-07	  1.080291986
 10	 453	  1.006240129    	0.07460284233	  1.440240145	 0.8000750542	9.536743164e-07	  1.080332041
 10	 454	  1.204376936    	2.861022949e-06	  1.314965010	 0.8019540310	9.536743164e-07	  1.080491066
 10	 455	  1.059458017    	9.059906006e-06	  1.454550028	 0.8072099686	9.536743164e-07	  1.080306053
 10	 456	  1.202950954    	2.861022949e-06	  1.313318014	 0.8048651218	9.536743164e-07	  1.080370903
 10	 457	  1.194674015    	4.053115845e-06	  1.321921825	 0.8047962189	9.536743164e-07	  1.080454826
 10	 458	  1.199226856    	3.099441528e-06	  1.319749832	 0.8025569916	  0.000000000	  1.080309153
 10	 459	  1.006299019    	0.06018590927	  1.450649023	 0.8042879105	1.192092896e-06	  1.080418825
 10	 460	  1.196132898    	3.099441528e-06	  1.327317953	 0.7980051041	9.536743164e-07	  1.080368042
 10	 461	  1.190171003    	5.006790161e-06	  1.333504915	 0.7976830006	1.192092896e-06	  1.080482006
 10	 462	  1.197494030    	3.099441528e-06	  1.330394030	 0.7936639786	9.536743164e-07	  1.080327034
 10	 463	  1.182540894    	4.053115845e-06	  1.331521034	 0.8074278831	9.536743164e-07	  1.081000090
 10	 464	  1.195607901    	5.006790161e-06	  1.320873022	 0.8049240112	9.536743164e-07	  1.080500126
 10	 465	  1.006588221    	0.07078194618	  1.439419031	 0.8046598434	1.192092896e-06	  1.080460787
 10	 466	  1.194109917    	3.099441528e-06	  1.324634790	 0.8025550842	  0.000000000	  1.080276012
 10	 467	  1.193485975    	3.099441528e-06	  1.322768927	 0.8049719334	1.192092896e-06	  1.080348969
 10	 468	  1.196331978    	3.099441528e-06	  1.322716951	 0.8021628857	9.536743164e-07	  1.080353022
 10	 469	  1.189903021    	3.814697266e-06	  1.333621025	 0.7976150513	9.536743164e-07	  1.081082106
 10	 470	  1.006496906    	0.08493208885	  1.430008888	 0.7999181747	  0.000000000	  1.080261946
 10	 471	  1.172315836    	5.006790161e-06	  1.344335079	 0.8045580387	9.536743164e-07	  1.080430031
 10	 472	  1.192991972    	5.006790161e-06	  1.325921059	 0.8022511005	  0.000000000	  1.080489874
 10	 473	  1.183617830    	4.053115845e-06	  1.335453033	 0.8021581173	9.536743164e-07	  1.080412865
 10	 474	  1.193529129    	4.053115845e-06	  1.330032825	 0.7977111340	9.536743164e-07	  1.080346107
 10	 475	  1.179853201    	5.006790161e-06	  1.339488983	 0.8022758961	  0.000000000	  1.080595970
 10	 476	  1.188558102    	2.861022949e-06	  1.334410191	 0.7986669540	  0.000000000	  1.080563068
 10	 477	  1.005028009    	0.07902193069	  1.442512035	 0.7950451374	9.536743164e-07	  1.080615044
 10	 478	  1.189310074    	4.053115845e-06	  1.337678909	 0.7947640419	9.536743164e-07	  1.080482006
 10	 479	  1.145977974    	5.006790161e-06	  1.368209839	 0.8074829578	1.192092896e-06	  1.080649853
 10	 480	  1.005743027    	0.08590793610	  1.425117016	 0.8048520088	9.536743164e-07	  1.080657005
 10	 481	  1.192481995    	2.861022949e-06	  1.324120045	 0.8050000668	1.907348633e-06	  1.080667019
 10	 482	  1.193624020    	3.099441528e-06	  1.327590942	 0.8005340099	9.536743164e-07	  1.080537081
 10	 483	  1.179935932    	5.006790161e-06	  1.336749077	 0.8049190044	  0.000000000	  1.080657005
 10	 484	  1.193196058    	5.960464478e-06	  1.325357914	 0.8022091389	9.536743164e-07	  1.080354929
 10	 485	  1.182155848    	5.960464478e-06	  1.343512058	 0.7950510979	9.536743164e-07	  1.080431938
 10	 486	  1.004750967    	0.08688306808	  1.429979086	 0.7992768288	  0.000000000	  1.080276012
 10	 487	  1.164623976    	5.006790161e-06	  1.351480007	 0.8046901226	1.907348633e-06	  1.080389023
 10	 488	  1.192807913    	4.053115845e-06	  1.325695038	 0.8022379875	9.536743164e-07	  1.080442905
 10	 489	  1.190377951    	9.059906006e-06	  1.330201864	 0.8001539707	2.145767212e-06	  1.080437899
 10	 490	  1.006680965    	0.08205795288	  1.434529066	 0.7976210117	  0.000000000	  1.080286026
 10	 491	  1.185798883    	5.006790161e-06	  1.332981110	 0.8019659519	9.536743164e-07	  1.080423117
 10	 492	  1.005193949    	0.08773803711	  1.428977966	 0.7988698483	1.192092896e-06	  1.080711842
 10	 493	  1.191864967    	1.001358032e-05	  1.333922148	 0.7948188782	1.907348633e-06	  1.080450058
 10	 494	  1.089330912    	5.006790161e-06	  1.436870098	 0.7945840359	9.536743164e-07	  1.080296993
 10	 495	  1.171077967    	4.053115845e-06	  1.344825983	 0.8047850132	9.536743164e-07	  1.081086159
 10	 496	  1.197619915    	3.099441528e-06	  1.320843935	 0.8021879196	1.192092896e-06	  1.080468893
 10	 497	  1.192551851    	3.099441528e-06	  1.325937033	 0.8022229671	  0.000000000	  1.080415010
 10	 498	  1.198032141    	4.053115845e-06	  1.323274851	 0.7994811535	9.536743164e-07	  1.080323935
 10	 499	  1.068794012    	5.006790161e-06	  1.449526072	 0.8023958206	  0.000000000	  1.080396175
 10	 500	  1.199871063    	4.053115845e-06	  1.321394920	 0.7993869781	  0.000000000	  1.080452204
 10	 501	  1.190587997    	4.053115845e-06	  1.337608099	 0.7924289703	9.536743164e-07	  1.080505848
 10	 502	  1.197999954    	3.099441528e-06	  1.325855017	 0.7972328663	9.536743164e-07	  1.080398083
 10	 503	  1.178289890    	5.960464478e-06	  1.344827175	 0.7978289127	9.536743164e-07	  1.080557108
 10	 504	  1.199303865    	4.053115845e-06	  1.322130919	 0.7994689941	9.536743164e-07	  1.080610991
 10	 505	  1.187505960    	4.053115845e-06	  1.333985090	 0.7994530201	9.536743164e-07	  1.080561876
 10	 506	  1.202401876    	1.907348633e-06	  1.321560144	 0.7970759869	  0.000000000	  1.080455065
 10	 507	  1.178210974    	5.006790161e-06	  1.343163013	 0.7995879650	  0.000000000	  1.080531120
 10	 508	  1.199368000    	3.814697266e-06	  1.328937054	 0.7926261425	9.536743164e-07	  1.080889940
 10	 509	  1.194136143    	5.960464478e-06	  1.334390879	 0.7923891544	1.907348633e-06	  1.080594063
 10	 510	  1.196492910    	5.006790161e-06	  1.331827164	 0.7927649021	9.536743164e-07	  1.080446959


