#RUN	RANK	FAILURE_DETECTED	COMM_REVOKED	COMM_SHRINKED	COMM_SPAWNED	ROLLBACK_DONE	COMM_MERGED
 10	   0	  1.007203102    	0.004943847656	 0.2389791012	0.06298589706	0.01554608345	 0.1535310745
 10	   1	  1.029675007    	0.008680105209	 0.2129888535	0.06278395653	1.192092896e-06	 0.1690859795
 10	   2	  1.029209137    	1.907348633e-06	 0.2221260071	0.06277990341	1.192092896e-06	 0.1690900326
 10	   3	  1.006693840    	0.005371093750	 0.2394330502	0.06256699562	9.536743164e-07	 0.1690759659
 10	   4	  1.004010916    	0.01640510559	 0.2308959961	0.06279993057	9.536743164e-07	 0.1690921783
 10	   5	  1.029332161    	4.053115845e-06	 0.2221968174	0.06258606911	9.536743164e-07	 0.1690759659
 10	   6	  1.006165981    	0.02290701866	 0.2224061489	0.06259393692	9.536743164e-07	 0.1690831184
 10	   7	  1.008780956    	0.006505012512	 0.2364528179	0.06240010262	9.536743164e-07	 0.1690680981
 10	   8	  1.081291199    	8.821487427e-06	 0.1700251102	0.06279206276	9.536743164e-07	 0.1690769196
 10	   9	  1.006163836    	0.02805805206	 0.2173230648	0.06258392334	9.536743164e-07	 0.1690731049
 10	  10	  1.081295967    	5.006790161e-06	 0.1702179909	0.06260681152	  0.000000000	 0.1690762043
 10	  11	  1.008777142    	0.01586294174	 0.2270979881	0.06239604950	9.536743164e-07	 0.1690769196
 10	  12	  1.078918934    	4.053115845e-06	 0.1725819111	0.06261706352	9.536743164e-07	 0.1690809727
 10	  13	  1.072082996    	4.053115845e-06	 0.1796319485	0.06240606308	9.536743164e-07	 0.1690771580
 10	  14	  1.003947020    	0.03033900261	 0.2174408436	0.06239414215	  0.000000000	 0.1690809727
 10	  15	  1.066511869    	4.053115845e-06	 0.1852560043	0.06221389771	  0.000000000	 0.1690521240
 10	  16	  1.007325172    	0.04184699059	 0.2020139694	0.06278586388	9.536743164e-07	 0.1690661907
 10	  17	  1.013009071    	0.03627681732	 0.2020940781	0.06259703636	  0.000000000	 0.1690590382
 10	  18	  1.004945993    	0.04426908493	 0.2021629810	0.06259202957	9.536743164e-07	 0.1690580845
 10	  19	  1.005765915    	0.02440404892	 0.2214159966	0.06239509583	9.536743164e-07	 0.1690549850
 10	  20	  1.003672123    	0.04620695114	 0.2014729977	0.06260585785	1.192092896e-06	 0.1690618992
 10	  21	  1.078713894    	5.006790161e-06	 0.1728529930	0.06239914894	9.536743164e-07	 0.1690599918
 10	  22	  1.004647017    	0.04460310936	 0.2023110390	0.06240296364	9.536743164e-07	 0.1690559387
 10	  23	  1.009501934    	0.01625394821	 0.2258541584	0.06219696999	  0.000000000	 0.1690309048
 10	  24	  1.094243050    	2.861022949e-06	 0.1569590569	0.06258893013	9.536743164e-07	 0.1690471172
 10	  25	  1.006700993    	0.03811502457	 0.2065951824	0.06239080429	  0.000000000	 0.1690430641
 10	  26	  1.092209101    	5.006790161e-06	 0.1591718197	0.06241011620	9.536743164e-07	 0.1690459251
 10	  27	  1.007147074    	0.02806091309	 0.2164030075	0.06218910217	9.536743164e-07	 0.1690468788
 10	  28	  1.088937044    	4.053115845e-06	 0.1624238491	0.06241512299	9.536743164e-07	 0.1690490246
 10	  29	  1.004220963    	0.03079700470	 0.2165811062	0.06219911575	  0.000000000	 0.1690518856
 10	  30	  1.003911018    	0.04079198837	 0.2068791389	0.06219792366	9.536743164e-07	 0.1690521240
 10	  31	  1.088299036    	4.053115845e-06	 0.1625089645	0.06309604645	  0.000000000	 0.1690568924
 10	  32	  1.006820917    	0.04469108582	 0.1994769573	0.06290197372	  0.000000000	 0.1690731049
 10	  33	  1.010231018    	0.03281188011	 0.2079639435	0.06288504601	9.536743164e-07	 0.1690809727
 10	  34	  1.010185003    	0.04119205475	 0.1998388767	0.06266713142	  0.000000000	 0.1690850258
 10	  35	  1.095520020    	5.960464478e-06	 0.1554510593	0.06291699409	  0.000000000	 0.1690800190
 10	  36	  1.003485918    	0.03836894035	 0.2093329430	0.06269311905	1.907348633e-06	 0.1690881252
 10	  37	  1.051434994    	4.053115845e-06	 0.1997399330	0.06270694733	1.192092896e-06	 0.1690888405
 10	  38	  1.006364107    	0.04543590546	 0.1995780468	0.06250691414	  0.000000000	 0.1690931320
 10	  39	  1.007457972    	0.01992511749	 0.2237720490	0.06291890144	9.536743164e-07	 0.1691100597
 10	  40	  1.111969948    	5.006790161e-06	 0.1393780708	0.06270694733	9.536743164e-07	 0.1691150665
 10	  41	  1.004695177    	0.03602695465	 0.2106139660	0.06272888184	  0.000000000	 0.1691210270
 10	  42	  1.110208988    	5.006790161e-06	 0.1413300037	0.06251907349	9.536743164e-07	 0.1691229343
 10	  43	  1.007442951    	0.02570605278	 0.2181689739	0.06274700165	9.536743164e-07	 0.1691160202
 10	  44	  1.113531113    	2.861022949e-06	 0.1379852295	0.06252479553	1.192092896e-06	 0.1691248417
 10	  45	  1.005599022    	0.03499889374	 0.2109339237	0.06251907349	9.536743164e-07	 0.1691210270
 10	  46	  1.110451937    	5.006790161e-06	 0.1412670612	0.06233596802	9.536743164e-07	 0.1691219807
 10	  47	  1.008592844    	0.01146602631	 0.2313029766	0.06293916702	9.536743164e-07	 0.1691460609
 10	  48	  1.110514164    	1.907348633e-06	 0.1410429478	0.06272697449	1.192092896e-06	 0.1691658497
 10	  49	  1.005773067    	0.03691792488	 0.2088589668	0.06273603439	9.536743164e-07	 0.1691629887
 10	  50	  1.005926132    	0.04680085182	 0.1990270615	0.06252694130	9.536743164e-07	 0.1691670418
 10	  51	  1.008368015    	0.02500295639	 0.2181720734	0.06274795532	  0.000000000	 0.1691679955
 10	  52	  1.110102177    	4.053115845e-06	 0.1416349411	0.06253194809	9.536743164e-07	 0.1691751480
 10	  53	  1.005567074    	0.03773283958	 0.2084441185	0.06254005432	  0.000000000	 0.1691739559
 10	  54	  1.111244202    	3.814697266e-06	 0.1406860352	0.06234312057	  0.000000000	 0.1691749096
 10	  55	  1.075599194    	5.006790161e-06	 0.1756930351	0.06274485588	9.536743164e-07	 0.1691300869
 10	  56	  1.107980013    	2.002716064e-05	 0.1435098648	0.06252312660	9.536743164e-07	 0.1691448689
 10	  57	  1.003381014    	0.03729796410	 0.2108049393	0.06255197525	1.192092896e-06	 0.1691439152
 10	  58	  1.108271122    	2.861022949e-06	 0.1434321404	0.06232500076	  0.000000000	 0.1691467762
 10	  59	  1.003799915    	0.02836704254	 0.2193109989	0.06255793571	9.536743164e-07	 0.1691410542
 10	  60	  1.003559113    	0.04657697678	 0.2015469074	0.06233811378	9.536743164e-07	 0.1691560745
 10	  61	  1.099869967    	5.006790161e-06	 0.1518249512	0.06233215332	9.536743164e-07	 0.1691508293
 10	  62	  1.103694916    	5.006790161e-06	 0.1481101513	0.06221795082	9.536743164e-07	 0.1691548824


#RUN	RANK	FAILURE_DETECTED	COMM_REVOKED	COMM_SHRINKED	COMM_SPAWNED	ROLLBACK_DONE	COMM_MERGED
  9	   0	  1.004256964    	9.536743164e-07	 0.1451480389	0.06136798859	0.01561784744	 0.1738941669
  9	   1	  1.003558874    	9.536743164e-07	 0.1460289955	0.06143307686	9.536743164e-07	 0.1892640591
  9	   2	  1.009055138    	  0.000000000	 0.1405549049	0.06115913391	  0.000000000	 0.1895430088
  9	   3	  1.008347988    	  0.000000000	 0.1414258480	0.06124806404	  0.000000000	 0.1892940998
  9	   4	  1.009824038    	9.536743164e-07	 0.1397731304	0.06116890907	  0.000000000	 0.1895320415
  9	   5	  1.004714012    	  0.000000000	 0.1450769901	0.06122803688	9.536743164e-07	 0.1892931461
  9	   6	  1.011359215    	  0.000000000	 0.1384398937	0.06096792221	  0.000000000	 0.1895179749
  9	   7	  1.010474920    	  0.000000000	 0.1395051479	0.06105089188	  0.000000000	 0.1893370152
  9	   8	  1.010879993    	9.536743164e-07	 0.1387159824	0.06117510796	  0.000000000	 0.1895909309
  9	   9	  1.003314972    	9.536743164e-07	 0.1464779377	0.06122493744	1.192092896e-06	 0.1893408298
  9	  10	  1.012352943    	9.536743164e-07	 0.1374471188	0.06095790863	  0.000000000	 0.1895899773
  9	  11	  1.012937069    	  0.000000000	 0.1370449066	0.06103706360	9.536743164e-07	 0.1893401146
  9	  12	  1.003757954    	  0.000000000	 0.1460480690	0.06095004082	  0.000000000	 0.1895949841
  9	  13	  1.004329205    	  0.000000000	 0.1456608772	0.06101799011	  0.000000000	 0.1893460751
  9	  14	  1.011791945    	  0.000000000	 0.1380620003	0.06076693535	  0.000000000	 0.1895711422
  9	  15	  1.004670858    	  0.000000000	 0.1453611851	0.06085586548	9.536743164e-07	 0.1893229485
  9	  16	  1.005561113    	9.536743164e-07	 0.1438879967	0.06117200851	9.536743164e-07	 0.1895759106
  9	  17	  1.005136013    	1.192092896e-06	 0.1444878578	0.06124711037	  0.000000000	 0.1893329620
  9	  18	  1.006986856    	  0.000000000	 0.1426811218	0.06094598770	  0.000000000	 0.1895778179
  9	  19	  1.006135941    	  0.000000000	 0.1436879635	0.06104803085	  0.000000000	 0.1893341541
  9	  20	  1.006551027    	  0.000000000	 0.1430919170	0.06096696854	  0.000000000	 0.1895840168
  9	  21	  1.007457018    	  0.000000000	 0.1423671246	0.06103682518	  0.000000000	 0.1893329620
  9	  22	  1.008306026    	9.536743164e-07	 0.1414079666	0.06075096130	  0.000000000	 0.1895589828
  9	  23	  1.010291815    	1.192092896e-06	 0.1395959854	0.06083893776	9.536743164e-07	 0.1893100739
  9	  24	  1.008855104    	9.536743164e-07	 0.1406490803	0.06096601486	9.536743164e-07	 0.1895589828
  9	  25	  1.009237051    	  0.000000000	 0.1404409409	0.06103897095	  0.000000000	 0.1893119812
  9	  26	  1.009857893    	9.536743164e-07	 0.1398630142	0.06073594093	  0.000000000	 0.1895651817
  9	  27	  1.011963844    	  0.000000000	 0.1379301548	0.06082487106	9.536743164e-07	 0.1893219948
  9	  28	  1.011522055    	9.536743164e-07	 0.1382038593	0.06072807312	9.536743164e-07	 0.1895761490
  9	  29	  1.012481928    	  0.000000000	 0.1374001503	0.06082487106	9.536743164e-07	 0.1893210411
  9	  30	  1.010714054    	9.536743164e-07	 0.1392569542	0.06057500839	9.536743164e-07	 0.1895940304
  9	  31	  1.010259867    	  0.000000000	 0.1388099194	0.06174421310	  0.000000000	 0.1893448830
  9	  32	  1.012650013    	  0.000000000	 0.1365931034	0.06130194664	  0.000000000	 0.1896040440
  9	  33	  1.003622055    	  0.000000000	 0.1456549168	0.06151819229	  0.000000000	 0.1893589497
  9	  34	  1.004101992    	1.192092896e-06	 0.1453359127	0.06109809875	  0.000000000	 0.1896069050
  9	  35	  1.003247976    	9.536743164e-07	 0.1460211277	0.06152701378	  0.000000000	 0.1893539429
  9	  36	  1.004685879    	  0.000000000	 0.1447699070	0.06107902527	  0.000000000	 0.1896040440
  9	  37	  1.005011797    	1.192092896e-06	 0.1444349289	0.06134009361	  0.000000000	 0.1893539429
  9	  38	  1.006760120    	  0.000000000	 0.1430339813	0.06091189384	  0.000000000	 0.1896281242
  9	  39	  1.005618095    	9.536743164e-07	 0.1438071728	0.06154584885	  0.000000000	 0.1894350052
  9	  40	  1.007158995    	9.536743164e-07	 0.1424441338	0.06111097336	  0.000000000	 0.1896810532
  9	  41	  1.006098986    	9.536743164e-07	 0.1435279846	0.06133413315	  0.000000000	 0.1894359589
  9	  42	  1.007616043    	9.536743164e-07	 0.1421580315	0.06092596054	  0.000000000	 0.1896870136
  9	  43	  1.009588003    	1.192092896e-06	 0.1400358677	0.06133794785	1.192092896e-06	 0.1894438267
  9	  44	  1.009977818    	1.192092896e-06	 0.1398139000	0.06090688705	  0.000000000	 0.1896910667
  9	  45	  1.010356903    	  0.000000000	 0.1394479275	0.06114602089	  0.000000000	 0.1894350052
  9	  46	  1.003326178    	2.598762512e-05	 0.1468150616	0.06074285507	9.536743164e-07	 0.1897220612
  9	  47	  1.008743048    	9.536743164e-07	 0.1408760548	0.06155800819	  0.000000000	 0.1894750595
  9	  48	  1.009225845    	9.536743164e-07	 0.1405541897	0.06113195419	  0.000000000	 0.1897339821
  9	  49	  1.011532068    	  0.000000000	 0.1382949352	0.06133508682	  0.000000000	 0.1894760132
  9	  50	  1.011976957    	1.192092896e-06	 0.1380028725	0.06092309952	  0.000000000	 0.1897208691
  9	  51	  1.012455940    	9.536743164e-07	 0.1373600960	0.06134581566	  0.000000000	 0.1894772053
  9	  52	  1.012933969    	  0.000000000	 0.1370370388	0.06092691422	1.192092896e-06	 0.1897218227
  9	  53	  1.003597021    	9.536743164e-07	 0.1464090347	0.06114292145	  0.000000000	 0.1894760132
  9	  54	  1.003111839    	2.598762512e-05	 0.1468131542	0.06073188782	  0.000000000	 0.1896901131
  9	  55	  1.006148100    	  0.000000000	 0.1434268951	0.06137108803	  0.000000000	 0.1894419193
  9	  56	  1.005219936    	  0.000000000	 0.1445350647	0.06093382835	  0.000000000	 0.1896979809
  9	  57	  1.005650043    	  0.000000000	 0.1441600323	0.06112384796	9.536743164e-07	 0.1894490719
  9	  58	  1.003216982    	9.536743164e-07	 0.1467440128	0.06071400642	9.536743164e-07	 0.1896941662
  9	  59	  1.004776001    	  0.000000000	 0.1450190544	0.06114196777	9.536743164e-07	 0.1894531250
  9	  60	  1.003263950    	9.536743164e-07	 0.1466829777	0.06072402000	9.536743164e-07	 0.1897070408
  9	  61	  1.003409863    	9.536743164e-07	 0.1465620995	0.06095409393	  0.000000000	 0.1894538403
  9	  62	  1.007326126    	2.861022949e-06	 0.1428020000	0.06083202362	  0.000000000	 0.1895129681


#RUN	RANK	FAILURE_DETECTED	COMM_REVOKED	COMM_SHRINKED	COMM_SPAWNED	ROLLBACK_DONE	COMM_MERGED
  8	   0	  1.012324095    	9.536743164e-07	 0.1296279430	0.06709194183	0.01553606987	 0.1532180309
  8	   1	  1.005769014    	9.536743164e-07	 0.1363589764	0.06691503525	9.536743164e-07	 0.1687691212
  8	   2	  1.006860971    	1.192092896e-06	 0.1352748871	0.06689906120	9.536743164e-07	 0.1687700748
  8	   3	  1.007498026    	1.192092896e-06	 0.1348497868	0.06669616699	1.907348633e-06	 0.1687610149
  8	   4	  1.008224010    	  0.000000000	 0.1339061260	0.06690597534	9.536743164e-07	 0.1687688828
  8	   5	  1.006208897    	  0.000000000	 0.1361050606	0.06673598289	9.536743164e-07	 0.1687362194
  8	   6	  1.010705948    	  0.000000000	 0.1316289902	0.06671094894	  0.000000000	 0.1687440872
  8	   7	  1.008765936    	  0.000000000	 0.1338019371	0.06649303436	  0.000000000	 0.1687381268
  8	   8	  1.011250019    	9.536743164e-07	 0.1308779716	0.06691002846	  0.000000000	 0.1687531471
  8	   9	  1.009206057    	  0.000000000	 0.1331040859	0.06673192978	  0.000000000	 0.1687529087
  8	  10	  1.012199879    	  0.000000000	 0.1301469803	0.06669306755	  0.000000000	 0.1687490940
  8	  11	  1.013195992    	1.192092896e-06	 0.1293540001	0.06649398804	  0.000000000	 0.1687469482
  8	  12	  1.014109135    	9.536743164e-07	 0.1282269955	0.06670594215	  0.000000000	 0.1687471867
  8	  13	  1.013533831    	  0.000000000	 0.1288330555	0.06653404236	  0.000000000	 0.1687278748
  8	  14	  1.012676001    	9.536743164e-07	 0.1296818256	0.06653809547	  0.000000000	 0.1687250137
  8	  15	  1.011593819    	1.192092896e-06	 0.1310169697	0.06629586220	  0.000000000	 0.1687309742
  8	  16	  1.005894899    	  0.000000000	 0.1360919476	0.06690812111	  0.000000000	 0.1687388420
  8	  17	  1.004511833    	3.004074097e-05	 0.1376430988	0.06671500206	  0.000000000	 0.1687388420
  8	  18	  1.006374121    	9.536743164e-07	 0.1358399391	0.06667995453	  0.000000000	 0.1687431335
  8	  19	  1.004998922    	  0.000000000	 0.1374299526	0.06647205353	  0.000000000	 0.1687421799
  8	  20	  1.005410194    	9.536743164e-07	 0.1367738247	0.06670904160	9.536743164e-07	 0.1687572002
  8	  21	  1.009650946    	  0.000000000	 0.1326019764	0.06649208069	9.536743164e-07	 0.1687240601
  8	  22	  1.008984089    	  0.000000000	 0.1332747936	0.06648015976	  0.000000000	 0.1687350273
  8	  23	  1.007588863    	9.536743164e-07	 0.1348969936	0.06627202034	1.192092896e-06	 0.1687247753
  8	  24	  1.008090973    	  0.000000000	 0.1339321136	0.06671786308	  0.000000000	 0.1687431335
  8	  25	  1.007090092    	9.536743164e-07	 0.1351320744	0.06652307510	  0.000000000	 0.1687328815
  8	  26	  1.008555889    	1.192092896e-06	 0.1336908340	0.06649017334	  0.000000000	 0.1687419415
  8	  27	  1.009963036    	  0.000000000	 0.1325027943	0.06627821922	  0.000000000	 0.1687347889
  8	  28	  1.010438919    	9.536743164e-07	 0.1317901611	0.06650900841	  0.000000000	 0.1687397957
  8	  29	  1.011620998    	  0.000000000	 0.1308531761	0.06635594368	  0.000000000	 0.1687450409
  8	  30	  1.011130095    	  0.000000000	 0.1313519478	0.06634306908	9.536743164e-07	 0.1687440872
  8	  31	  1.010651112    	  0.000000000	 0.1309599876	0.06722402573	  0.000000000	 0.1687541008
  8	  32	  1.012984037    	  0.000000000	 0.1288330555	0.06700301170	  0.000000000	 0.1687719822
  8	  33	  1.013471842    	  0.000000000	 0.1283361912	0.06701683998	  0.000000000	 0.1687719822
  8	  34	  1.009616852    	  0.000000000	 0.1323921680	0.06680989265	  0.000000000	 0.1687741280
  8	  35	  1.012564898    	  0.000000000	 0.1292490959	0.06701302528	  0.000000000	 0.1687760353
  8	  36	  1.012168884    	  0.000000000	 0.1298329830	0.06681704521	  0.000000000	 0.1687779427
  8	  37	  1.005978107    	9.536743164e-07	 0.1361689568	0.06684088707	  0.000000000	 0.1687901020
  8	  38	  1.006621122    	  0.000000000	 0.1357469559	0.06661295891	9.536743164e-07	 0.1687960625
  8	  39	  1.007076979    	9.536743164e-07	 0.1348760128	0.06704020500	  0.000000000	 0.1687958241
  8	  40	  1.005623817    	  0.000000000	 0.1365079880	0.06684613228	  0.000000000	 0.1688029766
  8	  41	  1.014591932    	  0.000000000	 0.1275599003	0.06683111191	  0.000000000	 0.1687989235
  8	  42	  1.005022049    	9.536743164e-07	 0.1373510361	0.06660509109	9.536743164e-07	 0.1688020229
  8	  43	  1.007979870    	  0.000000000	 0.1341619492	0.06684303284	  0.000000000	 0.1687960625
  8	  44	  1.007565975    	  0.000000000	 0.1347439289	0.06667304039	  0.000000000	 0.1688051224
  8	  45	  1.004760981    	2.717971802e-05	 0.1377139091	0.06668591499	  0.000000000	 0.1688280106
  8	  46	  1.009005070    	9.536743164e-07	 0.1337518692	0.06642699242	  0.000000000	 0.1688330173
  8	  47	  1.009503841    	1.192092896e-06	 0.1326339245	0.06705808640	  0.000000000	 0.1688368320
  8	  48	  1.008492947    	  0.000000000	 0.1338341236	0.06685590744	  0.000000000	 0.1688449383
  8	  49	  1.010887861    	  0.000000000	 0.1314611435	0.06684088707	  0.000000000	 0.1688470840
  8	  50	  1.012328148    	  0.000000000	 0.1302168369	0.06663513184	9.536743164e-07	 0.1688590050
  8	  51	  1.011353970    	  0.000000000	 0.1309721470	0.06686401367	9.536743164e-07	 0.1688568592
  8	  52	  1.011806965    	  0.000000000	 0.1307170391	0.06665992737	  0.000000000	 0.1688570976
  8	  53	  1.004578114    	2.098083496e-05	 0.1377289295	0.06663298607	  0.000000000	 0.1688199043
  8	  54	  1.004845858    	1.192092896e-06	 0.1376938820	0.06641602516	  0.000000000	 0.1688261032
  8	  55	  1.013942957    	  0.000000000	 0.1281819344	0.06684708595	9.536743164e-07	 0.1688320637
  8	  56	  1.004934072    	  0.000000000	 0.1373510361	0.06666994095	  0.000000000	 0.1688339710
  8	  57	  1.004698038    	  0.000000000	 0.1376290321	0.06663203239	  0.000000000	 0.1688339710
  8	  58	  1.006861925    	1.192092896e-06	 0.1356599331	0.06643104553	9.536743164e-07	 0.1688370705
  8	  59	  1.004724979    	9.536743164e-07	 0.1375789642	0.06665396690	9.536743164e-07	 0.1688380241
  8	  60	  1.004767895    	1.192092896e-06	 0.1376969814	0.06648898125	9.536743164e-07	 0.1688358784
  8	  61	  1.005757093    	9.536743164e-07	 0.1368010044	0.06648492813	  0.000000000	 0.1688361168
  8	  62	  1.006721020    	2.861022949e-06	 0.1359810829	0.06632399559	  0.000000000	 0.1688520908


#RUN	RANK	FAILURE_DETECTED	COMM_REVOKED	COMM_SHRINKED	COMM_SPAWNED	ROLLBACK_DONE	COMM_MERGED
  7	   0	  1.012491941    	  0.000000000	 0.1300411224	0.06706690788	0.01553106308	 0.1526451111
  7	   1	  1.013095140    	  0.000000000	 0.1296148300	0.06687617302	  0.000000000	 0.1681809425
  7	   2	  1.004713058    	  0.000000000	 0.1380169392	0.06685113907	9.536743164e-07	 0.1682019234
  7	   3	  1.005314827    	  0.000000000	 0.1376030445	0.06667494774	  0.000000000	 0.1681761742
  7	   4	  1.004176140    	9.536743164e-07	 0.1385290623	0.06688594818	9.536743164e-07	 0.1681809425
  7	   5	  1.013604879    	9.536743164e-07	 0.1293060780	0.06668400764	  0.000000000	 0.1681749821
  7	   6	  1.007008076    	  0.000000000	 0.1359019279	0.06667900085	  0.000000000	 0.1681768894
  7	   7	  1.006010056    	9.536743164e-07	 0.1371021271	0.06649684906	  0.000000000	 0.1682250500
  7	   8	  1.006467104    	9.536743164e-07	 0.1362519264	0.06687402725	9.536743164e-07	 0.1682410240
  7	   9	  1.007406950    	  0.000000000	 0.1355071068	0.06667900085	9.536743164e-07	 0.1682429314
  7	  10	  1.011131048    	  0.000000000	 0.1317758560	0.06668019295	9.536743164e-07	 0.1682469845
  7	  11	  1.007836103    	9.536743164e-07	 0.1352870464	0.06647992134	  0.000000000	 0.1682410240
  7	  12	  1.008219004    	  0.000000000	 0.1345601082	0.06667184830	  0.000000000	 0.1682209969
  7	  13	  1.011651039    	9.536743164e-07	 0.1313199997	0.06647992134	9.536743164e-07	 0.1682181358
  7	  14	  1.008669138    	  0.000000000	 0.1342959404	0.06648111343	  0.000000000	 0.1682219505
  7	  15	  1.012163877    	  0.000000000	 0.1310291290	0.06627607346	  0.000000000	 0.1682178974
  7	  16	  1.012660980    	1.192092896e-06	 0.1299259663	0.06686091423	  0.000000000	 0.1682269573
  7	  17	  1.013170958    	  0.000000000	 0.1296041012	0.06667304039	  0.000000000	 0.1682319641
  7	  18	  1.013597012    	1.192092896e-06	 0.1291999817	0.06664395332	  0.000000000	 0.1682319641
  7	  19	  1.004130840    	1.192092896e-06	 0.1388440132	0.06648087502	  0.000000000	 0.1682281494
  7	  20	  1.004933119    	9.536743164e-07	 0.1376760006	0.06668591499	  0.000000000	 0.1682109833
  7	  21	  1.005955935    	  0.000000000	 0.1368758678	0.06646299362	  0.000000000	 0.1682100296
  7	  22	  1.006340027    	9.536743164e-07	 0.1364879608	0.06645894051	  0.000000000	 0.1682121754
  7	  23	  1.005424023    	  0.000000000	 0.1375958920	0.06629705429	9.536743164e-07	 0.1681990623
  7	  24	  1.006815910    	  0.000000000	 0.1358311176	0.06664896011	  0.000000000	 0.1682150364
  7	  25	  1.007417917    	  0.000000000	 0.1353890896	0.06648898125	  0.000000000	 0.1682090759
  7	  26	  1.008161068    	9.536743164e-07	 0.1346600056	0.06646299362	9.536743164e-07	 0.1682131290
  7	  27	  1.007683039    	9.536743164e-07	 0.1353371143	0.06628489494	9.536743164e-07	 0.1682059765
  7	  28	  1.008923054    	9.536743164e-07	 0.1339678764	0.06648707390	  0.000000000	 0.1682209969
  7	  29	  1.009310007    	  0.000000000	 0.1337671280	0.06630301476	  0.000000000	 0.1682209969
  7	  30	  1.009804010    	  0.000000000	 0.1332640648	0.06630897522	  0.000000000	 0.1682229042
  7	  31	  1.008363008    	  0.000000000	 0.1338310242	0.06720209122	  0.000000000	 0.1682279110
  7	  32	  1.012202978    	9.536743164e-07	 0.1301860809	0.06698393822	9.536743164e-07	 0.1682450771
  7	  33	  1.010777950    	9.536743164e-07	 0.1316010952	0.06698989868	1.192092896e-06	 0.1682379246
  7	  34	  1.011868954    	  0.000000000	 0.1307089329	0.06678700447	1.192092896e-06	 0.1682457924
  7	  35	  1.011286020    	  0.000000000	 0.1310868263	0.06700301170	1.192092896e-06	 0.1682357788
  7	  36	  1.010412931    	9.536743164e-07	 0.1323020458	0.06682300568	  0.000000000	 0.1682620049
  7	  37	  1.013445139    	9.536743164e-07	 0.1292870045	0.06680488586	  0.000000000	 0.1682629585
  7	  38	  1.004777908    	9.536743164e-07	 0.1381270885	0.06662583351	  0.000000000	 0.1682660580
  7	  39	  1.013765812    	  0.000000000	 0.1287791729	0.06701803207	  0.000000000	 0.1683030128
  7	  40	  1.005235910    	  0.000000000	 0.1374950409	0.06680798531	  0.000000000	 0.1683239937
  7	  41	  1.005707026    	  0.000000000	 0.1370189190	0.06680917740	9.536743164e-07	 0.1683158875
  7	  42	  1.004374981    	9.536743164e-07	 0.1385469437	0.06660699844	  0.000000000	 0.1683220863
  7	  43	  1.006165981    	9.536743164e-07	 0.1365540028	0.06682991982	1.192092896e-06	 0.1683099270
  7	  44	  1.003976107    	1.788139343e-05	 0.1391270161	0.06662201881	  0.000000000	 0.1683530807
  7	  45	  1.006800890    	  0.000000000	 0.1363089085	0.06663203239	  0.000000000	 0.1683521271
  7	  46	  1.007759094    	  0.000000000	 0.1355509758	0.06642889977	  0.000000000	 0.1683611870
  7	  47	  1.007313967    	  0.000000000	 0.1354420185	0.06700396538	  0.000000000	 0.1683568954
  7	  48	  1.008698940    	  0.000000000	 0.1342170238	0.06683015823	9.536743164e-07	 0.1683628559
  7	  49	  1.010544062    	9.536743164e-07	 0.1323881149	0.06680583954	  0.000000000	 0.1683781147
  7	  50	  1.009653091    	  0.000000000	 0.1334638596	0.06662106514	9.536743164e-07	 0.1683750153
  7	  51	  1.010227203    	9.536743164e-07	 0.1326749325	0.06684494019	1.192092896e-06	 0.1683759689
  7	  52	  1.003779888    	2.789497375e-05	 0.1390800476	0.06662607193	9.536743164e-07	 0.1683540344
  7	  53	  1.009363174    	  0.000000000	 0.1335289478	0.06662106514	  0.000000000	 0.1683518887
  7	  54	  1.013217926    	  0.000000000	 0.1298658848	0.06642317772	  0.000000000	 0.1683578491
  7	  55	  1.012828827    	1.192092896e-06	 0.1298859119	0.06682085991	  0.000000000	 0.1683552265
  7	  56	  1.003906965    	9.536743164e-07	 0.1389849186	0.06662106514	  0.000000000	 0.1683850288
  7	  57	  1.013708830    	  0.000000000	 0.1291940212	0.06661105156	  0.000000000	 0.1683900356
  7	  58	  1.003916979    	  0.000000000	 0.1391770840	0.06640982628	  0.000000000	 0.1683959961
  7	  59	  1.003958941    	9.536743164e-07	 0.1389179230	0.06664705276	9.536743164e-07	 0.1683881283
  7	  60	  1.004784107    	9.536743164e-07	 0.1383650303	0.06644296646	9.536743164e-07	 0.1684219837
  7	  61	  1.014131069    	  0.000000000	 0.1290190220	0.06643986702	  0.000000000	 0.1684241295
  7	  62	  1.004851103    	1.907348633e-06	 0.1383829117	0.06629896164	  0.000000000	 0.1684210300


#RUN	RANK	FAILURE_DETECTED	COMM_REVOKED	COMM_SHRINKED	COMM_SPAWNED	ROLLBACK_DONE	COMM_MERGED
  6	   0	  1.014317989    	  0.000000000	 0.1397330761	0.06588983536	0.01559209824	 0.1572408676
  6	   1	  1.005027056    	  0.000000000	 0.1492209435	0.06569910049	  0.000000000	 0.1728339195
  6	   2	  1.008337975    	1.192092896e-06	 0.1458909512	0.06571102142	9.536743164e-07	 0.1728529930
  6	   3	  1.006335020    	9.536743164e-07	 0.1481120586	0.06550693512	  0.000000000	 0.1728448868
  6	   4	  1.006718159    	9.536743164e-07	 0.1475489140	0.06567811966	9.536743164e-07	 0.1728508472
  6	   5	  1.007203102    	  0.000000000	 0.1472709179	0.06547713280	  0.000000000	 0.1728439331
  6	   6	  1.009696007    	  0.000000000	 0.1447410583	0.06550693512	9.536743164e-07	 0.1728429794
  6	   7	  1.007703066    	  0.000000000	 0.1469349861	0.06531786919	  0.000000000	 0.1728429794
  6	   8	  1.008665085    	9.536743164e-07	 0.1457340717	0.06554102898	  0.000000000	 0.1728470325
  6	   9	  1.008257151    	  0.000000000	 0.1461870670	0.06550478935	1.192092896e-06	 0.1728539467
  6	  10	  1.009165049    	9.536743164e-07	 0.1452460289	0.06552791595	9.536743164e-07	 0.1728460789
  6	  11	  1.011147022    	9.536743164e-07	 0.1433558464	0.06530404091	  0.000000000	 0.1728210449
  6	  12	  1.012326956    	  0.000000000	 0.1419880390	0.06548213959	9.536743164e-07	 0.1728260517
  6	  13	  1.009950161    	9.536743164e-07	 0.1445670128	0.06528401375	9.536743164e-07	 0.1728260517
  6	  14	  1.011551142    	  0.000000000	 0.1429178715	0.06532692909	1.192092896e-06	 0.1728239059
  6	  15	  1.010575056    	9.536743164e-07	 0.1441211700	0.06511592865	  0.000000000	 0.1728239059
  6	  16	  1.011862993    	  0.000000000	 0.1423878670	0.06554293633	  0.000000000	 0.1728351116
  6	  17	  1.013252020    	  0.000000000	 0.1410379410	0.06551289558	9.536743164e-07	 0.1728360653
  6	  18	  1.012820005    	9.536743164e-07	 0.1414549351	0.06551790237	1.192092896e-06	 0.1728308201
  6	  19	  1.004735947    	  0.000000000	 0.1496021748	0.06531190872	  0.000000000	 0.1728100777
  6	  20	  1.005573988    	9.536743164e-07	 0.1486089230	0.06545495987	1.192092896e-06	 0.1728179455
  6	  21	  1.005085945    	  0.000000000	 0.1492679119	0.06529307365	  0.000000000	 0.1728129387
  6	  22	  1.014018059    	  0.000000000	 0.1403081417	0.06531190872	  0.000000000	 0.1728160381
  6	  23	  1.006467819    	  0.000000000	 0.1480510235	0.06513214111	  0.000000000	 0.1728138924
  6	  24	  1.007456064    	9.536743164e-07	 0.1468570232	0.06532001495	9.536743164e-07	 0.1728131771
  6	  25	  1.006960869    	  0.000000000	 0.1473751068	0.06531000137	  0.000000000	 0.1728229523
  6	  26	  1.007926941    	9.536743164e-07	 0.1463899612	0.06531715393	  0.000000000	 0.1728258133
  6	  27	  1.005608082    	9.536743164e-07	 0.1490030289	0.06512188911	9.536743164e-07	 0.1728270054
  6	  28	  1.009129047    	  0.000000000	 0.1463820934	0.06421303749	  0.000000000	 0.1728270054
  6	  29	  1.008569956    	9.536743164e-07	 0.1467161179	0.06444287300	  0.000000000	 0.1728219986
  6	  30	  1.010437012    	  0.000000000	 0.1448609829	0.06442403793	  0.000000000	 0.1728260517
  6	  31	  1.008127928    	  0.000000000	 0.1455960274	0.06601500511	  0.000000000	 0.1728241444
  6	  32	  1.009927988    	  0.000000000	 0.1439831257	0.06580495834	  0.000000000	 0.1728398800
  6	  33	  1.009466887    	9.536743164e-07	 0.1444251537	0.06583404541	  0.000000000	 0.1728408337
  6	  34	  1.010834217    	  0.000000000	 0.1432719231	0.06560993195	  0.000000000	 0.1728429794
  6	  35	  1.011480093    	9.536743164e-07	 0.1426210403	0.06579494476	  0.000000000	 0.1728579998
  6	  36	  1.012954950    	1.192092896e-06	 0.1413159370	0.06560993195	9.536743164e-07	 0.1728610992
  6	  37	  1.013388157    	9.536743164e-07	 0.1408579350	0.06564307213	  0.000000000	 0.1728639603
  6	  38	  1.012563944    	  0.000000000	 0.1418690681	0.06545209885	  0.000000000	 0.1728658676
  6	  39	  1.011970997    	  0.000000000	 0.1422529221	0.06567311287	9.536743164e-07	 0.1728599072
  6	  40	  1.004848957    	  0.000000000	 0.1494162083	0.06561779976	1.192092896e-06	 0.1728649139
  6	  41	  1.005325079    	  0.000000000	 0.1489019394	0.06566309929	  0.000000000	 0.1728639603
  6	  42	  1.005802155    	  0.000000000	 0.1486389637	0.06544208527	9.536743164e-07	 0.1728699207
  6	  43	  1.004822016    	2.503395081e-05	 0.1496338844	0.06561803818	  0.000000000	 0.1728851795
  6	  44	  1.014478922    	9.536743164e-07	 0.1401569843	0.06545209885	  0.000000000	 0.1728930473
  6	  45	  1.008759975    	9.536743164e-07	 0.1458709240	0.06546401978	  0.000000000	 0.1728920937
  6	  46	  1.008288860    	1.192092896e-06	 0.1465198994	0.06527590752	  0.000000000	 0.1729099751
  6	  47	  1.006950855    	9.536743164e-07	 0.1474671364	0.06568503380	9.536743164e-07	 0.1729040146
  6	  48	  1.007905006    	  0.000000000	 0.1465401649	0.06563901901	9.536743164e-07	 0.1729209423
  6	  49	  1.007406950    	  0.000000000	 0.1470270157	0.06566214561	  0.000000000	 0.1729028225
  6	  50	  1.009277105    	9.536743164e-07	 0.1453490257	0.06545805931	  0.000000000	 0.1729209423
  6	  51	  1.004698992    	  0.000000000	 0.1495759487	0.06559514999	  0.000000000	 0.1728749275
  6	  52	  1.010561943    	9.536743164e-07	 0.1438691616	0.06542682648	9.536743164e-07	 0.1728842258
  6	  53	  1.010935068    	9.536743164e-07	 0.1434700489	0.06545996666	  0.000000000	 0.1728858948
  6	  54	  1.011343002    	  0.000000000	 0.1432428360	0.06527018547	  0.000000000	 0.1728889942
  6	  55	  1.004798889    	9.536743164e-07	 0.1496012211	0.06546878815	  0.000000000	 0.1728861332
  6	  56	  1.012748957    	  0.000000000	 0.1416659355	0.06543803215	9.536743164e-07	 0.1728959084
  6	  57	  1.004831076    	9.536743164e-07	 0.1495730877	0.06545996666	  0.000000000	 0.1728858948
  6	  58	  1.004903078    	9.536743164e-07	 0.1497039795	0.06524395943	9.536743164e-07	 0.1728889942
  6	  59	  1.013525963    	  0.000000000	 0.1417729855	0.06459403038	  0.000000000	 0.1728918552
  6	  60	  1.014577150    	9.536743164e-07	 0.1407859325	0.06457304955	9.536743164e-07	 0.1728930473
  6	  61	  1.013017178    	9.536743164e-07	 0.1423349380	0.06459093094	  0.000000000	 0.1728901863
  6	  62	  1.014629841    	3.099441528e-06	 0.1406669617	0.06463408470	9.536743164e-07	 0.1728899479


