#RUN	RANK	FAILURE_DETECTED	COMM_REVOKED	COMM_SHRINKED	COMM_SPAWNED	ROLLBACK_DONE	COMM_MERGED
 10	   0	  1.005378962    	0.008723974228	 0.1628880501	0.05504608154	0.01551580429	0.08205509186
 10	   1	  1.005728960    	0.008193016052	 0.1631820202	0.05492997169	  0.000000000	0.09757590294
 10	   2	  1.022363901    	8.106231689e-06	 0.1547138691	0.05494213104	9.536743164e-07	0.09760093689
 10	   3	  1.005297899    	0.008384227753	 0.1635439396	0.05481600761	9.536743164e-07	0.09757089615
 10	   4	  1.052376986    	3.814697266e-06	 0.1247191429	0.05492901802	9.536743164e-07	0.09760308266
 10	   5	  1.022263050    	4.053115845e-06	 0.1549561024	0.05481195450	9.536743164e-07	0.09759402275
 10	   6	  1.040695906    	2.145767212e-06	 0.1364998817	0.05483412743	9.536743164e-07	0.09757208824
 10	   7	  1.008240938    	0.009690999985	 0.1594018936	0.05471110344	  0.000000000	0.09763407707
 10	   8	  1.071267843    	3.099441528e-06	 0.1058309078	0.05492901802	  0.000000000	0.09764409065
 10	   9	  1.005678177    	0.02751588821	 0.1440141201	0.05481886864	9.536743164e-07	0.09764218330
 10	  10	  1.068663836    	4.053115845e-06	 0.1085209846	0.05483102798	9.536743164e-07	0.09764194489
 10	  11	  1.008248091    	0.01600098610	 0.1530821323	0.05470991135	9.536743164e-07	0.09763693810
 10	  12	  1.008186817    	0.03342700005	 0.1355881691	0.05482292175	9.536743164e-07	0.09763813019
 10	  13	  1.060889959    	9.059906006e-06	 0.1164181232	0.05470299721	  0.000000000	0.09764695168
 10	  14	  1.004840851    	0.03661108017	 0.1358408928	0.05472612381	9.536743164e-07	0.09764790535
 10	  15	  1.009114981    	2.384185791e-05	 0.1677742004	0.05513191223	  0.000000000	0.09764909744
 10	  16	  1.008995056    	0.03733587265	 0.1306910515	0.05500197411	1.192092896e-06	0.09765696526
 10	  17	  1.087302208    	3.814697266e-06	0.08970713615	0.05501484871	1.192092896e-06	0.09765601158
 10	  18	  1.006960869    	0.03292298317	 0.1372489929	0.05489015579	  0.000000000	0.09765696526
 10	  19	  1.005840063    	0.01904582977	 0.1521339417	0.05501008034	  0.000000000	0.09765100479
 10	  20	  1.101006031    	2.861022949e-06	0.07612800598	0.05488705635	9.536743164e-07	0.09766101837
 10	  21	  1.005831003    	0.02660107613	 0.1446869373	0.05490899086	  0.000000000	0.09765195847
 10	  22	  1.088730812    	4.053115845e-06	0.08851313591	0.05477786064	  0.000000000	0.09765410423
 10	  23	  1.053529024    	4.053115845e-06	 0.1235010624	0.05501198769	  0.000000000	0.09765291214
 10	  24	  1.087388992    	1.811981201e-05	0.08973097801	0.05489206314	9.536743164e-07	0.09766602516
 10	  25	  1.007558107    	0.02779006958	 0.1417658329	0.05490612984	9.536743164e-07	0.09766197205
 10	  26	  1.007352114    	0.03755903244	 0.1323239803	0.05477905273	9.536743164e-07	0.09765696526
 10	  27	  1.073333025    	5.006790161e-06	 0.1037859917	0.05490207672	9.536743164e-07	0.09765601158
 10	  28	  1.009015083    	0.03567099571	 0.1325519085	0.05477714539	9.536743164e-07	0.09765911102
 10	  29	  1.086591959    	3.099441528e-06	0.09062886238	0.05479598045	  0.000000000	0.09766006470
 10	  30	  1.006625891    	0.04043602943	 0.1302380562	0.05471587181	  0.000000000	0.09766006470


#RUN	RANK	FAILURE_DETECTED	COMM_REVOKED	COMM_SHRINKED	COMM_SPAWNED	ROLLBACK_DONE	COMM_MERGED
  9	   0	  1.010087013    	9.536743164e-07	0.07081699371	0.05195307732	0.01554799080	0.07711887360
  9	   1	  1.009293079    	  0.000000000	0.07169890404	0.05266118050	  0.000000000	0.09187698364
  9	   2	  1.004409075    	  0.000000000	0.07660198212	0.05184102058	9.536743164e-07	0.09266591072
  9	   3	  1.010426044    	  0.000000000	0.07069015503	0.05253791809	  0.000000000	0.09184503555
  9	   4	  1.004247904    	9.536743164e-07	0.07677221298	0.05183196068	9.536743164e-07	0.09264898300
  9	   5	  1.012925863    	  0.000000000	0.06818914413	0.05253601074	  0.000000000	0.09186100960
  9	   6	  1.007288933    	  0.000000000	0.07382392883	0.05173015594	  0.000000000	0.09264183044
  9	   7	  1.006831169    	  0.000000000	0.07439899445	0.05242800713	  0.000000000	0.09184384346
  9	   8	  1.009221077    	  0.000000000	0.07178092003	0.05184698105	9.536743164e-07	0.09271407127
  9	   9	  1.009699106    	  0.000000000	0.07141494751	0.05253195763	  0.000000000	0.09192109108
  9	  10	  1.010218859    	  0.000000000	0.07088303566	0.05173993111	  0.000000000	0.09272098541
  9	  11	  1.007776976    	1.192092896e-06	0.07345294952	0.05242085457	  0.000000000	0.09192013741
  9	  12	  1.008276939    	9.536743164e-07	0.07284712791	0.05172085762	9.536743164e-07	0.09272098541
  9	  13	  1.008733034    	  0.000000000	0.07249403000	0.05241894722	9.536743164e-07	0.09192109108
  9	  14	  1.012109041    	  0.000000000	0.06910085678	0.05163216591	  0.000000000	0.09271502495
  9	  15	  1.011799097    	9.536743164e-07	0.06902003288	0.05283594131	9.536743164e-07	0.09192109108
  9	  16	  1.012658834    	9.536743164e-07	0.06825709343	0.05193114281	  0.000000000	0.09272980690
  9	  17	  1.013059855    	  0.000000000	0.06788420677	0.05270195007	  0.000000000	0.09192991257
  9	  18	  1.003508091    	9.536743164e-07	0.07751297951	0.05181694031	  0.000000000	0.09273409843
  9	  19	  1.011270046    	  0.000000000	0.06967401505	0.05270409584	  0.000000000	0.09193396568
  9	  20	  1.004096031    	9.536743164e-07	0.07693004608	0.05181288719	  0.000000000	0.09273314476
  9	  21	  1.004487038    	9.536743164e-07	0.07655501366	0.05259418488	  0.000000000	0.09193992615
  9	  22	  1.003099918    	2.193450928e-05	0.07801103592	0.05171012878	  0.000000000	0.09272694588
  9	  23	  1.004904985    	9.536743164e-07	0.07602906227	0.05272197723	  0.000000000	0.09193086624
  9	  24	  1.005522966    	  0.000000000	0.07551693916	0.05181002617	1.192092896e-06	0.09273886681
  9	  25	  1.006411076    	  0.000000000	0.07463502884	0.05259895325	9.536743164e-07	0.09193801880
  9	  26	  1.003371954    	9.536743164e-07	0.07776904106	0.05170106888	  0.000000000	0.09273099899
  9	  27	  1.008013010    	  0.000000000	0.07304120064	0.05260086060	9.536743164e-07	0.09193110466
  9	  28	  1.003252029    	9.536743164e-07	0.07789492607	0.05169701576	  0.000000000	0.09274196625
  9	  29	  1.003264904    	1.192092896e-06	0.07788896561	0.05249094963	  0.000000000	0.09193706512
  9	  30	  1.008150101    	3.099441528e-06	0.07298994064	0.05187606812	9.536743164e-07	0.09249687195


#RUN	RANK	FAILURE_DETECTED	COMM_REVOKED	COMM_SHRINKED	COMM_SPAWNED	ROLLBACK_DONE	COMM_MERGED
  8	   0	  1.011660099    	9.536743164e-07	0.05921602249	0.05449008942	0.01558589935	0.07752108574
  8	   1	  1.011067867    	  0.000000000	0.05991101265	0.05438590050	  0.000000000	0.09313106537
  8	   2	  1.004993200    	1.907348633e-06	0.06599307060	0.05437302589	  0.000000000	0.09313488007
  8	   3	  1.003309011    	9.536743164e-07	0.06779193878	0.05426311493	  0.000000000	0.09312796593
  8	   4	  1.005588055    	9.536743164e-07	0.06539106369	0.05437803268	  0.000000000	0.09311699867
  8	   5	  1.012219906    	  0.000000000	0.05886793137	0.05427312851	9.536743164e-07	0.09311199188
  8	   6	  1.012711048    	  0.000000000	0.05838084221	0.05426502228	  0.000000000	0.09311103821
  8	   7	  1.006107092    	  0.000000000	0.06510496140	0.05415105820	9.536743164e-07	0.09311485291
  8	   8	  1.008118868    	  0.000000000	0.06285810471	0.05437707901	  0.000000000	0.09312391281
  8	   9	  1.006659985    	9.536743164e-07	0.06442499161	0.05427002907	  0.000000000	0.09311699867
  8	  10	  1.008594990    	9.536743164e-07	0.06250000000	0.05425810814	9.536743164e-07	0.09311604500
  8	  11	  1.009067774    	1.192092896e-06	0.06212186813	0.05416512489	9.536743164e-07	0.09311890602
  8	  12	  1.009500980    	  0.000000000	0.06158304214	0.05427098274	  0.000000000	0.09311485291
  8	  13	  1.010467052    	  0.000000000	0.06072807312	0.05416297913	  0.000000000	0.09311890602
  8	  14	  1.010978937    	  0.000000000	0.06021595001	0.05416417122	  0.000000000	0.09311294556
  8	  15	  1.009982109    	  0.000000000	0.06080889702	0.05456995964	  0.000000000	0.09312701225
  8	  16	  1.003795147    	  0.000000000	0.06710386276	0.05445194244	1.192092896e-06	0.09313488007
  8	  17	  1.011854172    	  0.000000000	0.05905294418	0.05445003510	  0.000000000	0.09312391281
  8	  18	  1.012817144    	  0.000000000	0.05820298195	0.05433201790	9.536743164e-07	0.09312891960
  8	  19	  1.012333870    	  0.000000000	0.05856895447	0.05445408821	9.536743164e-07	0.09313011169
  8	  20	  1.003349066    	9.536743164e-07	0.06766295433	0.05433797836	9.536743164e-07	0.09313201904
  8	  21	  1.003093004    	2.098083496e-05	0.06790089607	0.05434703827	  0.000000000	0.09312295914
  8	  22	  1.006678820    	  0.000000000	0.06445002556	0.05422902107	  0.000000000	0.09312295914
  8	  23	  1.004788876    	  0.000000000	0.06611609459	0.05445599556	9.536743164e-07	0.09312486649
  8	  24	  1.005740881    	  0.000000000	0.06526589394	0.05434799194	  0.000000000	0.09313321114
  8	  25	  1.003203154    	  0.000000000	0.06781482697	0.05433917046	  0.000000000	0.09312796593
  8	  26	  1.005346060    	  0.000000000	0.06577897072	0.05422997475	  0.000000000	0.09312891960
  8	  27	  1.003235102    	9.536743164e-07	0.06776905060	0.05435204506	9.536743164e-07	0.09312891960
  8	  28	  1.003250837    	1.192092896e-06	0.06786298752	0.05424284935	  0.000000000	0.09312796593
  8	  29	  1.007667065    	9.536743164e-07	0.06344699860	0.05424404144	  0.000000000	0.09313106537
  8	  30	  1.007702827    	3.099441528e-06	0.06343603134	0.05416297913	9.536743164e-07	0.09313511848


#RUN	RANK	FAILURE_DETECTED	COMM_REVOKED	COMM_SHRINKED	COMM_SPAWNED	ROLLBACK_DONE	COMM_MERGED
  7	   0	  1.011207104    	9.536743164e-07	0.05852699280	0.05851006508	0.01555609703	0.08136200905
  7	   1	  1.010519028    	9.536743164e-07	0.05932784081	0.05839514732	  0.000000000	0.09691905975
  7	   2	  1.012308121    	9.536743164e-07	0.05753302574	0.05840086937	2.145767212e-06	0.09691405296
  7	   3	  1.012902021    	  0.000000000	0.05705189705	0.05829310417	  0.000000000	0.09691500664
  7	   4	  1.011388063    	  0.000000000	0.05843687057	0.05841612816	9.536743164e-07	0.09689593315
  7	   5	  1.011687994    	1.192092896e-06	0.05825281143	0.05829501152	9.536743164e-07	0.09690213203
  7	   6	  1.004484892    	1.192092896e-06	0.06547498703	0.05827689171	  0.000000000	0.09690189362
  7	   7	  1.003661871    	  0.000000000	0.06639409065	0.05819201469	  0.000000000	0.09690403938
  7	   8	  1.004913092    	  0.000000000	0.06491684914	0.05840992928	  0.000000000	0.09690308571
  7	   9	  1.005367041    	  0.000000000	0.06458091736	0.05828809738	  0.000000000	0.09691190720
  7	  10	  1.004001856    	1.192092896e-06	0.06593990326	0.05829405785	  0.000000000	0.09690284729
  7	  11	  1.005860090    	  0.000000000	0.06420183182	0.05818009377	  0.000000000	0.09690189362
  7	  12	  1.010824203    	  0.000000000	0.05912685394	0.05828499794	  0.000000000	0.09690499306
  7	  13	  1.009863853    	  0.000000000	0.06018304825	0.05818891525	  0.000000000	0.09690713882
  7	  14	  1.006336927    	1.192092896e-06	0.06371593475	0.05818295479	  0.000000000	0.09690809250
  7	  15	  1.008924007    	9.536743164e-07	0.06072497368	0.05859494209	1.192092896e-06	0.09691095352
  7	  16	  1.012753010    	  0.000000000	0.05700802803	0.05847311020	9.536743164e-07	0.09691810608
  7	  17	  1.011845112    	  0.000000000	0.05791378021	0.05847311020	  0.000000000	0.09691500664
  7	  18	  1.013236046    	9.536743164e-07	0.05662393570	0.05837416649	  0.000000000	0.09691882133
  7	  19	  1.012243032    	  0.000000000	0.05751705170	0.05847692490	  0.000000000	0.09691905975
  7	  20	  1.003248215    	2.098083496e-05	0.06659793854	0.05837202072	  0.000000000	0.09691405296
  7	  21	  1.011281967    	9.536743164e-07	0.05860710144	0.05834698677	9.536743164e-07	0.09691405296
  7	  22	  1.005162954    	1.192092896e-06	0.06481599808	0.05825781822	  0.000000000	0.09691405296
  7	  23	  1.004683971    	9.536743164e-07	0.06507706642	0.05848693848	  0.000000000	0.09691309929
  7	  24	  1.003367186    	  0.000000000	0.06651592255	0.05835700035	  0.000000000	0.09691786766
  7	  25	  1.006129026    	9.536743164e-07	0.06374192238	0.05836606026	  0.000000000	0.09692001343
  7	  26	  1.003380060    	9.536743164e-07	0.06660795212	0.05824995041	  0.000000000	0.09691810608
  7	  27	  1.003408909    	  0.000000000	0.06647205353	0.05836105347	9.536743164e-07	0.09691596031
  7	  28	  1.007361889    	  0.000000000	0.06261396408	0.05826306343	  0.000000000	0.09692096710
  7	  29	  1.006883860    	1.192092896e-06	0.06308388710	0.05826807022	  0.000000000	0.09692788124
  7	  30	  1.007442951    	3.099441528e-06	0.06259489059	0.05819201469	9.536743164e-07	0.09692502022


#RUN	RANK	FAILURE_DETECTED	COMM_REVOKED	COMM_SHRINKED	COMM_SPAWNED	ROLLBACK_DONE	COMM_MERGED
  6	   0	  1.010164976    	9.536743164e-07	0.06562495232	0.06377792358	0.01557898521	0.08047223091
  6	   1	  1.010821104    	9.536743164e-07	0.06508183479	0.06366801262	1.192092896e-06	0.09606599808
  6	   2	  1.011593103    	9.536743164e-07	0.06430292130	0.06366991997	  0.000000000	0.09606313705
  6	   3	  1.003172874    	  0.000000000	0.07283592224	0.06356215477	  0.000000000	0.09605097771
  6	   4	  1.005181074    	9.536743164e-07	0.07072305679	0.06366300583	9.536743164e-07	0.09605383873
  6	   5	  1.012109995    	  0.000000000	0.06391191483	0.06353998184	9.536743164e-07	0.09605407715
  6	   6	  1.005676031    	9.536743164e-07	0.07034492493	0.06354522705	  0.000000000	0.09605598450
  6	   7	  1.006605148    	9.536743164e-07	0.06953406334	0.06343388557	  0.000000000	0.09605503082
  6	   8	  1.007586002    	  0.000000000	0.06847691536	0.06350016594	  0.000000000	0.09606480598
  6	   9	  1.006099224    	  0.000000000	0.06990098953	0.06356287003	  0.000000000	0.09605813026
  6	  10	  1.007095814    	  0.000000000	0.06892609596	0.06354212761	  0.000000000	0.09606099129
  6	  11	  1.009904146    	  0.000000000	0.06620788574	0.06345701218	  0.000000000	0.09605503082
  6	  12	  1.009440899    	9.536743164e-07	0.06658411026	0.06353688240	  0.000000000	0.09607410431
  6	  13	  1.008980036    	  0.000000000	0.06716299057	0.06341910362	9.536743164e-07	0.09606194496
  6	  14	  1.008170128    	  0.000000000	0.06796288490	0.06343102455	9.536743164e-07	0.09607100487
  6	  15	  1.008510828    	1.192092896e-06	0.06720089912	0.06386089325	  0.000000000	0.09606313705
  6	  16	  1.003218889    	  0.000000000	0.07260394096	0.06373500824	  0.000000000	0.09607911110
  6	  17	  1.012311935    	  0.000000000	0.06351399422	0.06373405457	  0.000000000	0.09607386589
  6	  18	  1.011832952    	  0.000000000	0.06410098076	0.06362700462	9.536743164e-07	0.09607505798
  6	  19	  1.002379894    	1.692771912e-05	0.07343506813	0.06373596191	9.536743164e-07	0.09606814384
  6	  20	  1.010819912    	  0.000000000	0.06513404846	0.06360888481	  0.000000000	0.09608817101
  6	  21	  1.011389017    	  0.000000000	0.06455707550	0.06361699104	  0.000000000	0.09608602524
  6	  22	  1.005737066    	  0.000000000	0.07032799721	0.06349992752	  0.000000000	0.09608292580
  6	  23	  1.002483130    	  0.000000000	0.07350587845	0.06358408928	  0.000000000	0.09608602524
  6	  24	  1.005264997    	  0.000000000	0.07067203522	0.06362700462	  0.000000000	0.09608197212
  6	  25	  1.002544165    	  0.000000000	0.07339596748	0.06362485886	  0.000000000	0.09608912468
  6	  26	  1.002542019    	  0.000000000	0.07350111008	0.06352090836	9.536743164e-07	0.09608507156
  6	  27	  1.004670858    	1.192092896e-06	0.07128000259	0.06361889839	9.536743164e-07	0.09608006477
  6	  28	  1.006981134    	  0.000000000	0.06909298897	0.06348991394	  0.000000000	0.09608507156
  6	  29	  1.006467104    	9.536743164e-07	0.06958699226	0.06350898743	  0.000000000	0.09608006477
  6	  30	  1.007083893    	1.907348633e-06	0.06902813911	0.06344890594	  0.000000000	0.09608197212


#RUN	RANK	FAILURE_DETECTED	COMM_REVOKED	COMM_SHRINKED	COMM_SPAWNED	ROLLBACK_DONE	COMM_MERGED
  5	   0	  1.008655071    	9.536743164e-07	0.06413888931	0.05353903770	0.01554703712	 0.1375319958
  5	   1	  1.009315014    	  0.000000000	0.06359291077	0.05342698097	  0.000000000	 0.1530840397
  5	   2	  1.009943008    	  0.000000000	0.06295394897	0.05343008041	  0.000000000	 0.1530830860
  5	   3	  1.010317087    	  0.000000000	0.06269812584	0.05332088470	  0.000000000	 0.1530809402
  5	   4	  1.010794163    	9.536743164e-07	0.06211185455	0.05342006683	  0.000000000	 0.1530871391
  5	   5	  1.011308908    	1.192092896e-06	0.06171703339	0.05330491066	  0.000000000	 0.1530818939
  5	   6	  1.013691902    	  0.000000000	0.05932092667	0.05331516266	  0.000000000	 0.1530859470
  5	   7	  1.012684107    	  0.000000000	0.06044292450	0.05321216583	  0.000000000	 0.1530759335
  5	   8	  1.013208151    	  0.000000000	0.05967688560	0.05344009399	  0.000000000	 0.1530859470
  5	   9	  1.005254984    	  0.000000000	0.06776618958	0.05330300331	  0.000000000	 0.1530838013
  5	  10	  1.011730909    	  0.000000000	0.06128096581	0.05331516266	  0.000000000	 0.1530900002
  5	  11	  1.012307167    	9.536743164e-07	0.06082487106	0.05320215225	  0.000000000	 0.1530888081
  5	  12	  1.007709026    	  0.000000000	0.06530499458	0.05331397057	  0.000000000	 0.1530940533
  5	  13	  1.008239031    	9.536743164e-07	0.06489396095	0.05319690704	  0.000000000	 0.1530950069
  5	  14	  1.009147167    	  0.000000000	0.06396985054	0.05321002007	  0.000000000	 0.1530940533
  5	  15	  1.006273031    	9.536743164e-07	0.06643795967	0.05362796783	  0.000000000	 0.1530950069
  5	  16	  1.008725882    	  0.000000000	0.06410217285	0.05349302292	9.536743164e-07	 0.1531059742
  5	  17	  1.007261992    	  0.000000000	0.06555509567	0.05350685120	  0.000000000	 0.1530959606
  5	  18	  1.004121065    	1.978874207e-05	0.06880402565	0.05338096619	1.192092896e-06	 0.1531059742
  5	  19	  1.009700060    	  0.000000000	0.06314396858	0.05348992348	  0.000000000	 0.1530959606
  5	  20	  1.010096073    	  0.000000000	0.06285095215	0.05337905884	9.536743164e-07	 0.1531019211
  5	  21	  1.011065006    	  0.000000000	0.06186985970	0.05339598656	  0.000000000	 0.1530940533
  5	  22	  1.004588127    	9.536743164e-07	0.06845498085	0.05328392982	  0.000000000	 0.1530959606
  5	  23	  1.012031078    	  0.000000000	0.06079196930	0.05351495743	9.536743164e-07	 0.1530959606
  5	  24	  1.004462957    	  0.000000000	0.06848502159	0.05337691307	  0.000000000	 0.1531071663
  5	  25	  1.004299879    	9.536743164e-07	0.06862902641	0.05339598656	  0.000000000	 0.1531021595
  5	  26	  1.012549877    	1.192092896e-06	0.06050682068	0.05327200890	  0.000000000	 0.1531071663
  5	  27	  1.013311863    	  0.000000000	0.05962800980	0.05339598656	  0.000000000	 0.1530921459
  5	  28	  1.014121056    	  0.000000000	0.05893301964	0.05327486992	  0.000000000	 0.1531021595
  5	  29	  1.004890919    	9.536743164e-07	0.06814122200	0.05329799652	  0.000000000	 0.1531238556
  5	  30	  1.004981041    	2.861022949e-06	0.06812906265	0.05320906639	9.536743164e-07	 0.1531038284


#RUN	RANK	FAILURE_DETECTED	COMM_REVOKED	COMM_SHRINKED	COMM_SPAWNED	ROLLBACK_DONE	COMM_MERGED
  4	   0	  1.003697157    	9.536743164e-07	0.06192803383	0.05489087105	0.01558709145	0.08349585533
  4	   1	  1.003096104    	  0.000000000	0.06262493134	0.05479001999	  0.000000000	0.09908795357
  4	   2	  1.010163069    	  0.000000000	0.05556297302	0.05478191376	  0.000000000	0.09908795357
  4	   3	  1.006566048    	  0.000000000	0.05928707123	0.05466198921	  0.000000000	0.09908986092
  4	   4	  1.009632111    	  0.000000000	0.05622100830	0.05465388298	  0.000000000	0.09909200668
  4	   5	  1.010761023    	  0.000000000	0.05507493019	0.05467414856	9.536743164e-07	0.09909296036
  4	   6	  1.009305000    	  0.000000000	0.05654716492	0.05465602875	9.536743164e-07	0.09908699989
  4	   7	  1.011084080    	  0.000000000	0.05487489700	0.05455803871	  0.000000000	0.09908604622
  4	   8	  1.011550903    	  0.000000000	0.05417299271	0.05478405952	  0.000000000	0.09915304184
  4	   9	  1.012603045    	9.536743164e-07	0.05322289467	0.05468297005	1.192092896e-06	0.09915685654
  4	  10	  1.012083054    	9.536743164e-07	0.05373001099	0.05469202995	  0.000000000	0.09916090965
  4	  11	  1.003088951    	  0.000000000	0.06288313866	0.05454182625	  0.000000000	0.09916496277
  4	  12	  1.003551960    	9.536743164e-07	0.06241416931	0.05453896523	  0.000000000	0.09916281700
  4	  13	  1.005460024    	9.536743164e-07	0.06047606468	0.05456995964	  0.000000000	0.09915995598
  4	  14	  1.004471064    	9.536743164e-07	0.06163096428	0.05440306664	9.536743164e-07	0.09916496277
  4	  15	  1.004971027    	9.536743164e-07	0.06056499481	0.05498003960	  0.000000000	0.09916591644
  4	  16	  1.005961895    	9.536743164e-07	0.05968308449	0.05485987663	  0.000000000	0.09917902946
  4	  17	  1.002897978    	2.408027649e-05	0.06273007393	0.05485796928	9.536743164e-07	0.09917807579
  4	  18	  1.007779121    	  0.000000000	0.05799603462	0.05473184586	  0.000000000	0.09917306900
  4	  19	  1.006823063    	9.536743164e-07	0.05896210670	0.05472803116	9.536743164e-07	0.09917402267
  4	  20	  1.008263111    	9.536743164e-07	0.05749392509	0.05474901199	  0.000000000	0.09917306900
  4	  21	  1.003006220    	9.536743164e-07	0.06274700165	0.05475401878	  0.000000000	0.09917688370
  4	  22	  1.003377914    	9.536743164e-07	0.06251215935	0.05461692810	  0.000000000	0.09917688370
  4	  23	  1.003061056    	  0.000000000	0.06259393692	0.05486106873	9.536743164e-07	0.09916710854
  4	  24	  1.003060102    	  0.000000000	0.06269097328	0.05475401878	  0.000000000	0.09917807579
  4	  25	  1.005810022    	9.536743164e-07	0.05994582176	0.05475521088	9.536743164e-07	0.09917092323
  4	  26	  1.009716988    	  0.000000000	0.05617785454	0.05461215973	9.536743164e-07	0.09917092323
  4	  27	  1.011729956    	  0.000000000	0.05416798592	0.05461692810	  0.000000000	0.09916901588
  4	  28	  1.007281780    	  0.000000000	0.05858016014	0.05464386940	  0.000000000	0.09919309616
  4	  29	  1.006512880    	1.192092896e-06	0.05951595306	0.05447602272	9.536743164e-07	0.09918999672
  4	  30	  1.007260799    	2.145767212e-06	0.05862689018	0.05455899239	1.192092896e-06	0.09917688370


#RUN	RANK	FAILURE_DETECTED	COMM_REVOKED	COMM_SHRINKED	COMM_SPAWNED	ROLLBACK_DONE	COMM_MERGED
  3	   0	  1.010442019    	  0.000000000	0.05442905426	 0.1704318523	0.01592898369	0.08646702766
  3	   1	  1.010724068    	9.536743164e-07	0.05440998077	 0.1701660156	9.536743164e-07	 0.1023969650
  3	   2	  1.010383844    	1.192092896e-06	0.05460500717	 0.1703078747	9.536743164e-07	 0.1023960114
  3	   3	  1.007822990    	1.192092896e-06	0.05744695663	 0.1700320244	  0.000000000	 0.1023979187
  3	   4	  1.009413958    	  0.000000000	0.05558705330	 0.1702940464	  0.000000000	 0.1024019718
  3	   5	  1.010015011    	  0.000000000	0.05523681641	 0.1700429916	1.192092896e-06	 0.1023969650
  3	   6	  1.008901119    	  0.000000000	0.05619096756	 0.1701989174	  0.000000000	 0.1024041176
  3	   7	  1.010831118    	  0.000000000	0.05453801155	 0.1699378490	  0.000000000	 0.1023991108
  3	   8	  1.012250900    	  0.000000000	0.05272197723	 0.1703181267	  0.000000000	 0.1024708748
  3	   9	  1.003746033    	9.536743164e-07	0.06149888039	 0.1700479984	  0.000000000	 0.1024670601
  3	  10	  1.011847019    	  0.000000000	0.05324506760	 0.1701989174	9.536743164e-07	 0.1024661064
  3	  11	  1.012776852    	  0.000000000	0.05260014534	 0.1699209213	  0.000000000	 0.1024630070
  3	  12	  1.011425972    	  0.000000000	0.05365490913	 0.1702079773	  0.000000000	 0.1024701595
  3	  13	  1.005121946    	9.536743164e-07	0.06021714211	 0.1699519157	9.536743164e-07	 0.1024620533
  3	  14	  1.008599043    	9.536743164e-07	0.05660200119	 0.1700949669	9.536743164e-07	 0.1024601460
  3	  15	  1.006183863    	1.192092896e-06	0.05862784386	 0.1903791428	  0.000000000	0.08257794380
  3	  16	  1.003242016    	2.598762512e-05	0.06178903580	 0.1702358723	9.536743164e-07	 0.1024811268
  3	  17	  1.004678965    	9.536743164e-07	0.06023812294	 0.1703770161	9.536743164e-07	 0.1024720669
  3	  18	  1.004652977    	  0.000000000	0.06052398682	 0.1701140404	  0.000000000	 0.1024789810
  3	  19	  1.007511139    	  0.000000000	0.05739688873	 0.1703879833	  0.000000000	 0.1024711132
  3	  20	  1.003362894    	  0.000000000	0.06180810928	 0.1701209545	  0.000000000	 0.1024808884
  3	  21	  1.007982016    	  0.000000000	0.05703091621	 0.1702799797	1.192092896e-06	 0.1024699211
  3	  22	  1.003694057    	9.536743164e-07	0.06158804893	 0.1700079441	  0.000000000	 0.1024751663
  3	  23	  1.003441095    	  0.000000000	0.06146979332	 0.1703910828	  0.000000000	 0.1024711132
  3	  24	  1.012388945    	9.536743164e-07	0.05274319649	 0.1701149940	9.536743164e-07	 0.1024839878
  3	  25	  1.009852886    	9.536743164e-07	0.05512905121	 0.1702699661	  0.000000000	 0.1024761200
  3	  26	  1.011639833    	1.192092896e-06	0.05366802216	 0.1699838638	  0.000000000	 0.1024770737
  3	  27	  1.010473013    	  0.000000000	0.05454111099	 0.1702849865	  0.000000000	 0.1024789810
  3	  28	  1.010975122    	9.536743164e-07	0.05429506302	 0.1700198650	9.536743164e-07	 0.1024811268
  3	  29	  1.009177923    	  0.000000000	0.05593919754	 0.1701779366	  0.000000000	 0.1025099754
  3	  30	  1.012465954    	2.145767212e-06	0.05315399170	 0.1696698666	  0.000000000	 0.1024751663


#RUN	RANK	FAILURE_DETECTED	COMM_REVOKED	COMM_SHRINKED	COMM_SPAWNED	ROLLBACK_DONE	COMM_MERGED
  2	   0	  1.044357061    	  0.000000000	0.06019401550	0.07148694992	0.01556992531	0.09229111671
  2	   1	  1.044794083    	  0.000000000	0.05986094475	0.07137703896	9.536743164e-07	 0.1078641415
  2	   2	  1.045226812    	  0.000000000	0.05942106247	0.07137799263	  0.000000000	 0.1078450680
  2	   3	  1.046182871    	  0.000000000	0.05860805511	0.07124900818	9.536743164e-07	 0.1078670025
  2	   4	  1.045696020    	  0.000000000	0.05896377563	0.07136511803	9.536743164e-07	 0.1078641415
  2	   5	  1.047220945    	9.536743164e-07	0.05754899979	0.07125902176	  0.000000000	 0.1078619957
  2	   6	  1.046616077    	  0.000000000	0.05809402466	0.07126092911	  0.000000000	 0.1078419685
  2	   7	  1.050453901    	9.536743164e-07	0.05441904068	0.07116508484	  0.000000000	 0.1078448296
  2	   8	  1.051432133    	9.536743164e-07	0.05322098732	0.07137107849	  0.000000000	 0.1079280376
  2	   9	  1.050998926    	  0.000000000	0.05376601219	0.07125997543	1.192092896e-06	 0.1079168320
  2	  10	  1.052367926    	9.536743164e-07	0.05239200592	0.07126212120	  0.000000000	 0.1079199314
  2	  11	  1.051844835    	9.536743164e-07	0.05302214622	0.07116603851	  0.000000000	 0.1079149246
  2	  12	  1.052866936    	9.536743164e-07	0.05190014839	0.07125401497	9.536743164e-07	 0.1079249382
  2	  13	  1.044930935    	9.536743164e-07	0.05993604660	0.07116293907	9.536743164e-07	 0.1079130173
  2	  14	  1.053834915    	  0.000000000	0.05101990700	0.07117295265	  0.000000000	 0.1079180241
  2	  15	  1.044135094    	2.694129944e-05	0.06031894684	0.07156300545	  0.000000000	 0.1079120636
  2	  16	  1.044816971    	  0.000000000	0.05975794792	0.07144808769	9.536743164e-07	 0.1079280376
  2	  17	  1.053316116    	  0.000000000	0.05127000809	0.07143998146	9.536743164e-07	 0.1079258919
  2	  18	  1.048082113    	  0.000000000	0.05660891533	0.07136201859	  0.000000000	 0.1078979969
  2	  19	  1.044239044    	9.536743164e-07	0.06034612656	0.07144808769	  0.000000000	 0.1079168320
  2	  20	  1.047582865    	  0.000000000	0.05711317062	0.07132792473	  0.000000000	 0.1079318523
  2	  21	  1.044255018    	  0.000000000	0.06042981148	0.07134819031	  0.000000000	 0.1079258919
  2	  22	  1.044291019    	  0.000000000	0.06044697762	0.07123804092	  0.000000000	 0.1079227924
  2	  23	  1.047103882    	  0.000000000	0.05748200417	0.07145309448	  0.000000000	 0.1079299450
  2	  24	  1.051227093    	9.536743164e-07	0.05347108841	0.07132887840	1.192092896e-06	 0.1079289913
  2	  25	  1.049572945    	2.145767212e-06	0.05511879921	0.07133722305	  0.000000000	 0.1079318523
  2	  26	  1.048840046    	  0.000000000	0.05595993996	0.07122612000	  0.000000000	 0.1079299450
  2	  27	  1.050004005    	9.536743164e-07	0.05469083786	0.07134103775	  0.000000000	 0.1079251766
  2	  28	  1.052735090    	  0.000000000	0.05205702782	0.07123398781	9.536743164e-07	 0.1079380512
  2	  29	  1.052596092    	  0.000000000	0.05223798752	0.07119989395	  0.000000000	 0.1079311371
  2	  30	  1.052807093    	2.861022949e-06	0.05224609375	0.07096505165	9.536743164e-07	 0.1079308987


#RUN	RANK	FAILURE_DETECTED	COMM_REVOKED	COMM_SHRINKED	COMM_SPAWNED	ROLLBACK_DONE	COMM_MERGED
  1	   0	  1.050457001    	  0.000000000	0.04758405685	0.05492901802	0.01562380791	0.08795213699
  1	   1	  1.049580097    	9.536743164e-07	0.04857301712	0.05481505394	9.536743164e-07	 0.1035468578
  1	   2	  1.051676035    	  0.000000000	0.04648709297	0.05479788780	  0.000000000	 0.1035690308
  1	   3	  1.051028013    	  0.000000000	0.04725599289	0.05468797684	9.536743164e-07	 0.1035470963
  1	   4	  1.052422047    	9.536743164e-07	0.04565596581	0.05482411385	9.536743164e-07	 0.1035521030
  1	   5	  1.053742886    	  0.000000000	0.04469203949	0.05452203751	  0.000000000	 0.1035459042
  1	   6	  1.055063963    	1.192092896e-06	0.04318785667	0.05469799042	9.536743164e-07	 0.1035461426
  1	   7	  1.045832157    	  0.000000000	0.05256104469	0.05458092690	  0.000000000	 0.1035499573
  1	   8	  1.046490192    	  0.000000000	0.05163478851	0.05482721329	  0.000000000	 0.1036248207
  1	   9	  1.048825026    	  0.000000000	0.04943704605	0.05469298363	9.536743164e-07	 0.1036221981
  1	  10	  1.047988892    	  0.000000000	0.05026602745	0.05469799042	  0.000000000	 0.1036159992
  1	  11	  1.047013998    	  0.000000000	0.05134487152	0.05459713936	9.536743164e-07	 0.1036248207
  1	  12	  1.046013117    	  0.000000000	0.05218291283	0.05471014977	  0.000000000	 0.1036188602
  1	  13	  1.047525167    	  0.000000000	0.05099987984	0.05442810059	9.536743164e-07	 0.1036150455
  1	  14	  1.045595884    	1.597404480e-05	0.05275917053	0.05458283424	  0.000000000	 0.1036221981
  1	  15	  1.049583912    	9.536743164e-07	0.04837512970	0.05501484871	9.536743164e-07	 0.1036171913
  1	  16	  1.050085068    	  0.000000000	0.04798793793	0.05488085747	1.192092896e-06	 0.1036298275
  1	  17	  1.051552057    	9.536743164e-07	0.04653906822	0.05486583710	  0.000000000	 0.1036281586
  1	  18	  1.045785904    	9.536743164e-07	0.05240416527	0.05476284027	  0.000000000	 0.1036269665
  1	  19	  1.053644180    	  0.000000000	0.04442000389	0.05489397049	  0.000000000	 0.1036360264
  1	  20	  1.045756102    	  0.000000000	0.05253505707	0.05461382866	9.536743164e-07	 0.1036391258
  1	  21	  1.046391964    	  0.000000000	0.05179500580	0.05476999283	  0.000000000	 0.1036360264
  1	  22	  1.052453995    	  0.000000000	0.04584598541	0.05465221405	  0.000000000	 0.1036269665
  1	  23	  1.051903963    	9.536743164e-07	0.04616594315	0.05490207672	  0.000000000	 0.1036288738
  1	  24	  1.052916050    	9.536743164e-07	0.04527306557	0.05476403236	  0.000000000	 0.1036338806
  1	  25	  1.046095133    	  0.000000000	0.05208802223	0.05477190018	  0.000000000	 0.1036300659
  1	  26	  1.055187941    	  0.000000000	0.04328799248	0.05447602272	  0.000000000	 0.1036291122
  1	  27	  1.055541992    	  0.000000000	0.04262900352	0.05478715897	9.536743164e-07	 0.1036319733
  1	  28	  1.054532051    	  0.000000000	0.04387187958	0.05450415611	9.536743164e-07	 0.1036310196
  1	  29	  1.054018021    	  0.000000000	0.04426503181	0.05467295647	1.192092896e-06	 0.1036269665
  1	  30	  1.046369791    	3.099441528e-06	0.05198907852	0.05458092690	9.536743164e-07	 0.1036329269


